Building DAG of jobs...
Using shell: /usr/bin/bash
Provided cores: 4
Rules claiming more threads will be scaled down.
Job stats:
job                            count
---------------------------  -------
experiment_droplet                 1
gen8                               1
generate_nystrom_quadrature      120
make_config                        1
total                            123

Select jobs to execute...
Execute 1 jobs...

[Wed May  1 11:10:55 2024]
localrule make_config:
    output: quads/nystrom.8/breakpoints_r, quads/nystrom.8/breakpoints_theta
    jobid: 2
    reason: Missing output files: quads/nystrom.8/breakpoints_theta, quads/nystrom.8/breakpoints_r
    wildcards: order=8
    resources: tmpdir=/tmp

[Wed May  1 11:10:55 2024]
Finished job 2.
1 of 123 steps (1%) done
Select jobs to execute...
Execute 4 jobs...

[Wed May  1 11:10:55 2024]
localrule generate_nystrom_quadrature:
    input: quads/nystrom.8/breakpoints_r, quads/nystrom.8/breakpoints_theta
    output: quads/nystrom.8/8.5.quad
    jobid: 104
    reason: Missing output files: quads/nystrom.8/8.5.quad; Input files updated by another job: quads/nystrom.8/breakpoints_theta, quads/nystrom.8/breakpoints_r
    wildcards: order=8, r0_index=8, theta0_index=5
    resources: tmpdir=/tmp


[Wed May  1 11:10:55 2024]
localrule generate_nystrom_quadrature:
    input: quads/nystrom.8/breakpoints_r, quads/nystrom.8/breakpoints_theta
    output: quads/nystrom.8/8.3.quad
    jobid: 102
    reason: Missing output files: quads/nystrom.8/8.3.quad; Input files updated by another job: quads/nystrom.8/breakpoints_theta, quads/nystrom.8/breakpoints_r
    wildcards: order=8, r0_index=8, theta0_index=3
    resources: tmpdir=/tmp


[Wed May  1 11:10:55 2024]
localrule generate_nystrom_quadrature:
    input: quads/nystrom.8/breakpoints_r, quads/nystrom.8/breakpoints_theta
    output: quads/nystrom.8/9.8.quad
    jobid: 119
    reason: Missing output files: quads/nystrom.8/9.8.quad; Input files updated by another job: quads/nystrom.8/breakpoints_theta, quads/nystrom.8/breakpoints_r
    wildcards: order=8, r0_index=9, theta0_index=8
    resources: tmpdir=/tmp


[Wed May  1 11:10:55 2024]
localrule generate_nystrom_quadrature:
    input: quads/nystrom.8/breakpoints_r, quads/nystrom.8/breakpoints_theta
    output: quads/nystrom.8/4.4.quad
    jobid: 55
    reason: Missing output files: quads/nystrom.8/4.4.quad; Input files updated by another job: quads/nystrom.8/breakpoints_theta, quads/nystrom.8/breakpoints_r
    wildcards: order=8, r0_index=4, theta0_index=4
    resources: tmpdir=/tmp

[Wed May  1 11:11:08 2024]
Finished job 102.
2 of 123 steps (2%) done
Select jobs to execute...
Execute 1 jobs...

[Wed May  1 11:11:08 2024]
localrule generate_nystrom_quadrature:
    input: quads/nystrom.8/breakpoints_r, quads/nystrom.8/breakpoints_theta
    output: quads/nystrom.8/6.5.quad
    jobid: 80
    reason: Missing output files: quads/nystrom.8/6.5.quad; Input files updated by another job: quads/nystrom.8/breakpoints_theta, quads/nystrom.8/breakpoints_r
    wildcards: order=8, r0_index=6, theta0_index=5
    resources: tmpdir=/tmp

[Wed May  1 11:11:11 2024]
Finished job 104.
3 of 123 steps (2%) done
Select jobs to execute...
Execute 1 jobs...

[Wed May  1 11:11:11 2024]
localrule generate_nystrom_quadrature:
    input: quads/nystrom.8/breakpoints_r, quads/nystrom.8/breakpoints_theta
    output: quads/nystrom.8/8.11.quad
    jobid: 110
    reason: Missing output files: quads/nystrom.8/8.11.quad; Input files updated by another job: quads/nystrom.8/breakpoints_theta, quads/nystrom.8/breakpoints_r
    wildcards: order=8, r0_index=8, theta0_index=11
    resources: tmpdir=/tmp

[Wed May  1 11:11:41 2024]
Finished job 80.
4 of 123 steps (3%) done
Select jobs to execute...
Execute 1 jobs...

[Wed May  1 11:11:41 2024]
localrule generate_nystrom_quadrature:
    input: quads/nystrom.8/breakpoints_r, quads/nystrom.8/breakpoints_theta
    output: quads/nystrom.8/2.4.quad
    jobid: 31
    reason: Missing output files: quads/nystrom.8/2.4.quad; Input files updated by another job: quads/nystrom.8/breakpoints_theta, quads/nystrom.8/breakpoints_r
    wildcards: order=8, r0_index=2, theta0_index=4
    resources: tmpdir=/tmp

[Wed May  1 11:11:52 2024]
Finished job 119.
5 of 123 steps (4%) done
Select jobs to execute...
Execute 1 jobs...

[Wed May  1 11:11:52 2024]
localrule generate_nystrom_quadrature:
    input: quads/nystrom.8/breakpoints_r, quads/nystrom.8/breakpoints_theta
    output: quads/nystrom.8/4.3.quad
    jobid: 54
    reason: Missing output files: quads/nystrom.8/4.3.quad; Input files updated by another job: quads/nystrom.8/breakpoints_theta, quads/nystrom.8/breakpoints_r
    wildcards: order=8, r0_index=4, theta0_index=3
    resources: tmpdir=/tmp

[Wed May  1 11:12:16 2024]
Finished job 55.
6 of 123 steps (5%) done
Select jobs to execute...
Execute 1 jobs...

[Wed May  1 11:12:16 2024]
localrule generate_nystrom_quadrature:
    input: quads/nystrom.8/breakpoints_r, quads/nystrom.8/breakpoints_theta
    output: quads/nystrom.8/5.6.quad
    jobid: 69
    reason: Missing output files: quads/nystrom.8/5.6.quad; Input files updated by another job: quads/nystrom.8/breakpoints_theta, quads/nystrom.8/breakpoints_r
    wildcards: order=8, r0_index=5, theta0_index=6
    resources: tmpdir=/tmp

[Wed May  1 11:12:57 2024]
Finished job 69.
7 of 123 steps (6%) done
Select jobs to execute...
Execute 1 jobs...

[Wed May  1 11:12:58 2024]
localrule generate_nystrom_quadrature:
    input: quads/nystrom.8/breakpoints_r, quads/nystrom.8/breakpoints_theta
    output: quads/nystrom.8/8.0.quad
    jobid: 99
    reason: Missing output files: quads/nystrom.8/8.0.quad; Input files updated by another job: quads/nystrom.8/breakpoints_theta, quads/nystrom.8/breakpoints_r
    wildcards: order=8, r0_index=8, theta0_index=0
    resources: tmpdir=/tmp

[Wed May  1 11:13:05 2024]
Finished job 99.
8 of 123 steps (7%) done
Select jobs to execute...
Execute 1 jobs...

[Wed May  1 11:13:05 2024]
localrule generate_nystrom_quadrature:
    input: quads/nystrom.8/breakpoints_r, quads/nystrom.8/breakpoints_theta
    output: quads/nystrom.8/0.2.quad
    jobid: 5
    reason: Missing output files: quads/nystrom.8/0.2.quad; Input files updated by another job: quads/nystrom.8/breakpoints_theta, quads/nystrom.8/breakpoints_r
    wildcards: order=8, r0_index=0, theta0_index=2
    resources: tmpdir=/tmp

[Wed May  1 11:13:07 2024]
Finished job 54.
9 of 123 steps (7%) done
Select jobs to execute...
Execute 1 jobs...

[Wed May  1 11:13:07 2024]
localrule generate_nystrom_quadrature:
    input: quads/nystrom.8/breakpoints_r, quads/nystrom.8/breakpoints_theta
    output: quads/nystrom.8/2.8.quad
    jobid: 35
    reason: Missing output files: quads/nystrom.8/2.8.quad; Input files updated by another job: quads/nystrom.8/breakpoints_theta, quads/nystrom.8/breakpoints_r
    wildcards: order=8, r0_index=2, theta0_index=8
    resources: tmpdir=/tmp

[Wed May  1 11:14:35 2024]
Finished job 31.
10 of 123 steps (8%) done
Select jobs to execute...
Execute 1 jobs...

[Wed May  1 11:14:35 2024]
localrule generate_nystrom_quadrature:
    input: quads/nystrom.8/breakpoints_r, quads/nystrom.8/breakpoints_theta
    output: quads/nystrom.8/4.7.quad
    jobid: 58
    reason: Missing output files: quads/nystrom.8/4.7.quad; Input files updated by another job: quads/nystrom.8/breakpoints_theta, quads/nystrom.8/breakpoints_r
    wildcards: order=8, r0_index=4, theta0_index=7
    resources: tmpdir=/tmp

[Wed May  1 11:16:17 2024]
Finished job 58.
11 of 123 steps (9%) done
Select jobs to execute...
Execute 1 jobs...

[Wed May  1 11:16:17 2024]
localrule generate_nystrom_quadrature:
    input: quads/nystrom.8/breakpoints_r, quads/nystrom.8/breakpoints_theta
    output: quads/nystrom.8/7.1.quad
    jobid: 88
    reason: Missing output files: quads/nystrom.8/7.1.quad; Input files updated by another job: quads/nystrom.8/breakpoints_theta, quads/nystrom.8/breakpoints_r
    wildcards: order=8, r0_index=7, theta0_index=1
    resources: tmpdir=/tmp

[Wed May  1 11:16:25 2024]
Finished job 88.
12 of 123 steps (10%) done
Select jobs to execute...
Execute 1 jobs...

[Wed May  1 11:16:25 2024]
localrule generate_nystrom_quadrature:
    input: quads/nystrom.8/breakpoints_r, quads/nystrom.8/breakpoints_theta
    output: quads/nystrom.8/9.7.quad
    jobid: 118
    reason: Missing output files: quads/nystrom.8/9.7.quad; Input files updated by another job: quads/nystrom.8/breakpoints_theta, quads/nystrom.8/breakpoints_r
    wildcards: order=8, r0_index=9, theta0_index=7
    resources: tmpdir=/tmp

[Wed May  1 11:16:28 2024]
Finished job 35.
13 of 123 steps (11%) done
Select jobs to execute...
Execute 1 jobs...

[Wed May  1 11:16:28 2024]
localrule generate_nystrom_quadrature:
    input: quads/nystrom.8/breakpoints_r, quads/nystrom.8/breakpoints_theta
    output: quads/nystrom.8/3.8.quad
    jobid: 47
    reason: Missing output files: quads/nystrom.8/3.8.quad; Input files updated by another job: quads/nystrom.8/breakpoints_theta, quads/nystrom.8/breakpoints_r
    wildcards: order=8, r0_index=3, theta0_index=8
    resources: tmpdir=/tmp

[Wed May  1 11:16:54 2024]
Finished job 118.
14 of 123 steps (11%) done
Select jobs to execute...
Execute 1 jobs...

[Wed May  1 11:16:55 2024]
localrule generate_nystrom_quadrature:
    input: quads/nystrom.8/breakpoints_r, quads/nystrom.8/breakpoints_theta
    output: quads/nystrom.8/5.9.quad
    jobid: 72
    reason: Missing output files: quads/nystrom.8/5.9.quad; Input files updated by another job: quads/nystrom.8/breakpoints_theta, quads/nystrom.8/breakpoints_r
    wildcards: order=8, r0_index=5, theta0_index=9
    resources: tmpdir=/tmp

[Wed May  1 11:17:06 2024]
Finished job 5.
15 of 123 steps (12%) done
Select jobs to execute...
Execute 1 jobs...

[Wed May  1 11:17:06 2024]
localrule generate_nystrom_quadrature:
    input: quads/nystrom.8/breakpoints_r, quads/nystrom.8/breakpoints_theta
    output: quads/nystrom.8/4.11.quad
    jobid: 62
    reason: Missing output files: quads/nystrom.8/4.11.quad; Input files updated by another job: quads/nystrom.8/breakpoints_theta, quads/nystrom.8/breakpoints_r
    wildcards: order=8, r0_index=4, theta0_index=11
    resources: tmpdir=/tmp

[Wed May  1 11:20:18 2024]
Finished job 47.
16 of 123 steps (13%) done
Select jobs to execute...
Execute 1 jobs...

[Wed May  1 11:20:18 2024]
localrule generate_nystrom_quadrature:
    input: quads/nystrom.8/breakpoints_r, quads/nystrom.8/breakpoints_theta
    output: quads/nystrom.8/7.5.quad
    jobid: 92
    reason: Missing output files: quads/nystrom.8/7.5.quad; Input files updated by another job: quads/nystrom.8/breakpoints_theta, quads/nystrom.8/breakpoints_r
    wildcards: order=8, r0_index=7, theta0_index=5
    resources: tmpdir=/tmp

[Wed May  1 11:20:34 2024]
Finished job 92.
17 of 123 steps (14%) done
Select jobs to execute...
Execute 1 jobs...

[Wed May  1 11:20:34 2024]
localrule generate_nystrom_quadrature:
    input: quads/nystrom.8/breakpoints_r, quads/nystrom.8/breakpoints_theta
    output: quads/nystrom.8/9.11.quad
    jobid: 122
    reason: Missing output files: quads/nystrom.8/9.11.quad; Input files updated by another job: quads/nystrom.8/breakpoints_theta, quads/nystrom.8/breakpoints_r
    wildcards: order=8, r0_index=9, theta0_index=11
    resources: tmpdir=/tmp

[Wed May  1 11:22:13 2024]
Finished job 72.
18 of 123 steps (15%) done
Select jobs to execute...
Execute 1 jobs...

[Wed May  1 11:22:13 2024]
localrule generate_nystrom_quadrature:
    input: quads/nystrom.8/breakpoints_r, quads/nystrom.8/breakpoints_theta
    output: quads/nystrom.8/0.10.quad
    jobid: 13
    reason: Missing output files: quads/nystrom.8/0.10.quad; Input files updated by another job: quads/nystrom.8/breakpoints_theta, quads/nystrom.8/breakpoints_r
    wildcards: order=8, r0_index=0, theta0_index=10
    resources: tmpdir=/tmp

[Wed May  1 11:40:50 2024]
Finished job 13.
19 of 123 steps (15%) done
Select jobs to execute...
Execute 1 jobs...

[Wed May  1 11:40:50 2024]
localrule generate_nystrom_quadrature:
    input: quads/nystrom.8/breakpoints_r, quads/nystrom.8/breakpoints_theta
    output: quads/nystrom.8/2.1.quad
    jobid: 28
    reason: Missing output files: quads/nystrom.8/2.1.quad; Input files updated by another job: quads/nystrom.8/breakpoints_theta, quads/nystrom.8/breakpoints_r
    wildcards: order=8, r0_index=2, theta0_index=1
    resources: tmpdir=/tmp

[Wed May  1 11:43:10 2024]
Finished job 28.
20 of 123 steps (16%) done
Select jobs to execute...
Execute 1 jobs...

[Wed May  1 11:43:10 2024]
localrule generate_nystrom_quadrature:
    input: quads/nystrom.8/breakpoints_r, quads/nystrom.8/breakpoints_theta
    output: quads/nystrom.8/3.4.quad
    jobid: 43
    reason: Missing output files: quads/nystrom.8/3.4.quad; Input files updated by another job: quads/nystrom.8/breakpoints_theta, quads/nystrom.8/breakpoints_r
    wildcards: order=8, r0_index=3, theta0_index=4
    resources: tmpdir=/tmp

[Wed May  1 11:45:07 2024]
Finished job 43.
21 of 123 steps (17%) done
Select jobs to execute...
Execute 1 jobs...

[Wed May  1 11:45:07 2024]
localrule generate_nystrom_quadrature:
    input: quads/nystrom.8/breakpoints_r, quads/nystrom.8/breakpoints_theta
    output: quads/nystrom.8/4.0.quad
    jobid: 51
    reason: Missing output files: quads/nystrom.8/4.0.quad; Input files updated by another job: quads/nystrom.8/breakpoints_theta, quads/nystrom.8/breakpoints_r
    wildcards: order=8, r0_index=4, theta0_index=0
    resources: tmpdir=/tmp

[Wed May  1 11:46:05 2024]
Finished job 51.
22 of 123 steps (18%) done
Select jobs to execute...
Execute 1 jobs...

[Wed May  1 11:46:05 2024]
localrule generate_nystrom_quadrature:
    input: quads/nystrom.8/breakpoints_r, quads/nystrom.8/breakpoints_theta
    output: quads/nystrom.8/8.8.quad
    jobid: 107
    reason: Missing output files: quads/nystrom.8/8.8.quad; Input files updated by another job: quads/nystrom.8/breakpoints_theta, quads/nystrom.8/breakpoints_r
    wildcards: order=8, r0_index=8, theta0_index=8
    resources: tmpdir=/tmp

[Wed May  1 11:46:54 2024]
Finished job 107.
23 of 123 steps (19%) done
Select jobs to execute...
Execute 1 jobs...

[Wed May  1 11:46:54 2024]
localrule generate_nystrom_quadrature:
    input: quads/nystrom.8/breakpoints_r, quads/nystrom.8/breakpoints_theta
    output: quads/nystrom.8/5.3.quad
    jobid: 66
    reason: Missing output files: quads/nystrom.8/5.3.quad; Input files updated by another job: quads/nystrom.8/breakpoints_theta, quads/nystrom.8/breakpoints_r
    wildcards: order=8, r0_index=5, theta0_index=3
    resources: tmpdir=/tmp

[Wed May  1 11:47:23 2024]
Finished job 66.
24 of 123 steps (20%) done
Select jobs to execute...
Execute 1 jobs...

[Wed May  1 11:47:23 2024]
localrule generate_nystrom_quadrature:
    input: quads/nystrom.8/breakpoints_r, quads/nystrom.8/breakpoints_theta
    output: quads/nystrom.8/6.6.quad
    jobid: 81
    reason: Missing output files: quads/nystrom.8/6.6.quad; Input files updated by another job: quads/nystrom.8/breakpoints_theta, quads/nystrom.8/breakpoints_r
    wildcards: order=8, r0_index=6, theta0_index=6
    resources: tmpdir=/tmp

[Wed May  1 11:47:56 2024]
Finished job 81.
25 of 123 steps (20%) done
Select jobs to execute...
Execute 1 jobs...

[Wed May  1 11:47:56 2024]
localrule generate_nystrom_quadrature:
    input: quads/nystrom.8/breakpoints_r, quads/nystrom.8/breakpoints_theta
    output: quads/nystrom.8/7.9.quad
    jobid: 96
    reason: Missing output files: quads/nystrom.8/7.9.quad; Input files updated by another job: quads/nystrom.8/breakpoints_theta, quads/nystrom.8/breakpoints_r
    wildcards: order=8, r0_index=7, theta0_index=9
    resources: tmpdir=/tmp

[Wed May  1 11:53:15 2024]
Finished job 96.
26 of 123 steps (21%) done
Select jobs to execute...
Execute 1 jobs...

[Wed May  1 11:53:15 2024]
localrule generate_nystrom_quadrature:
    input: quads/nystrom.8/breakpoints_r, quads/nystrom.8/breakpoints_theta
    output: quads/nystrom.8/6.2.quad
    jobid: 77
    reason: Missing output files: quads/nystrom.8/6.2.quad; Input files updated by another job: quads/nystrom.8/breakpoints_theta, quads/nystrom.8/breakpoints_r
    wildcards: order=8, r0_index=6, theta0_index=2
    resources: tmpdir=/tmp

[Wed May  1 11:53:34 2024]
Finished job 77.
27 of 123 steps (22%) done
Select jobs to execute...
Execute 1 jobs...

[Wed May  1 11:53:34 2024]
localrule generate_nystrom_quadrature:
    input: quads/nystrom.8/breakpoints_r, quads/nystrom.8/breakpoints_theta
    output: quads/nystrom.8/9.0.quad
    jobid: 111
    reason: Missing output files: quads/nystrom.8/9.0.quad; Input files updated by another job: quads/nystrom.8/breakpoints_theta, quads/nystrom.8/breakpoints_r
    wildcards: order=8, r0_index=9, theta0_index=0
    resources: tmpdir=/tmp

[Wed May  1 11:53:41 2024]
Finished job 111.
28 of 123 steps (23%) done
Select jobs to execute...
Execute 1 jobs...

[Wed May  1 11:53:41 2024]
localrule generate_nystrom_quadrature:
    input: quads/nystrom.8/breakpoints_r, quads/nystrom.8/breakpoints_theta
    output: quads/nystrom.8/1.2.quad
    jobid: 17
    reason: Missing output files: quads/nystrom.8/1.2.quad; Input files updated by another job: quads/nystrom.8/breakpoints_theta, quads/nystrom.8/breakpoints_r
    wildcards: order=8, r0_index=1, theta0_index=2
    resources: tmpdir=/tmp

[Wed May  1 11:56:55 2024]
Finished job 17.
29 of 123 steps (24%) done
Select jobs to execute...
Execute 1 jobs...

[Wed May  1 11:56:55 2024]
localrule generate_nystrom_quadrature:
    input: quads/nystrom.8/breakpoints_r, quads/nystrom.8/breakpoints_theta
    output: quads/nystrom.8/2.5.quad
    jobid: 32
    reason: Missing output files: quads/nystrom.8/2.5.quad; Input files updated by another job: quads/nystrom.8/breakpoints_theta, quads/nystrom.8/breakpoints_r
    wildcards: order=8, r0_index=2, theta0_index=5
    resources: tmpdir=/tmp

[Wed May  1 11:59:49 2024]
Finished job 32.
30 of 123 steps (24%) done
Select jobs to execute...
Execute 1 jobs...

[Wed May  1 11:59:49 2024]
localrule generate_nystrom_quadrature:
    input: quads/nystrom.8/breakpoints_r, quads/nystrom.8/breakpoints_theta
    output: quads/nystrom.8/7.0.quad
    jobid: 87
    reason: Missing output files: quads/nystrom.8/7.0.quad; Input files updated by another job: quads/nystrom.8/breakpoints_theta, quads/nystrom.8/breakpoints_r
    wildcards: order=8, r0_index=7, theta0_index=0
    resources: tmpdir=/tmp

[Wed May  1 11:59:57 2024]
Finished job 87.
31 of 123 steps (25%) done
Select jobs to execute...
Execute 1 jobs...

[Wed May  1 11:59:57 2024]
localrule generate_nystrom_quadrature:
    input: quads/nystrom.8/breakpoints_r, quads/nystrom.8/breakpoints_theta
    output: quads/nystrom.8/9.6.quad
    jobid: 117
    reason: Missing output files: quads/nystrom.8/9.6.quad; Input files updated by another job: quads/nystrom.8/breakpoints_theta, quads/nystrom.8/breakpoints_r
    wildcards: order=8, r0_index=9, theta0_index=6
    resources: tmpdir=/tmp

[Wed May  1 12:00:11 2024]
Finished job 117.
32 of 123 steps (26%) done
Select jobs to execute...
Execute 1 jobs...

[Wed May  1 12:00:11 2024]
localrule generate_nystrom_quadrature:
    input: quads/nystrom.8/breakpoints_r, quads/nystrom.8/breakpoints_theta
    output: quads/nystrom.8/2.7.quad
    jobid: 34
    reason: Missing output files: quads/nystrom.8/2.7.quad; Input files updated by another job: quads/nystrom.8/breakpoints_theta, quads/nystrom.8/breakpoints_r
    wildcards: order=8, r0_index=2, theta0_index=7
    resources: tmpdir=/tmp

[Wed May  1 12:03:37 2024]
Finished job 34.
33 of 123 steps (27%) done
Select jobs to execute...
Execute 1 jobs...

[Wed May  1 12:03:37 2024]
localrule generate_nystrom_quadrature:
    input: quads/nystrom.8/breakpoints_r, quads/nystrom.8/breakpoints_theta
    output: quads/nystrom.8/1.8.quad
    jobid: 23
    reason: Missing output files: quads/nystrom.8/1.8.quad; Input files updated by another job: quads/nystrom.8/breakpoints_theta, quads/nystrom.8/breakpoints_r
    wildcards: order=8, r0_index=1, theta0_index=8
    resources: tmpdir=/tmp

[Wed May  1 12:08:14 2024]
Finished job 23.
34 of 123 steps (28%) done
Select jobs to execute...
Execute 1 jobs...

[Wed May  1 12:08:14 2024]
localrule generate_nystrom_quadrature:
    input: quads/nystrom.8/breakpoints_r, quads/nystrom.8/breakpoints_theta
    output: quads/nystrom.8/9.4.quad
    jobid: 115
    reason: Missing output files: quads/nystrom.8/9.4.quad; Input files updated by another job: quads/nystrom.8/breakpoints_theta, quads/nystrom.8/breakpoints_r
    wildcards: order=8, r0_index=9, theta0_index=4
    resources: tmpdir=/tmp

[Wed May  1 12:08:23 2024]
Finished job 115.
35 of 123 steps (28%) done
Select jobs to execute...
Execute 1 jobs...

[Wed May  1 12:08:23 2024]
localrule generate_nystrom_quadrature:
    input: quads/nystrom.8/breakpoints_r, quads/nystrom.8/breakpoints_theta
    output: quads/nystrom.8/0.3.quad
    jobid: 6
    reason: Missing output files: quads/nystrom.8/0.3.quad; Input files updated by another job: quads/nystrom.8/breakpoints_theta, quads/nystrom.8/breakpoints_r
    wildcards: order=8, r0_index=0, theta0_index=3
    resources: tmpdir=/tmp

[Wed May  1 12:12:35 2024]
Finished job 6.
36 of 123 steps (29%) done
Select jobs to execute...
Execute 1 jobs...

[Wed May  1 12:12:35 2024]
localrule generate_nystrom_quadrature:
    input: quads/nystrom.8/breakpoints_r, quads/nystrom.8/breakpoints_theta
    output: quads/nystrom.8/1.6.quad
    jobid: 21
    reason: Missing output files: quads/nystrom.8/1.6.quad; Input files updated by another job: quads/nystrom.8/breakpoints_theta, quads/nystrom.8/breakpoints_r
    wildcards: order=8, r0_index=1, theta0_index=6
    resources: tmpdir=/tmp

[Wed May  1 12:16:26 2024]
Finished job 21.
37 of 123 steps (30%) done
Select jobs to execute...
Execute 1 jobs...

[Wed May  1 12:16:26 2024]
localrule generate_nystrom_quadrature:
    input: quads/nystrom.8/breakpoints_r, quads/nystrom.8/breakpoints_theta
    output: quads/nystrom.8/2.9.quad
    jobid: 36
    reason: Missing output files: quads/nystrom.8/2.9.quad; Input files updated by another job: quads/nystrom.8/breakpoints_theta, quads/nystrom.8/breakpoints_r
    wildcards: order=8, r0_index=2, theta0_index=9
    resources: tmpdir=/tmp

[Wed May  1 12:30:26 2024]
Finished job 36.
38 of 123 steps (31%) done
Select jobs to execute...
Execute 1 jobs...

[Wed May  1 12:30:26 2024]
localrule generate_nystrom_quadrature:
    input: quads/nystrom.8/breakpoints_r, quads/nystrom.8/breakpoints_theta
    output: quads/nystrom.8/8.1.quad
    jobid: 100
    reason: Missing output files: quads/nystrom.8/8.1.quad; Input files updated by another job: quads/nystrom.8/breakpoints_theta, quads/nystrom.8/breakpoints_r
    wildcards: order=8, r0_index=8, theta0_index=1
    resources: tmpdir=/tmp

[Wed May  1 12:30:34 2024]
Finished job 100.
39 of 123 steps (32%) done
Select jobs to execute...
Execute 1 jobs...

[Wed May  1 12:30:34 2024]
localrule generate_nystrom_quadrature:
    input: quads/nystrom.8/breakpoints_r, quads/nystrom.8/breakpoints_theta
    output: quads/nystrom.8/4.8.quad
    jobid: 59
    reason: Missing output files: quads/nystrom.8/4.8.quad; Input files updated by another job: quads/nystrom.8/breakpoints_theta, quads/nystrom.8/breakpoints_r
    wildcards: order=8, r0_index=4, theta0_index=8
    resources: tmpdir=/tmp

[Wed May  1 12:32:34 2024]
Finished job 59.
40 of 123 steps (33%) done
Select jobs to execute...
Execute 1 jobs...

[Wed May  1 12:32:34 2024]
localrule generate_nystrom_quadrature:
    input: quads/nystrom.8/breakpoints_r, quads/nystrom.8/breakpoints_theta
    output: quads/nystrom.8/5.11.quad
    jobid: 74
    reason: Missing output files: quads/nystrom.8/5.11.quad; Input files updated by another job: quads/nystrom.8/breakpoints_theta, quads/nystrom.8/breakpoints_r
    wildcards: order=8, r0_index=5, theta0_index=11
    resources: tmpdir=/tmp

Terminating processes on user request, this might take some time.
[Wed May  1 16:15:57 2024]
Error in rule generate_nystrom_quadrature:
    jobid: 110
    input: quads/nystrom.8/breakpoints_r, quads/nystrom.8/breakpoints_theta
    output: quads/nystrom.8/8.11.quad
    shell:
        python3 examples/generate_nystrom_quad.py 8 8 11 quads/nystrom.8/8.11.quad
        (one of the commands exited with non-zero exit code; note that snakemake uses bash strict mode!)

[Wed May  1 16:15:57 2024]
Error in rule generate_nystrom_quadrature:
    jobid: 122
    input: quads/nystrom.8/breakpoints_r, quads/nystrom.8/breakpoints_theta
    output: quads/nystrom.8/9.11.quad
    shell:
        python3 examples/generate_nystrom_quad.py 8 9 11 quads/nystrom.8/9.11.quad
        (one of the commands exited with non-zero exit code; note that snakemake uses bash strict mode!)

[Wed May  1 16:15:57 2024]
Error in rule generate_nystrom_quadrature:
    jobid: 62
    input: quads/nystrom.8/breakpoints_r, quads/nystrom.8/breakpoints_theta
    output: quads/nystrom.8/4.11.quad
    shell:
        python3 examples/generate_nystrom_quad.py 8 4 11 quads/nystrom.8/4.11.quad
        (one of the commands exited with non-zero exit code; note that snakemake uses bash strict mode!)

[Wed May  1 16:15:58 2024]
Error in rule generate_nystrom_quadrature:
    jobid: 74
    input: quads/nystrom.8/breakpoints_r, quads/nystrom.8/breakpoints_theta
    output: quads/nystrom.8/5.11.quad
    shell:
        python3 examples/generate_nystrom_quad.py 8 5 11 quads/nystrom.8/5.11.quad
        (one of the commands exited with non-zero exit code; note that snakemake uses bash strict mode!)

Complete log: .snakemake/log/2024-05-01T111054.821749.snakemake.log
WorkflowError:
At least one job did not complete successfully.
