Building DAG of jobs...
Using shell: /usr/bin/bash
Provided cores: 10
Rules claiming more threads will be scaled down.
Job stats:
job                            count
---------------------------  -------
all                                1
generate_nystrom_quadrature      165
generate_table                     3
total                            169

Select jobs to execute...
Execute 10 jobs...

[Wed Apr 24 13:33:59 2024]
localrule generate_nystrom_quadrature:
    input: quads/nystrom.16/breakpoints_r, quads/nystrom.16/breakpoints_theta
    output: quads/nystrom.16/0.8.quad
    jobid: 255
    reason: Missing output files: quads/nystrom.16/0.8.quad; Updated input files: quads/nystrom.16/breakpoints_r, quads/nystrom.16/breakpoints_theta
    wildcards: order=16, r0_index=0, theta0_index=8
    resources: tmpdir=/tmp/pbs.398336.hnode41


[Wed Apr 24 13:33:59 2024]
localrule generate_nystrom_quadrature:
    input: quads/nystrom.16/breakpoints_r, quads/nystrom.16/breakpoints_theta
    output: quads/nystrom.16/1.11.quad
    jobid: 270
    reason: Missing output files: quads/nystrom.16/1.11.quad; Updated input files: quads/nystrom.16/breakpoints_r, quads/nystrom.16/breakpoints_theta
    wildcards: order=16, r0_index=1, theta0_index=11
    resources: tmpdir=/tmp/pbs.398336.hnode41


[Wed Apr 24 13:33:59 2024]
localrule generate_nystrom_quadrature:
    input: quads/nystrom.16/breakpoints_r, quads/nystrom.16/breakpoints_theta
    output: quads/nystrom.16/4.5.quad
    jobid: 300
    reason: Missing output files: quads/nystrom.16/4.5.quad; Updated input files: quads/nystrom.16/breakpoints_r, quads/nystrom.16/breakpoints_theta
    wildcards: order=16, r0_index=4, theta0_index=5
    resources: tmpdir=/tmp/pbs.398336.hnode41


[Wed Apr 24 13:33:59 2024]
localrule generate_nystrom_quadrature:
    input: quads/nystrom.8/breakpoints_r, quads/nystrom.8/breakpoints_theta
    output: quads/nystrom.8/0.10.quad
    jobid: 135
    reason: Missing output files: quads/nystrom.8/0.10.quad; Updated input files: quads/nystrom.8/breakpoints_r, quads/nystrom.8/breakpoints_theta
    wildcards: order=8, r0_index=0, theta0_index=10
    resources: tmpdir=/tmp/pbs.398336.hnode41


[Wed Apr 24 13:33:59 2024]
localrule generate_nystrom_quadrature:
    input: quads/nystrom.8/breakpoints_r, quads/nystrom.8/breakpoints_theta
    output: quads/nystrom.8/5.10.quad
    jobid: 195
    reason: Missing output files: quads/nystrom.8/5.10.quad; Updated input files: quads/nystrom.8/breakpoints_r, quads/nystrom.8/breakpoints_theta
    wildcards: order=8, r0_index=5, theta0_index=10
    resources: tmpdir=/tmp/pbs.398336.hnode41


[Wed Apr 24 13:33:59 2024]
localrule generate_nystrom_quadrature:
    input: quads/nystrom.8/breakpoints_r, quads/nystrom.8/breakpoints_theta
    output: quads/nystrom.8/8.4.quad
    jobid: 225
    reason: Missing output files: quads/nystrom.8/8.4.quad; Updated input files: quads/nystrom.8/breakpoints_r, quads/nystrom.8/breakpoints_theta
    wildcards: order=8, r0_index=8, theta0_index=4
    resources: tmpdir=/tmp/pbs.398336.hnode41


[Wed Apr 24 13:33:59 2024]
localrule generate_nystrom_quadrature:
    input: quads/nystrom.8/breakpoints_r, quads/nystrom.8/breakpoints_theta
    output: quads/nystrom.8/2.1.quad
    jobid: 150
    reason: Missing output files: quads/nystrom.8/2.1.quad; Updated input files: quads/nystrom.8/breakpoints_r, quads/nystrom.8/breakpoints_theta
    wildcards: order=8, r0_index=2, theta0_index=1
    resources: tmpdir=/tmp/pbs.398336.hnode41


[Wed Apr 24 13:33:59 2024]
localrule generate_nystrom_quadrature:
    input: quads/nystrom.8/breakpoints_r, quads/nystrom.8/breakpoints_theta
    output: quads/nystrom.8/7.1.quad
    jobid: 210
    reason: Missing output files: quads/nystrom.8/7.1.quad; Updated input files: quads/nystrom.8/breakpoints_r, quads/nystrom.8/breakpoints_theta
    wildcards: order=8, r0_index=7, theta0_index=1
    resources: tmpdir=/tmp/pbs.398336.hnode41


[Wed Apr 24 13:33:59 2024]
localrule generate_nystrom_quadrature:
    input: quads/nystrom.16/breakpoints_r, quads/nystrom.16/breakpoints_theta
    output: quads/nystrom.16/1.10.quad
    jobid: 269
    reason: Missing output files: quads/nystrom.16/1.10.quad; Updated input files: quads/nystrom.16/breakpoints_r, quads/nystrom.16/breakpoints_theta
    wildcards: order=16, r0_index=1, theta0_index=10
    resources: tmpdir=/tmp/pbs.398336.hnode41


[Wed Apr 24 13:33:59 2024]
localrule generate_nystrom_quadrature:
    input: quads/nystrom.16/breakpoints_r, quads/nystrom.16/breakpoints_theta
    output: quads/nystrom.16/3.2.quad
    jobid: 285
    reason: Missing output files: quads/nystrom.16/3.2.quad; Updated input files: quads/nystrom.16/breakpoints_r, quads/nystrom.16/breakpoints_theta
    wildcards: order=16, r0_index=3, theta0_index=2
    resources: tmpdir=/tmp/pbs.398336.hnode41

[Wed Apr 24 13:34:12 2024]
Finished job 210.
1 of 169 steps (1%) done
Select jobs to execute...
Execute 1 jobs...

[Wed Apr 24 13:34:12 2024]
localrule generate_nystrom_quadrature:
    input: quads/nystrom.8/breakpoints_r, quads/nystrom.8/breakpoints_theta
    output: quads/nystrom.8/9.6.quad
    jobid: 239
    reason: Missing output files: quads/nystrom.8/9.6.quad; Updated input files: quads/nystrom.8/breakpoints_r, quads/nystrom.8/breakpoints_theta
    wildcards: order=8, r0_index=9, theta0_index=6
    resources: tmpdir=/tmp/pbs.398336.hnode41

[Wed Apr 24 13:34:13 2024]
Finished job 225.
2 of 169 steps (1%) done
Select jobs to execute...
Execute 1 jobs...

[Wed Apr 24 13:34:13 2024]
localrule generate_nystrom_quadrature:
    input: quads/nystrom.16/breakpoints_r, quads/nystrom.16/breakpoints_theta
    output: quads/nystrom.16/7.2.quad
    jobid: 333
    reason: Missing output files: quads/nystrom.16/7.2.quad; Updated input files: quads/nystrom.16/breakpoints_r, quads/nystrom.16/breakpoints_theta
    wildcards: order=16, r0_index=7, theta0_index=2
    resources: tmpdir=/tmp/pbs.398336.hnode41

[Wed Apr 24 13:34:33 2024]
Finished job 239.
3 of 169 steps (2%) done
Select jobs to execute...
Execute 1 jobs...

[Wed Apr 24 13:34:33 2024]
localrule generate_nystrom_quadrature:
    input: quads/nystrom.16/breakpoints_r, quads/nystrom.16/breakpoints_theta
    output: quads/nystrom.16/0.11.quad
    jobid: 258
    reason: Missing output files: quads/nystrom.16/0.11.quad; Updated input files: quads/nystrom.16/breakpoints_r, quads/nystrom.16/breakpoints_theta
    wildcards: order=16, r0_index=0, theta0_index=11
    resources: tmpdir=/tmp/pbs.398336.hnode41

[Wed Apr 24 13:35:19 2024]
Finished job 333.
4 of 169 steps (2%) done
Select jobs to execute...
Execute 1 jobs...

[Wed Apr 24 13:35:20 2024]
localrule generate_nystrom_quadrature:
    input: quads/nystrom.16/breakpoints_r, quads/nystrom.16/breakpoints_theta
    output: quads/nystrom.16/5.11.quad
    jobid: 318
    reason: Missing output files: quads/nystrom.16/5.11.quad; Updated input files: quads/nystrom.16/breakpoints_r, quads/nystrom.16/breakpoints_theta
    wildcards: order=16, r0_index=5, theta0_index=11
    resources: tmpdir=/tmp/pbs.398336.hnode41

[Wed Apr 24 13:36:41 2024]
Finished job 150.
5 of 169 steps (3%) done
Select jobs to execute...
Execute 1 jobs...

[Wed Apr 24 13:36:41 2024]
localrule generate_nystrom_quadrature:
    input: quads/nystrom.16/breakpoints_r, quads/nystrom.16/breakpoints_theta
    output: quads/nystrom.16/7.9.quad
    jobid: 340
    reason: Missing output files: quads/nystrom.16/7.9.quad; Updated input files: quads/nystrom.16/breakpoints_r, quads/nystrom.16/breakpoints_theta
    wildcards: order=16, r0_index=7, theta0_index=9
    resources: tmpdir=/tmp/pbs.398336.hnode41

[Wed Apr 24 13:40:31 2024]
Finished job 300.
6 of 169 steps (4%) done
Select jobs to execute...
Execute 1 jobs...

[Wed Apr 24 13:40:31 2024]
localrule generate_nystrom_quadrature:
    input: quads/nystrom.16/breakpoints_r, quads/nystrom.16/breakpoints_theta
    output: quads/nystrom.16/2.9.quad
    jobid: 280
    reason: Missing output files: quads/nystrom.16/2.9.quad; Updated input files: quads/nystrom.16/breakpoints_r, quads/nystrom.16/breakpoints_theta
    wildcards: order=16, r0_index=2, theta0_index=9
    resources: tmpdir=/tmp/pbs.398336.hnode41

[Wed Apr 24 13:41:29 2024]
Finished job 285.
7 of 169 steps (4%) done
Select jobs to execute...
Execute 1 jobs...

[Wed Apr 24 13:41:29 2024]
localrule generate_nystrom_quadrature:
    input: quads/nystrom.16/breakpoints_r, quads/nystrom.16/breakpoints_theta
    output: quads/nystrom.16/5.3.quad
    jobid: 310
    reason: Missing output files: quads/nystrom.16/5.3.quad; Updated input files: quads/nystrom.16/breakpoints_r, quads/nystrom.16/breakpoints_theta
    wildcards: order=16, r0_index=5, theta0_index=3
    resources: tmpdir=/tmp/pbs.398336.hnode41

[Wed Apr 24 13:44:12 2024]
Finished job 310.
8 of 169 steps (5%) done
Select jobs to execute...
Execute 1 jobs...

[Wed Apr 24 13:44:12 2024]
localrule generate_nystrom_quadrature:
    input: quads/nystrom.16/breakpoints_r, quads/nystrom.16/breakpoints_theta
    output: quads/nystrom.16/0.3.quad
    jobid: 250
    reason: Missing output files: quads/nystrom.16/0.3.quad; Updated input files: quads/nystrom.16/breakpoints_r, quads/nystrom.16/breakpoints_theta
    wildcards: order=16, r0_index=0, theta0_index=3
    resources: tmpdir=/tmp/pbs.398336.hnode41

[Wed Apr 24 13:54:02 2024]
Finished job 340.
9 of 169 steps (5%) done
Select jobs to execute...
Execute 1 jobs...

[Wed Apr 24 13:54:02 2024]
localrule generate_nystrom_quadrature:
    input: quads/nystrom.16/breakpoints_r, quads/nystrom.16/breakpoints_theta
    output: quads/nystrom.16/1.6.quad
    jobid: 265
    reason: Missing output files: quads/nystrom.16/1.6.quad; Updated input files: quads/nystrom.16/breakpoints_r, quads/nystrom.16/breakpoints_theta
    wildcards: order=16, r0_index=1, theta0_index=6
    resources: tmpdir=/tmp/pbs.398336.hnode41

[Wed Apr 24 13:54:49 2024]
Finished job 255.
10 of 169 steps (6%) done
Select jobs to execute...
Execute 1 jobs...

[Wed Apr 24 13:54:49 2024]
localrule generate_nystrom_quadrature:
    input: quads/nystrom.16/breakpoints_r, quads/nystrom.16/breakpoints_theta
    output: quads/nystrom.16/3.5.quad
    jobid: 288
    reason: Missing output files: quads/nystrom.16/3.5.quad; Updated input files: quads/nystrom.16/breakpoints_r, quads/nystrom.16/breakpoints_theta
    wildcards: order=16, r0_index=3, theta0_index=5
    resources: tmpdir=/tmp/pbs.398336.hnode41

[Wed Apr 24 13:55:14 2024]
Error in rule generate_nystrom_quadrature:
    jobid: 269
    input: quads/nystrom.16/breakpoints_r, quads/nystrom.16/breakpoints_theta
    output: quads/nystrom.16/1.10.quad
    shell:
        python3 examples/generate_nystrom_quad.py 16 1 10 quads/nystrom.16/1.10.quad
        (one of the commands exited with non-zero exit code; note that snakemake uses bash strict mode!)

[Wed Apr 24 13:57:06 2024]
Error in rule generate_nystrom_quadrature:
    jobid: 318
    input: quads/nystrom.16/breakpoints_r, quads/nystrom.16/breakpoints_theta
    output: quads/nystrom.16/5.11.quad
    shell:
        python3 examples/generate_nystrom_quad.py 16 5 11 quads/nystrom.16/5.11.quad
        (one of the commands exited with non-zero exit code; note that snakemake uses bash strict mode!)

[Wed Apr 24 13:57:43 2024]
Finished job 195.
11 of 169 steps (7%) done
[Wed Apr 24 14:02:35 2024]
Error in rule generate_nystrom_quadrature:
    jobid: 258
    input: quads/nystrom.16/breakpoints_r, quads/nystrom.16/breakpoints_theta
    output: quads/nystrom.16/0.11.quad
    shell:
        python3 examples/generate_nystrom_quad.py 16 0 11 quads/nystrom.16/0.11.quad
        (one of the commands exited with non-zero exit code; note that snakemake uses bash strict mode!)

[Wed Apr 24 14:02:37 2024]
Error in rule generate_nystrom_quadrature:
    jobid: 270
    input: quads/nystrom.16/breakpoints_r, quads/nystrom.16/breakpoints_theta
    output: quads/nystrom.16/1.11.quad
    shell:
        python3 examples/generate_nystrom_quad.py 16 1 11 quads/nystrom.16/1.11.quad
        (one of the commands exited with non-zero exit code; note that snakemake uses bash strict mode!)

[Wed Apr 24 14:02:40 2024]
Finished job 250.
12 of 169 steps (7%) done
[Wed Apr 24 14:03:15 2024]
Finished job 280.
13 of 169 steps (8%) done
[Wed Apr 24 14:03:54 2024]
Finished job 288.
14 of 169 steps (8%) done
[Wed Apr 24 14:07:31 2024]
Finished job 265.
15 of 169 steps (9%) done
[Wed Apr 24 14:11:46 2024]
Finished job 135.
16 of 169 steps (9%) done
Shutting down, this might take some time.
Exiting because a job execution failed. Look above for error message
Complete log: .snakemake/log/2024-04-24T133357.032367.snakemake.log
WorkflowError:
At least one job did not complete successfully.
