Building DAG of jobs...
Using shell: /usr/bin/bash
Provided cores: 6
Rules claiming more threads will be scaled down.
Job stats:
job                    count
-------------------  -------
all                        1
generate_quadrature        3
total                      4

Select jobs to execute...
Execute 3 jobs...

[Wed Apr  3 10:27:59 2024]
localrule generate_quadrature:
    output: quads/nystrom.32.8.quad
    jobid: 3
    reason: Missing output files: quads/nystrom.32.8.quad
    wildcards: number_parameters=32, order=8
    resources: tmpdir=/tmp


[Wed Apr  3 10:27:59 2024]
localrule generate_quadrature:
    output: quads/nystrom.32.6.quad
    jobid: 2
    reason: Missing output files: quads/nystrom.32.6.quad
    wildcards: number_parameters=32, order=6
    resources: tmpdir=/tmp


[Wed Apr  3 10:27:59 2024]
localrule generate_quadrature:
    output: quads/nystrom.32.4.quad
    jobid: 1
    reason: Missing output files: quads/nystrom.32.4.quad
    wildcards: number_parameters=32, order=4
    resources: tmpdir=/tmp

[Wed Apr  3 11:28:12 2024]
Finished job 1.
1 of 4 steps (25%) done
[Wed Apr  3 11:46:09 2024]
Error in rule generate_quadrature:
    jobid: 2
    output: quads/nystrom.32.6.quad
    shell:
        python3 examples/generate_quad.py 32 6 quads/nystrom.32.6.quad
        (one of the commands exited with non-zero exit code; note that snakemake uses bash strict mode!)

Terminating processes on user request, this might take some time.
[Wed Apr  3 11:47:42 2024]
Error in rule generate_quadrature:
    jobid: 3
    output: quads/nystrom.32.8.quad
    shell:
        python3 examples/generate_quad.py 32 8 quads/nystrom.32.8.quad
        (one of the commands exited with non-zero exit code; note that snakemake uses bash strict mode!)

Complete log: .snakemake/log/2024-04-03T102755.766410.snakemake.log
WorkflowError:
At least one job did not complete successfully.
