Building DAG of jobs...
Using shell: /usr/bin/bash
Provided cores: 4
Rules claiming more threads will be scaled down.
Job stats:
job                            count
---------------------------  -------
experiment_droplet                 1
gen4                               1
generate_nystrom_quadrature       68
total                             70

Select jobs to execute...
Execute 4 jobs...

[Thu May  2 14:56:59 2024]
localrule generate_nystrom_quadrature:
    input: quads/nystrom.4/breakpoints_r, quads/nystrom.4/breakpoints_theta
    output: quads/nystrom.4/5.5.quad
    jobid: 68
    reason: Missing output files: quads/nystrom.4/5.5.quad
    wildcards: order=4, r0_index=5, theta0_index=5
    resources: tmpdir=/tmp


[Thu May  2 14:56:59 2024]
localrule generate_nystrom_quadrature:
    input: quads/nystrom.4/breakpoints_r, quads/nystrom.4/breakpoints_theta
    output: quads/nystrom.4/7.11.quad
    jobid: 98
    reason: Missing output files: quads/nystrom.4/7.11.quad
    wildcards: order=4, r0_index=7, theta0_index=11
    resources: tmpdir=/tmp


[Thu May  2 14:56:59 2024]
localrule generate_nystrom_quadrature:
    input: quads/nystrom.4/breakpoints_r, quads/nystrom.4/breakpoints_theta
    output: quads/nystrom.4/6.8.quad
    jobid: 83
    reason: Missing output files: quads/nystrom.4/6.8.quad
    wildcards: order=4, r0_index=6, theta0_index=8
    resources: tmpdir=/tmp


[Thu May  2 14:56:59 2024]
localrule generate_nystrom_quadrature:
    input: quads/nystrom.4/breakpoints_r, quads/nystrom.4/breakpoints_theta
    output: quads/nystrom.4/9.1.quad
    jobid: 112
    reason: Missing output files: quads/nystrom.4/9.1.quad
    wildcards: order=4, r0_index=9, theta0_index=1
    resources: tmpdir=/tmp

[Thu May  2 14:57:04 2024]
Finished job 112.
1 of 70 steps (1%) done
Select jobs to execute...
Execute 1 jobs...

[Thu May  2 14:57:04 2024]
localrule generate_nystrom_quadrature:
    input: quads/nystrom.4/breakpoints_r, quads/nystrom.4/breakpoints_theta
    output: quads/nystrom.4/5.2.quad
    jobid: 65
    reason: Missing output files: quads/nystrom.4/5.2.quad
    wildcards: order=4, r0_index=5, theta0_index=2
    resources: tmpdir=/tmp

[Thu May  2 14:57:08 2024]
Finished job 68.
2 of 70 steps (3%) done
Select jobs to execute...
Execute 1 jobs...

[Thu May  2 14:57:08 2024]
localrule generate_nystrom_quadrature:
    input: quads/nystrom.4/breakpoints_r, quads/nystrom.4/breakpoints_theta
    output: quads/nystrom.4/7.8.quad
    jobid: 95
    reason: Missing output files: quads/nystrom.4/7.8.quad
    wildcards: order=4, r0_index=7, theta0_index=8
    resources: tmpdir=/tmp

[Thu May  2 14:57:08 2024]
Finished job 65.
3 of 70 steps (4%) done
Select jobs to execute...
Execute 1 jobs...

[Thu May  2 14:57:08 2024]
localrule generate_nystrom_quadrature:
    input: quads/nystrom.4/breakpoints_r, quads/nystrom.4/breakpoints_theta
    output: quads/nystrom.4/3.11.quad
    jobid: 50
    reason: Missing output files: quads/nystrom.4/3.11.quad
    wildcards: order=4, r0_index=3, theta0_index=11
    resources: tmpdir=/tmp

[Thu May  2 14:57:17 2024]
Finished job 83.
4 of 70 steps (6%) done
Select jobs to execute...
Execute 1 jobs...

[Thu May  2 14:57:17 2024]
localrule generate_nystrom_quadrature:
    input: quads/nystrom.4/breakpoints_r, quads/nystrom.4/breakpoints_theta
    output: quads/nystrom.4/4.5.quad
    jobid: 56
    reason: Missing output files: quads/nystrom.4/4.5.quad
    wildcards: order=4, r0_index=4, theta0_index=5
    resources: tmpdir=/tmp

[Thu May  2 14:57:19 2024]
Finished job 95.
5 of 70 steps (7%) done
Select jobs to execute...
Execute 1 jobs...

[Thu May  2 14:57:19 2024]
localrule generate_nystrom_quadrature:
    input: quads/nystrom.4/breakpoints_r, quads/nystrom.4/breakpoints_theta
    output: quads/nystrom.4/3.3.quad
    jobid: 42
    reason: Missing output files: quads/nystrom.4/3.3.quad
    wildcards: order=4, r0_index=3, theta0_index=3
    resources: tmpdir=/tmp

[Thu May  2 14:57:38 2024]
Finished job 56.
6 of 70 steps (9%) done
Select jobs to execute...
Execute 1 jobs...

[Thu May  2 14:57:38 2024]
localrule generate_nystrom_quadrature:
    input: quads/nystrom.4/breakpoints_r, quads/nystrom.4/breakpoints_theta
    output: quads/nystrom.4/0.11.quad
    jobid: 14
    reason: Missing output files: quads/nystrom.4/0.11.quad
    wildcards: order=4, r0_index=0, theta0_index=11
    resources: tmpdir=/tmp

[Thu May  2 14:57:52 2024]
Finished job 42.
7 of 70 steps (10%) done
Select jobs to execute...
Execute 1 jobs...

[Thu May  2 14:57:52 2024]
localrule generate_nystrom_quadrature:
    input: quads/nystrom.4/breakpoints_r, quads/nystrom.4/breakpoints_theta
    output: quads/nystrom.4/2.0.quad
    jobid: 27
    reason: Missing output files: quads/nystrom.4/2.0.quad
    wildcards: order=4, r0_index=2, theta0_index=0
    resources: tmpdir=/tmp

[Thu May  2 14:58:18 2024]
Error in rule generate_nystrom_quadrature:
    jobid: 27
    input: quads/nystrom.4/breakpoints_r, quads/nystrom.4/breakpoints_theta
    output: quads/nystrom.4/2.0.quad
    shell:
        python3 examples/generate_nystrom_quad.py 4 2 0 quads/nystrom.4/2.0.quad
        (one of the commands exited with non-zero exit code; note that snakemake uses bash strict mode!)

[Thu May  2 15:02:24 2024]
Finished job 50.
8 of 70 steps (11%) done
[Thu May  2 15:02:59 2024]
Finished job 14.
9 of 70 steps (13%) done
[Thu May  2 15:03:02 2024]
Finished job 98.
10 of 70 steps (14%) done
Shutting down, this might take some time.
Exiting because a job execution failed. Look above for error message
Complete log: .snakemake/log/2024-05-02T145658.698848.snakemake.log
WorkflowError:
At least one job did not complete successfully.
