Building DAG of jobs...
Using shell: /usr/bin/bash
Provided cores: 10
Rules claiming more threads will be scaled down.
Job stats:
job                            count
---------------------------  -------
all                                1
generate_nystrom_quadrature      120
generate_table                     1
total                            122

Select jobs to execute...
Execute 10 jobs...

[Thu Apr 18 22:33:33 2024]
localrule generate_nystrom_quadrature:
    input: quads/nystrom.4/breakpoints_r, quads/nystrom.4/breakpoints_theta
    output: quads/nystrom.4/0.4.quad
    jobid: 7
    reason: Missing output files: quads/nystrom.4/0.4.quad
    wildcards: order=4, r0_index=0, theta0_index=4
    resources: tmpdir=/tmp


[Thu Apr 18 22:33:33 2024]
localrule generate_nystrom_quadrature:
    input: quads/nystrom.4/breakpoints_r, quads/nystrom.4/breakpoints_theta
    output: quads/nystrom.4/6.1.quad
    jobid: 76
    reason: Missing output files: quads/nystrom.4/6.1.quad
    wildcards: order=4, r0_index=6, theta0_index=1
    resources: tmpdir=/tmp


[Thu Apr 18 22:33:33 2024]
localrule generate_nystrom_quadrature:
    input: quads/nystrom.4/breakpoints_r, quads/nystrom.4/breakpoints_theta
    output: quads/nystrom.4/1.5.quad
    jobid: 20
    reason: Missing output files: quads/nystrom.4/1.5.quad
    wildcards: order=4, r0_index=1, theta0_index=5
    resources: tmpdir=/tmp


[Thu Apr 18 22:33:33 2024]
localrule generate_nystrom_quadrature:
    input: quads/nystrom.4/breakpoints_r, quads/nystrom.4/breakpoints_theta
    output: quads/nystrom.4/2.8.quad
    jobid: 35
    reason: Missing output files: quads/nystrom.4/2.8.quad
    wildcards: order=4, r0_index=2, theta0_index=8
    resources: tmpdir=/tmp


[Thu Apr 18 22:33:33 2024]
localrule generate_nystrom_quadrature:
    input: quads/nystrom.4/breakpoints_r, quads/nystrom.4/breakpoints_theta
    output: quads/nystrom.4/3.11.quad
    jobid: 50
    reason: Missing output files: quads/nystrom.4/3.11.quad
    wildcards: order=4, r0_index=3, theta0_index=11
    resources: tmpdir=/tmp


[Thu Apr 18 22:33:33 2024]
localrule generate_nystrom_quadrature:
    input: quads/nystrom.4/breakpoints_r, quads/nystrom.4/breakpoints_theta
    output: quads/nystrom.4/5.2.quad
    jobid: 65
    reason: Missing output files: quads/nystrom.4/5.2.quad
    wildcards: order=4, r0_index=5, theta0_index=2
    resources: tmpdir=/tmp


[Thu Apr 18 22:33:33 2024]
localrule generate_nystrom_quadrature:
    input: quads/nystrom.4/breakpoints_r, quads/nystrom.4/breakpoints_theta
    output: quads/nystrom.4/6.5.quad
    jobid: 80
    reason: Missing output files: quads/nystrom.4/6.5.quad
    wildcards: order=4, r0_index=6, theta0_index=5
    resources: tmpdir=/tmp


[Thu Apr 18 22:33:33 2024]
localrule generate_nystrom_quadrature:
    input: quads/nystrom.4/breakpoints_r, quads/nystrom.4/breakpoints_theta
    output: quads/nystrom.4/7.8.quad
    jobid: 95
    reason: Missing output files: quads/nystrom.4/7.8.quad
    wildcards: order=4, r0_index=7, theta0_index=8
    resources: tmpdir=/tmp


[Thu Apr 18 22:33:33 2024]
localrule generate_nystrom_quadrature:
    input: quads/nystrom.4/breakpoints_r, quads/nystrom.4/breakpoints_theta
    output: quads/nystrom.4/8.11.quad
    jobid: 110
    reason: Missing output files: quads/nystrom.4/8.11.quad
    wildcards: order=4, r0_index=8, theta0_index=11
    resources: tmpdir=/tmp


[Thu Apr 18 22:33:33 2024]
localrule generate_nystrom_quadrature:
    input: quads/nystrom.4/breakpoints_r, quads/nystrom.4/breakpoints_theta
    output: quads/nystrom.4/0.6.quad
    jobid: 9
    reason: Missing output files: quads/nystrom.4/0.6.quad
    wildcards: order=4, r0_index=0, theta0_index=6
    resources: tmpdir=/tmp

[Thu Apr 18 22:34:33 2024]
Finished job 76.
1 of 122 steps (1%) done
Select jobs to execute...
Execute 1 jobs...

[Thu Apr 18 22:34:33 2024]
localrule generate_nystrom_quadrature:
    input: quads/nystrom.4/breakpoints_r, quads/nystrom.4/breakpoints_theta
    output: quads/nystrom.4/6.0.quad
    jobid: 75
    reason: Missing output files: quads/nystrom.4/6.0.quad
    wildcards: order=4, r0_index=6, theta0_index=0
    resources: tmpdir=/tmp

[Thu Apr 18 22:34:38 2024]
Finished job 80.
2 of 122 steps (2%) done
Select jobs to execute...
Execute 1 jobs...

[Thu Apr 18 22:34:38 2024]
localrule generate_nystrom_quadrature:
    input: quads/nystrom.4/breakpoints_r, quads/nystrom.4/breakpoints_theta
    output: quads/nystrom.4/8.6.quad
    jobid: 105
    reason: Missing output files: quads/nystrom.4/8.6.quad
    wildcards: order=4, r0_index=8, theta0_index=6
    resources: tmpdir=/tmp

[Thu Apr 18 22:34:38 2024]
Finished job 75.
3 of 122 steps (2%) done
Select jobs to execute...
Execute 1 jobs...

[Thu Apr 18 22:34:38 2024]
localrule generate_nystrom_quadrature:
    input: quads/nystrom.4/breakpoints_r, quads/nystrom.4/breakpoints_theta
    output: quads/nystrom.4/9.9.quad
    jobid: 120
    reason: Missing output files: quads/nystrom.4/9.9.quad
    wildcards: order=4, r0_index=9, theta0_index=9
    resources: tmpdir=/tmp

[Thu Apr 18 22:34:39 2024]
Finished job 65.
4 of 122 steps (3%) done
Select jobs to execute...
Execute 1 jobs...

[Thu Apr 18 22:34:39 2024]
localrule generate_nystrom_quadrature:
    input: quads/nystrom.4/breakpoints_r, quads/nystrom.4/breakpoints_theta
    output: quads/nystrom.4/1.4.quad
    jobid: 19
    reason: Missing output files: quads/nystrom.4/1.4.quad
    wildcards: order=4, r0_index=1, theta0_index=4
    resources: tmpdir=/tmp

[Thu Apr 18 22:34:46 2024]
Finished job 105.
5 of 122 steps (4%) done
Select jobs to execute...
Execute 1 jobs...

[Thu Apr 18 22:34:47 2024]
localrule generate_nystrom_quadrature:
    input: quads/nystrom.4/breakpoints_r, quads/nystrom.4/breakpoints_theta
    output: quads/nystrom.4/3.10.quad
    jobid: 49
    reason: Missing output files: quads/nystrom.4/3.10.quad
    wildcards: order=4, r0_index=3, theta0_index=10
    resources: tmpdir=/tmp

[Thu Apr 18 22:34:57 2024]
Finished job 95.
6 of 122 steps (5%) done
Select jobs to execute...
Execute 1 jobs...

[Thu Apr 18 22:34:57 2024]
localrule generate_nystrom_quadrature:
    input: quads/nystrom.4/breakpoints_r, quads/nystrom.4/breakpoints_theta
    output: quads/nystrom.4/6.3.quad
    jobid: 78
    reason: Missing output files: quads/nystrom.4/6.3.quad
    wildcards: order=4, r0_index=6, theta0_index=3
    resources: tmpdir=/tmp

[Thu Apr 18 22:35:13 2024]
Finished job 78.
7 of 122 steps (6%) done
Select jobs to execute...
Execute 1 jobs...

[Thu Apr 18 22:35:13 2024]
localrule generate_nystrom_quadrature:
    input: quads/nystrom.4/breakpoints_r, quads/nystrom.4/breakpoints_theta
    output: quads/nystrom.4/2.6.quad
    jobid: 33
    reason: Missing output files: quads/nystrom.4/2.6.quad
    wildcards: order=4, r0_index=2, theta0_index=6
    resources: tmpdir=/tmp

[Thu Apr 18 22:36:16 2024]
Finished job 35.
8 of 122 steps (7%) done
Select jobs to execute...
Execute 1 jobs...

[Thu Apr 18 22:36:16 2024]
localrule generate_nystrom_quadrature:
    input: quads/nystrom.4/breakpoints_r, quads/nystrom.4/breakpoints_theta
    output: quads/nystrom.4/8.10.quad
    jobid: 109
    reason: Missing output files: quads/nystrom.4/8.10.quad
    wildcards: order=4, r0_index=8, theta0_index=10
    resources: tmpdir=/tmp

[Thu Apr 18 22:36:47 2024]
Finished job 7.
9 of 122 steps (7%) done
Select jobs to execute...
Execute 1 jobs...

[Thu Apr 18 22:36:47 2024]
localrule generate_nystrom_quadrature:
    input: quads/nystrom.4/breakpoints_r, quads/nystrom.4/breakpoints_theta
    output: quads/nystrom.4/1.8.quad
    jobid: 23
    reason: Missing output files: quads/nystrom.4/1.8.quad
    wildcards: order=4, r0_index=1, theta0_index=8
    resources: tmpdir=/tmp

[Thu Apr 18 22:36:49 2024]
Finished job 19.
10 of 122 steps (8%) done
Select jobs to execute...
Execute 1 jobs...

[Thu Apr 18 22:36:49 2024]
localrule generate_nystrom_quadrature:
    input: quads/nystrom.4/breakpoints_r, quads/nystrom.4/breakpoints_theta
    output: quads/nystrom.4/4.2.quad
    jobid: 53
    reason: Missing output files: quads/nystrom.4/4.2.quad
    wildcards: order=4, r0_index=4, theta0_index=2
    resources: tmpdir=/tmp

[Thu Apr 18 22:37:08 2024]
Finished job 20.
11 of 122 steps (9%) done
Select jobs to execute...
Execute 1 jobs...

[Thu Apr 18 22:37:08 2024]
localrule generate_nystrom_quadrature:
    input: quads/nystrom.4/breakpoints_r, quads/nystrom.4/breakpoints_theta
    output: quads/nystrom.4/5.5.quad
    jobid: 68
    reason: Missing output files: quads/nystrom.4/5.5.quad
    wildcards: order=4, r0_index=5, theta0_index=5
    resources: tmpdir=/tmp

[Thu Apr 18 22:37:09 2024]
Finished job 33.
12 of 122 steps (10%) done
Select jobs to execute...
Execute 1 jobs...

[Thu Apr 18 22:37:09 2024]
localrule generate_nystrom_quadrature:
    input: quads/nystrom.4/breakpoints_r, quads/nystrom.4/breakpoints_theta
    output: quads/nystrom.4/6.8.quad
    jobid: 83
    reason: Missing output files: quads/nystrom.4/6.8.quad
    wildcards: order=4, r0_index=6, theta0_index=8
    resources: tmpdir=/tmp

[Thu Apr 18 22:37:10 2024]
Finished job 9.
13 of 122 steps (11%) done
Select jobs to execute...
Execute 1 jobs...

[Thu Apr 18 22:37:10 2024]
localrule generate_nystrom_quadrature:
    input: quads/nystrom.4/breakpoints_r, quads/nystrom.4/breakpoints_theta
    output: quads/nystrom.4/7.11.quad
    jobid: 98
    reason: Missing output files: quads/nystrom.4/7.11.quad
    wildcards: order=4, r0_index=7, theta0_index=11
    resources: tmpdir=/tmp

[Thu Apr 18 22:37:15 2024]
Finished job 120.
14 of 122 steps (11%) done
Select jobs to execute...
Execute 1 jobs...

[Thu Apr 18 22:37:15 2024]
localrule generate_nystrom_quadrature:
    input: quads/nystrom.4/breakpoints_r, quads/nystrom.4/breakpoints_theta
    output: quads/nystrom.4/9.2.quad
    jobid: 113
    reason: Missing output files: quads/nystrom.4/9.2.quad
    wildcards: order=4, r0_index=9, theta0_index=2
    resources: tmpdir=/tmp

[Thu Apr 18 22:37:22 2024]
Finished job 113.
15 of 122 steps (12%) done
Select jobs to execute...
Execute 1 jobs...

[Thu Apr 18 22:37:22 2024]
localrule generate_nystrom_quadrature:
    input: quads/nystrom.4/breakpoints_r, quads/nystrom.4/breakpoints_theta
    output: quads/nystrom.4/2.11.quad
    jobid: 38
    reason: Missing output files: quads/nystrom.4/2.11.quad
    wildcards: order=4, r0_index=2, theta0_index=11
    resources: tmpdir=/tmp

[Thu Apr 18 22:37:27 2024]
Finished job 53.
16 of 122 steps (13%) done
Select jobs to execute...
Execute 1 jobs...

[Thu Apr 18 22:37:27 2024]
localrule generate_nystrom_quadrature:
    input: quads/nystrom.4/breakpoints_r, quads/nystrom.4/breakpoints_theta
    output: quads/nystrom.4/0.9.quad
    jobid: 12
    reason: Missing output files: quads/nystrom.4/0.9.quad
    wildcards: order=4, r0_index=0, theta0_index=9
    resources: tmpdir=/tmp

[Thu Apr 18 22:37:38 2024]
Finished job 68.
17 of 122 steps (14%) done
Select jobs to execute...
Execute 1 jobs...

[Thu Apr 18 22:37:38 2024]
localrule generate_nystrom_quadrature:
    input: quads/nystrom.4/breakpoints_r, quads/nystrom.4/breakpoints_theta
    output: quads/nystrom.4/2.0.quad
    jobid: 27
    reason: Missing output files: quads/nystrom.4/2.0.quad
    wildcards: order=4, r0_index=2, theta0_index=0
    resources: tmpdir=/tmp

[Thu Apr 18 22:37:50 2024]
Finished job 83.
18 of 122 steps (15%) done
Select jobs to execute...
Execute 1 jobs...

[Thu Apr 18 22:37:50 2024]
localrule generate_nystrom_quadrature:
    input: quads/nystrom.4/breakpoints_r, quads/nystrom.4/breakpoints_theta
    output: quads/nystrom.4/3.3.quad
    jobid: 42
    reason: Missing output files: quads/nystrom.4/3.3.quad
    wildcards: order=4, r0_index=3, theta0_index=3
    resources: tmpdir=/tmp

[Thu Apr 18 22:38:57 2024]
Finished job 27.
19 of 122 steps (16%) done
Select jobs to execute...
Execute 1 jobs...

[Thu Apr 18 22:38:57 2024]
localrule generate_nystrom_quadrature:
    input: quads/nystrom.4/breakpoints_r, quads/nystrom.4/breakpoints_theta
    output: quads/nystrom.4/0.5.quad
    jobid: 8
    reason: Missing output files: quads/nystrom.4/0.5.quad
    wildcards: order=4, r0_index=0, theta0_index=5
    resources: tmpdir=/tmp

[Thu Apr 18 22:39:03 2024]
Finished job 42.
20 of 122 steps (16%) done
Select jobs to execute...
Execute 1 jobs...

[Thu Apr 18 22:39:03 2024]
localrule generate_nystrom_quadrature:
    input: quads/nystrom.4/breakpoints_r, quads/nystrom.4/breakpoints_theta
    output: quads/nystrom.4/4.6.quad
    jobid: 57
    reason: Missing output files: quads/nystrom.4/4.6.quad
    wildcards: order=4, r0_index=4, theta0_index=6
    resources: tmpdir=/tmp

[Thu Apr 18 22:39:31 2024]
Finished job 23.
21 of 122 steps (17%) done
Select jobs to execute...
Execute 1 jobs...

[Thu Apr 18 22:39:31 2024]
localrule generate_nystrom_quadrature:
    input: quads/nystrom.4/breakpoints_r, quads/nystrom.4/breakpoints_theta
    output: quads/nystrom.4/5.9.quad
    jobid: 72
    reason: Missing output files: quads/nystrom.4/5.9.quad
    wildcards: order=4, r0_index=5, theta0_index=9
    resources: tmpdir=/tmp

[Thu Apr 18 22:40:00 2024]
Finished job 57.
22 of 122 steps (18%) done
Select jobs to execute...
Execute 1 jobs...

[Thu Apr 18 22:40:00 2024]
localrule generate_nystrom_quadrature:
    input: quads/nystrom.4/breakpoints_r, quads/nystrom.4/breakpoints_theta
    output: quads/nystrom.4/7.0.quad
    jobid: 87
    reason: Missing output files: quads/nystrom.4/7.0.quad
    wildcards: order=4, r0_index=7, theta0_index=0
    resources: tmpdir=/tmp

[Thu Apr 18 22:40:06 2024]
Finished job 87.
23 of 122 steps (19%) done
Select jobs to execute...
Execute 1 jobs...

[Thu Apr 18 22:40:06 2024]
localrule generate_nystrom_quadrature:
    input: quads/nystrom.4/breakpoints_r, quads/nystrom.4/breakpoints_theta
    output: quads/nystrom.4/3.9.quad
    jobid: 48
    reason: Missing output files: quads/nystrom.4/3.9.quad
    wildcards: order=4, r0_index=3, theta0_index=9
    resources: tmpdir=/tmp

[Thu Apr 18 22:41:22 2024]
Finished job 8.
24 of 122 steps (20%) done
Select jobs to execute...
Execute 1 jobs...

[Thu Apr 18 22:41:22 2024]
localrule generate_nystrom_quadrature:
    input: quads/nystrom.4/breakpoints_r, quads/nystrom.4/breakpoints_theta
    output: quads/nystrom.4/7.6.quad
    jobid: 93
    reason: Missing output files: quads/nystrom.4/7.6.quad
    wildcards: order=4, r0_index=7, theta0_index=6
    resources: tmpdir=/tmp

[Thu Apr 18 22:41:41 2024]
Finished job 93.
25 of 122 steps (20%) done
Select jobs to execute...
Execute 1 jobs...

[Thu Apr 18 22:41:41 2024]
localrule generate_nystrom_quadrature:
    input: quads/nystrom.4/breakpoints_r, quads/nystrom.4/breakpoints_theta
    output: quads/nystrom.4/2.10.quad
    jobid: 37
    reason: Missing output files: quads/nystrom.4/2.10.quad
    wildcards: order=4, r0_index=2, theta0_index=10
    resources: tmpdir=/tmp

[Thu Apr 18 22:43:12 2024]
Finished job 72.
26 of 122 steps (21%) done
Select jobs to execute...
Execute 1 jobs...

[Thu Apr 18 22:43:12 2024]
localrule generate_nystrom_quadrature:
    input: quads/nystrom.4/breakpoints_r, quads/nystrom.4/breakpoints_theta
    output: quads/nystrom.4/4.1.quad
    jobid: 52
    reason: Missing output files: quads/nystrom.4/4.1.quad
    wildcards: order=4, r0_index=4, theta0_index=1
    resources: tmpdir=/tmp

[Thu Apr 18 22:43:39 2024]
Finished job 52.
27 of 122 steps (22%) done
Select jobs to execute...
Execute 1 jobs...

[Thu Apr 18 22:43:39 2024]
localrule generate_nystrom_quadrature:
    input: quads/nystrom.4/breakpoints_r, quads/nystrom.4/breakpoints_theta
    output: quads/nystrom.4/2.4.quad
    jobid: 31
    reason: Missing output files: quads/nystrom.4/2.4.quad
    wildcards: order=4, r0_index=2, theta0_index=4
    resources: tmpdir=/tmp

[Thu Apr 18 22:44:31 2024]
Finished job 110.
28 of 122 steps (23%) done
Select jobs to execute...
Execute 1 jobs...

[Thu Apr 18 22:44:31 2024]
localrule generate_nystrom_quadrature:
    input: quads/nystrom.4/breakpoints_r, quads/nystrom.4/breakpoints_theta
    output: quads/nystrom.4/3.7.quad
    jobid: 46
    reason: Missing output files: quads/nystrom.4/3.7.quad
    wildcards: order=4, r0_index=3, theta0_index=7
    resources: tmpdir=/tmp

[Thu Apr 18 22:44:34 2024]
Finished job 50.
29 of 122 steps (24%) done
Select jobs to execute...
Execute 1 jobs...

[Thu Apr 18 22:44:34 2024]
localrule generate_nystrom_quadrature:
    input: quads/nystrom.4/breakpoints_r, quads/nystrom.4/breakpoints_theta
    output: quads/nystrom.4/4.10.quad
    jobid: 61
    reason: Missing output files: quads/nystrom.4/4.10.quad
    wildcards: order=4, r0_index=4, theta0_index=10
    resources: tmpdir=/tmp

[Thu Apr 18 22:44:55 2024]
Finished job 31.
30 of 122 steps (25%) done
Select jobs to execute...
Execute 1 jobs...

[Thu Apr 18 22:44:55 2024]
localrule generate_nystrom_quadrature:
    input: quads/nystrom.4/breakpoints_r, quads/nystrom.4/breakpoints_theta
    output: quads/nystrom.4/7.4.quad
    jobid: 91
    reason: Missing output files: quads/nystrom.4/7.4.quad
    wildcards: order=4, r0_index=7, theta0_index=4
    resources: tmpdir=/tmp

[Thu Apr 18 22:45:00 2024]
Finished job 91.
31 of 122 steps (25%) done
Select jobs to execute...
Execute 1 jobs...

[Thu Apr 18 22:45:00 2024]
localrule generate_nystrom_quadrature:
    input: quads/nystrom.4/breakpoints_r, quads/nystrom.4/breakpoints_theta
    output: quads/nystrom.4/1.1.quad
    jobid: 16
    reason: Missing output files: quads/nystrom.4/1.1.quad
    wildcards: order=4, r0_index=1, theta0_index=1
    resources: tmpdir=/tmp

[Thu Apr 18 22:45:46 2024]
Finished job 46.
32 of 122 steps (26%) done
Select jobs to execute...
Execute 1 jobs...

[Thu Apr 18 22:45:46 2024]
localrule generate_nystrom_quadrature:
    input: quads/nystrom.4/breakpoints_r, quads/nystrom.4/breakpoints_theta
    output: quads/nystrom.4/8.7.quad
    jobid: 106
    reason: Missing output files: quads/nystrom.4/8.7.quad
    wildcards: order=4, r0_index=8, theta0_index=7
    resources: tmpdir=/tmp

[Thu Apr 18 22:45:50 2024]
Finished job 38.
33 of 122 steps (27%) done
Select jobs to execute...
Execute 1 jobs...

[Thu Apr 18 22:45:50 2024]
localrule generate_nystrom_quadrature:
    input: quads/nystrom.4/breakpoints_r, quads/nystrom.4/breakpoints_theta
    output: quads/nystrom.4/9.10.quad
    jobid: 121
    reason: Missing output files: quads/nystrom.4/9.10.quad
    wildcards: order=4, r0_index=9, theta0_index=10
    resources: tmpdir=/tmp

[Thu Apr 18 22:46:03 2024]
Finished job 106.
34 of 122 steps (28%) done
Select jobs to execute...
Execute 1 jobs...

[Thu Apr 18 22:46:04 2024]
localrule generate_nystrom_quadrature:
    input: quads/nystrom.4/breakpoints_r, quads/nystrom.4/breakpoints_theta
    output: quads/nystrom.4/0.2.quad
    jobid: 5
    reason: Missing output files: quads/nystrom.4/0.2.quad
    wildcards: order=4, r0_index=0, theta0_index=2
    resources: tmpdir=/tmp

[Thu Apr 18 22:46:08 2024]
Finished job 48.
35 of 122 steps (29%) done
Select jobs to execute...
Execute 1 jobs...

[Thu Apr 18 22:46:08 2024]
localrule generate_nystrom_quadrature:
    input: quads/nystrom.4/breakpoints_r, quads/nystrom.4/breakpoints_theta
    output: quads/nystrom.4/3.0.quad
    jobid: 39
    reason: Missing output files: quads/nystrom.4/3.0.quad
    wildcards: order=4, r0_index=3, theta0_index=0
    resources: tmpdir=/tmp

[Thu Apr 18 22:46:09 2024]
Finished job 16.
36 of 122 steps (30%) done
Select jobs to execute...
Execute 1 jobs...

[Thu Apr 18 22:46:09 2024]
localrule generate_nystrom_quadrature:
    input: quads/nystrom.4/breakpoints_r, quads/nystrom.4/breakpoints_theta
    output: quads/nystrom.4/4.3.quad
    jobid: 54
    reason: Missing output files: quads/nystrom.4/4.3.quad
    wildcards: order=4, r0_index=4, theta0_index=3
    resources: tmpdir=/tmp

[Thu Apr 18 22:46:43 2024]
Finished job 54.
37 of 122 steps (30%) done
Select jobs to execute...
Execute 1 jobs...

[Thu Apr 18 22:46:43 2024]
localrule generate_nystrom_quadrature:
    input: quads/nystrom.4/breakpoints_r, quads/nystrom.4/breakpoints_theta
    output: quads/nystrom.4/5.6.quad
    jobid: 69
    reason: Missing output files: quads/nystrom.4/5.6.quad
    wildcards: order=4, r0_index=5, theta0_index=6
    resources: tmpdir=/tmp

[Thu Apr 18 22:46:45 2024]
Finished job 39.
38 of 122 steps (31%) done
Select jobs to execute...
Execute 1 jobs...

[Thu Apr 18 22:46:45 2024]
localrule generate_nystrom_quadrature:
    input: quads/nystrom.4/breakpoints_r, quads/nystrom.4/breakpoints_theta
    output: quads/nystrom.4/6.9.quad
    jobid: 84
    reason: Missing output files: quads/nystrom.4/6.9.quad
    wildcards: order=4, r0_index=6, theta0_index=9
    resources: tmpdir=/tmp

[Thu Apr 18 22:47:04 2024]
Finished job 69.
39 of 122 steps (32%) done
Select jobs to execute...
Execute 1 jobs...

[Thu Apr 18 22:47:04 2024]
localrule generate_nystrom_quadrature:
    input: quads/nystrom.4/breakpoints_r, quads/nystrom.4/breakpoints_theta
    output: quads/nystrom.4/1.9.quad
    jobid: 24
    reason: Missing output files: quads/nystrom.4/1.9.quad
    wildcards: order=4, r0_index=1, theta0_index=9
    resources: tmpdir=/tmp

[Thu Apr 18 22:47:22 2024]
Finished job 12.
40 of 122 steps (33%) done
Select jobs to execute...
Execute 1 jobs...

[Thu Apr 18 22:47:22 2024]
localrule generate_nystrom_quadrature:
    input: quads/nystrom.4/breakpoints_r, quads/nystrom.4/breakpoints_theta
    output: quads/nystrom.4/8.0.quad
    jobid: 99
    reason: Missing output files: quads/nystrom.4/8.0.quad
    wildcards: order=4, r0_index=8, theta0_index=0
    resources: tmpdir=/tmp

[Thu Apr 18 22:47:27 2024]
Finished job 99.
41 of 122 steps (34%) done
Select jobs to execute...
Execute 1 jobs...

[Thu Apr 18 22:47:27 2024]
localrule generate_nystrom_quadrature:
    input: quads/nystrom.4/breakpoints_r, quads/nystrom.4/breakpoints_theta
    output: quads/nystrom.4/9.3.quad
    jobid: 114
    reason: Missing output files: quads/nystrom.4/9.3.quad
    wildcards: order=4, r0_index=9, theta0_index=3
    resources: tmpdir=/tmp

[Thu Apr 18 22:47:31 2024]
Finished job 114.
42 of 122 steps (34%) done
Select jobs to execute...
Execute 1 jobs...

[Thu Apr 18 22:47:31 2024]
localrule generate_nystrom_quadrature:
    input: quads/nystrom.4/breakpoints_r, quads/nystrom.4/breakpoints_theta
    output: quads/nystrom.4/1.2.quad
    jobid: 17
    reason: Missing output files: quads/nystrom.4/1.2.quad
    wildcards: order=4, r0_index=1, theta0_index=2
    resources: tmpdir=/tmp

[Thu Apr 18 22:47:42 2024]
Finished job 5.
43 of 122 steps (35%) done
Select jobs to execute...
Execute 1 jobs...

[Thu Apr 18 22:47:42 2024]
localrule generate_nystrom_quadrature:
    input: quads/nystrom.4/breakpoints_r, quads/nystrom.4/breakpoints_theta
    output: quads/nystrom.4/9.1.quad
    jobid: 112
    reason: Missing output files: quads/nystrom.4/9.1.quad
    wildcards: order=4, r0_index=9, theta0_index=1
    resources: tmpdir=/tmp

[Thu Apr 18 22:47:46 2024]
Finished job 112.
44 of 122 steps (36%) done
Select jobs to execute...
Execute 1 jobs...

[Thu Apr 18 22:47:46 2024]
localrule generate_nystrom_quadrature:
    input: quads/nystrom.4/breakpoints_r, quads/nystrom.4/breakpoints_theta
    output: quads/nystrom.4/0.7.quad
    jobid: 10
    reason: Missing output files: quads/nystrom.4/0.7.quad
    wildcards: order=4, r0_index=0, theta0_index=7
    resources: tmpdir=/tmp

[Thu Apr 18 22:47:53 2024]
Finished job 98.
45 of 122 steps (37%) done
Select jobs to execute...
Execute 1 jobs...

[Thu Apr 18 22:47:53 2024]
localrule generate_nystrom_quadrature:
    input: quads/nystrom.4/breakpoints_r, quads/nystrom.4/breakpoints_theta
    output: quads/nystrom.4/8.2.quad
    jobid: 101
    reason: Missing output files: quads/nystrom.4/8.2.quad
    wildcards: order=4, r0_index=8, theta0_index=2
    resources: tmpdir=/tmp

[Thu Apr 18 22:47:57 2024]
Finished job 101.
46 of 122 steps (38%) done
Select jobs to execute...
Execute 1 jobs...

[Thu Apr 18 22:47:57 2024]
localrule generate_nystrom_quadrature:
    input: quads/nystrom.4/breakpoints_r, quads/nystrom.4/breakpoints_theta
    output: quads/nystrom.4/9.5.quad
    jobid: 116
    reason: Missing output files: quads/nystrom.4/9.5.quad
    wildcards: order=4, r0_index=9, theta0_index=5
    resources: tmpdir=/tmp

[Thu Apr 18 22:48:02 2024]
Finished job 116.
47 of 122 steps (39%) done
Select jobs to execute...
Execute 1 jobs...

[Thu Apr 18 22:48:02 2024]
localrule generate_nystrom_quadrature:
    input: quads/nystrom.4/breakpoints_r, quads/nystrom.4/breakpoints_theta
    output: quads/nystrom.4/6.11.quad
    jobid: 86
    reason: Missing output files: quads/nystrom.4/6.11.quad
    wildcards: order=4, r0_index=6, theta0_index=11
    resources: tmpdir=/tmp

[Thu Apr 18 22:48:51 2024]
Finished job 17.
48 of 122 steps (39%) done
Select jobs to execute...
Execute 1 jobs...

[Thu Apr 18 22:48:51 2024]
localrule generate_nystrom_quadrature:
    input: quads/nystrom.4/breakpoints_r, quads/nystrom.4/breakpoints_theta
    output: quads/nystrom.4/8.3.quad
    jobid: 102
    reason: Missing output files: quads/nystrom.4/8.3.quad
    wildcards: order=4, r0_index=8, theta0_index=3
    resources: tmpdir=/tmp

[Thu Apr 18 22:48:55 2024]
Finished job 102.
49 of 122 steps (40%) done
Select jobs to execute...
Execute 1 jobs...

[Thu Apr 18 22:48:55 2024]
localrule generate_nystrom_quadrature:
    input: quads/nystrom.4/breakpoints_r, quads/nystrom.4/breakpoints_theta
    output: quads/nystrom.4/5.8.quad
    jobid: 71
    reason: Missing output files: quads/nystrom.4/5.8.quad
    wildcards: order=4, r0_index=5, theta0_index=8
    resources: tmpdir=/tmp

[Thu Apr 18 22:49:27 2024]
Finished job 71.
50 of 122 steps (41%) done
Select jobs to execute...
Execute 1 jobs...

[Thu Apr 18 22:49:27 2024]
localrule generate_nystrom_quadrature:
    input: quads/nystrom.4/breakpoints_r, quads/nystrom.4/breakpoints_theta
    output: quads/nystrom.4/9.6.quad
    jobid: 117
    reason: Missing output files: quads/nystrom.4/9.6.quad
    wildcards: order=4, r0_index=9, theta0_index=6
    resources: tmpdir=/tmp

[Thu Apr 18 22:49:33 2024]
Finished job 117.
51 of 122 steps (42%) done
Select jobs to execute...
Execute 1 jobs...

[Thu Apr 18 22:49:33 2024]
localrule generate_nystrom_quadrature:
    input: quads/nystrom.4/breakpoints_r, quads/nystrom.4/breakpoints_theta
    output: quads/nystrom.4/4.5.quad
    jobid: 56
    reason: Missing output files: quads/nystrom.4/4.5.quad
    wildcards: order=4, r0_index=4, theta0_index=5
    resources: tmpdir=/tmp

[Thu Apr 18 22:50:20 2024]
Finished job 56.
52 of 122 steps (43%) done
Select jobs to execute...
Execute 1 jobs...

[Thu Apr 18 22:50:20 2024]
localrule generate_nystrom_quadrature:
    input: quads/nystrom.4/breakpoints_r, quads/nystrom.4/breakpoints_theta
    output: quads/nystrom.4/0.10.quad
    jobid: 13
    reason: Missing output files: quads/nystrom.4/0.10.quad
    wildcards: order=4, r0_index=0, theta0_index=10
    resources: tmpdir=/tmp

[Thu Apr 18 22:50:21 2024]
Finished job 10.
53 of 122 steps (43%) done
Select jobs to execute...
Execute 1 jobs...

[Thu Apr 18 22:50:21 2024]
localrule generate_nystrom_quadrature:
    input: quads/nystrom.4/breakpoints_r, quads/nystrom.4/breakpoints_theta
    output: quads/nystrom.4/3.2.quad
    jobid: 41
    reason: Missing output files: quads/nystrom.4/3.2.quad
    wildcards: order=4, r0_index=3, theta0_index=2
    resources: tmpdir=/tmp

[Thu Apr 18 22:50:48 2024]
Finished job 84.
54 of 122 steps (44%) done
Select jobs to execute...
Execute 1 jobs...

[Thu Apr 18 22:50:48 2024]
localrule generate_nystrom_quadrature:
    input: quads/nystrom.4/breakpoints_r, quads/nystrom.4/breakpoints_theta
    output: quads/nystrom.4/2.1.quad
    jobid: 28
    reason: Missing output files: quads/nystrom.4/2.1.quad
    wildcards: order=4, r0_index=2, theta0_index=1
    resources: tmpdir=/tmp

[Thu Apr 18 22:51:06 2024]
Finished job 41.
55 of 122 steps (45%) done
Select jobs to execute...
Execute 1 jobs...

[Thu Apr 18 22:51:06 2024]
localrule generate_nystrom_quadrature:
    input: quads/nystrom.4/breakpoints_r, quads/nystrom.4/breakpoints_theta
    output: quads/nystrom.4/1.11.quad
    jobid: 26
    reason: Missing output files: quads/nystrom.4/1.11.quad
    wildcards: order=4, r0_index=1, theta0_index=11
    resources: tmpdir=/tmp

[Thu Apr 18 22:51:43 2024]
Finished job 49.
56 of 122 steps (46%) done
Select jobs to execute...
Execute 1 jobs...

[Thu Apr 18 22:51:43 2024]
localrule generate_nystrom_quadrature:
    input: quads/nystrom.4/breakpoints_r, quads/nystrom.4/breakpoints_theta
    output: quads/nystrom.4/3.4.quad
    jobid: 43
    reason: Missing output files: quads/nystrom.4/3.4.quad
    wildcards: order=4, r0_index=3, theta0_index=4
    resources: tmpdir=/tmp

[Thu Apr 18 22:51:52 2024]
Finished job 28.
57 of 122 steps (47%) done
Select jobs to execute...
Execute 1 jobs...

[Thu Apr 18 22:51:52 2024]
localrule generate_nystrom_quadrature:
    input: quads/nystrom.4/breakpoints_r, quads/nystrom.4/breakpoints_theta
    output: quads/nystrom.4/4.7.quad
    jobid: 58
    reason: Missing output files: quads/nystrom.4/4.7.quad
    wildcards: order=4, r0_index=4, theta0_index=7
    resources: tmpdir=/tmp

[Thu Apr 18 22:52:44 2024]
Finished job 43.
58 of 122 steps (48%) done
Select jobs to execute...
Execute 1 jobs...

[Thu Apr 18 22:52:44 2024]
localrule generate_nystrom_quadrature:
    input: quads/nystrom.4/breakpoints_r, quads/nystrom.4/breakpoints_theta
    output: quads/nystrom.4/5.10.quad
    jobid: 73
    reason: Missing output files: quads/nystrom.4/5.10.quad
    wildcards: order=4, r0_index=5, theta0_index=10
    resources: tmpdir=/tmp

[Thu Apr 18 22:52:54 2024]
Finished job 58.
59 of 122 steps (48%) done
Select jobs to execute...
Execute 1 jobs...

[Thu Apr 18 22:52:54 2024]
localrule generate_nystrom_quadrature:
    input: quads/nystrom.4/breakpoints_r, quads/nystrom.4/breakpoints_theta
    output: quads/nystrom.4/0.8.quad
    jobid: 11
    reason: Missing output files: quads/nystrom.4/0.8.quad
    wildcards: order=4, r0_index=0, theta0_index=8
    resources: tmpdir=/tmp

[Thu Apr 18 22:53:36 2024]
Finished job 24.
60 of 122 steps (49%) done
Select jobs to execute...
Execute 1 jobs...

[Thu Apr 18 22:53:36 2024]
localrule generate_nystrom_quadrature:
    input: quads/nystrom.4/breakpoints_r, quads/nystrom.4/breakpoints_theta
    output: quads/nystrom.4/8.4.quad
    jobid: 103
    reason: Missing output files: quads/nystrom.4/8.4.quad
    wildcards: order=4, r0_index=8, theta0_index=4
    resources: tmpdir=/tmp

[Thu Apr 18 22:53:40 2024]
Finished job 103.
61 of 122 steps (50%) done
Select jobs to execute...
Execute 1 jobs...

[Thu Apr 18 22:53:40 2024]
localrule generate_nystrom_quadrature:
    input: quads/nystrom.4/breakpoints_r, quads/nystrom.4/breakpoints_theta
    output: quads/nystrom.4/9.4.quad
    jobid: 115
    reason: Missing output files: quads/nystrom.4/9.4.quad
    wildcards: order=4, r0_index=9, theta0_index=4
    resources: tmpdir=/tmp

[Thu Apr 18 22:53:45 2024]
Finished job 115.
62 of 122 steps (51%) done
Select jobs to execute...
Execute 1 jobs...

[Thu Apr 18 22:53:45 2024]
localrule generate_nystrom_quadrature:
    input: quads/nystrom.4/breakpoints_r, quads/nystrom.4/breakpoints_theta
    output: quads/nystrom.4/9.7.quad
    jobid: 118
    reason: Missing output files: quads/nystrom.4/9.7.quad
    wildcards: order=4, r0_index=9, theta0_index=7
    resources: tmpdir=/tmp

[Thu Apr 18 22:53:57 2024]
Finished job 118.
63 of 122 steps (52%) done
Select jobs to execute...
Execute 1 jobs...

[Thu Apr 18 22:53:57 2024]
localrule generate_nystrom_quadrature:
    input: quads/nystrom.4/breakpoints_r, quads/nystrom.4/breakpoints_theta
    output: quads/nystrom.4/0.0.quad
    jobid: 2
    reason: Missing output files: quads/nystrom.4/0.0.quad
    wildcards: order=4, r0_index=0, theta0_index=0
    resources: tmpdir=/tmp

[Thu Apr 18 22:55:28 2024]
Finished job 2.
64 of 122 steps (52%) done
Select jobs to execute...
Execute 1 jobs...

[Thu Apr 18 22:55:28 2024]
localrule generate_nystrom_quadrature:
    input: quads/nystrom.4/breakpoints_r, quads/nystrom.4/breakpoints_theta
    output: quads/nystrom.4/0.1.quad
    jobid: 4
    reason: Missing output files: quads/nystrom.4/0.1.quad
    wildcards: order=4, r0_index=0, theta0_index=1
    resources: tmpdir=/tmp

[Thu Apr 18 22:55:34 2024]
Finished job 11.
65 of 122 steps (53%) done
Select jobs to execute...
Execute 1 jobs...

[Thu Apr 18 22:55:34 2024]
localrule generate_nystrom_quadrature:
    input: quads/nystrom.4/breakpoints_r, quads/nystrom.4/breakpoints_theta
    output: quads/nystrom.4/2.5.quad
    jobid: 32
    reason: Missing output files: quads/nystrom.4/2.5.quad
    wildcards: order=4, r0_index=2, theta0_index=5
    resources: tmpdir=/tmp

[Thu Apr 18 22:56:11 2024]
Finished job 86.
66 of 122 steps (54%) done
Select jobs to execute...
Execute 1 jobs...

[Thu Apr 18 22:56:11 2024]
localrule generate_nystrom_quadrature:
    input: quads/nystrom.4/breakpoints_r, quads/nystrom.4/breakpoints_theta
    output: quads/nystrom.4/3.8.quad
    jobid: 47
    reason: Missing output files: quads/nystrom.4/3.8.quad
    wildcards: order=4, r0_index=3, theta0_index=8
    resources: tmpdir=/tmp

[Thu Apr 18 22:56:54 2024]
Finished job 37.
67 of 122 steps (55%) done
Select jobs to execute...
Execute 1 jobs...

[Thu Apr 18 22:56:54 2024]
localrule generate_nystrom_quadrature:
    input: quads/nystrom.4/breakpoints_r, quads/nystrom.4/breakpoints_theta
    output: quads/nystrom.4/7.1.quad
    jobid: 88
    reason: Missing output files: quads/nystrom.4/7.1.quad
    wildcards: order=4, r0_index=7, theta0_index=1
    resources: tmpdir=/tmp

[Thu Apr 18 22:56:57 2024]
Finished job 4.
68 of 122 steps (56%) done
Select jobs to execute...
Execute 1 jobs...

[Thu Apr 18 22:56:57 2024]
localrule generate_nystrom_quadrature:
    input: quads/nystrom.4/breakpoints_r, quads/nystrom.4/breakpoints_theta
    output: quads/nystrom.4/8.1.quad
    jobid: 100
    reason: Missing output files: quads/nystrom.4/8.1.quad
    wildcards: order=4, r0_index=8, theta0_index=1
    resources: tmpdir=/tmp

[Thu Apr 18 22:56:59 2024]
Finished job 88.
69 of 122 steps (57%) done
Select jobs to execute...
Execute 1 jobs...

[Thu Apr 18 22:56:59 2024]
localrule generate_nystrom_quadrature:
    input: quads/nystrom.4/breakpoints_r, quads/nystrom.4/breakpoints_theta
    output: quads/nystrom.4/6.10.quad
    jobid: 85
    reason: Missing output files: quads/nystrom.4/6.10.quad
    wildcards: order=4, r0_index=6, theta0_index=10
    resources: tmpdir=/tmp

[Thu Apr 18 22:57:01 2024]
Finished job 100.
70 of 122 steps (57%) done
Select jobs to execute...
Execute 1 jobs...

[Thu Apr 18 22:57:01 2024]
localrule generate_nystrom_quadrature:
    input: quads/nystrom.4/breakpoints_r, quads/nystrom.4/breakpoints_theta
    output: quads/nystrom.4/0.11.quad
    jobid: 14
    reason: Missing output files: quads/nystrom.4/0.11.quad
    wildcards: order=4, r0_index=0, theta0_index=11
    resources: tmpdir=/tmp

[Thu Apr 18 22:57:11 2024]
Finished job 32.
71 of 122 steps (58%) done
Select jobs to execute...
Execute 1 jobs...

[Thu Apr 18 22:57:11 2024]
localrule generate_nystrom_quadrature:
    input: quads/nystrom.4/breakpoints_r, quads/nystrom.4/breakpoints_theta
    output: quads/nystrom.4/5.7.quad
    jobid: 70
    reason: Missing output files: quads/nystrom.4/5.7.quad
    wildcards: order=4, r0_index=5, theta0_index=7
    resources: tmpdir=/tmp

[Thu Apr 18 22:57:35 2024]
Finished job 70.
72 of 122 steps (59%) done
Select jobs to execute...
Execute 1 jobs...

[Thu Apr 18 22:57:35 2024]
localrule generate_nystrom_quadrature:
    input: quads/nystrom.4/breakpoints_r, quads/nystrom.4/breakpoints_theta
    output: quads/nystrom.4/2.2.quad
    jobid: 29
    reason: Missing output files: quads/nystrom.4/2.2.quad
    wildcards: order=4, r0_index=2, theta0_index=2
    resources: tmpdir=/tmp

[Thu Apr 18 22:58:29 2024]
Finished job 29.
73 of 122 steps (60%) done
Select jobs to execute...
Execute 1 jobs...

[Thu Apr 18 22:58:29 2024]
localrule generate_nystrom_quadrature:
    input: quads/nystrom.4/breakpoints_r, quads/nystrom.4/breakpoints_theta
    output: quads/nystrom.4/4.4.quad
    jobid: 55
    reason: Missing output files: quads/nystrom.4/4.4.quad
    wildcards: order=4, r0_index=4, theta0_index=4
    resources: tmpdir=/tmp

[Thu Apr 18 22:58:59 2024]
Finished job 26.
74 of 122 steps (61%) done
Select jobs to execute...
Execute 1 jobs...

[Thu Apr 18 22:58:59 2024]
localrule generate_nystrom_quadrature:
    input: quads/nystrom.4/breakpoints_r, quads/nystrom.4/breakpoints_theta
    output: quads/nystrom.4/3.5.quad
    jobid: 44
    reason: Missing output files: quads/nystrom.4/3.5.quad
    wildcards: order=4, r0_index=3, theta0_index=5
    resources: tmpdir=/tmp

[Thu Apr 18 22:59:03 2024]
Finished job 55.
75 of 122 steps (61%) done
Select jobs to execute...
Execute 1 jobs...

[Thu Apr 18 22:59:03 2024]
localrule generate_nystrom_quadrature:
    input: quads/nystrom.4/breakpoints_r, quads/nystrom.4/breakpoints_theta
    output: quads/nystrom.4/3.1.quad
    jobid: 40
    reason: Missing output files: quads/nystrom.4/3.1.quad
    wildcards: order=4, r0_index=3, theta0_index=1
    resources: tmpdir=/tmp

[Thu Apr 18 22:59:21 2024]
Finished job 47.
76 of 122 steps (62%) done
Select jobs to execute...
Execute 1 jobs...

[Thu Apr 18 22:59:21 2024]
localrule generate_nystrom_quadrature:
    input: quads/nystrom.4/breakpoints_r, quads/nystrom.4/breakpoints_theta
    output: quads/nystrom.4/4.8.quad
    jobid: 59
    reason: Missing output files: quads/nystrom.4/4.8.quad
    wildcards: order=4, r0_index=4, theta0_index=8
    resources: tmpdir=/tmp

[Thu Apr 18 22:59:44 2024]
Finished job 40.
77 of 122 steps (63%) done
Select jobs to execute...
Execute 1 jobs...

[Thu Apr 18 22:59:44 2024]
localrule generate_nystrom_quadrature:
    input: quads/nystrom.4/breakpoints_r, quads/nystrom.4/breakpoints_theta
    output: quads/nystrom.4/1.10.quad
    jobid: 25
    reason: Missing output files: quads/nystrom.4/1.10.quad
    wildcards: order=4, r0_index=1, theta0_index=10
    resources: tmpdir=/tmp

[Thu Apr 18 23:00:04 2024]
Finished job 44.
78 of 122 steps (64%) done
Select jobs to execute...
Execute 1 jobs...

[Thu Apr 18 23:00:04 2024]
localrule generate_nystrom_quadrature:
    input: quads/nystrom.4/breakpoints_r, quads/nystrom.4/breakpoints_theta
    output: quads/nystrom.4/5.11.quad
    jobid: 74
    reason: Missing output files: quads/nystrom.4/5.11.quad
    wildcards: order=4, r0_index=5, theta0_index=11
    resources: tmpdir=/tmp

[Thu Apr 18 23:00:22 2024]
Finished job 61.
79 of 122 steps (65%) done
Select jobs to execute...
Execute 1 jobs...

[Thu Apr 18 23:00:22 2024]
localrule generate_nystrom_quadrature:
    input: quads/nystrom.4/breakpoints_r, quads/nystrom.4/breakpoints_theta
    output: quads/nystrom.4/5.0.quad
    jobid: 63
    reason: Missing output files: quads/nystrom.4/5.0.quad
    wildcards: order=4, r0_index=5, theta0_index=0
    resources: tmpdir=/tmp

[Thu Apr 18 23:00:30 2024]
Finished job 63.
80 of 122 steps (66%) done
Select jobs to execute...
Execute 1 jobs...

[Thu Apr 18 23:00:30 2024]
localrule generate_nystrom_quadrature:
    input: quads/nystrom.4/breakpoints_r, quads/nystrom.4/breakpoints_theta
    output: quads/nystrom.4/1.3.quad
    jobid: 18
    reason: Missing output files: quads/nystrom.4/1.3.quad
    wildcards: order=4, r0_index=1, theta0_index=3
    resources: tmpdir=/tmp

[Thu Apr 18 23:00:31 2024]
Finished job 59.
81 of 122 steps (66%) done
Select jobs to execute...
Execute 1 jobs...

[Thu Apr 18 23:00:31 2024]
localrule generate_nystrom_quadrature:
    input: quads/nystrom.4/breakpoints_r, quads/nystrom.4/breakpoints_theta
    output: quads/nystrom.4/2.7.quad
    jobid: 34
    reason: Missing output files: quads/nystrom.4/2.7.quad
    wildcards: order=4, r0_index=2, theta0_index=7
    resources: tmpdir=/tmp

[Thu Apr 18 23:02:11 2024]
Finished job 18.
82 of 122 steps (67%) done
Select jobs to execute...
Execute 1 jobs...

[Thu Apr 18 23:02:11 2024]
localrule generate_nystrom_quadrature:
    input: quads/nystrom.4/breakpoints_r, quads/nystrom.4/breakpoints_theta
    output: quads/nystrom.4/5.1.quad
    jobid: 64
    reason: Missing output files: quads/nystrom.4/5.1.quad
    wildcards: order=4, r0_index=5, theta0_index=1
    resources: tmpdir=/tmp

[Thu Apr 18 23:02:21 2024]
Finished job 34.
83 of 122 steps (68%) done
Select jobs to execute...
Execute 1 jobs...

[Thu Apr 18 23:02:21 2024]
localrule generate_nystrom_quadrature:
    input: quads/nystrom.4/breakpoints_r, quads/nystrom.4/breakpoints_theta
    output: quads/nystrom.4/6.4.quad
    jobid: 79
    reason: Missing output files: quads/nystrom.4/6.4.quad
    wildcards: order=4, r0_index=6, theta0_index=4
    resources: tmpdir=/tmp

[Thu Apr 18 23:02:26 2024]
Finished job 64.
84 of 122 steps (69%) done
Select jobs to execute...
Execute 1 jobs...

[Thu Apr 18 23:02:26 2024]
localrule generate_nystrom_quadrature:
    input: quads/nystrom.4/breakpoints_r, quads/nystrom.4/breakpoints_theta
    output: quads/nystrom.4/7.7.quad
    jobid: 94
    reason: Missing output files: quads/nystrom.4/7.7.quad
    wildcards: order=4, r0_index=7, theta0_index=7
    resources: tmpdir=/tmp

[Thu Apr 18 23:02:34 2024]
Finished job 79.
85 of 122 steps (70%) done
Select jobs to execute...
Execute 1 jobs...

[Thu Apr 18 23:02:35 2024]
localrule generate_nystrom_quadrature:
    input: quads/nystrom.4/breakpoints_r, quads/nystrom.4/breakpoints_theta
    output: quads/nystrom.4/4.11.quad
    jobid: 62
    reason: Missing output files: quads/nystrom.4/4.11.quad
    wildcards: order=4, r0_index=4, theta0_index=11
    resources: tmpdir=/tmp

[Thu Apr 18 23:02:48 2024]
Finished job 94.
86 of 122 steps (70%) done
Select jobs to execute...
Execute 1 jobs...

[Thu Apr 18 23:02:48 2024]
localrule generate_nystrom_quadrature:
    input: quads/nystrom.4/breakpoints_r, quads/nystrom.4/breakpoints_theta
    output: quads/nystrom.4/8.8.quad
    jobid: 107
    reason: Missing output files: quads/nystrom.4/8.8.quad
    wildcards: order=4, r0_index=8, theta0_index=8
    resources: tmpdir=/tmp

[Thu Apr 18 23:03:13 2024]
Finished job 107.
87 of 122 steps (71%) done
Select jobs to execute...
Execute 1 jobs...

[Thu Apr 18 23:03:13 2024]
localrule generate_nystrom_quadrature:
    input: quads/nystrom.4/breakpoints_r, quads/nystrom.4/breakpoints_theta
    output: quads/nystrom.4/9.11.quad
    jobid: 122
    reason: Missing output files: quads/nystrom.4/9.11.quad
    wildcards: order=4, r0_index=9, theta0_index=11
    resources: tmpdir=/tmp

[Thu Apr 18 23:04:54 2024]
Finished job 109.
88 of 122 steps (72%) done
Select jobs to execute...
Execute 1 jobs...

[Thu Apr 18 23:04:54 2024]
localrule generate_nystrom_quadrature:
    input: quads/nystrom.4/breakpoints_r, quads/nystrom.4/breakpoints_theta
    output: quads/nystrom.4/6.2.quad
    jobid: 77
    reason: Missing output files: quads/nystrom.4/6.2.quad
    wildcards: order=4, r0_index=6, theta0_index=2
    resources: tmpdir=/tmp

[Thu Apr 18 23:05:03 2024]
Finished job 77.
89 of 122 steps (73%) done
Select jobs to execute...
Execute 1 jobs...

[Thu Apr 18 23:05:03 2024]
localrule generate_nystrom_quadrature:
    input: quads/nystrom.4/breakpoints_r, quads/nystrom.4/breakpoints_theta
    output: quads/nystrom.4/2.9.quad
    jobid: 36
    reason: Missing output files: quads/nystrom.4/2.9.quad
    wildcards: order=4, r0_index=2, theta0_index=9
    resources: tmpdir=/tmp

[Thu Apr 18 23:05:05 2024]
Finished job 13.
90 of 122 steps (74%) done
Select jobs to execute...
Execute 1 jobs...

[Thu Apr 18 23:05:05 2024]
localrule generate_nystrom_quadrature:
    input: quads/nystrom.4/breakpoints_r, quads/nystrom.4/breakpoints_theta
    output: quads/nystrom.4/4.0.quad
    jobid: 51
    reason: Missing output files: quads/nystrom.4/4.0.quad
    wildcards: order=4, r0_index=4, theta0_index=0
    resources: tmpdir=/tmp

[Thu Apr 18 23:05:31 2024]
Finished job 51.
91 of 122 steps (75%) done
Select jobs to execute...
Execute 1 jobs...

[Thu Apr 18 23:05:31 2024]
localrule generate_nystrom_quadrature:
    input: quads/nystrom.4/breakpoints_r, quads/nystrom.4/breakpoints_theta
    output: quads/nystrom.4/7.9.quad
    jobid: 96
    reason: Missing output files: quads/nystrom.4/7.9.quad
    wildcards: order=4, r0_index=7, theta0_index=9
    resources: tmpdir=/tmp

[Thu Apr 18 23:07:37 2024]
Finished job 14.
92 of 122 steps (75%) done
Select jobs to execute...
Execute 1 jobs...

[Thu Apr 18 23:07:37 2024]
localrule generate_nystrom_quadrature:
    input: quads/nystrom.4/breakpoints_r, quads/nystrom.4/breakpoints_theta
    output: quads/nystrom.4/5.3.quad
    jobid: 66
    reason: Missing output files: quads/nystrom.4/5.3.quad
    wildcards: order=4, r0_index=5, theta0_index=3
    resources: tmpdir=/tmp

[Thu Apr 18 23:07:49 2024]
Finished job 66.
93 of 122 steps (76%) done
Select jobs to execute...
Execute 1 jobs...

[Thu Apr 18 23:07:49 2024]
localrule generate_nystrom_quadrature:
    input: quads/nystrom.4/breakpoints_r, quads/nystrom.4/breakpoints_theta
    output: quads/nystrom.4/8.5.quad
    jobid: 104
    reason: Missing output files: quads/nystrom.4/8.5.quad
    wildcards: order=4, r0_index=8, theta0_index=5
    resources: tmpdir=/tmp

[Thu Apr 18 23:07:54 2024]
Finished job 104.
94 of 122 steps (77%) done
Select jobs to execute...
Execute 1 jobs...

[Thu Apr 18 23:07:54 2024]
localrule generate_nystrom_quadrature:
    input: quads/nystrom.4/breakpoints_r, quads/nystrom.4/breakpoints_theta
    output: quads/nystrom.4/9.8.quad
    jobid: 119
    reason: Missing output files: quads/nystrom.4/9.8.quad
    wildcards: order=4, r0_index=9, theta0_index=8
    resources: tmpdir=/tmp

[Thu Apr 18 23:08:14 2024]
Finished job 74.
95 of 122 steps (78%) done
Select jobs to execute...
Execute 1 jobs...

[Thu Apr 18 23:08:14 2024]
localrule generate_nystrom_quadrature:
    input: quads/nystrom.4/breakpoints_r, quads/nystrom.4/breakpoints_theta
    output: quads/nystrom.4/5.4.quad
    jobid: 67
    reason: Missing output files: quads/nystrom.4/5.4.quad
    wildcards: order=4, r0_index=5, theta0_index=4
    resources: tmpdir=/tmp

[Thu Apr 18 23:08:18 2024]
Finished job 119.
96 of 122 steps (79%) done
Select jobs to execute...
Execute 1 jobs...

[Thu Apr 18 23:08:18 2024]
localrule generate_nystrom_quadrature:
    input: quads/nystrom.4/breakpoints_r, quads/nystrom.4/breakpoints_theta
    output: quads/nystrom.4/7.3.quad
    jobid: 90
    reason: Missing output files: quads/nystrom.4/7.3.quad
    wildcards: order=4, r0_index=7, theta0_index=3
    resources: tmpdir=/tmp

[Thu Apr 18 23:08:24 2024]
Finished job 90.
97 of 122 steps (80%) done
Select jobs to execute...
Execute 1 jobs...

[Thu Apr 18 23:08:24 2024]
localrule generate_nystrom_quadrature:
    input: quads/nystrom.4/breakpoints_r, quads/nystrom.4/breakpoints_theta
    output: quads/nystrom.4/9.0.quad
    jobid: 111
    reason: Missing output files: quads/nystrom.4/9.0.quad
    wildcards: order=4, r0_index=9, theta0_index=0
    resources: tmpdir=/tmp

[Thu Apr 18 23:08:27 2024]
Finished job 111.
98 of 122 steps (80%) done
Select jobs to execute...
Execute 1 jobs...

[Thu Apr 18 23:08:27 2024]
localrule generate_nystrom_quadrature:
    input: quads/nystrom.4/breakpoints_r, quads/nystrom.4/breakpoints_theta
    output: quads/nystrom.4/7.5.quad
    jobid: 92
    reason: Missing output files: quads/nystrom.4/7.5.quad
    wildcards: order=4, r0_index=7, theta0_index=5
    resources: tmpdir=/tmp

[Thu Apr 18 23:08:31 2024]
Finished job 67.
99 of 122 steps (81%) done
Select jobs to execute...
Execute 1 jobs...

[Thu Apr 18 23:08:31 2024]
localrule generate_nystrom_quadrature:
    input: quads/nystrom.4/breakpoints_r, quads/nystrom.4/breakpoints_theta
    output: quads/nystrom.4/6.6.quad
    jobid: 81
    reason: Missing output files: quads/nystrom.4/6.6.quad
    wildcards: order=4, r0_index=6, theta0_index=6
    resources: tmpdir=/tmp

[Thu Apr 18 23:08:34 2024]
Finished job 92.
100 of 122 steps (82%) done
Select jobs to execute...
Execute 1 jobs...

[Thu Apr 18 23:08:34 2024]
localrule generate_nystrom_quadrature:
    input: quads/nystrom.4/breakpoints_r, quads/nystrom.4/breakpoints_theta
    output: quads/nystrom.4/0.3.quad
    jobid: 6
    reason: Missing output files: quads/nystrom.4/0.3.quad
    wildcards: order=4, r0_index=0, theta0_index=3
    resources: tmpdir=/tmp

[Thu Apr 18 23:08:45 2024]
Finished job 81.
101 of 122 steps (83%) done
Select jobs to execute...
Execute 1 jobs...

[Thu Apr 18 23:08:45 2024]
localrule generate_nystrom_quadrature:
    input: quads/nystrom.4/breakpoints_r, quads/nystrom.4/breakpoints_theta
    output: quads/nystrom.4/1.6.quad
    jobid: 21
    reason: Missing output files: quads/nystrom.4/1.6.quad
    wildcards: order=4, r0_index=1, theta0_index=6
    resources: tmpdir=/tmp

[Thu Apr 18 23:08:59 2024]
Finished job 96.
102 of 122 steps (84%) done
Select jobs to execute...
Execute 1 jobs...

[Thu Apr 18 23:08:59 2024]
localrule generate_nystrom_quadrature:
    input: quads/nystrom.4/breakpoints_r, quads/nystrom.4/breakpoints_theta
    output: quads/nystrom.4/4.9.quad
    jobid: 60
    reason: Missing output files: quads/nystrom.4/4.9.quad
    wildcards: order=4, r0_index=4, theta0_index=9
    resources: tmpdir=/tmp

[Thu Apr 18 23:10:13 2024]
Finished job 6.
103 of 122 steps (84%) done
Select jobs to execute...
Execute 1 jobs...

[Thu Apr 18 23:10:13 2024]
localrule generate_nystrom_quadrature:
    input: quads/nystrom.4/breakpoints_r, quads/nystrom.4/breakpoints_theta
    output: quads/nystrom.4/3.6.quad
    jobid: 45
    reason: Missing output files: quads/nystrom.4/3.6.quad
    wildcards: order=4, r0_index=3, theta0_index=6
    resources: tmpdir=/tmp

[Thu Apr 18 23:10:27 2024]
Finished job 62.
104 of 122 steps (85%) done
Select jobs to execute...
Execute 1 jobs...

[Thu Apr 18 23:10:27 2024]
localrule generate_nystrom_quadrature:
    input: quads/nystrom.4/breakpoints_r, quads/nystrom.4/breakpoints_theta
    output: quads/nystrom.4/2.3.quad
    jobid: 30
    reason: Missing output files: quads/nystrom.4/2.3.quad
    wildcards: order=4, r0_index=2, theta0_index=3
    resources: tmpdir=/tmp

[Thu Apr 18 23:10:29 2024]
Finished job 21.
105 of 122 steps (86%) done
Select jobs to execute...
Execute 1 jobs...

[Thu Apr 18 23:10:29 2024]
localrule generate_nystrom_quadrature:
    input: quads/nystrom.4/breakpoints_r, quads/nystrom.4/breakpoints_theta
    output: quads/nystrom.4/1.0.quad
    jobid: 15
    reason: Missing output files: quads/nystrom.4/1.0.quad
    wildcards: order=4, r0_index=1, theta0_index=0
    resources: tmpdir=/tmp

[Thu Apr 18 23:11:21 2024]
Finished job 30.
106 of 122 steps (87%) done
Select jobs to execute...
Execute 1 jobs...

[Thu Apr 18 23:11:21 2024]
localrule generate_nystrom_quadrature:
    input: quads/nystrom.4/breakpoints_r, quads/nystrom.4/breakpoints_theta
    output: quads/nystrom.4/6.7.quad
    jobid: 82
    reason: Missing output files: quads/nystrom.4/6.7.quad
    wildcards: order=4, r0_index=6, theta0_index=7
    resources: tmpdir=/tmp

[Thu Apr 18 23:11:27 2024]
Finished job 45.
107 of 122 steps (88%) done
Select jobs to execute...
Execute 1 jobs...

[Thu Apr 18 23:11:27 2024]
localrule generate_nystrom_quadrature:
    input: quads/nystrom.4/breakpoints_r, quads/nystrom.4/breakpoints_theta
    output: quads/nystrom.4/8.9.quad
    jobid: 108
    reason: Missing output files: quads/nystrom.4/8.9.quad
    wildcards: order=4, r0_index=8, theta0_index=9
    resources: tmpdir=/tmp

[Thu Apr 18 23:11:29 2024]
Finished job 15.
108 of 122 steps (89%) done
Select jobs to execute...
Execute 1 jobs...

[Thu Apr 18 23:11:29 2024]
localrule generate_nystrom_quadrature:
    input: quads/nystrom.4/breakpoints_r, quads/nystrom.4/breakpoints_theta
    output: quads/nystrom.4/1.7.quad
    jobid: 22
    reason: Missing output files: quads/nystrom.4/1.7.quad
    wildcards: order=4, r0_index=1, theta0_index=7
    resources: tmpdir=/tmp

[Thu Apr 18 23:11:45 2024]
Finished job 82.
109 of 122 steps (89%) done
Select jobs to execute...
Execute 1 jobs...

[Thu Apr 18 23:11:46 2024]
localrule generate_nystrom_quadrature:
    input: quads/nystrom.4/breakpoints_r, quads/nystrom.4/breakpoints_theta
    output: quads/nystrom.4/7.2.quad
    jobid: 89
    reason: Missing output files: quads/nystrom.4/7.2.quad
    wildcards: order=4, r0_index=7, theta0_index=2
    resources: tmpdir=/tmp

[Thu Apr 18 23:11:50 2024]
Finished job 89.
110 of 122 steps (90%) done
Select jobs to execute...
Execute 1 jobs...

[Thu Apr 18 23:11:50 2024]
localrule generate_nystrom_quadrature:
    input: quads/nystrom.4/breakpoints_r, quads/nystrom.4/breakpoints_theta
    output: quads/nystrom.4/7.10.quad
    jobid: 97
    reason: Missing output files: quads/nystrom.4/7.10.quad
    wildcards: order=4, r0_index=7, theta0_index=10
    resources: tmpdir=/tmp

[Thu Apr 18 23:11:58 2024]
Finished job 122.
111 of 122 steps (91%) done
[Thu Apr 18 23:12:30 2024]
Finished job 36.
112 of 122 steps (92%) done
[Thu Apr 18 23:12:38 2024]
Finished job 121.
113 of 122 steps (93%) done
[Thu Apr 18 23:13:08 2024]
Finished job 22.
114 of 122 steps (93%) done
[Thu Apr 18 23:15:27 2024]
Finished job 60.
115 of 122 steps (94%) done
[Thu Apr 18 23:16:50 2024]
Finished job 108.
116 of 122 steps (95%) done
[Thu Apr 18 23:16:55 2024]
Finished job 85.
117 of 122 steps (96%) done
[Thu Apr 18 23:17:05 2024]
Finished job 25.
118 of 122 steps (97%) done
[Thu Apr 18 23:18:41 2024]
Finished job 73.
119 of 122 steps (98%) done
[Thu Apr 18 23:34:39 2024]
Finished job 97.
120 of 122 steps (98%) done
Select jobs to execute...
Execute 1 jobs...

[Thu Apr 18 23:34:39 2024]
localrule generate_table:
    input: quads/nystrom.4/0.0.quad, quads/nystrom.4/0.1.quad, quads/nystrom.4/0.2.quad, quads/nystrom.4/0.3.quad, quads/nystrom.4/0.4.quad, quads/nystrom.4/0.5.quad, quads/nystrom.4/0.6.quad, quads/nystrom.4/0.7.quad, quads/nystrom.4/0.8.quad, quads/nystrom.4/0.9.quad, quads/nystrom.4/0.10.quad, quads/nystrom.4/0.11.quad, quads/nystrom.4/1.0.quad, quads/nystrom.4/1.1.quad, quads/nystrom.4/1.2.quad, quads/nystrom.4/1.3.quad, quads/nystrom.4/1.4.quad, quads/nystrom.4/1.5.quad, quads/nystrom.4/1.6.quad, quads/nystrom.4/1.7.quad, quads/nystrom.4/1.8.quad, quads/nystrom.4/1.9.quad, quads/nystrom.4/1.10.quad, quads/nystrom.4/1.11.quad, quads/nystrom.4/2.0.quad, quads/nystrom.4/2.1.quad, quads/nystrom.4/2.2.quad, quads/nystrom.4/2.3.quad, quads/nystrom.4/2.4.quad, quads/nystrom.4/2.5.quad, quads/nystrom.4/2.6.quad, quads/nystrom.4/2.7.quad, quads/nystrom.4/2.8.quad, quads/nystrom.4/2.9.quad, quads/nystrom.4/2.10.quad, quads/nystrom.4/2.11.quad, quads/nystrom.4/3.0.quad, quads/nystrom.4/3.1.quad, quads/nystrom.4/3.2.quad, quads/nystrom.4/3.3.quad, quads/nystrom.4/3.4.quad, quads/nystrom.4/3.5.quad, quads/nystrom.4/3.6.quad, quads/nystrom.4/3.7.quad, quads/nystrom.4/3.8.quad, quads/nystrom.4/3.9.quad, quads/nystrom.4/3.10.quad, quads/nystrom.4/3.11.quad, quads/nystrom.4/4.0.quad, quads/nystrom.4/4.1.quad, quads/nystrom.4/4.2.quad, quads/nystrom.4/4.3.quad, quads/nystrom.4/4.4.quad, quads/nystrom.4/4.5.quad, quads/nystrom.4/4.6.quad, quads/nystrom.4/4.7.quad, quads/nystrom.4/4.8.quad, quads/nystrom.4/4.9.quad, quads/nystrom.4/4.10.quad, quads/nystrom.4/4.11.quad, quads/nystrom.4/5.0.quad, quads/nystrom.4/5.1.quad, quads/nystrom.4/5.2.quad, quads/nystrom.4/5.3.quad, quads/nystrom.4/5.4.quad, quads/nystrom.4/5.5.quad, quads/nystrom.4/5.6.quad, quads/nystrom.4/5.7.quad, quads/nystrom.4/5.8.quad, quads/nystrom.4/5.9.quad, quads/nystrom.4/5.10.quad, quads/nystrom.4/5.11.quad, quads/nystrom.4/6.0.quad, quads/nystrom.4/6.1.quad, quads/nystrom.4/6.2.quad, quads/nystrom.4/6.3.quad, quads/nystrom.4/6.4.quad, quads/nystrom.4/6.5.quad, quads/nystrom.4/6.6.quad, quads/nystrom.4/6.7.quad, quads/nystrom.4/6.8.quad, quads/nystrom.4/6.9.quad, quads/nystrom.4/6.10.quad, quads/nystrom.4/6.11.quad, quads/nystrom.4/7.0.quad, quads/nystrom.4/7.1.quad, quads/nystrom.4/7.2.quad, quads/nystrom.4/7.3.quad, quads/nystrom.4/7.4.quad, quads/nystrom.4/7.5.quad, quads/nystrom.4/7.6.quad, quads/nystrom.4/7.7.quad, quads/nystrom.4/7.8.quad, quads/nystrom.4/7.9.quad, quads/nystrom.4/7.10.quad, quads/nystrom.4/7.11.quad, quads/nystrom.4/8.0.quad, quads/nystrom.4/8.1.quad, quads/nystrom.4/8.2.quad, quads/nystrom.4/8.3.quad, quads/nystrom.4/8.4.quad, quads/nystrom.4/8.5.quad, quads/nystrom.4/8.6.quad, quads/nystrom.4/8.7.quad, quads/nystrom.4/8.8.quad, quads/nystrom.4/8.9.quad, quads/nystrom.4/8.10.quad, quads/nystrom.4/8.11.quad, quads/nystrom.4/9.0.quad, quads/nystrom.4/9.1.quad, quads/nystrom.4/9.2.quad, quads/nystrom.4/9.3.quad, quads/nystrom.4/9.4.quad, quads/nystrom.4/9.5.quad, quads/nystrom.4/9.6.quad, quads/nystrom.4/9.7.quad, quads/nystrom.4/9.8.quad, quads/nystrom.4/9.9.quad, quads/nystrom.4/9.10.quad, quads/nystrom.4/9.11.quad
    output: output/experiment_triangle.4.tex
    jobid: 1
    reason: Missing output files: output/experiment_triangle.4.tex; Input files updated by another job: quads/nystrom.4/2.10.quad, quads/nystrom.4/9.10.quad, quads/nystrom.4/9.1.quad, quads/nystrom.4/7.6.quad, quads/nystrom.4/0.5.quad, quads/nystrom.4/9.6.quad, quads/nystrom.4/0.2.quad, quads/nystrom.4/1.6.quad, quads/nystrom.4/3.10.quad, quads/nystrom.4/2.0.quad, quads/nystrom.4/8.10.quad, quads/nystrom.4/1.7.quad, quads/nystrom.4/2.7.quad, quads/nystrom.4/5.7.quad, quads/nystrom.4/7.5.quad, quads/nystrom.4/7.9.quad, quads/nystrom.4/1.11.quad, quads/nystrom.4/5.1.quad, quads/nystrom.4/6.3.quad, quads/nystrom.4/7.4.quad, quads/nystrom.4/6.1.quad, quads/nystrom.4/0.9.quad, quads/nystrom.4/8.4.quad, quads/nystrom.4/9.8.quad, quads/nystrom.4/0.4.quad, quads/nystrom.4/4.9.quad, quads/nystrom.4/5.4.quad, quads/nystrom.4/6.8.quad, quads/nystrom.4/9.4.quad, quads/nystrom.4/6.0.quad, quads/nystrom.4/8.1.quad, quads/nystrom.4/2.9.quad, quads/nystrom.4/0.10.quad, quads/nystrom.4/4.4.quad, quads/nystrom.4/2.11.quad, quads/nystrom.4/5.2.quad, quads/nystrom.4/3.11.quad, quads/nystrom.4/7.11.quad, quads/nystrom.4/1.1.quad, quads/nystrom.4/9.7.quad, quads/nystrom.4/8.7.quad, quads/nystrom.4/4.5.quad, quads/nystrom.4/6.6.quad, quads/nystrom.4/3.9.quad, quads/nystrom.4/4.2.quad, quads/nystrom.4/4.6.quad, quads/nystrom.4/9.11.quad, quads/nystrom.4/9.0.quad, quads/nystrom.4/1.8.quad, quads/nystrom.4/4.0.quad, quads/nystrom.4/4.10.quad, quads/nystrom.4/5.0.quad, quads/nystrom.4/1.0.quad, quads/nystrom.4/5.10.quad, quads/nystrom.4/6.11.quad, quads/nystrom.4/8.0.quad, quads/nystrom.4/3.4.quad, quads/nystrom.4/1.4.quad, quads/nystrom.4/0.7.quad, quads/nystrom.4/6.5.quad, quads/nystrom.4/7.7.quad, quads/nystrom.4/6.10.quad, quads/nystrom.4/7.3.quad, quads/nystrom.4/1.9.quad, quads/nystrom.4/8.9.quad, quads/nystrom.4/2.6.quad, quads/nystrom.4/2.8.quad, quads/nystrom.4/2.5.quad, quads/nystrom.4/1.10.quad, quads/nystrom.4/7.2.quad, quads/nystrom.4/0.1.quad, quads/nystrom.4/3.3.quad, quads/nystrom.4/2.1.quad, quads/nystrom.4/9.2.quad, quads/nystrom.4/5.8.quad, quads/nystrom.4/1.2.quad, quads/nystrom.4/4.3.quad, quads/nystrom.4/2.2.quad, quads/nystrom.4/9.9.quad, quads/nystrom.4/5.5.quad, quads/nystrom.4/4.1.quad, quads/nystrom.4/4.8.quad, quads/nystrom.4/6.4.quad, quads/nystrom.4/6.7.quad, quads/nystrom.4/9.3.quad, quads/nystrom.4/0.8.quad, quads/nystrom.4/2.4.quad, quads/nystrom.4/3.0.quad, quads/nystrom.4/8.5.quad, quads/nystrom.4/0.0.quad, quads/nystrom.4/7.8.quad, quads/nystrom.4/3.2.quad, quads/nystrom.4/3.6.quad, quads/nystrom.4/1.3.quad, quads/nystrom.4/4.11.quad, quads/nystrom.4/5.9.quad, quads/nystrom.4/7.10.quad, quads/nystrom.4/6.2.quad, quads/nystrom.4/4.7.quad, quads/nystrom.4/3.1.quad, quads/nystrom.4/8.8.quad, quads/nystrom.4/5.6.quad, quads/nystrom.4/3.5.quad, quads/nystrom.4/3.8.quad, quads/nystrom.4/8.2.quad, quads/nystrom.4/6.9.quad, quads/nystrom.4/9.5.quad, quads/nystrom.4/0.11.quad, quads/nystrom.4/0.6.quad, quads/nystrom.4/3.7.quad, quads/nystrom.4/7.1.quad, quads/nystrom.4/8.3.quad, quads/nystrom.4/0.3.quad, quads/nystrom.4/5.3.quad, quads/nystrom.4/1.5.quad, quads/nystrom.4/7.0.quad, quads/nystrom.4/5.11.quad, quads/nystrom.4/8.6.quad, quads/nystrom.4/2.3.quad, quads/nystrom.4/8.11.quad
    wildcards: order=4
    resources: tmpdir=/tmp

[Thu Apr 18 23:34:57 2024]
Error in rule generate_table:
    jobid: 1
    input: quads/nystrom.4/0.0.quad, quads/nystrom.4/0.1.quad, quads/nystrom.4/0.2.quad, quads/nystrom.4/0.3.quad, quads/nystrom.4/0.4.quad, quads/nystrom.4/0.5.quad, quads/nystrom.4/0.6.quad, quads/nystrom.4/0.7.quad, quads/nystrom.4/0.8.quad, quads/nystrom.4/0.9.quad, quads/nystrom.4/0.10.quad, quads/nystrom.4/0.11.quad, quads/nystrom.4/1.0.quad, quads/nystrom.4/1.1.quad, quads/nystrom.4/1.2.quad, quads/nystrom.4/1.3.quad, quads/nystrom.4/1.4.quad, quads/nystrom.4/1.5.quad, quads/nystrom.4/1.6.quad, quads/nystrom.4/1.7.quad, quads/nystrom.4/1.8.quad, quads/nystrom.4/1.9.quad, quads/nystrom.4/1.10.quad, quads/nystrom.4/1.11.quad, quads/nystrom.4/2.0.quad, quads/nystrom.4/2.1.quad, quads/nystrom.4/2.2.quad, quads/nystrom.4/2.3.quad, quads/nystrom.4/2.4.quad, quads/nystrom.4/2.5.quad, quads/nystrom.4/2.6.quad, quads/nystrom.4/2.7.quad, quads/nystrom.4/2.8.quad, quads/nystrom.4/2.9.quad, quads/nystrom.4/2.10.quad, quads/nystrom.4/2.11.quad, quads/nystrom.4/3.0.quad, quads/nystrom.4/3.1.quad, quads/nystrom.4/3.2.quad, quads/nystrom.4/3.3.quad, quads/nystrom.4/3.4.quad, quads/nystrom.4/3.5.quad, quads/nystrom.4/3.6.quad, quads/nystrom.4/3.7.quad, quads/nystrom.4/3.8.quad, quads/nystrom.4/3.9.quad, quads/nystrom.4/3.10.quad, quads/nystrom.4/3.11.quad, quads/nystrom.4/4.0.quad, quads/nystrom.4/4.1.quad, quads/nystrom.4/4.2.quad, quads/nystrom.4/4.3.quad, quads/nystrom.4/4.4.quad, quads/nystrom.4/4.5.quad, quads/nystrom.4/4.6.quad, quads/nystrom.4/4.7.quad, quads/nystrom.4/4.8.quad, quads/nystrom.4/4.9.quad, quads/nystrom.4/4.10.quad, quads/nystrom.4/4.11.quad, quads/nystrom.4/5.0.quad, quads/nystrom.4/5.1.quad, quads/nystrom.4/5.2.quad, quads/nystrom.4/5.3.quad, quads/nystrom.4/5.4.quad, quads/nystrom.4/5.5.quad, quads/nystrom.4/5.6.quad, quads/nystrom.4/5.7.quad, quads/nystrom.4/5.8.quad, quads/nystrom.4/5.9.quad, quads/nystrom.4/5.10.quad, quads/nystrom.4/5.11.quad, quads/nystrom.4/6.0.quad, quads/nystrom.4/6.1.quad, quads/nystrom.4/6.2.quad, quads/nystrom.4/6.3.quad, quads/nystrom.4/6.4.quad, quads/nystrom.4/6.5.quad, quads/nystrom.4/6.6.quad, quads/nystrom.4/6.7.quad, quads/nystrom.4/6.8.quad, quads/nystrom.4/6.9.quad, quads/nystrom.4/6.10.quad, quads/nystrom.4/6.11.quad, quads/nystrom.4/7.0.quad, quads/nystrom.4/7.1.quad, quads/nystrom.4/7.2.quad, quads/nystrom.4/7.3.quad, quads/nystrom.4/7.4.quad, quads/nystrom.4/7.5.quad, quads/nystrom.4/7.6.quad, quads/nystrom.4/7.7.quad, quads/nystrom.4/7.8.quad, quads/nystrom.4/7.9.quad, quads/nystrom.4/7.10.quad, quads/nystrom.4/7.11.quad, quads/nystrom.4/8.0.quad, quads/nystrom.4/8.1.quad, quads/nystrom.4/8.2.quad, quads/nystrom.4/8.3.quad, quads/nystrom.4/8.4.quad, quads/nystrom.4/8.5.quad, quads/nystrom.4/8.6.quad, quads/nystrom.4/8.7.quad, quads/nystrom.4/8.8.quad, quads/nystrom.4/8.9.quad, quads/nystrom.4/8.10.quad, quads/nystrom.4/8.11.quad, quads/nystrom.4/9.0.quad, quads/nystrom.4/9.1.quad, quads/nystrom.4/9.2.quad, quads/nystrom.4/9.3.quad, quads/nystrom.4/9.4.quad, quads/nystrom.4/9.5.quad, quads/nystrom.4/9.6.quad, quads/nystrom.4/9.7.quad, quads/nystrom.4/9.8.quad, quads/nystrom.4/9.9.quad, quads/nystrom.4/9.10.quad, quads/nystrom.4/9.11.quad
    output: output/experiment_triangle.4.tex
    shell:
        python3 examples/experiment_triangle.py 4 > output/experiment_triangle.4.tex
        (one of the commands exited with non-zero exit code; note that snakemake uses bash strict mode!)

Removing output files of failed job generate_table since they might be corrupted:
output/experiment_triangle.4.tex
Shutting down, this might take some time.
Exiting because a job execution failed. Look above for error message
Complete log: .snakemake/log/2024-04-18T223332.751385.snakemake.log
WorkflowError:
At least one job did not complete successfully.
