Building DAG of jobs...
Using shell: /usr/bin/bash
Provided cores: 4
Rules claiming more threads will be scaled down.
Job stats:
job                            count
---------------------------  -------
all                                1
experiment_droplet                 2
experiment_triangle                2
generate_nystrom_quadrature      240
make_config                        2
total                            247

Select jobs to execute...
Execute 2 jobs...

[Tue Apr 30 11:05:54 2024]
localrule make_config:
    output: quads/nystrom.8/breakpoints_r, quads/nystrom.8/breakpoints_theta
    jobid: 124
    reason: Missing output files: quads/nystrom.8/breakpoints_theta, quads/nystrom.8/breakpoints_r
    wildcards: order=8
    resources: tmpdir=/tmp


[Tue Apr 30 11:05:54 2024]
localrule make_config:
    output: quads/nystrom.4/breakpoints_r, quads/nystrom.4/breakpoints_theta
    jobid: 2
    reason: Missing output files: quads/nystrom.4/breakpoints_theta, quads/nystrom.4/breakpoints_r
    wildcards: order=4
    resources: tmpdir=/tmp

[Tue Apr 30 11:05:55 2024]
Finished job 124.
1 of 247 steps (0.4%) done
[Tue Apr 30 11:05:55 2024]
Finished job 2.
2 of 247 steps (1%) done
Select jobs to execute...
Execute 4 jobs...

[Tue Apr 30 11:05:55 2024]
localrule generate_nystrom_quadrature:
    input: quads/nystrom.4/breakpoints_r, quads/nystrom.4/breakpoints_theta
    output: quads/nystrom.4/5.10.quad
    jobid: 73
    reason: Missing output files: quads/nystrom.4/5.10.quad; Input files updated by another job: quads/nystrom.4/breakpoints_theta, quads/nystrom.4/breakpoints_r
    wildcards: order=4, r0_index=5, theta0_index=10
    resources: tmpdir=/tmp


[Tue Apr 30 11:05:55 2024]
localrule generate_nystrom_quadrature:
    input: quads/nystrom.4/breakpoints_r, quads/nystrom.4/breakpoints_theta
    output: quads/nystrom.4/3.4.quad
    jobid: 43
    reason: Missing output files: quads/nystrom.4/3.4.quad; Input files updated by another job: quads/nystrom.4/breakpoints_theta, quads/nystrom.4/breakpoints_r
    wildcards: order=4, r0_index=3, theta0_index=4
    resources: tmpdir=/tmp


[Tue Apr 30 11:05:55 2024]
localrule generate_nystrom_quadrature:
    input: quads/nystrom.4/breakpoints_r, quads/nystrom.4/breakpoints_theta
    output: quads/nystrom.4/9.0.quad
    jobid: 111
    reason: Missing output files: quads/nystrom.4/9.0.quad; Input files updated by another job: quads/nystrom.4/breakpoints_theta, quads/nystrom.4/breakpoints_r
    wildcards: order=4, r0_index=9, theta0_index=0
    resources: tmpdir=/tmp


[Tue Apr 30 11:05:55 2024]
localrule generate_nystrom_quadrature:
    input: quads/nystrom.4/breakpoints_r, quads/nystrom.4/breakpoints_theta
    output: quads/nystrom.4/4.7.quad
    jobid: 58
    reason: Missing output files: quads/nystrom.4/4.7.quad; Input files updated by another job: quads/nystrom.4/breakpoints_theta, quads/nystrom.4/breakpoints_r
    wildcards: order=4, r0_index=4, theta0_index=7
    resources: tmpdir=/tmp

Select jobs to execute...
[Tue Apr 30 11:06:10 2024]
Finished job 111.
3 of 247 steps (1%) done
Execute 1 jobs...

[Tue Apr 30 11:06:10 2024]
localrule generate_nystrom_quadrature:
    input: quads/nystrom.8/breakpoints_r, quads/nystrom.8/breakpoints_theta
    output: quads/nystrom.8/3.5.quad
    jobid: 166
    reason: Missing output files: quads/nystrom.8/3.5.quad; Input files updated by another job: quads/nystrom.8/breakpoints_theta, quads/nystrom.8/breakpoints_r
    wildcards: order=8, r0_index=3, theta0_index=5
    resources: tmpdir=/tmp

[Tue Apr 30 11:07:06 2024]
Finished job 43.
4 of 247 steps (2%) done
Select jobs to execute...
Execute 1 jobs...

[Tue Apr 30 11:07:06 2024]
localrule generate_nystrom_quadrature:
    input: quads/nystrom.8/breakpoints_r, quads/nystrom.8/breakpoints_theta
    output: quads/nystrom.8/0.11.quad
    jobid: 136
    reason: Missing output files: quads/nystrom.8/0.11.quad; Input files updated by another job: quads/nystrom.8/breakpoints_theta, quads/nystrom.8/breakpoints_r
    wildcards: order=8, r0_index=0, theta0_index=11
    resources: tmpdir=/tmp

[Tue Apr 30 11:09:16 2024]
Finished job 166.
5 of 247 steps (2%) done
Select jobs to execute...
Execute 1 jobs...

[Tue Apr 30 11:09:16 2024]
localrule generate_nystrom_quadrature:
    input: quads/nystrom.8/breakpoints_r, quads/nystrom.8/breakpoints_theta
    output: quads/nystrom.8/2.2.quad
    jobid: 151
    reason: Missing output files: quads/nystrom.8/2.2.quad; Input files updated by another job: quads/nystrom.8/breakpoints_theta, quads/nystrom.8/breakpoints_r
    wildcards: order=8, r0_index=2, theta0_index=2
    resources: tmpdir=/tmp

[Tue Apr 30 11:12:51 2024]
Finished job 151.
6 of 247 steps (2%) done
Select jobs to execute...
Execute 1 jobs...

[Tue Apr 30 11:12:51 2024]
localrule generate_nystrom_quadrature:
    input: quads/nystrom.8/breakpoints_r, quads/nystrom.8/breakpoints_theta
    output: quads/nystrom.8/7.2.quad
    jobid: 211
    reason: Missing output files: quads/nystrom.8/7.2.quad; Input files updated by another job: quads/nystrom.8/breakpoints_theta, quads/nystrom.8/breakpoints_r
    wildcards: order=8, r0_index=7, theta0_index=2
    resources: tmpdir=/tmp

[Tue Apr 30 11:13:02 2024]
Finished job 211.
7 of 247 steps (3%) done
Select jobs to execute...
Execute 1 jobs...

[Tue Apr 30 11:13:02 2024]
localrule generate_nystrom_quadrature:
    input: quads/nystrom.8/breakpoints_r, quads/nystrom.8/breakpoints_theta
    output: quads/nystrom.8/5.11.quad
    jobid: 196
    reason: Missing output files: quads/nystrom.8/5.11.quad; Input files updated by another job: quads/nystrom.8/breakpoints_theta, quads/nystrom.8/breakpoints_r
    wildcards: order=8, r0_index=5, theta0_index=11
    resources: tmpdir=/tmp

[Tue Apr 30 12:30:30 2024]
Error in rule generate_nystrom_quadrature:
    jobid: 136
    input: quads/nystrom.8/breakpoints_r, quads/nystrom.8/breakpoints_theta
    output: quads/nystrom.8/0.11.quad
    shell:
        python3 examples/generate_nystrom_quad.py 8 0 11 quads/nystrom.8/0.11.quad
        (one of the commands exited with non-zero exit code; note that snakemake uses bash strict mode!)

Terminating processes on user request, this might take some time.
[Tue Apr 30 12:30:58 2024]
[Tue Apr 30 12:30:58 2024]
Error in rule generate_nystrom_quadrature:
    jobid: 58
    input: quads/nystrom.4/breakpoints_r, quads/nystrom.4/breakpoints_theta
    output: quads/nystrom.4/4.7.quad
    shell:
        python3 examples/generate_nystrom_quad.py 4 4 7 quads/nystrom.4/4.7.quad
        (one of the commands exited with non-zero exit code; note that snakemake uses bash strict mode!)

Error in rule generate_nystrom_quadrature:
    jobid: 196
    input: quads/nystrom.8/breakpoints_r, quads/nystrom.8/breakpoints_theta
    output: quads/nystrom.8/5.11.quad
    shell:
        python3 examples/generate_nystrom_quad.py 8 5 11 quads/nystrom.8/5.11.quad
        (one of the commands exited with non-zero exit code; note that snakemake uses bash strict mode!)

[Tue Apr 30 12:30:58 2024]
Error in rule generate_nystrom_quadrature:
    jobid: 73
    input: quads/nystrom.4/breakpoints_r, quads/nystrom.4/breakpoints_theta
    output: quads/nystrom.4/5.10.quad
    shell:
        python3 examples/generate_nystrom_quad.py 4 5 10 quads/nystrom.4/5.10.quad
        (one of the commands exited with non-zero exit code; note that snakemake uses bash strict mode!)

Complete log: .snakemake/log/2024-04-30T110551.427329.snakemake.log
WorkflowError:
At least one job did not complete successfully.
