Building DAG of jobs...
Using shell: /usr/bin/bash
Provided cores: 4
Rules claiming more threads will be scaled down.
Job stats:
job                            count
---------------------------  -------
experiment_droplet                 1
gen4                               1
generate_nystrom_quadrature      120
make_config                        1
total                            123

Select jobs to execute...
Execute 1 jobs...

[Wed May  1 11:10:53 2024]
localrule make_config:
    output: quads/nystrom.4/breakpoints_r, quads/nystrom.4/breakpoints_theta
    jobid: 2
    reason: Missing output files: quads/nystrom.4/breakpoints_theta, quads/nystrom.4/breakpoints_r
    wildcards: order=4
    resources: tmpdir=/tmp

[Wed May  1 11:10:53 2024]
Finished job 2.
1 of 123 steps (1%) done
Select jobs to execute...
Execute 4 jobs...

[Wed May  1 11:10:54 2024]
localrule generate_nystrom_quadrature:
    input: quads/nystrom.4/breakpoints_r, quads/nystrom.4/breakpoints_theta
    output: quads/nystrom.4/8.5.quad
    jobid: 104
    reason: Missing output files: quads/nystrom.4/8.5.quad; Input files updated by another job: quads/nystrom.4/breakpoints_theta, quads/nystrom.4/breakpoints_r
    wildcards: order=4, r0_index=8, theta0_index=5
    resources: tmpdir=/tmp


[Wed May  1 11:10:54 2024]
localrule generate_nystrom_quadrature:
    input: quads/nystrom.4/breakpoints_r, quads/nystrom.4/breakpoints_theta
    output: quads/nystrom.4/8.3.quad
    jobid: 102
    reason: Missing output files: quads/nystrom.4/8.3.quad; Input files updated by another job: quads/nystrom.4/breakpoints_theta, quads/nystrom.4/breakpoints_r
    wildcards: order=4, r0_index=8, theta0_index=3
    resources: tmpdir=/tmp


[Wed May  1 11:10:54 2024]
localrule generate_nystrom_quadrature:
    input: quads/nystrom.4/breakpoints_r, quads/nystrom.4/breakpoints_theta
    output: quads/nystrom.4/9.8.quad
    jobid: 119
    reason: Missing output files: quads/nystrom.4/9.8.quad; Input files updated by another job: quads/nystrom.4/breakpoints_theta, quads/nystrom.4/breakpoints_r
    wildcards: order=4, r0_index=9, theta0_index=8
    resources: tmpdir=/tmp


[Wed May  1 11:10:54 2024]
localrule generate_nystrom_quadrature:
    input: quads/nystrom.4/breakpoints_r, quads/nystrom.4/breakpoints_theta
    output: quads/nystrom.4/4.4.quad
    jobid: 55
    reason: Missing output files: quads/nystrom.4/4.4.quad; Input files updated by another job: quads/nystrom.4/breakpoints_theta, quads/nystrom.4/breakpoints_r
    wildcards: order=4, r0_index=4, theta0_index=4
    resources: tmpdir=/tmp

[Wed May  1 11:11:04 2024]
Finished job 102.
2 of 123 steps (2%) done
Select jobs to execute...
Execute 1 jobs...

[Wed May  1 11:11:04 2024]
localrule generate_nystrom_quadrature:
    input: quads/nystrom.4/breakpoints_r, quads/nystrom.4/breakpoints_theta
    output: quads/nystrom.4/6.5.quad
    jobid: 80
    reason: Missing output files: quads/nystrom.4/6.5.quad; Input files updated by another job: quads/nystrom.4/breakpoints_theta, quads/nystrom.4/breakpoints_r
    wildcards: order=4, r0_index=6, theta0_index=5
    resources: tmpdir=/tmp

[Wed May  1 11:11:04 2024]
Finished job 104.
3 of 123 steps (2%) done
Select jobs to execute...
Execute 1 jobs...

[Wed May  1 11:11:04 2024]
localrule generate_nystrom_quadrature:
    input: quads/nystrom.4/breakpoints_r, quads/nystrom.4/breakpoints_theta
    output: quads/nystrom.4/8.11.quad
    jobid: 110
    reason: Missing output files: quads/nystrom.4/8.11.quad; Input files updated by another job: quads/nystrom.4/breakpoints_theta, quads/nystrom.4/breakpoints_r
    wildcards: order=4, r0_index=8, theta0_index=11
    resources: tmpdir=/tmp

[Wed May  1 11:11:08 2024]
Finished job 119.
4 of 123 steps (3%) done
Select jobs to execute...
Execute 1 jobs...

[Wed May  1 11:11:08 2024]
localrule generate_nystrom_quadrature:
    input: quads/nystrom.4/breakpoints_r, quads/nystrom.4/breakpoints_theta
    output: quads/nystrom.4/2.4.quad
    jobid: 31
    reason: Missing output files: quads/nystrom.4/2.4.quad; Input files updated by another job: quads/nystrom.4/breakpoints_theta, quads/nystrom.4/breakpoints_r
    wildcards: order=4, r0_index=2, theta0_index=4
    resources: tmpdir=/tmp

[Wed May  1 11:11:13 2024]
Finished job 80.
5 of 123 steps (4%) done
Select jobs to execute...
Execute 1 jobs...

[Wed May  1 11:11:13 2024]
localrule generate_nystrom_quadrature:
    input: quads/nystrom.4/breakpoints_r, quads/nystrom.4/breakpoints_theta
    output: quads/nystrom.4/4.3.quad
    jobid: 54
    reason: Missing output files: quads/nystrom.4/4.3.quad; Input files updated by another job: quads/nystrom.4/breakpoints_theta, quads/nystrom.4/breakpoints_r
    wildcards: order=4, r0_index=4, theta0_index=3
    resources: tmpdir=/tmp

[Wed May  1 11:11:29 2024]
Finished job 55.
6 of 123 steps (5%) done
Select jobs to execute...
Execute 1 jobs...

[Wed May  1 11:11:29 2024]
localrule generate_nystrom_quadrature:
    input: quads/nystrom.4/breakpoints_r, quads/nystrom.4/breakpoints_theta
    output: quads/nystrom.4/5.6.quad
    jobid: 69
    reason: Missing output files: quads/nystrom.4/5.6.quad; Input files updated by another job: quads/nystrom.4/breakpoints_theta, quads/nystrom.4/breakpoints_r
    wildcards: order=4, r0_index=5, theta0_index=6
    resources: tmpdir=/tmp

[Wed May  1 11:11:36 2024]
Finished job 54.
7 of 123 steps (6%) done
Select jobs to execute...
Execute 1 jobs...

[Wed May  1 11:11:36 2024]
localrule generate_nystrom_quadrature:
    input: quads/nystrom.4/breakpoints_r, quads/nystrom.4/breakpoints_theta
    output: quads/nystrom.4/8.0.quad
    jobid: 99
    reason: Missing output files: quads/nystrom.4/8.0.quad; Input files updated by another job: quads/nystrom.4/breakpoints_theta, quads/nystrom.4/breakpoints_r
    wildcards: order=4, r0_index=8, theta0_index=0
    resources: tmpdir=/tmp

[Wed May  1 11:11:40 2024]
Finished job 99.
8 of 123 steps (7%) done
Select jobs to execute...
Execute 1 jobs...

[Wed May  1 11:11:40 2024]
localrule generate_nystrom_quadrature:
    input: quads/nystrom.4/breakpoints_r, quads/nystrom.4/breakpoints_theta
    output: quads/nystrom.4/0.2.quad
    jobid: 5
    reason: Missing output files: quads/nystrom.4/0.2.quad; Input files updated by another job: quads/nystrom.4/breakpoints_theta, quads/nystrom.4/breakpoints_r
    wildcards: order=4, r0_index=0, theta0_index=2
    resources: tmpdir=/tmp

[Wed May  1 11:11:44 2024]
Finished job 69.
9 of 123 steps (7%) done
Select jobs to execute...
Execute 1 jobs...

[Wed May  1 11:11:44 2024]
localrule generate_nystrom_quadrature:
    input: quads/nystrom.4/breakpoints_r, quads/nystrom.4/breakpoints_theta
    output: quads/nystrom.4/2.8.quad
    jobid: 35
    reason: Missing output files: quads/nystrom.4/2.8.quad; Input files updated by another job: quads/nystrom.4/breakpoints_theta, quads/nystrom.4/breakpoints_r
    wildcards: order=4, r0_index=2, theta0_index=8
    resources: tmpdir=/tmp

[Wed May  1 11:12:04 2024]
Finished job 31.
10 of 123 steps (8%) done
Select jobs to execute...
Execute 1 jobs...

[Wed May  1 11:12:04 2024]
localrule generate_nystrom_quadrature:
    input: quads/nystrom.4/breakpoints_r, quads/nystrom.4/breakpoints_theta
    output: quads/nystrom.4/4.7.quad
    jobid: 58
    reason: Missing output files: quads/nystrom.4/4.7.quad; Input files updated by another job: quads/nystrom.4/breakpoints_theta, quads/nystrom.4/breakpoints_r
    wildcards: order=4, r0_index=4, theta0_index=7
    resources: tmpdir=/tmp

[Wed May  1 11:12:44 2024]
Finished job 58.
11 of 123 steps (9%) done
Select jobs to execute...
Execute 1 jobs...

[Wed May  1 11:12:44 2024]
localrule generate_nystrom_quadrature:
    input: quads/nystrom.4/breakpoints_r, quads/nystrom.4/breakpoints_theta
    output: quads/nystrom.4/7.1.quad
    jobid: 88
    reason: Missing output files: quads/nystrom.4/7.1.quad; Input files updated by another job: quads/nystrom.4/breakpoints_theta, quads/nystrom.4/breakpoints_r
    wildcards: order=4, r0_index=7, theta0_index=1
    resources: tmpdir=/tmp

[Wed May  1 11:12:48 2024]
Finished job 88.
12 of 123 steps (10%) done
Select jobs to execute...
Execute 1 jobs...

[Wed May  1 11:12:48 2024]
localrule generate_nystrom_quadrature:
    input: quads/nystrom.4/breakpoints_r, quads/nystrom.4/breakpoints_theta
    output: quads/nystrom.4/9.7.quad
    jobid: 118
    reason: Missing output files: quads/nystrom.4/9.7.quad; Input files updated by another job: quads/nystrom.4/breakpoints_theta, quads/nystrom.4/breakpoints_r
    wildcards: order=4, r0_index=9, theta0_index=7
    resources: tmpdir=/tmp

[Wed May  1 11:12:57 2024]
Finished job 118.
13 of 123 steps (11%) done
Select jobs to execute...
Execute 1 jobs...

[Wed May  1 11:12:57 2024]
localrule generate_nystrom_quadrature:
    input: quads/nystrom.4/breakpoints_r, quads/nystrom.4/breakpoints_theta
    output: quads/nystrom.4/3.8.quad
    jobid: 47
    reason: Missing output files: quads/nystrom.4/3.8.quad; Input files updated by another job: quads/nystrom.4/breakpoints_theta, quads/nystrom.4/breakpoints_r
    wildcards: order=4, r0_index=3, theta0_index=8
    resources: tmpdir=/tmp

[Wed May  1 11:12:58 2024]
Finished job 5.
14 of 123 steps (11%) done
Select jobs to execute...
Execute 1 jobs...

[Wed May  1 11:12:58 2024]
localrule generate_nystrom_quadrature:
    input: quads/nystrom.4/breakpoints_r, quads/nystrom.4/breakpoints_theta
    output: quads/nystrom.4/5.9.quad
    jobid: 72
    reason: Missing output files: quads/nystrom.4/5.9.quad; Input files updated by another job: quads/nystrom.4/breakpoints_theta, quads/nystrom.4/breakpoints_r
    wildcards: order=4, r0_index=5, theta0_index=9
    resources: tmpdir=/tmp

[Wed May  1 11:13:18 2024]
Finished job 35.
15 of 123 steps (12%) done
Select jobs to execute...
Execute 1 jobs...

[Wed May  1 11:13:18 2024]
localrule generate_nystrom_quadrature:
    input: quads/nystrom.4/breakpoints_r, quads/nystrom.4/breakpoints_theta
    output: quads/nystrom.4/4.11.quad
    jobid: 62
    reason: Missing output files: quads/nystrom.4/4.11.quad; Input files updated by another job: quads/nystrom.4/breakpoints_theta, quads/nystrom.4/breakpoints_r
    wildcards: order=4, r0_index=4, theta0_index=11
    resources: tmpdir=/tmp

[Wed May  1 11:14:26 2024]
Finished job 47.
16 of 123 steps (13%) done
Select jobs to execute...
Execute 1 jobs...

[Wed May  1 11:14:26 2024]
localrule generate_nystrom_quadrature:
    input: quads/nystrom.4/breakpoints_r, quads/nystrom.4/breakpoints_theta
    output: quads/nystrom.4/7.5.quad
    jobid: 92
    reason: Missing output files: quads/nystrom.4/7.5.quad; Input files updated by another job: quads/nystrom.4/breakpoints_theta, quads/nystrom.4/breakpoints_r
    wildcards: order=4, r0_index=7, theta0_index=5
    resources: tmpdir=/tmp

[Wed May  1 11:14:31 2024]
Finished job 92.
17 of 123 steps (14%) done
Select jobs to execute...
Execute 1 jobs...

[Wed May  1 11:14:31 2024]
localrule generate_nystrom_quadrature:
    input: quads/nystrom.4/breakpoints_r, quads/nystrom.4/breakpoints_theta
    output: quads/nystrom.4/9.11.quad
    jobid: 122
    reason: Missing output files: quads/nystrom.4/9.11.quad; Input files updated by another job: quads/nystrom.4/breakpoints_theta, quads/nystrom.4/breakpoints_r
    wildcards: order=4, r0_index=9, theta0_index=11
    resources: tmpdir=/tmp

[Wed May  1 11:15:57 2024]
Finished job 72.
18 of 123 steps (15%) done
Select jobs to execute...
Execute 1 jobs...

[Wed May  1 11:15:57 2024]
localrule generate_nystrom_quadrature:
    input: quads/nystrom.4/breakpoints_r, quads/nystrom.4/breakpoints_theta
    output: quads/nystrom.4/0.10.quad
    jobid: 13
    reason: Missing output files: quads/nystrom.4/0.10.quad; Input files updated by another job: quads/nystrom.4/breakpoints_theta, quads/nystrom.4/breakpoints_r
    wildcards: order=4, r0_index=0, theta0_index=10
    resources: tmpdir=/tmp

[Wed May  1 11:25:00 2024]
Finished job 13.
19 of 123 steps (15%) done
Select jobs to execute...
Execute 1 jobs...

[Wed May  1 11:25:00 2024]
localrule generate_nystrom_quadrature:
    input: quads/nystrom.4/breakpoints_r, quads/nystrom.4/breakpoints_theta
    output: quads/nystrom.4/2.1.quad
    jobid: 28
    reason: Missing output files: quads/nystrom.4/2.1.quad; Input files updated by another job: quads/nystrom.4/breakpoints_theta, quads/nystrom.4/breakpoints_r
    wildcards: order=4, r0_index=2, theta0_index=1
    resources: tmpdir=/tmp

[Wed May  1 11:25:42 2024]
Finished job 28.
20 of 123 steps (16%) done
Select jobs to execute...
Execute 1 jobs...

[Wed May  1 11:25:43 2024]
localrule generate_nystrom_quadrature:
    input: quads/nystrom.4/breakpoints_r, quads/nystrom.4/breakpoints_theta
    output: quads/nystrom.4/3.4.quad
    jobid: 43
    reason: Missing output files: quads/nystrom.4/3.4.quad; Input files updated by another job: quads/nystrom.4/breakpoints_theta, quads/nystrom.4/breakpoints_r
    wildcards: order=4, r0_index=3, theta0_index=4
    resources: tmpdir=/tmp

[Wed May  1 11:26:20 2024]
Finished job 43.
21 of 123 steps (17%) done
Select jobs to execute...
Execute 1 jobs...

[Wed May  1 11:26:20 2024]
localrule generate_nystrom_quadrature:
    input: quads/nystrom.4/breakpoints_r, quads/nystrom.4/breakpoints_theta
    output: quads/nystrom.4/4.0.quad
    jobid: 51
    reason: Missing output files: quads/nystrom.4/4.0.quad; Input files updated by another job: quads/nystrom.4/breakpoints_theta, quads/nystrom.4/breakpoints_r
    wildcards: order=4, r0_index=4, theta0_index=0
    resources: tmpdir=/tmp

[Wed May  1 11:26:36 2024]
Finished job 51.
22 of 123 steps (18%) done
Select jobs to execute...
Execute 1 jobs...

[Wed May  1 11:26:36 2024]
localrule generate_nystrom_quadrature:
    input: quads/nystrom.4/breakpoints_r, quads/nystrom.4/breakpoints_theta
    output: quads/nystrom.4/8.8.quad
    jobid: 107
    reason: Missing output files: quads/nystrom.4/8.8.quad; Input files updated by another job: quads/nystrom.4/breakpoints_theta, quads/nystrom.4/breakpoints_r
    wildcards: order=4, r0_index=8, theta0_index=8
    resources: tmpdir=/tmp

[Wed May  1 11:26:50 2024]
Finished job 107.
23 of 123 steps (19%) done
Select jobs to execute...
Execute 1 jobs...

[Wed May  1 11:26:50 2024]
localrule generate_nystrom_quadrature:
    input: quads/nystrom.4/breakpoints_r, quads/nystrom.4/breakpoints_theta
    output: quads/nystrom.4/5.3.quad
    jobid: 66
    reason: Missing output files: quads/nystrom.4/5.3.quad; Input files updated by another job: quads/nystrom.4/breakpoints_theta, quads/nystrom.4/breakpoints_r
    wildcards: order=4, r0_index=5, theta0_index=3
    resources: tmpdir=/tmp

[Wed May  1 11:27:00 2024]
Finished job 66.
24 of 123 steps (20%) done
Select jobs to execute...
Execute 1 jobs...

[Wed May  1 11:27:00 2024]
localrule generate_nystrom_quadrature:
    input: quads/nystrom.4/breakpoints_r, quads/nystrom.4/breakpoints_theta
    output: quads/nystrom.4/6.6.quad
    jobid: 81
    reason: Missing output files: quads/nystrom.4/6.6.quad; Input files updated by another job: quads/nystrom.4/breakpoints_theta, quads/nystrom.4/breakpoints_r
    wildcards: order=4, r0_index=6, theta0_index=6
    resources: tmpdir=/tmp

[Wed May  1 11:27:10 2024]
Finished job 81.
25 of 123 steps (20%) done
Select jobs to execute...
Execute 1 jobs...

[Wed May  1 11:27:10 2024]
localrule generate_nystrom_quadrature:
    input: quads/nystrom.4/breakpoints_r, quads/nystrom.4/breakpoints_theta
    output: quads/nystrom.4/7.9.quad
    jobid: 96
    reason: Missing output files: quads/nystrom.4/7.9.quad; Input files updated by another job: quads/nystrom.4/breakpoints_theta, quads/nystrom.4/breakpoints_r
    wildcards: order=4, r0_index=7, theta0_index=9
    resources: tmpdir=/tmp

[Wed May  1 11:29:54 2024]
Finished job 96.
26 of 123 steps (21%) done
Select jobs to execute...
Execute 1 jobs...

[Wed May  1 11:29:54 2024]
localrule generate_nystrom_quadrature:
    input: quads/nystrom.4/breakpoints_r, quads/nystrom.4/breakpoints_theta
    output: quads/nystrom.4/6.2.quad
    jobid: 77
    reason: Missing output files: quads/nystrom.4/6.2.quad; Input files updated by another job: quads/nystrom.4/breakpoints_theta, quads/nystrom.4/breakpoints_r
    wildcards: order=4, r0_index=6, theta0_index=2
    resources: tmpdir=/tmp

[Wed May  1 11:29:57 2024]
Finished job 77.
27 of 123 steps (22%) done
Select jobs to execute...
Execute 1 jobs...

[Wed May  1 11:29:57 2024]
localrule generate_nystrom_quadrature:
    input: quads/nystrom.4/breakpoints_r, quads/nystrom.4/breakpoints_theta
    output: quads/nystrom.4/9.0.quad
    jobid: 111
    reason: Missing output files: quads/nystrom.4/9.0.quad; Input files updated by another job: quads/nystrom.4/breakpoints_theta, quads/nystrom.4/breakpoints_r
    wildcards: order=4, r0_index=9, theta0_index=0
    resources: tmpdir=/tmp

[Wed May  1 11:30:01 2024]
Finished job 111.
28 of 123 steps (23%) done
Select jobs to execute...
Execute 1 jobs...

[Wed May  1 11:30:01 2024]
localrule generate_nystrom_quadrature:
    input: quads/nystrom.4/breakpoints_r, quads/nystrom.4/breakpoints_theta
    output: quads/nystrom.4/1.2.quad
    jobid: 17
    reason: Missing output files: quads/nystrom.4/1.2.quad; Input files updated by another job: quads/nystrom.4/breakpoints_theta, quads/nystrom.4/breakpoints_r
    wildcards: order=4, r0_index=1, theta0_index=2
    resources: tmpdir=/tmp

[Wed May  1 11:30:59 2024]
Finished job 17.
29 of 123 steps (24%) done
Select jobs to execute...
Execute 1 jobs...

[Wed May  1 11:30:59 2024]
localrule generate_nystrom_quadrature:
    input: quads/nystrom.4/breakpoints_r, quads/nystrom.4/breakpoints_theta
    output: quads/nystrom.4/2.5.quad
    jobid: 32
    reason: Missing output files: quads/nystrom.4/2.5.quad; Input files updated by another job: quads/nystrom.4/breakpoints_theta, quads/nystrom.4/breakpoints_r
    wildcards: order=4, r0_index=2, theta0_index=5
    resources: tmpdir=/tmp

[Wed May  1 11:31:59 2024]
Finished job 32.
30 of 123 steps (24%) done
Select jobs to execute...
Execute 1 jobs...

[Wed May  1 11:31:59 2024]
localrule generate_nystrom_quadrature:
    input: quads/nystrom.4/breakpoints_r, quads/nystrom.4/breakpoints_theta
    output: quads/nystrom.4/7.0.quad
    jobid: 87
    reason: Missing output files: quads/nystrom.4/7.0.quad; Input files updated by another job: quads/nystrom.4/breakpoints_theta, quads/nystrom.4/breakpoints_r
    wildcards: order=4, r0_index=7, theta0_index=0
    resources: tmpdir=/tmp

[Wed May  1 11:32:02 2024]
Finished job 87.
31 of 123 steps (25%) done
Select jobs to execute...
Execute 1 jobs...

[Wed May  1 11:32:02 2024]
localrule generate_nystrom_quadrature:
    input: quads/nystrom.4/breakpoints_r, quads/nystrom.4/breakpoints_theta
    output: quads/nystrom.4/9.6.quad
    jobid: 117
    reason: Missing output files: quads/nystrom.4/9.6.quad; Input files updated by another job: quads/nystrom.4/breakpoints_theta, quads/nystrom.4/breakpoints_r
    wildcards: order=4, r0_index=9, theta0_index=6
    resources: tmpdir=/tmp

[Wed May  1 11:32:07 2024]
Finished job 117.
32 of 123 steps (26%) done
Select jobs to execute...
Execute 1 jobs...

[Wed May  1 11:32:07 2024]
localrule generate_nystrom_quadrature:
    input: quads/nystrom.4/breakpoints_r, quads/nystrom.4/breakpoints_theta
    output: quads/nystrom.4/2.7.quad
    jobid: 34
    reason: Missing output files: quads/nystrom.4/2.7.quad; Input files updated by another job: quads/nystrom.4/breakpoints_theta, quads/nystrom.4/breakpoints_r
    wildcards: order=4, r0_index=2, theta0_index=7
    resources: tmpdir=/tmp

[Wed May  1 11:33:22 2024]
Finished job 34.
33 of 123 steps (27%) done
Select jobs to execute...
Execute 1 jobs...

[Wed May  1 11:33:22 2024]
localrule generate_nystrom_quadrature:
    input: quads/nystrom.4/breakpoints_r, quads/nystrom.4/breakpoints_theta
    output: quads/nystrom.4/1.8.quad
    jobid: 23
    reason: Missing output files: quads/nystrom.4/1.8.quad; Input files updated by another job: quads/nystrom.4/breakpoints_theta, quads/nystrom.4/breakpoints_r
    wildcards: order=4, r0_index=1, theta0_index=8
    resources: tmpdir=/tmp

[Wed May  1 11:35:18 2024]
Finished job 23.
34 of 123 steps (28%) done
Select jobs to execute...
Execute 1 jobs...

[Wed May  1 11:35:18 2024]
localrule generate_nystrom_quadrature:
    input: quads/nystrom.4/breakpoints_r, quads/nystrom.4/breakpoints_theta
    output: quads/nystrom.4/9.4.quad
    jobid: 115
    reason: Missing output files: quads/nystrom.4/9.4.quad; Input files updated by another job: quads/nystrom.4/breakpoints_theta, quads/nystrom.4/breakpoints_r
    wildcards: order=4, r0_index=9, theta0_index=4
    resources: tmpdir=/tmp

[Wed May  1 11:35:22 2024]
Finished job 115.
35 of 123 steps (28%) done
Select jobs to execute...
Execute 1 jobs...

[Wed May  1 11:35:22 2024]
localrule generate_nystrom_quadrature:
    input: quads/nystrom.4/breakpoints_r, quads/nystrom.4/breakpoints_theta
    output: quads/nystrom.4/0.3.quad
    jobid: 6
    reason: Missing output files: quads/nystrom.4/0.3.quad; Input files updated by another job: quads/nystrom.4/breakpoints_theta, quads/nystrom.4/breakpoints_r
    wildcards: order=4, r0_index=0, theta0_index=3
    resources: tmpdir=/tmp

[Wed May  1 11:36:48 2024]
Finished job 6.
36 of 123 steps (29%) done
Select jobs to execute...
Execute 1 jobs...

[Wed May  1 11:36:48 2024]
localrule generate_nystrom_quadrature:
    input: quads/nystrom.4/breakpoints_r, quads/nystrom.4/breakpoints_theta
    output: quads/nystrom.4/1.6.quad
    jobid: 21
    reason: Missing output files: quads/nystrom.4/1.6.quad; Input files updated by another job: quads/nystrom.4/breakpoints_theta, quads/nystrom.4/breakpoints_r
    wildcards: order=4, r0_index=1, theta0_index=6
    resources: tmpdir=/tmp

[Wed May  1 11:38:05 2024]
Finished job 21.
37 of 123 steps (30%) done
Select jobs to execute...
Execute 1 jobs...

[Wed May  1 11:38:05 2024]
localrule generate_nystrom_quadrature:
    input: quads/nystrom.4/breakpoints_r, quads/nystrom.4/breakpoints_theta
    output: quads/nystrom.4/2.9.quad
    jobid: 36
    reason: Missing output files: quads/nystrom.4/2.9.quad; Input files updated by another job: quads/nystrom.4/breakpoints_theta, quads/nystrom.4/breakpoints_r
    wildcards: order=4, r0_index=2, theta0_index=9
    resources: tmpdir=/tmp

[Wed May  1 11:44:40 2024]
Finished job 36.
38 of 123 steps (31%) done
Select jobs to execute...
Execute 1 jobs...

[Wed May  1 11:44:40 2024]
localrule generate_nystrom_quadrature:
    input: quads/nystrom.4/breakpoints_r, quads/nystrom.4/breakpoints_theta
    output: quads/nystrom.4/8.1.quad
    jobid: 100
    reason: Missing output files: quads/nystrom.4/8.1.quad; Input files updated by another job: quads/nystrom.4/breakpoints_theta, quads/nystrom.4/breakpoints_r
    wildcards: order=4, r0_index=8, theta0_index=1
    resources: tmpdir=/tmp

[Wed May  1 11:44:43 2024]
Finished job 100.
39 of 123 steps (32%) done
Select jobs to execute...
Execute 1 jobs...

[Wed May  1 11:44:43 2024]
localrule generate_nystrom_quadrature:
    input: quads/nystrom.4/breakpoints_r, quads/nystrom.4/breakpoints_theta
    output: quads/nystrom.4/4.8.quad
    jobid: 59
    reason: Missing output files: quads/nystrom.4/4.8.quad; Input files updated by another job: quads/nystrom.4/breakpoints_theta, quads/nystrom.4/breakpoints_r
    wildcards: order=4, r0_index=4, theta0_index=8
    resources: tmpdir=/tmp

[Wed May  1 11:45:25 2024]
Finished job 59.
40 of 123 steps (33%) done
Select jobs to execute...
Execute 1 jobs...

[Wed May  1 11:45:25 2024]
localrule generate_nystrom_quadrature:
    input: quads/nystrom.4/breakpoints_r, quads/nystrom.4/breakpoints_theta
    output: quads/nystrom.4/5.11.quad
    jobid: 74
    reason: Missing output files: quads/nystrom.4/5.11.quad; Input files updated by another job: quads/nystrom.4/breakpoints_theta, quads/nystrom.4/breakpoints_r
    wildcards: order=4, r0_index=5, theta0_index=11
    resources: tmpdir=/tmp

Terminating processes on user request, this might take some time.
[Wed May  1 16:15:46 2024]
Error in rule generate_nystrom_quadrature:
    jobid: 110
    input: quads/nystrom.4/breakpoints_r, quads/nystrom.4/breakpoints_theta
    output: quads/nystrom.4/8.11.quad
    shell:
        python3 examples/generate_nystrom_quad.py 4 8 11 quads/nystrom.4/8.11.quad
        (one of the commands exited with non-zero exit code; note that snakemake uses bash strict mode!)

[Wed May  1 16:15:46 2024]
Error in rule generate_nystrom_quadrature:
    jobid: 62
    input: quads/nystrom.4/breakpoints_r, quads/nystrom.4/breakpoints_theta
    output: quads/nystrom.4/4.11.quad
    shell:
        python3 examples/generate_nystrom_quad.py 4 4 11 quads/nystrom.4/4.11.quad
        (one of the commands exited with non-zero exit code; note that snakemake uses bash strict mode!)

[Wed May  1 16:15:46 2024]
Error in rule generate_nystrom_quadrature:
    jobid: 74
    input: quads/nystrom.4/breakpoints_r, quads/nystrom.4/breakpoints_theta
    output: quads/nystrom.4/5.11.quad
    shell:
        python3 examples/generate_nystrom_quad.py 4 5 11 quads/nystrom.4/5.11.quad
        (one of the commands exited with non-zero exit code; note that snakemake uses bash strict mode!)

[Wed May  1 16:15:46 2024]
Error in rule generate_nystrom_quadrature:
    jobid: 122
    input: quads/nystrom.4/breakpoints_r, quads/nystrom.4/breakpoints_theta
    output: quads/nystrom.4/9.11.quad
    shell:
        python3 examples/generate_nystrom_quad.py 4 9 11 quads/nystrom.4/9.11.quad
        (one of the commands exited with non-zero exit code; note that snakemake uses bash strict mode!)

Complete log: .snakemake/log/2024-05-01T111051.700248.snakemake.log
WorkflowError:
At least one job did not complete successfully.
