Building DAG of jobs...
Using shell: /usr/bin/bash
Provided cores: 5
Rules claiming more threads will be scaled down.
Job stats:
job                            count
---------------------------  -------
all                                1
generate_nystrom_quadrature      149
generate_table                     3
total                            153

Select jobs to execute...
Execute 5 jobs...

[Wed Apr 24 14:27:14 2024]
localrule generate_nystrom_quadrature:
    input: quads/nystrom.8/breakpoints_r, quads/nystrom.8/breakpoints_theta
    output: quads/nystrom.8/3.8.quad
    jobid: 169
    reason: Missing output files: quads/nystrom.8/3.8.quad; Updated input files: quads/nystrom.8/breakpoints_r, quads/nystrom.8/breakpoints_theta
    wildcards: order=8, r0_index=3, theta0_index=8
    resources: tmpdir=/tmp


[Wed Apr 24 14:27:14 2024]
localrule generate_nystrom_quadrature:
    input: quads/nystrom.8/breakpoints_r, quads/nystrom.8/breakpoints_theta
    output: quads/nystrom.8/2.5.quad
    jobid: 154
    reason: Missing output files: quads/nystrom.8/2.5.quad; Updated input files: quads/nystrom.8/breakpoints_r, quads/nystrom.8/breakpoints_theta
    wildcards: order=8, r0_index=2, theta0_index=5
    resources: tmpdir=/tmp


[Wed Apr 24 14:27:14 2024]
localrule generate_nystrom_quadrature:
    input: quads/nystrom.8/breakpoints_r, quads/nystrom.8/breakpoints_theta
    output: quads/nystrom.8/4.11.quad
    jobid: 184
    reason: Missing output files: quads/nystrom.8/4.11.quad; Updated input files: quads/nystrom.8/breakpoints_r, quads/nystrom.8/breakpoints_theta
    wildcards: order=8, r0_index=4, theta0_index=11
    resources: tmpdir=/tmp


[Wed Apr 24 14:27:14 2024]
localrule generate_nystrom_quadrature:
    input: quads/nystrom.16/breakpoints_r, quads/nystrom.16/breakpoints_theta
    output: quads/nystrom.16/5.7.quad
    jobid: 314
    reason: Missing output files: quads/nystrom.16/5.7.quad; Updated input files: quads/nystrom.16/breakpoints_theta, quads/nystrom.16/breakpoints_r
    wildcards: order=16, r0_index=5, theta0_index=7
    resources: tmpdir=/tmp


[Wed Apr 24 14:27:14 2024]
localrule generate_nystrom_quadrature:
    input: quads/nystrom.16/breakpoints_r, quads/nystrom.16/breakpoints_theta
    output: quads/nystrom.16/8.10.quad
    jobid: 353
    reason: Missing output files: quads/nystrom.16/8.10.quad; Updated input files: quads/nystrom.16/breakpoints_theta, quads/nystrom.16/breakpoints_r
    wildcards: order=16, r0_index=8, theta0_index=10
    resources: tmpdir=/tmp

Terminating processes on user request, this might take some time.
[Wed Apr 24 14:28:41 2024]
Error in rule generate_nystrom_quadrature:
    jobid: 169
    input: quads/nystrom.8/breakpoints_r, quads/nystrom.8/breakpoints_theta
    output: quads/nystrom.8/3.8.quad
    shell:
        python3 examples/generate_nystrom_quad.py 8 3 8 quads/nystrom.8/3.8.quad
        (one of the commands exited with non-zero exit code; note that snakemake uses bash strict mode!)

[Wed Apr 24 14:28:41 2024]
Error in rule generate_nystrom_quadrature:
    jobid: 184
    input: quads/nystrom.8/breakpoints_r, quads/nystrom.8/breakpoints_theta
    output: quads/nystrom.8/4.11.quad
    shell:
        python3 examples/generate_nystrom_quad.py 8 4 11 quads/nystrom.8/4.11.quad
        (one of the commands exited with non-zero exit code; note that snakemake uses bash strict mode!)

[Wed Apr 24 14:28:41 2024]
Error in rule generate_nystrom_quadrature:
    jobid: 353
    input: quads/nystrom.16/breakpoints_r, quads/nystrom.16/breakpoints_theta
    output: quads/nystrom.16/8.10.quad
    shell:
        python3 examples/generate_nystrom_quad.py 16 8 10 quads/nystrom.16/8.10.quad
        (one of the commands exited with non-zero exit code; note that snakemake uses bash strict mode!)

[Wed Apr 24 14:28:42 2024]
Error in rule generate_nystrom_quadrature:
    jobid: 154
    input: quads/nystrom.8/breakpoints_r, quads/nystrom.8/breakpoints_theta
    output: quads/nystrom.8/2.5.quad
    shell:
        python3 examples/generate_nystrom_quad.py 8 2 5 quads/nystrom.8/2.5.quad
        (one of the commands exited with non-zero exit code; note that snakemake uses bash strict mode!)

[Wed Apr 24 14:28:47 2024]
Error in rule generate_nystrom_quadrature:
    jobid: 314
    input: quads/nystrom.16/breakpoints_r, quads/nystrom.16/breakpoints_theta
    output: quads/nystrom.16/5.7.quad
    shell:
        python3 examples/generate_nystrom_quad.py 16 5 7 quads/nystrom.16/5.7.quad
        (one of the commands exited with non-zero exit code; note that snakemake uses bash strict mode!)

Complete log: .snakemake/log/2024-04-24T142713.229897.snakemake.log
WorkflowError:
At least one job did not complete successfully.
