Building DAG of jobs...
Using shell: /usr/bin/bash
Provided cores: 4
Rules claiming more threads will be scaled down.
Job stats:
job                            count
---------------------------  -------
experiment_droplet                 1
gen8                               1
generate_nystrom_quadrature      120
make_config                        1
total                            123

Select jobs to execute...
Execute 1 jobs...

[Thu May  2 14:39:18 2024]
localrule make_config:
    output: quads/nystrom.8/breakpoints_r, quads/nystrom.8/breakpoints_theta
    jobid: 2
    reason: Missing output files: quads/nystrom.8/breakpoints_theta, quads/nystrom.8/breakpoints_r
    wildcards: order=8
    resources: tmpdir=/tmp

[Thu May  2 14:39:18 2024]
Finished job 2.
1 of 123 steps (1%) done
Select jobs to execute...
Execute 4 jobs...

[Thu May  2 14:39:20 2024]
localrule generate_nystrom_quadrature:
    input: quads/nystrom.8/breakpoints_r, quads/nystrom.8/breakpoints_theta
    output: quads/nystrom.8/8.5.quad
    jobid: 104
    reason: Missing output files: quads/nystrom.8/8.5.quad; Input files updated by another job: quads/nystrom.8/breakpoints_theta, quads/nystrom.8/breakpoints_r
    wildcards: order=8, r0_index=8, theta0_index=5
    resources: tmpdir=/tmp


[Thu May  2 14:39:20 2024]
localrule generate_nystrom_quadrature:
    input: quads/nystrom.8/breakpoints_r, quads/nystrom.8/breakpoints_theta
    output: quads/nystrom.8/8.3.quad
    jobid: 102
    reason: Missing output files: quads/nystrom.8/8.3.quad; Input files updated by another job: quads/nystrom.8/breakpoints_theta, quads/nystrom.8/breakpoints_r
    wildcards: order=8, r0_index=8, theta0_index=3
    resources: tmpdir=/tmp


[Thu May  2 14:39:20 2024]
localrule generate_nystrom_quadrature:
    input: quads/nystrom.8/breakpoints_r, quads/nystrom.8/breakpoints_theta
    output: quads/nystrom.8/9.8.quad
    jobid: 119
    reason: Missing output files: quads/nystrom.8/9.8.quad; Input files updated by another job: quads/nystrom.8/breakpoints_theta, quads/nystrom.8/breakpoints_r
    wildcards: order=8, r0_index=9, theta0_index=8
    resources: tmpdir=/tmp


[Thu May  2 14:39:20 2024]
localrule generate_nystrom_quadrature:
    input: quads/nystrom.8/breakpoints_r, quads/nystrom.8/breakpoints_theta
    output: quads/nystrom.8/4.4.quad
    jobid: 55
    reason: Missing output files: quads/nystrom.8/4.4.quad; Input files updated by another job: quads/nystrom.8/breakpoints_theta, quads/nystrom.8/breakpoints_r
    wildcards: order=8, r0_index=4, theta0_index=4
    resources: tmpdir=/tmp

[Thu May  2 14:39:57 2024]
Finished job 102.
2 of 123 steps (2%) done
Select jobs to execute...
Execute 1 jobs...

[Thu May  2 14:39:57 2024]
localrule generate_nystrom_quadrature:
    input: quads/nystrom.8/breakpoints_r, quads/nystrom.8/breakpoints_theta
    output: quads/nystrom.8/6.5.quad
    jobid: 80
    reason: Missing output files: quads/nystrom.8/6.5.quad; Input files updated by another job: quads/nystrom.8/breakpoints_theta, quads/nystrom.8/breakpoints_r
    wildcards: order=8, r0_index=6, theta0_index=5
    resources: tmpdir=/tmp

[Thu May  2 14:39:58 2024]
Finished job 104.
3 of 123 steps (2%) done
Select jobs to execute...
Execute 1 jobs...

[Thu May  2 14:39:58 2024]
localrule generate_nystrom_quadrature:
    input: quads/nystrom.8/breakpoints_r, quads/nystrom.8/breakpoints_theta
    output: quads/nystrom.8/8.11.quad
    jobid: 110
    reason: Missing output files: quads/nystrom.8/8.11.quad; Input files updated by another job: quads/nystrom.8/breakpoints_theta, quads/nystrom.8/breakpoints_r
    wildcards: order=8, r0_index=8, theta0_index=11
    resources: tmpdir=/tmp

[Thu May  2 14:40:07 2024]
Finished job 80.
4 of 123 steps (3%) done
Select jobs to execute...
Execute 1 jobs...

[Thu May  2 14:40:07 2024]
localrule generate_nystrom_quadrature:
    input: quads/nystrom.8/breakpoints_r, quads/nystrom.8/breakpoints_theta
    output: quads/nystrom.8/2.4.quad
    jobid: 31
    reason: Missing output files: quads/nystrom.8/2.4.quad; Input files updated by another job: quads/nystrom.8/breakpoints_theta, quads/nystrom.8/breakpoints_r
    wildcards: order=8, r0_index=2, theta0_index=4
    resources: tmpdir=/tmp

[Thu May  2 14:40:16 2024]
Finished job 119.
5 of 123 steps (4%) done
Select jobs to execute...
Execute 1 jobs...

[Thu May  2 14:40:16 2024]
localrule generate_nystrom_quadrature:
    input: quads/nystrom.8/breakpoints_r, quads/nystrom.8/breakpoints_theta
    output: quads/nystrom.8/4.3.quad
    jobid: 54
    reason: Missing output files: quads/nystrom.8/4.3.quad; Input files updated by another job: quads/nystrom.8/breakpoints_theta, quads/nystrom.8/breakpoints_r
    wildcards: order=8, r0_index=4, theta0_index=3
    resources: tmpdir=/tmp

[Thu May  2 14:40:52 2024]
Finished job 55.
6 of 123 steps (5%) done
Select jobs to execute...
Execute 1 jobs...

[Thu May  2 14:40:52 2024]
localrule generate_nystrom_quadrature:
    input: quads/nystrom.8/breakpoints_r, quads/nystrom.8/breakpoints_theta
    output: quads/nystrom.8/5.6.quad
    jobid: 69
    reason: Missing output files: quads/nystrom.8/5.6.quad; Input files updated by another job: quads/nystrom.8/breakpoints_theta, quads/nystrom.8/breakpoints_r
    wildcards: order=8, r0_index=5, theta0_index=6
    resources: tmpdir=/tmp

[Thu May  2 14:41:07 2024]
Finished job 54.
7 of 123 steps (6%) done
Select jobs to execute...
Execute 1 jobs...

[Thu May  2 14:41:07 2024]
localrule generate_nystrom_quadrature:
    input: quads/nystrom.8/breakpoints_r, quads/nystrom.8/breakpoints_theta
    output: quads/nystrom.8/8.0.quad
    jobid: 99
    reason: Missing output files: quads/nystrom.8/8.0.quad; Input files updated by another job: quads/nystrom.8/breakpoints_theta, quads/nystrom.8/breakpoints_r
    wildcards: order=8, r0_index=8, theta0_index=0
    resources: tmpdir=/tmp

[Thu May  2 14:41:15 2024]
Finished job 99.
8 of 123 steps (7%) done
Select jobs to execute...
Execute 1 jobs...

[Thu May  2 14:41:15 2024]
localrule generate_nystrom_quadrature:
    input: quads/nystrom.8/breakpoints_r, quads/nystrom.8/breakpoints_theta
    output: quads/nystrom.8/0.2.quad
    jobid: 5
    reason: Missing output files: quads/nystrom.8/0.2.quad; Input files updated by another job: quads/nystrom.8/breakpoints_theta, quads/nystrom.8/breakpoints_r
    wildcards: order=8, r0_index=0, theta0_index=2
    resources: tmpdir=/tmp

[Thu May  2 14:41:24 2024]
Finished job 69.
9 of 123 steps (7%) done
Select jobs to execute...
Execute 1 jobs...

[Thu May  2 14:41:24 2024]
localrule generate_nystrom_quadrature:
    input: quads/nystrom.8/breakpoints_r, quads/nystrom.8/breakpoints_theta
    output: quads/nystrom.8/2.8.quad
    jobid: 35
    reason: Missing output files: quads/nystrom.8/2.8.quad; Input files updated by another job: quads/nystrom.8/breakpoints_theta, quads/nystrom.8/breakpoints_r
    wildcards: order=8, r0_index=2, theta0_index=8
    resources: tmpdir=/tmp

[Thu May  2 14:42:31 2024]
Finished job 31.
10 of 123 steps (8%) done
Select jobs to execute...
Execute 1 jobs...

[Thu May  2 14:42:31 2024]
localrule generate_nystrom_quadrature:
    input: quads/nystrom.8/breakpoints_r, quads/nystrom.8/breakpoints_theta
    output: quads/nystrom.8/4.7.quad
    jobid: 58
    reason: Missing output files: quads/nystrom.8/4.7.quad; Input files updated by another job: quads/nystrom.8/breakpoints_theta, quads/nystrom.8/breakpoints_r
    wildcards: order=8, r0_index=4, theta0_index=7
    resources: tmpdir=/tmp

[Thu May  2 14:43:36 2024]
Finished job 58.
11 of 123 steps (9%) done
Select jobs to execute...
Execute 1 jobs...

[Thu May  2 14:43:36 2024]
localrule generate_nystrom_quadrature:
    input: quads/nystrom.8/breakpoints_r, quads/nystrom.8/breakpoints_theta
    output: quads/nystrom.8/7.1.quad
    jobid: 88
    reason: Missing output files: quads/nystrom.8/7.1.quad; Input files updated by another job: quads/nystrom.8/breakpoints_theta, quads/nystrom.8/breakpoints_r
    wildcards: order=8, r0_index=7, theta0_index=1
    resources: tmpdir=/tmp

[Thu May  2 14:43:45 2024]
Finished job 88.
12 of 123 steps (10%) done
Select jobs to execute...
Execute 1 jobs...

[Thu May  2 14:43:45 2024]
localrule generate_nystrom_quadrature:
    input: quads/nystrom.8/breakpoints_r, quads/nystrom.8/breakpoints_theta
    output: quads/nystrom.8/9.7.quad
    jobid: 118
    reason: Missing output files: quads/nystrom.8/9.7.quad; Input files updated by another job: quads/nystrom.8/breakpoints_theta, quads/nystrom.8/breakpoints_r
    wildcards: order=8, r0_index=9, theta0_index=7
    resources: tmpdir=/tmp

[Thu May  2 14:44:02 2024]
Finished job 118.
13 of 123 steps (11%) done
Select jobs to execute...
Execute 1 jobs...

[Thu May  2 14:44:02 2024]
localrule generate_nystrom_quadrature:
    input: quads/nystrom.8/breakpoints_r, quads/nystrom.8/breakpoints_theta
    output: quads/nystrom.8/3.8.quad
    jobid: 47
    reason: Missing output files: quads/nystrom.8/3.8.quad; Input files updated by another job: quads/nystrom.8/breakpoints_theta, quads/nystrom.8/breakpoints_r
    wildcards: order=8, r0_index=3, theta0_index=8
    resources: tmpdir=/tmp

[Thu May  2 14:44:04 2024]
Finished job 35.
14 of 123 steps (11%) done
Select jobs to execute...
Execute 1 jobs...

[Thu May  2 14:44:04 2024]
localrule generate_nystrom_quadrature:
    input: quads/nystrom.8/breakpoints_r, quads/nystrom.8/breakpoints_theta
    output: quads/nystrom.8/4.6.quad
    jobid: 57
    reason: Missing output files: quads/nystrom.8/4.6.quad; Input files updated by another job: quads/nystrom.8/breakpoints_theta, quads/nystrom.8/breakpoints_r
    wildcards: order=8, r0_index=4, theta0_index=6
    resources: tmpdir=/tmp

[Thu May  2 14:44:38 2024]
Finished job 5.
15 of 123 steps (12%) done
Select jobs to execute...
Execute 1 jobs...

[Thu May  2 14:44:38 2024]
localrule generate_nystrom_quadrature:
    input: quads/nystrom.8/breakpoints_r, quads/nystrom.8/breakpoints_theta
    output: quads/nystrom.8/4.11.quad
    jobid: 62
    reason: Missing output files: quads/nystrom.8/4.11.quad; Input files updated by another job: quads/nystrom.8/breakpoints_theta, quads/nystrom.8/breakpoints_r
    wildcards: order=8, r0_index=4, theta0_index=11
    resources: tmpdir=/tmp

[Thu May  2 14:45:10 2024]
Finished job 57.
16 of 123 steps (13%) done
Select jobs to execute...
Execute 1 jobs...

[Thu May  2 14:45:10 2024]
localrule generate_nystrom_quadrature:
    input: quads/nystrom.8/breakpoints_r, quads/nystrom.8/breakpoints_theta
    output: quads/nystrom.8/7.5.quad
    jobid: 92
    reason: Missing output files: quads/nystrom.8/7.5.quad; Input files updated by another job: quads/nystrom.8/breakpoints_theta, quads/nystrom.8/breakpoints_r
    wildcards: order=8, r0_index=7, theta0_index=5
    resources: tmpdir=/tmp

[Thu May  2 14:45:19 2024]
Finished job 92.
17 of 123 steps (14%) done
Select jobs to execute...
Execute 1 jobs...

[Thu May  2 14:45:19 2024]
localrule generate_nystrom_quadrature:
    input: quads/nystrom.8/breakpoints_r, quads/nystrom.8/breakpoints_theta
    output: quads/nystrom.8/9.11.quad
    jobid: 122
    reason: Missing output files: quads/nystrom.8/9.11.quad; Input files updated by another job: quads/nystrom.8/breakpoints_theta, quads/nystrom.8/breakpoints_r
    wildcards: order=8, r0_index=9, theta0_index=11
    resources: tmpdir=/tmp

[Thu May  2 14:46:02 2024]
Finished job 47.
18 of 123 steps (15%) done
Select jobs to execute...
Execute 1 jobs...

[Thu May  2 14:46:02 2024]
localrule generate_nystrom_quadrature:
    input: quads/nystrom.8/breakpoints_r, quads/nystrom.8/breakpoints_theta
    output: quads/nystrom.8/0.10.quad
    jobid: 13
    reason: Missing output files: quads/nystrom.8/0.10.quad; Input files updated by another job: quads/nystrom.8/breakpoints_theta, quads/nystrom.8/breakpoints_r
    wildcards: order=8, r0_index=0, theta0_index=10
    resources: tmpdir=/tmp

[Thu May  2 14:53:41 2024]
Finished job 110.
19 of 123 steps (15%) done
Select jobs to execute...
Execute 1 jobs...

[Thu May  2 14:53:41 2024]
localrule generate_nystrom_quadrature:
    input: quads/nystrom.8/breakpoints_r, quads/nystrom.8/breakpoints_theta
    output: quads/nystrom.8/2.1.quad
    jobid: 28
    reason: Missing output files: quads/nystrom.8/2.1.quad; Input files updated by another job: quads/nystrom.8/breakpoints_theta, quads/nystrom.8/breakpoints_r
    wildcards: order=8, r0_index=2, theta0_index=1
    resources: tmpdir=/tmp

[Thu May  2 14:55:05 2024]
Finished job 13.
20 of 123 steps (16%) done
Select jobs to execute...
Execute 1 jobs...

[Thu May  2 14:55:05 2024]
localrule generate_nystrom_quadrature:
    input: quads/nystrom.8/breakpoints_r, quads/nystrom.8/breakpoints_theta
    output: quads/nystrom.8/3.4.quad
    jobid: 43
    reason: Missing output files: quads/nystrom.8/3.4.quad; Input files updated by another job: quads/nystrom.8/breakpoints_theta, quads/nystrom.8/breakpoints_r
    wildcards: order=8, r0_index=3, theta0_index=4
    resources: tmpdir=/tmp

[Thu May  2 14:55:32 2024]
Finished job 28.
21 of 123 steps (17%) done
Select jobs to execute...
Execute 1 jobs...

[Thu May  2 14:55:32 2024]
localrule generate_nystrom_quadrature:
    input: quads/nystrom.8/breakpoints_r, quads/nystrom.8/breakpoints_theta
    output: quads/nystrom.8/4.0.quad
    jobid: 51
    reason: Missing output files: quads/nystrom.8/4.0.quad; Input files updated by another job: quads/nystrom.8/breakpoints_theta, quads/nystrom.8/breakpoints_r
    wildcards: order=8, r0_index=4, theta0_index=0
    resources: tmpdir=/tmp

[Thu May  2 14:56:02 2024]
Finished job 51.
22 of 123 steps (18%) done
Select jobs to execute...
Execute 1 jobs...

[Thu May  2 14:56:02 2024]
localrule generate_nystrom_quadrature:
    input: quads/nystrom.8/breakpoints_r, quads/nystrom.8/breakpoints_theta
    output: quads/nystrom.8/8.8.quad
    jobid: 107
    reason: Missing output files: quads/nystrom.8/8.8.quad; Input files updated by another job: quads/nystrom.8/breakpoints_theta, quads/nystrom.8/breakpoints_r
    wildcards: order=8, r0_index=8, theta0_index=8
    resources: tmpdir=/tmp

[Thu May  2 14:56:31 2024]
Finished job 62.
23 of 123 steps (19%) done
Select jobs to execute...
Execute 1 jobs...

[Thu May  2 14:56:31 2024]
localrule generate_nystrom_quadrature:
    input: quads/nystrom.8/breakpoints_r, quads/nystrom.8/breakpoints_theta
    output: quads/nystrom.8/5.3.quad
    jobid: 66
    reason: Missing output files: quads/nystrom.8/5.3.quad; Input files updated by another job: quads/nystrom.8/breakpoints_theta, quads/nystrom.8/breakpoints_r
    wildcards: order=8, r0_index=5, theta0_index=3
    resources: tmpdir=/tmp

[Thu May  2 14:56:31 2024]
Finished job 107.
24 of 123 steps (20%) done
Select jobs to execute...
Execute 1 jobs...

[Thu May  2 14:56:31 2024]
localrule generate_nystrom_quadrature:
    input: quads/nystrom.8/breakpoints_r, quads/nystrom.8/breakpoints_theta
    output: quads/nystrom.8/6.6.quad
    jobid: 81
    reason: Missing output files: quads/nystrom.8/6.6.quad; Input files updated by another job: quads/nystrom.8/breakpoints_theta, quads/nystrom.8/breakpoints_r
    wildcards: order=8, r0_index=6, theta0_index=6
    resources: tmpdir=/tmp

[Thu May  2 14:56:48 2024]
Finished job 43.
25 of 123 steps (20%) done
Select jobs to execute...
Execute 1 jobs...

[Thu May  2 14:56:48 2024]
localrule generate_nystrom_quadrature:
    input: quads/nystrom.8/breakpoints_r, quads/nystrom.8/breakpoints_theta
    output: quads/nystrom.8/7.9.quad
    jobid: 96
    reason: Missing output files: quads/nystrom.8/7.9.quad; Input files updated by another job: quads/nystrom.8/breakpoints_theta, quads/nystrom.8/breakpoints_r
    wildcards: order=8, r0_index=7, theta0_index=9
    resources: tmpdir=/tmp

[Thu May  2 14:56:49 2024]
Finished job 66.
26 of 123 steps (21%) done
Select jobs to execute...
Execute 1 jobs...

[Thu May  2 14:56:49 2024]
localrule generate_nystrom_quadrature:
    input: quads/nystrom.8/breakpoints_r, quads/nystrom.8/breakpoints_theta
    output: quads/nystrom.8/6.2.quad
    jobid: 77
    reason: Missing output files: quads/nystrom.8/6.2.quad; Input files updated by another job: quads/nystrom.8/breakpoints_theta, quads/nystrom.8/breakpoints_r
    wildcards: order=8, r0_index=6, theta0_index=2
    resources: tmpdir=/tmp

[Thu May  2 14:56:52 2024]
Finished job 81.
27 of 123 steps (22%) done
Select jobs to execute...
Execute 1 jobs...

[Thu May  2 14:56:52 2024]
localrule generate_nystrom_quadrature:
    input: quads/nystrom.8/breakpoints_r, quads/nystrom.8/breakpoints_theta
    output: quads/nystrom.8/9.0.quad
    jobid: 111
    reason: Missing output files: quads/nystrom.8/9.0.quad; Input files updated by another job: quads/nystrom.8/breakpoints_theta, quads/nystrom.8/breakpoints_r
    wildcards: order=8, r0_index=9, theta0_index=0
    resources: tmpdir=/tmp

[Thu May  2 14:56:57 2024]
Finished job 77.
28 of 123 steps (23%) done
Select jobs to execute...
Execute 1 jobs...

[Thu May  2 14:56:57 2024]
localrule generate_nystrom_quadrature:
    input: quads/nystrom.8/breakpoints_r, quads/nystrom.8/breakpoints_theta
    output: quads/nystrom.8/1.2.quad
    jobid: 17
    reason: Missing output files: quads/nystrom.8/1.2.quad; Input files updated by another job: quads/nystrom.8/breakpoints_theta, quads/nystrom.8/breakpoints_r
    wildcards: order=8, r0_index=1, theta0_index=2
    resources: tmpdir=/tmp

[Thu May  2 14:57:00 2024]
Finished job 111.
29 of 123 steps (24%) done
Select jobs to execute...
Execute 1 jobs...

[Thu May  2 14:57:00 2024]
localrule generate_nystrom_quadrature:
    input: quads/nystrom.8/breakpoints_r, quads/nystrom.8/breakpoints_theta
    output: quads/nystrom.8/2.5.quad
    jobid: 32
    reason: Missing output files: quads/nystrom.8/2.5.quad; Input files updated by another job: quads/nystrom.8/breakpoints_theta, quads/nystrom.8/breakpoints_r
    wildcards: order=8, r0_index=2, theta0_index=5
    resources: tmpdir=/tmp

[Thu May  2 14:59:00 2024]
Finished job 122.
30 of 123 steps (24%) done
Select jobs to execute...
Execute 1 jobs...

[Thu May  2 14:59:00 2024]
localrule generate_nystrom_quadrature:
    input: quads/nystrom.8/breakpoints_r, quads/nystrom.8/breakpoints_theta
    output: quads/nystrom.8/2.7.quad
    jobid: 34
    reason: Missing output files: quads/nystrom.8/2.7.quad; Input files updated by another job: quads/nystrom.8/breakpoints_theta, quads/nystrom.8/breakpoints_r
    wildcards: order=8, r0_index=2, theta0_index=7
    resources: tmpdir=/tmp

[Thu May  2 14:59:19 2024]
Finished job 96.
31 of 123 steps (25%) done
Select jobs to execute...
Execute 1 jobs...

[Thu May  2 14:59:19 2024]
localrule generate_nystrom_quadrature:
    input: quads/nystrom.8/breakpoints_r, quads/nystrom.8/breakpoints_theta
    output: quads/nystrom.8/9.6.quad
    jobid: 117
    reason: Missing output files: quads/nystrom.8/9.6.quad; Input files updated by another job: quads/nystrom.8/breakpoints_theta, quads/nystrom.8/breakpoints_r
    wildcards: order=8, r0_index=9, theta0_index=6
    resources: tmpdir=/tmp

[Thu May  2 14:59:22 2024]
Finished job 32.
32 of 123 steps (26%) done
Select jobs to execute...
Execute 1 jobs...

[Thu May  2 14:59:22 2024]
localrule generate_nystrom_quadrature:
    input: quads/nystrom.8/breakpoints_r, quads/nystrom.8/breakpoints_theta
    output: quads/nystrom.8/7.0.quad
    jobid: 87
    reason: Missing output files: quads/nystrom.8/7.0.quad; Input files updated by another job: quads/nystrom.8/breakpoints_theta, quads/nystrom.8/breakpoints_r
    wildcards: order=8, r0_index=7, theta0_index=0
    resources: tmpdir=/tmp

[Thu May  2 14:59:29 2024]
Finished job 117.
33 of 123 steps (27%) done
Select jobs to execute...
Execute 1 jobs...

[Thu May  2 14:59:29 2024]
localrule generate_nystrom_quadrature:
    input: quads/nystrom.8/breakpoints_r, quads/nystrom.8/breakpoints_theta
    output: quads/nystrom.8/1.8.quad
    jobid: 23
    reason: Missing output files: quads/nystrom.8/1.8.quad; Input files updated by another job: quads/nystrom.8/breakpoints_theta, quads/nystrom.8/breakpoints_r
    wildcards: order=8, r0_index=1, theta0_index=8
    resources: tmpdir=/tmp

[Thu May  2 14:59:31 2024]
Finished job 17.
34 of 123 steps (28%) done
Select jobs to execute...
Execute 1 jobs...

[Thu May  2 14:59:31 2024]
localrule generate_nystrom_quadrature:
    input: quads/nystrom.8/breakpoints_r, quads/nystrom.8/breakpoints_theta
    output: quads/nystrom.8/9.4.quad
    jobid: 115
    reason: Missing output files: quads/nystrom.8/9.4.quad; Input files updated by another job: quads/nystrom.8/breakpoints_theta, quads/nystrom.8/breakpoints_r
    wildcards: order=8, r0_index=9, theta0_index=4
    resources: tmpdir=/tmp

[Thu May  2 14:59:31 2024]
Finished job 87.
35 of 123 steps (28%) done
Select jobs to execute...
Execute 1 jobs...

[Thu May  2 14:59:31 2024]
localrule generate_nystrom_quadrature:
    input: quads/nystrom.8/breakpoints_r, quads/nystrom.8/breakpoints_theta
    output: quads/nystrom.8/0.3.quad
    jobid: 6
    reason: Missing output files: quads/nystrom.8/0.3.quad; Input files updated by another job: quads/nystrom.8/breakpoints_theta, quads/nystrom.8/breakpoints_r
    wildcards: order=8, r0_index=0, theta0_index=3
    resources: tmpdir=/tmp

[Thu May  2 14:59:39 2024]
Finished job 115.
36 of 123 steps (29%) done
Select jobs to execute...
Execute 1 jobs...

[Thu May  2 14:59:39 2024]
localrule generate_nystrom_quadrature:
    input: quads/nystrom.8/breakpoints_r, quads/nystrom.8/breakpoints_theta
    output: quads/nystrom.8/1.6.quad
    jobid: 21
    reason: Missing output files: quads/nystrom.8/1.6.quad; Input files updated by another job: quads/nystrom.8/breakpoints_theta, quads/nystrom.8/breakpoints_r
    wildcards: order=8, r0_index=1, theta0_index=6
    resources: tmpdir=/tmp

[Thu May  2 15:01:30 2024]
Finished job 34.
37 of 123 steps (30%) done
Select jobs to execute...
Execute 1 jobs...

[Thu May  2 15:01:30 2024]
localrule generate_nystrom_quadrature:
    input: quads/nystrom.8/breakpoints_r, quads/nystrom.8/breakpoints_theta
    output: quads/nystrom.8/2.9.quad
    jobid: 36
    reason: Missing output files: quads/nystrom.8/2.9.quad; Input files updated by another job: quads/nystrom.8/breakpoints_theta, quads/nystrom.8/breakpoints_r
    wildcards: order=8, r0_index=2, theta0_index=9
    resources: tmpdir=/tmp

[Thu May  2 15:02:55 2024]
Finished job 21.
38 of 123 steps (31%) done
Select jobs to execute...
Execute 1 jobs...

[Thu May  2 15:02:55 2024]
localrule generate_nystrom_quadrature:
    input: quads/nystrom.8/breakpoints_r, quads/nystrom.8/breakpoints_theta
    output: quads/nystrom.8/8.1.quad
    jobid: 100
    reason: Missing output files: quads/nystrom.8/8.1.quad; Input files updated by another job: quads/nystrom.8/breakpoints_theta, quads/nystrom.8/breakpoints_r
    wildcards: order=8, r0_index=8, theta0_index=1
    resources: tmpdir=/tmp

[Thu May  2 15:03:04 2024]
Finished job 100.
39 of 123 steps (32%) done
Select jobs to execute...
Execute 1 jobs...

[Thu May  2 15:03:04 2024]
localrule generate_nystrom_quadrature:
    input: quads/nystrom.8/breakpoints_r, quads/nystrom.8/breakpoints_theta
    output: quads/nystrom.8/4.8.quad
    jobid: 59
    reason: Missing output files: quads/nystrom.8/4.8.quad; Input files updated by another job: quads/nystrom.8/breakpoints_theta, quads/nystrom.8/breakpoints_r
    wildcards: order=8, r0_index=4, theta0_index=8
    resources: tmpdir=/tmp

[Thu May  2 15:03:07 2024]
Finished job 23.
40 of 123 steps (33%) done
Select jobs to execute...
Execute 1 jobs...

[Thu May  2 15:03:07 2024]
localrule generate_nystrom_quadrature:
    input: quads/nystrom.8/breakpoints_r, quads/nystrom.8/breakpoints_theta
    output: quads/nystrom.8/5.11.quad
    jobid: 74
    reason: Missing output files: quads/nystrom.8/5.11.quad; Input files updated by another job: quads/nystrom.8/breakpoints_theta, quads/nystrom.8/breakpoints_r
    wildcards: order=8, r0_index=5, theta0_index=11
    resources: tmpdir=/tmp

[Thu May  2 15:03:25 2024]
Finished job 6.
41 of 123 steps (33%) done
Select jobs to execute...
Execute 1 jobs...

[Thu May  2 15:03:25 2024]
localrule generate_nystrom_quadrature:
    input: quads/nystrom.8/breakpoints_r, quads/nystrom.8/breakpoints_theta
    output: quads/nystrom.8/7.2.quad
    jobid: 89
    reason: Missing output files: quads/nystrom.8/7.2.quad; Input files updated by another job: quads/nystrom.8/breakpoints_theta, quads/nystrom.8/breakpoints_r
    wildcards: order=8, r0_index=7, theta0_index=2
    resources: tmpdir=/tmp

[Thu May  2 15:03:34 2024]
Finished job 89.
42 of 123 steps (34%) done
Select jobs to execute...
Execute 1 jobs...

[Thu May  2 15:03:34 2024]
localrule generate_nystrom_quadrature:
    input: quads/nystrom.8/breakpoints_r, quads/nystrom.8/breakpoints_theta
    output: quads/nystrom.8/0.7.quad
    jobid: 10
    reason: Missing output files: quads/nystrom.8/0.7.quad; Input files updated by another job: quads/nystrom.8/breakpoints_theta, quads/nystrom.8/breakpoints_r
    wildcards: order=8, r0_index=0, theta0_index=7
    resources: tmpdir=/tmp

[Thu May  2 15:04:24 2024]
Finished job 59.
43 of 123 steps (35%) done
Select jobs to execute...
Execute 1 jobs...

[Thu May  2 15:04:24 2024]
localrule generate_nystrom_quadrature:
    input: quads/nystrom.8/breakpoints_r, quads/nystrom.8/breakpoints_theta
    output: quads/nystrom.8/1.10.quad
    jobid: 25
    reason: Missing output files: quads/nystrom.8/1.10.quad; Input files updated by another job: quads/nystrom.8/breakpoints_theta, quads/nystrom.8/breakpoints_r
    wildcards: order=8, r0_index=1, theta0_index=10
    resources: tmpdir=/tmp

[Thu May  2 15:05:34 2024]
Finished job 36.
44 of 123 steps (36%) done
Select jobs to execute...
Execute 1 jobs...

[Thu May  2 15:05:34 2024]
localrule generate_nystrom_quadrature:
    input: quads/nystrom.8/breakpoints_r, quads/nystrom.8/breakpoints_theta
    output: quads/nystrom.8/3.1.quad
    jobid: 40
    reason: Missing output files: quads/nystrom.8/3.1.quad; Input files updated by another job: quads/nystrom.8/breakpoints_theta, quads/nystrom.8/breakpoints_r
    wildcards: order=8, r0_index=3, theta0_index=1
    resources: tmpdir=/tmp

[Thu May  2 15:06:50 2024]
Finished job 40.
45 of 123 steps (37%) done
Select jobs to execute...
Execute 1 jobs...

[Thu May  2 15:06:50 2024]
localrule generate_nystrom_quadrature:
    input: quads/nystrom.8/breakpoints_r, quads/nystrom.8/breakpoints_theta
    output: quads/nystrom.8/3.9.quad
    jobid: 48
    reason: Missing output files: quads/nystrom.8/3.9.quad; Input files updated by another job: quads/nystrom.8/breakpoints_theta, quads/nystrom.8/breakpoints_r
    wildcards: order=8, r0_index=3, theta0_index=9
    resources: tmpdir=/tmp

[Thu May  2 15:07:45 2024]
Finished job 10.
46 of 123 steps (37%) done
Select jobs to execute...
Execute 1 jobs...

[Thu May  2 15:07:45 2024]
localrule generate_nystrom_quadrature:
    input: quads/nystrom.8/breakpoints_r, quads/nystrom.8/breakpoints_theta
    output: quads/nystrom.8/3.0.quad
    jobid: 39
    reason: Missing output files: quads/nystrom.8/3.0.quad; Input files updated by another job: quads/nystrom.8/breakpoints_theta, quads/nystrom.8/breakpoints_r
    wildcards: order=8, r0_index=3, theta0_index=0
    resources: tmpdir=/tmp

[Thu May  2 15:08:36 2024]
Error in rule generate_nystrom_quadrature:
    jobid: 39
    input: quads/nystrom.8/breakpoints_r, quads/nystrom.8/breakpoints_theta
    output: quads/nystrom.8/3.0.quad
    shell:
        python3 examples/generate_nystrom_quad.py 8 3 0 quads/nystrom.8/3.0.quad
        (one of the commands exited with non-zero exit code; note that snakemake uses bash strict mode!)

[Thu May  2 15:10:18 2024]
Finished job 48.
47 of 123 steps (38%) done
[Thu May  2 15:12:09 2024]
Finished job 25.
48 of 123 steps (39%) done
[Thu May  2 15:13:43 2024]
Finished job 74.
49 of 123 steps (40%) done
Shutting down, this might take some time.
Exiting because a job execution failed. Look above for error message
Complete log: .snakemake/log/2024-05-02T143910.439659.snakemake.log
WorkflowError:
At least one job did not complete successfully.
