Building DAG of jobs...
Using shell: /usr/bin/bash
Provided cores: 6
Rules claiming more threads will be scaled down.
Job stats:
job                    count
-------------------  -------
all                        1
generate_quadrature        1
total                      2

Select jobs to execute...
Execute 1 jobs...

[Fri Mar 22 14:23:13 2024]
localrule generate_quadrature:
    output: quads/nystrom.16.4.quad
    jobid: 4
    reason: Missing output files: quads/nystrom.16.4.quad
    wildcards: number_parameters=16, order=4
    resources: tmpdir=/tmp/pbs.387926.hnode41

Terminating processes on user request, this might take some time.
[Fri Mar 22 14:23:17 2024]
Error in rule generate_quadrature:
    jobid: 4
    output: quads/nystrom.16.4.quad
    shell:
        python3 examples/generate_quad.py 16 4 quads/nystrom.16.4.quad
        (one of the commands exited with non-zero exit code; note that snakemake uses bash strict mode!)

Complete log: .snakemake/log/2024-03-22T142312.376407.snakemake.log
WorkflowError:
At least one job did not complete successfully.
