Building DAG of jobs...
Using shell: /usr/bin/bash
Provided cores: 20
Rules claiming more threads will be scaled down.
Job stats:
job                            count
---------------------------  -------
all                                1
generate_nystrom_quadrature      226
generate_table                     3
total                            230

Select jobs to execute...
Execute 20 jobs...

[Wed Apr 24 11:14:29 2024]
localrule generate_nystrom_quadrature:
    input: quads/nystrom.8/breakpoints_r, quads/nystrom.8/breakpoints_theta
    output: quads/nystrom.8/7.11.quad
    jobid: 220
    reason: Missing output files: quads/nystrom.8/7.11.quad; Updated input files: quads/nystrom.8/breakpoints_r, quads/nystrom.8/breakpoints_theta
    wildcards: order=8, r0_index=7, theta0_index=11
    resources: tmpdir=/tmp/pbs.398222.hnode41


[Wed Apr 24 11:14:29 2024]
localrule generate_nystrom_quadrature:
    input: quads/nystrom.16/breakpoints_r, quads/nystrom.16/breakpoints_theta
    output: quads/nystrom.16/9.8.quad
    jobid: 363
    reason: Missing output files: quads/nystrom.16/9.8.quad; Updated input files: quads/nystrom.16/breakpoints_theta, quads/nystrom.16/breakpoints_r
    wildcards: order=16, r0_index=9, theta0_index=8
    resources: tmpdir=/tmp/pbs.398222.hnode41


[Wed Apr 24 11:14:29 2024]
localrule generate_nystrom_quadrature:
    input: quads/nystrom.16/breakpoints_r, quads/nystrom.16/breakpoints_theta
    output: quads/nystrom.16/5.11.quad
    jobid: 318
    reason: Missing output files: quads/nystrom.16/5.11.quad; Updated input files: quads/nystrom.16/breakpoints_theta, quads/nystrom.16/breakpoints_r
    wildcards: order=16, r0_index=5, theta0_index=11
    resources: tmpdir=/tmp/pbs.398222.hnode41


[Wed Apr 24 11:14:29 2024]
localrule generate_nystrom_quadrature:
    input: quads/nystrom.16/breakpoints_r, quads/nystrom.16/breakpoints_theta
    output: quads/nystrom.16/8.5.quad
    jobid: 348
    reason: Missing output files: quads/nystrom.16/8.5.quad; Updated input files: quads/nystrom.16/breakpoints_theta, quads/nystrom.16/breakpoints_r
    wildcards: order=16, r0_index=8, theta0_index=5
    resources: tmpdir=/tmp/pbs.398222.hnode41


[Wed Apr 24 11:14:29 2024]
localrule generate_nystrom_quadrature:
    input: quads/nystrom.16/breakpoints_r, quads/nystrom.16/breakpoints_theta
    output: quads/nystrom.16/4.8.quad
    jobid: 303
    reason: Missing output files: quads/nystrom.16/4.8.quad; Updated input files: quads/nystrom.16/breakpoints_theta, quads/nystrom.16/breakpoints_r
    wildcards: order=16, r0_index=4, theta0_index=8
    resources: tmpdir=/tmp/pbs.398222.hnode41


[Wed Apr 24 11:14:29 2024]
localrule generate_nystrom_quadrature:
    input: quads/nystrom.16/breakpoints_r, quads/nystrom.16/breakpoints_theta
    output: quads/nystrom.16/2.2.quad
    jobid: 273
    reason: Missing output files: quads/nystrom.16/2.2.quad; Updated input files: quads/nystrom.16/breakpoints_theta, quads/nystrom.16/breakpoints_r
    wildcards: order=16, r0_index=2, theta0_index=2
    resources: tmpdir=/tmp/pbs.398222.hnode41


[Wed Apr 24 11:14:29 2024]
localrule generate_nystrom_quadrature:
    input: quads/nystrom.8/breakpoints_r, quads/nystrom.8/breakpoints_theta
    output: quads/nystrom.8/9.10.quad
    jobid: 243
    reason: Missing output files: quads/nystrom.8/9.10.quad; Updated input files: quads/nystrom.8/breakpoints_r, quads/nystrom.8/breakpoints_theta
    wildcards: order=8, r0_index=9, theta0_index=10
    resources: tmpdir=/tmp/pbs.398222.hnode41


[Wed Apr 24 11:14:29 2024]
localrule generate_nystrom_quadrature:
    input: quads/nystrom.8/breakpoints_r, quads/nystrom.8/breakpoints_theta
    output: quads/nystrom.8/4.10.quad
    jobid: 183
    reason: Missing output files: quads/nystrom.8/4.10.quad; Updated input files: quads/nystrom.8/breakpoints_r, quads/nystrom.8/breakpoints_theta
    wildcards: order=8, r0_index=4, theta0_index=10
    resources: tmpdir=/tmp/pbs.398222.hnode41


[Wed Apr 24 11:14:29 2024]
localrule generate_nystrom_quadrature:
    input: quads/nystrom.16/breakpoints_r, quads/nystrom.16/breakpoints_theta
    output: quads/nystrom.16/3.9.quad
    jobid: 292
    reason: Missing output files: quads/nystrom.16/3.9.quad; Updated input files: quads/nystrom.16/breakpoints_theta, quads/nystrom.16/breakpoints_r
    wildcards: order=16, r0_index=3, theta0_index=9
    resources: tmpdir=/tmp/pbs.398222.hnode41


[Wed Apr 24 11:14:29 2024]
localrule generate_nystrom_quadrature:
    input: quads/nystrom.16/breakpoints_r, quads/nystrom.16/breakpoints_theta
    output: quads/nystrom.16/1.3.quad
    jobid: 262
    reason: Missing output files: quads/nystrom.16/1.3.quad; Updated input files: quads/nystrom.16/breakpoints_theta, quads/nystrom.16/breakpoints_r
    wildcards: order=16, r0_index=1, theta0_index=3
    resources: tmpdir=/tmp/pbs.398222.hnode41


[Wed Apr 24 11:14:29 2024]
localrule generate_nystrom_quadrature:
    input: quads/nystrom.16/breakpoints_r, quads/nystrom.16/breakpoints_theta
    output: quads/nystrom.16/7.6.quad
    jobid: 337
    reason: Missing output files: quads/nystrom.16/7.6.quad; Updated input files: quads/nystrom.16/breakpoints_theta, quads/nystrom.16/breakpoints_r
    wildcards: order=16, r0_index=7, theta0_index=6
    resources: tmpdir=/tmp/pbs.398222.hnode41


[Wed Apr 24 11:14:29 2024]
localrule generate_nystrom_quadrature:
    input: quads/nystrom.16/breakpoints_r, quads/nystrom.16/breakpoints_theta
    output: quads/nystrom.16/6.3.quad
    jobid: 322
    reason: Missing output files: quads/nystrom.16/6.3.quad; Updated input files: quads/nystrom.16/breakpoints_theta, quads/nystrom.16/breakpoints_r
    wildcards: order=16, r0_index=6, theta0_index=3
    resources: tmpdir=/tmp/pbs.398222.hnode41


[Wed Apr 24 11:14:29 2024]
localrule generate_nystrom_quadrature:
    input: quads/nystrom.16/breakpoints_r, quads/nystrom.16/breakpoints_theta
    output: quads/nystrom.16/8.9.quad
    jobid: 352
    reason: Missing output files: quads/nystrom.16/8.9.quad; Updated input files: quads/nystrom.16/breakpoints_theta, quads/nystrom.16/breakpoints_r
    wildcards: order=16, r0_index=8, theta0_index=9
    resources: tmpdir=/tmp/pbs.398222.hnode41


[Wed Apr 24 11:14:29 2024]
localrule generate_nystrom_quadrature:
    input: quads/nystrom.16/breakpoints_r, quads/nystrom.16/breakpoints_theta
    output: quads/nystrom.16/0.0.quad
    jobid: 247
    reason: Missing output files: quads/nystrom.16/0.0.quad; Updated input files: quads/nystrom.16/breakpoints_theta, quads/nystrom.16/breakpoints_r
    wildcards: order=16, r0_index=0, theta0_index=0
    resources: tmpdir=/tmp/pbs.398222.hnode41


[Wed Apr 24 11:14:29 2024]
localrule generate_nystrom_quadrature:
    input: quads/nystrom.16/breakpoints_r, quads/nystrom.16/breakpoints_theta
    output: quads/nystrom.16/2.6.quad
    jobid: 277
    reason: Missing output files: quads/nystrom.16/2.6.quad; Updated input files: quads/nystrom.16/breakpoints_theta, quads/nystrom.16/breakpoints_r
    wildcards: order=16, r0_index=2, theta0_index=6
    resources: tmpdir=/tmp/pbs.398222.hnode41


[Wed Apr 24 11:14:29 2024]
localrule generate_nystrom_quadrature:
    input: quads/nystrom.8/breakpoints_r, quads/nystrom.8/breakpoints_theta
    output: quads/nystrom.8/2.8.quad
    jobid: 157
    reason: Missing output files: quads/nystrom.8/2.8.quad; Updated input files: quads/nystrom.8/breakpoints_r, quads/nystrom.8/breakpoints_theta
    wildcards: order=8, r0_index=2, theta0_index=8
    resources: tmpdir=/tmp/pbs.398222.hnode41


[Wed Apr 24 11:14:29 2024]
localrule generate_nystrom_quadrature:
    input: quads/nystrom.8/breakpoints_r, quads/nystrom.8/breakpoints_theta
    output: quads/nystrom.8/3.11.quad
    jobid: 172
    reason: Missing output files: quads/nystrom.8/3.11.quad; Updated input files: quads/nystrom.8/breakpoints_r, quads/nystrom.8/breakpoints_theta
    wildcards: order=8, r0_index=3, theta0_index=11
    resources: tmpdir=/tmp/pbs.398222.hnode41


[Wed Apr 24 11:14:29 2024]
localrule generate_nystrom_quadrature:
    input: quads/nystrom.8/breakpoints_r, quads/nystrom.8/breakpoints_theta
    output: quads/nystrom.8/7.8.quad
    jobid: 217
    reason: Missing output files: quads/nystrom.8/7.8.quad; Updated input files: quads/nystrom.8/breakpoints_r, quads/nystrom.8/breakpoints_theta
    wildcards: order=8, r0_index=7, theta0_index=8
    resources: tmpdir=/tmp/pbs.398222.hnode41


[Wed Apr 24 11:14:29 2024]
localrule generate_nystrom_quadrature:
    input: quads/nystrom.16/breakpoints_r, quads/nystrom.16/breakpoints_theta
    output: quads/nystrom.16/6.6.quad
    jobid: 325
    reason: Missing output files: quads/nystrom.16/6.6.quad; Updated input files: quads/nystrom.16/breakpoints_theta, quads/nystrom.16/breakpoints_r
    wildcards: order=16, r0_index=6, theta0_index=6
    resources: tmpdir=/tmp/pbs.398222.hnode41


[Wed Apr 24 11:14:29 2024]
localrule generate_nystrom_quadrature:
    input: quads/nystrom.16/breakpoints_r, quads/nystrom.16/breakpoints_theta
    output: quads/nystrom.16/9.0.quad
    jobid: 355
    reason: Missing output files: quads/nystrom.16/9.0.quad; Updated input files: quads/nystrom.16/breakpoints_theta, quads/nystrom.16/breakpoints_r
    wildcards: order=16, r0_index=9, theta0_index=0
    resources: tmpdir=/tmp/pbs.398222.hnode41

[Wed Apr 24 11:15:06 2024]
Finished job 355.
1 of 230 steps (0.4%) done
Select jobs to execute...
Execute 1 jobs...

[Wed Apr 24 11:15:06 2024]
localrule generate_nystrom_quadrature:
    input: quads/nystrom.8/breakpoints_r, quads/nystrom.8/breakpoints_theta
    output: quads/nystrom.8/6.11.quad
    jobid: 208
    reason: Missing output files: quads/nystrom.8/6.11.quad; Updated input files: quads/nystrom.8/breakpoints_r, quads/nystrom.8/breakpoints_theta
    wildcards: order=8, r0_index=6, theta0_index=11
    resources: tmpdir=/tmp/pbs.398222.hnode41

[Wed Apr 24 11:15:16 2024]
Finished job 348.
2 of 230 steps (1%) done
Select jobs to execute...
Execute 1 jobs...

[Wed Apr 24 11:15:16 2024]
localrule generate_nystrom_quadrature:
    input: quads/nystrom.8/breakpoints_r, quads/nystrom.8/breakpoints_theta
    output: quads/nystrom.8/3.2.quad
    jobid: 163
    reason: Missing output files: quads/nystrom.8/3.2.quad; Updated input files: quads/nystrom.8/breakpoints_r, quads/nystrom.8/breakpoints_theta
    wildcards: order=8, r0_index=3, theta0_index=2
    resources: tmpdir=/tmp/pbs.398222.hnode41

[Wed Apr 24 11:16:15 2024]
Finished job 217.
3 of 230 steps (1%) done
Select jobs to execute...
Execute 1 jobs...

[Wed Apr 24 11:16:15 2024]
localrule generate_nystrom_quadrature:
    input: quads/nystrom.16/breakpoints_r, quads/nystrom.16/breakpoints_theta
    output: quads/nystrom.16/7.1.quad
    jobid: 332
    reason: Missing output files: quads/nystrom.16/7.1.quad; Updated input files: quads/nystrom.16/breakpoints_theta, quads/nystrom.16/breakpoints_r
    wildcards: order=16, r0_index=7, theta0_index=1
    resources: tmpdir=/tmp/pbs.398222.hnode41

[Wed Apr 24 11:16:25 2024]
Finished job 337.
4 of 230 steps (2%) done
Select jobs to execute...
Execute 1 jobs...

[Wed Apr 24 11:16:25 2024]
localrule generate_nystrom_quadrature:
    input: quads/nystrom.8/breakpoints_r, quads/nystrom.8/breakpoints_theta
    output: quads/nystrom.8/1.11.quad
    jobid: 148
    reason: Missing output files: quads/nystrom.8/1.11.quad; Updated input files: quads/nystrom.8/breakpoints_r, quads/nystrom.8/breakpoints_theta
    wildcards: order=8, r0_index=1, theta0_index=11
    resources: tmpdir=/tmp/pbs.398222.hnode41

[Wed Apr 24 11:16:49 2024]
Finished job 332.
5 of 230 steps (2%) done
Select jobs to execute...
Execute 1 jobs...

[Wed Apr 24 11:16:49 2024]
localrule generate_nystrom_quadrature:
    input: quads/nystrom.16/breakpoints_r, quads/nystrom.16/breakpoints_theta
    output: quads/nystrom.16/8.4.quad
    jobid: 347
    reason: Missing output files: quads/nystrom.16/8.4.quad; Updated input files: quads/nystrom.16/breakpoints_theta, quads/nystrom.16/breakpoints_r
    wildcards: order=16, r0_index=8, theta0_index=4
    resources: tmpdir=/tmp/pbs.398222.hnode41

[Wed Apr 24 11:16:57 2024]
Finished job 322.
6 of 230 steps (3%) done
Select jobs to execute...
Execute 1 jobs...

[Wed Apr 24 11:16:57 2024]
localrule generate_nystrom_quadrature:
    input: quads/nystrom.16/breakpoints_r, quads/nystrom.16/breakpoints_theta
    output: quads/nystrom.16/3.4.quad
    jobid: 287
    reason: Missing output files: quads/nystrom.16/3.4.quad; Updated input files: quads/nystrom.16/breakpoints_theta, quads/nystrom.16/breakpoints_r
    wildcards: order=16, r0_index=3, theta0_index=4
    resources: tmpdir=/tmp/pbs.398222.hnode41

[Wed Apr 24 11:17:22 2024]
Finished job 347.
7 of 230 steps (3%) done
Select jobs to execute...
Execute 1 jobs...

[Wed Apr 24 11:17:23 2024]
localrule generate_nystrom_quadrature:
    input: quads/nystrom.16/breakpoints_r, quads/nystrom.16/breakpoints_theta
    output: quads/nystrom.16/4.7.quad
    jobid: 302
    reason: Missing output files: quads/nystrom.16/4.7.quad; Updated input files: quads/nystrom.16/breakpoints_theta, quads/nystrom.16/breakpoints_r
    wildcards: order=16, r0_index=4, theta0_index=7
    resources: tmpdir=/tmp/pbs.398222.hnode41

[Wed Apr 24 11:17:55 2024]
Finished job 163.
8 of 230 steps (3%) done
Select jobs to execute...
Execute 1 jobs...

[Wed Apr 24 11:17:55 2024]
localrule generate_nystrom_quadrature:
    input: quads/nystrom.8/breakpoints_r, quads/nystrom.8/breakpoints_theta
    output: quads/nystrom.8/8.2.quad
    jobid: 223
    reason: Missing output files: quads/nystrom.8/8.2.quad; Updated input files: quads/nystrom.8/breakpoints_r, quads/nystrom.8/breakpoints_theta
    wildcards: order=8, r0_index=8, theta0_index=2
    resources: tmpdir=/tmp/pbs.398222.hnode41

[Wed Apr 24 11:18:08 2024]
Finished job 223.
9 of 230 steps (4%) done
Select jobs to execute...
Execute 1 jobs...

[Wed Apr 24 11:18:09 2024]
localrule generate_nystrom_quadrature:
    input: quads/nystrom.16/breakpoints_r, quads/nystrom.16/breakpoints_theta
    output: quads/nystrom.16/0.10.quad
    jobid: 257
    reason: Missing output files: quads/nystrom.16/0.10.quad; Updated input files: quads/nystrom.16/breakpoints_theta, quads/nystrom.16/breakpoints_r
    wildcards: order=16, r0_index=0, theta0_index=10
    resources: tmpdir=/tmp/pbs.398222.hnode41

[Wed Apr 24 11:18:10 2024]
Finished job 325.
10 of 230 steps (4%) done
Select jobs to execute...
Execute 1 jobs...

[Wed Apr 24 11:18:11 2024]
localrule generate_nystrom_quadrature:
    input: quads/nystrom.8/breakpoints_r, quads/nystrom.8/breakpoints_theta
    output: quads/nystrom.8/0.8.quad
    jobid: 133
    reason: Missing output files: quads/nystrom.8/0.8.quad; Updated input files: quads/nystrom.8/breakpoints_r, quads/nystrom.8/breakpoints_theta
    wildcards: order=8, r0_index=0, theta0_index=8
    resources: tmpdir=/tmp/pbs.398222.hnode41

[Wed Apr 24 11:19:15 2024]
Finished job 157.
11 of 230 steps (5%) done
Select jobs to execute...
Execute 1 jobs...

[Wed Apr 24 11:19:15 2024]
localrule generate_nystrom_quadrature:
    input: quads/nystrom.16/breakpoints_r, quads/nystrom.16/breakpoints_theta
    output: quads/nystrom.16/2.1.quad
    jobid: 272
    reason: Missing output files: quads/nystrom.16/2.1.quad; Updated input files: quads/nystrom.16/breakpoints_theta, quads/nystrom.16/breakpoints_r
    wildcards: order=16, r0_index=2, theta0_index=1
    resources: tmpdir=/tmp/pbs.398222.hnode41

[Wed Apr 24 11:19:43 2024]
Finished job 363.
12 of 230 steps (5%) done
Select jobs to execute...
Execute 1 jobs...

[Wed Apr 24 11:19:43 2024]
localrule generate_nystrom_quadrature:
    input: quads/nystrom.16/breakpoints_r, quads/nystrom.16/breakpoints_theta
    output: quads/nystrom.16/5.6.quad
    jobid: 313
    reason: Missing output files: quads/nystrom.16/5.6.quad; Updated input files: quads/nystrom.16/breakpoints_theta, quads/nystrom.16/breakpoints_r
    wildcards: order=16, r0_index=5, theta0_index=6
    resources: tmpdir=/tmp/pbs.398222.hnode41

[Wed Apr 24 11:23:01 2024]
Finished job 303.
13 of 230 steps (6%) done
Select jobs to execute...
Execute 1 jobs...

[Wed Apr 24 11:23:01 2024]
localrule generate_nystrom_quadrature:
    input: quads/nystrom.16/breakpoints_r, quads/nystrom.16/breakpoints_theta
    output: quads/nystrom.16/5.10.quad
    jobid: 317
    reason: Missing output files: quads/nystrom.16/5.10.quad; Updated input files: quads/nystrom.16/breakpoints_theta, quads/nystrom.16/breakpoints_r
    wildcards: order=16, r0_index=5, theta0_index=10
    resources: tmpdir=/tmp/pbs.398222.hnode41

[Wed Apr 24 11:24:03 2024]
Finished job 313.
14 of 230 steps (6%) done
Select jobs to execute...
Execute 1 jobs...

[Wed Apr 24 11:24:03 2024]
localrule generate_nystrom_quadrature:
    input: quads/nystrom.16/breakpoints_r, quads/nystrom.16/breakpoints_theta
    output: quads/nystrom.16/9.7.quad
    jobid: 362
    reason: Missing output files: quads/nystrom.16/9.7.quad; Updated input files: quads/nystrom.16/breakpoints_theta, quads/nystrom.16/breakpoints_r
    wildcards: order=16, r0_index=9, theta0_index=7
    resources: tmpdir=/tmp/pbs.398222.hnode41

[Wed Apr 24 11:25:21 2024]
Finished job 302.
15 of 230 steps (7%) done
Select jobs to execute...
Execute 1 jobs...

[Wed Apr 24 11:25:22 2024]
localrule generate_nystrom_quadrature:
    input: quads/nystrom.8/breakpoints_r, quads/nystrom.8/breakpoints_theta
    output: quads/nystrom.8/1.0.quad
    jobid: 137
    reason: Missing output files: quads/nystrom.8/1.0.quad; Updated input files: quads/nystrom.8/breakpoints_r, quads/nystrom.8/breakpoints_theta
    wildcards: order=8, r0_index=1, theta0_index=0
    resources: tmpdir=/tmp/pbs.398222.hnode41

[Wed Apr 24 11:26:22 2024]
Finished job 133.
16 of 230 steps (7%) done
Select jobs to execute...
Execute 1 jobs...

[Wed Apr 24 11:26:22 2024]
localrule generate_nystrom_quadrature:
    input: quads/nystrom.16/breakpoints_r, quads/nystrom.16/breakpoints_theta
    output: quads/nystrom.16/3.0.quad
    jobid: 283
    reason: Missing output files: quads/nystrom.16/3.0.quad; Updated input files: quads/nystrom.16/breakpoints_theta, quads/nystrom.16/breakpoints_r
    wildcards: order=16, r0_index=3, theta0_index=0
    resources: tmpdir=/tmp/pbs.398222.hnode41

[Wed Apr 24 11:26:57 2024]
Finished job 273.
17 of 230 steps (7%) done
Select jobs to execute...
Execute 1 jobs...

[Wed Apr 24 11:26:57 2024]
localrule generate_nystrom_quadrature:
    input: quads/nystrom.8/breakpoints_r, quads/nystrom.8/breakpoints_theta
    output: quads/nystrom.8/6.0.quad
    jobid: 197
    reason: Missing output files: quads/nystrom.8/6.0.quad; Updated input files: quads/nystrom.8/breakpoints_r, quads/nystrom.8/breakpoints_theta
    wildcards: order=8, r0_index=6, theta0_index=0
    resources: tmpdir=/tmp/pbs.398222.hnode41

[Wed Apr 24 11:27:05 2024]
Finished job 287.
18 of 230 steps (8%) done
Select jobs to execute...
Execute 1 jobs...

[Wed Apr 24 11:27:05 2024]
localrule generate_nystrom_quadrature:
    input: quads/nystrom.16/breakpoints_r, quads/nystrom.16/breakpoints_theta
    output: quads/nystrom.16/1.9.quad
    jobid: 268
    reason: Missing output files: quads/nystrom.16/1.9.quad; Updated input files: quads/nystrom.16/breakpoints_theta, quads/nystrom.16/breakpoints_r
    wildcards: order=16, r0_index=1, theta0_index=9
    resources: tmpdir=/tmp/pbs.398222.hnode41

[Wed Apr 24 11:27:40 2024]
Finished job 197.
19 of 230 steps (8%) done
Select jobs to execute...
Execute 1 jobs...

[Wed Apr 24 11:27:40 2024]
localrule generate_nystrom_quadrature:
    input: quads/nystrom.8/breakpoints_r, quads/nystrom.8/breakpoints_theta
    output: quads/nystrom.8/8.6.quad
    jobid: 227
    reason: Missing output files: quads/nystrom.8/8.6.quad; Updated input files: quads/nystrom.8/breakpoints_r, quads/nystrom.8/breakpoints_theta
    wildcards: order=8, r0_index=8, theta0_index=6
    resources: tmpdir=/tmp/pbs.398222.hnode41

[Wed Apr 24 11:28:19 2024]
Finished job 227.
20 of 230 steps (9%) done
Select jobs to execute...
Execute 1 jobs...

[Wed Apr 24 11:28:19 2024]
localrule generate_nystrom_quadrature:
    input: quads/nystrom.16/breakpoints_r, quads/nystrom.16/breakpoints_theta
    output: quads/nystrom.16/0.6.quad
    jobid: 253
    reason: Missing output files: quads/nystrom.16/0.6.quad; Updated input files: quads/nystrom.16/breakpoints_theta, quads/nystrom.16/breakpoints_r
    wildcards: order=16, r0_index=0, theta0_index=6
    resources: tmpdir=/tmp/pbs.398222.hnode41

[Wed Apr 24 11:28:56 2024]
Finished job 362.
21 of 230 steps (9%) done
Select jobs to execute...
Execute 1 jobs...

[Wed Apr 24 11:28:56 2024]
localrule generate_nystrom_quadrature:
    input: quads/nystrom.8/breakpoints_r, quads/nystrom.8/breakpoints_theta
    output: quads/nystrom.8/2.3.quad
    jobid: 152
    reason: Missing output files: quads/nystrom.8/2.3.quad; Updated input files: quads/nystrom.8/breakpoints_r, quads/nystrom.8/breakpoints_theta
    wildcards: order=8, r0_index=2, theta0_index=3
    resources: tmpdir=/tmp/pbs.398222.hnode41

[Wed Apr 24 11:30:29 2024]
Finished job 277.
22 of 230 steps (10%) done
Select jobs to execute...
Execute 1 jobs...

[Wed Apr 24 11:30:29 2024]
localrule generate_nystrom_quadrature:
    input: quads/nystrom.8/breakpoints_r, quads/nystrom.8/breakpoints_theta
    output: quads/nystrom.8/3.6.quad
    jobid: 167
    reason: Missing output files: quads/nystrom.8/3.6.quad; Updated input files: quads/nystrom.8/breakpoints_r, quads/nystrom.8/breakpoints_theta
    wildcards: order=8, r0_index=3, theta0_index=6
    resources: tmpdir=/tmp/pbs.398222.hnode41

[Wed Apr 24 11:31:18 2024]
Finished job 137.
23 of 230 steps (10%) done
Select jobs to execute...
Execute 1 jobs...

[Wed Apr 24 11:31:18 2024]
localrule generate_nystrom_quadrature:
    input: quads/nystrom.8/breakpoints_r, quads/nystrom.8/breakpoints_theta
    output: quads/nystrom.8/4.9.quad
    jobid: 182
    reason: Missing output files: quads/nystrom.8/4.9.quad; Updated input files: quads/nystrom.8/breakpoints_r, quads/nystrom.8/breakpoints_theta
    wildcards: order=8, r0_index=4, theta0_index=9
    resources: tmpdir=/tmp/pbs.398222.hnode41

[Wed Apr 24 11:32:26 2024]
Finished job 272.
24 of 230 steps (10%) done
Select jobs to execute...
Execute 1 jobs...

[Wed Apr 24 11:32:26 2024]
localrule generate_nystrom_quadrature:
    input: quads/nystrom.8/breakpoints_r, quads/nystrom.8/breakpoints_theta
    output: quads/nystrom.8/4.6.quad
    jobid: 179
    reason: Missing output files: quads/nystrom.8/4.6.quad; Updated input files: quads/nystrom.8/breakpoints_r, quads/nystrom.8/breakpoints_theta
    wildcards: order=8, r0_index=4, theta0_index=6
    resources: tmpdir=/tmp/pbs.398222.hnode41

[Wed Apr 24 11:32:59 2024]
Finished job 247.
25 of 230 steps (11%) done
Select jobs to execute...
Execute 1 jobs...

[Wed Apr 24 11:32:59 2024]
localrule generate_nystrom_quadrature:
    input: quads/nystrom.8/breakpoints_r, quads/nystrom.8/breakpoints_theta
    output: quads/nystrom.8/7.0.quad
    jobid: 209
    reason: Missing output files: quads/nystrom.8/7.0.quad; Updated input files: quads/nystrom.8/breakpoints_r, quads/nystrom.8/breakpoints_theta
    wildcards: order=8, r0_index=7, theta0_index=0
    resources: tmpdir=/tmp/pbs.398222.hnode41

[Wed Apr 24 11:33:01 2024]
Finished job 262.
26 of 230 steps (11%) done
Select jobs to execute...
Execute 1 jobs...

[Wed Apr 24 11:33:01 2024]
localrule generate_nystrom_quadrature:
    input: quads/nystrom.8/breakpoints_r, quads/nystrom.8/breakpoints_theta
    output: quads/nystrom.8/9.9.quad
    jobid: 242
    reason: Missing output files: quads/nystrom.8/9.9.quad; Updated input files: quads/nystrom.8/breakpoints_r, quads/nystrom.8/breakpoints_theta
    wildcards: order=8, r0_index=9, theta0_index=9
    resources: tmpdir=/tmp/pbs.398222.hnode41

[Wed Apr 24 11:33:14 2024]
Finished job 209.
27 of 230 steps (12%) done
Select jobs to execute...
Execute 1 jobs...

[Wed Apr 24 11:33:14 2024]
localrule generate_nystrom_quadrature:
    input: quads/nystrom.16/breakpoints_r, quads/nystrom.16/breakpoints_theta
    output: quads/nystrom.16/4.11.quad
    jobid: 306
    reason: Missing output files: quads/nystrom.16/4.11.quad; Updated input files: quads/nystrom.16/breakpoints_theta, quads/nystrom.16/breakpoints_r
    wildcards: order=16, r0_index=4, theta0_index=11
    resources: tmpdir=/tmp/pbs.398222.hnode41

[Wed Apr 24 11:33:48 2024]
Finished job 152.
28 of 230 steps (12%) done
Select jobs to execute...
Execute 1 jobs...

[Wed Apr 24 11:33:48 2024]
localrule generate_nystrom_quadrature:
    input: quads/nystrom.8/breakpoints_r, quads/nystrom.8/breakpoints_theta
    output: quads/nystrom.8/7.3.quad
    jobid: 212
    reason: Missing output files: quads/nystrom.8/7.3.quad; Updated input files: quads/nystrom.8/breakpoints_r, quads/nystrom.8/breakpoints_theta
    wildcards: order=8, r0_index=7, theta0_index=3
    resources: tmpdir=/tmp/pbs.398222.hnode41

[Wed Apr 24 11:34:03 2024]
Finished job 212.
29 of 230 steps (13%) done
Select jobs to execute...
Execute 1 jobs...

[Wed Apr 24 11:34:03 2024]
localrule generate_nystrom_quadrature:
    input: quads/nystrom.16/breakpoints_r, quads/nystrom.16/breakpoints_theta
    output: quads/nystrom.16/1.2.quad
    jobid: 261
    reason: Missing output files: quads/nystrom.16/1.2.quad; Updated input files: quads/nystrom.16/breakpoints_theta, quads/nystrom.16/breakpoints_r
    wildcards: order=16, r0_index=1, theta0_index=2
    resources: tmpdir=/tmp/pbs.398222.hnode41

[Wed Apr 24 11:34:07 2024]
Finished job 167.
30 of 230 steps (13%) done
Select jobs to execute...
Execute 1 jobs...

[Wed Apr 24 11:34:07 2024]
localrule generate_nystrom_quadrature:
    input: quads/nystrom.16/breakpoints_r, quads/nystrom.16/breakpoints_theta
    output: quads/nystrom.16/3.8.quad
    jobid: 291
    reason: Missing output files: quads/nystrom.16/3.8.quad; Updated input files: quads/nystrom.16/breakpoints_theta, quads/nystrom.16/breakpoints_r
    wildcards: order=16, r0_index=3, theta0_index=8
    resources: tmpdir=/tmp/pbs.398222.hnode41

[Wed Apr 24 11:34:50 2024]
Finished job 208.
31 of 230 steps (13%) done
Select jobs to execute...
Execute 1 jobs...

[Wed Apr 24 11:34:50 2024]
localrule generate_nystrom_quadrature:
    input: quads/nystrom.16/breakpoints_r, quads/nystrom.16/breakpoints_theta
    output: quads/nystrom.16/7.5.quad
    jobid: 336
    reason: Missing output files: quads/nystrom.16/7.5.quad; Updated input files: quads/nystrom.16/breakpoints_theta, quads/nystrom.16/breakpoints_r
    wildcards: order=16, r0_index=7, theta0_index=5
    resources: tmpdir=/tmp/pbs.398222.hnode41

[Wed Apr 24 11:35:12 2024]
Finished job 179.
32 of 230 steps (14%) done
Select jobs to execute...
Execute 1 jobs...

[Wed Apr 24 11:35:13 2024]
localrule generate_nystrom_quadrature:
    input: quads/nystrom.16/breakpoints_r, quads/nystrom.16/breakpoints_theta
    output: quads/nystrom.16/9.3.quad
    jobid: 358
    reason: Missing output files: quads/nystrom.16/9.3.quad; Updated input files: quads/nystrom.16/breakpoints_theta, quads/nystrom.16/breakpoints_r
    wildcards: order=16, r0_index=9, theta0_index=3
    resources: tmpdir=/tmp/pbs.398222.hnode41

[Wed Apr 24 11:35:28 2024]
Finished job 283.
33 of 230 steps (14%) done
Select jobs to execute...
Execute 1 jobs...

[Wed Apr 24 11:35:28 2024]
localrule generate_nystrom_quadrature:
    input: quads/nystrom.16/breakpoints_r, quads/nystrom.16/breakpoints_theta
    output: quads/nystrom.16/2.5.quad
    jobid: 276
    reason: Missing output files: quads/nystrom.16/2.5.quad; Updated input files: quads/nystrom.16/breakpoints_theta, quads/nystrom.16/breakpoints_r
    wildcards: order=16, r0_index=2, theta0_index=5
    resources: tmpdir=/tmp/pbs.398222.hnode41

[Wed Apr 24 11:35:49 2024]
Finished job 358.
34 of 230 steps (15%) done
Select jobs to execute...
Execute 1 jobs...

[Wed Apr 24 11:35:49 2024]
localrule generate_nystrom_quadrature:
    input: quads/nystrom.16/breakpoints_r, quads/nystrom.16/breakpoints_theta
    output: quads/nystrom.16/4.3.quad
    jobid: 298
    reason: Missing output files: quads/nystrom.16/4.3.quad; Updated input files: quads/nystrom.16/breakpoints_theta, quads/nystrom.16/breakpoints_r
    wildcards: order=16, r0_index=4, theta0_index=3
    resources: tmpdir=/tmp/pbs.398222.hnode41

[Wed Apr 24 11:36:02 2024]
Finished job 352.
35 of 230 steps (15%) done
Select jobs to execute...
Execute 1 jobs...

[Wed Apr 24 11:36:02 2024]
localrule generate_nystrom_quadrature:
    input: quads/nystrom.16/breakpoints_r, quads/nystrom.16/breakpoints_theta
    output: quads/nystrom.16/6.2.quad
    jobid: 321
    reason: Missing output files: quads/nystrom.16/6.2.quad; Updated input files: quads/nystrom.16/breakpoints_theta, quads/nystrom.16/breakpoints_r
    wildcards: order=16, r0_index=6, theta0_index=2
    resources: tmpdir=/tmp/pbs.398222.hnode41

[Wed Apr 24 11:36:25 2024]
Finished job 336.
36 of 230 steps (16%) done
Select jobs to execute...
Execute 1 jobs...

[Wed Apr 24 11:36:25 2024]
localrule generate_nystrom_quadrature:
    input: quads/nystrom.16/breakpoints_r, quads/nystrom.16/breakpoints_theta
    output: quads/nystrom.16/8.0.quad
    jobid: 343
    reason: Missing output files: quads/nystrom.16/8.0.quad; Updated input files: quads/nystrom.16/breakpoints_theta, quads/nystrom.16/breakpoints_r
    wildcards: order=16, r0_index=8, theta0_index=0
    resources: tmpdir=/tmp/pbs.398222.hnode41

[Wed Apr 24 11:36:27 2024]
Finished job 172.
37 of 230 steps (16%) done
Select jobs to execute...
Execute 1 jobs...

[Wed Apr 24 11:36:27 2024]
localrule generate_nystrom_quadrature:
    input: quads/nystrom.16/breakpoints_r, quads/nystrom.16/breakpoints_theta
    output: quads/nystrom.16/8.8.quad
    jobid: 351
    reason: Missing output files: quads/nystrom.16/8.8.quad; Updated input files: quads/nystrom.16/breakpoints_theta, quads/nystrom.16/breakpoints_r
    wildcards: order=16, r0_index=8, theta0_index=8
    resources: tmpdir=/tmp/pbs.398222.hnode41

[Wed Apr 24 11:36:42 2024]
Finished job 220.
38 of 230 steps (17%) done
Select jobs to execute...
Execute 1 jobs...

[Wed Apr 24 11:36:42 2024]
localrule generate_nystrom_quadrature:
    input: quads/nystrom.16/breakpoints_r, quads/nystrom.16/breakpoints_theta
    output: quads/nystrom.16/9.11.quad
    jobid: 366
    reason: Missing output files: quads/nystrom.16/9.11.quad; Updated input files: quads/nystrom.16/breakpoints_theta, quads/nystrom.16/breakpoints_r
    wildcards: order=16, r0_index=9, theta0_index=11
    resources: tmpdir=/tmp/pbs.398222.hnode41

[Wed Apr 24 11:36:58 2024]
Finished job 343.
39 of 230 steps (17%) done
Select jobs to execute...
Execute 1 jobs...

[Wed Apr 24 11:36:58 2024]
localrule generate_nystrom_quadrature:
    input: quads/nystrom.8/breakpoints_r, quads/nystrom.8/breakpoints_theta
    output: quads/nystrom.8/2.7.quad
    jobid: 156
    reason: Missing output files: quads/nystrom.8/2.7.quad; Updated input files: quads/nystrom.8/breakpoints_r, quads/nystrom.8/breakpoints_theta
    wildcards: order=8, r0_index=2, theta0_index=7
    resources: tmpdir=/tmp/pbs.398222.hnode41

[Wed Apr 24 11:38:13 2024]
Finished job 321.
40 of 230 steps (17%) done
Select jobs to execute...
Execute 1 jobs...

[Wed Apr 24 11:38:13 2024]
localrule generate_nystrom_quadrature:
    input: quads/nystrom.16/breakpoints_r, quads/nystrom.16/breakpoints_theta
    output: quads/nystrom.16/6.9.quad
    jobid: 328
    reason: Missing output files: quads/nystrom.16/6.9.quad; Updated input files: quads/nystrom.16/breakpoints_theta, quads/nystrom.16/breakpoints_r
    wildcards: order=16, r0_index=6, theta0_index=9
    resources: tmpdir=/tmp/pbs.398222.hnode41

[Wed Apr 24 11:40:52 2024]
Finished job 242.
41 of 230 steps (18%) done
Select jobs to execute...
Execute 1 jobs...

[Wed Apr 24 11:40:52 2024]
localrule generate_nystrom_quadrature:
    input: quads/nystrom.8/breakpoints_r, quads/nystrom.8/breakpoints_theta
    output: quads/nystrom.8/3.10.quad
    jobid: 171
    reason: Missing output files: quads/nystrom.8/3.10.quad; Updated input files: quads/nystrom.8/breakpoints_r, quads/nystrom.8/breakpoints_theta
    wildcards: order=8, r0_index=3, theta0_index=10
    resources: tmpdir=/tmp/pbs.398222.hnode41

[Wed Apr 24 11:40:57 2024]
Error in rule generate_nystrom_quadrature:
    jobid: 318
    input: quads/nystrom.16/breakpoints_r, quads/nystrom.16/breakpoints_theta
    output: quads/nystrom.16/5.11.quad
    shell:
        python3 examples/generate_nystrom_quad.py 16 5 11 quads/nystrom.16/5.11.quad
        (one of the commands exited with non-zero exit code; note that snakemake uses bash strict mode!)

[Wed Apr 24 11:41:33 2024]
Finished job 298.
42 of 230 steps (18%) done
[Wed Apr 24 11:41:46 2024]
Finished job 156.
43 of 230 steps (19%) done
[Wed Apr 24 11:42:07 2024]
Finished job 182.
44 of 230 steps (19%) done
[Wed Apr 24 11:42:15 2024]
Finished job 351.
45 of 230 steps (20%) done
[Wed Apr 24 11:43:14 2024]
Finished job 148.
46 of 230 steps (20%) done
[Wed Apr 24 11:43:41 2024]
Error in rule generate_nystrom_quadrature:
    jobid: 257
    input: quads/nystrom.16/breakpoints_r, quads/nystrom.16/breakpoints_theta
    output: quads/nystrom.16/0.10.quad
    shell:
        python3 examples/generate_nystrom_quad.py 16 0 10 quads/nystrom.16/0.10.quad
        (one of the commands exited with non-zero exit code; note that snakemake uses bash strict mode!)

[Wed Apr 24 11:44:47 2024]
Finished job 292.
47 of 230 steps (20%) done
[Wed Apr 24 11:45:07 2024]
Finished job 183.
48 of 230 steps (21%) done
[Wed Apr 24 11:46:53 2024]
Finished job 291.
49 of 230 steps (21%) done
[Wed Apr 24 11:47:34 2024]
Finished job 261.
50 of 230 steps (22%) done
[Wed Apr 24 11:48:22 2024]
Finished job 253.
51 of 230 steps (22%) done
[Wed Apr 24 11:49:14 2024]
Finished job 276.
52 of 230 steps (23%) done
[Wed Apr 24 11:53:31 2024]
Finished job 328.
53 of 230 steps (23%) done
[Wed Apr 24 11:54:52 2024]
Finished job 268.
54 of 230 steps (23%) done
[Wed Apr 24 11:57:03 2024]
Error in rule generate_nystrom_quadrature:
    jobid: 306
    input: quads/nystrom.16/breakpoints_r, quads/nystrom.16/breakpoints_theta
    output: quads/nystrom.16/4.11.quad
    shell:
        python3 examples/generate_nystrom_quad.py 16 4 11 quads/nystrom.16/4.11.quad
        (one of the commands exited with non-zero exit code; note that snakemake uses bash strict mode!)

[Wed Apr 24 11:59:00 2024]
Error in rule generate_nystrom_quadrature:
    jobid: 366
    input: quads/nystrom.16/breakpoints_r, quads/nystrom.16/breakpoints_theta
    output: quads/nystrom.16/9.11.quad
    shell:
        python3 examples/generate_nystrom_quad.py 16 9 11 quads/nystrom.16/9.11.quad
        (one of the commands exited with non-zero exit code; note that snakemake uses bash strict mode!)

[Wed Apr 24 12:07:45 2024]
Finished job 171.
55 of 230 steps (24%) done
[Wed Apr 24 12:10:53 2024]
Finished job 317.
56 of 230 steps (24%) done
[Wed Apr 24 12:22:08 2024]
Finished job 243.
57 of 230 steps (25%) done
Shutting down, this might take some time.
Exiting because a job execution failed. Look above for error message
Complete log: .snakemake/log/2024-04-24T111428.481613.snakemake.log
WorkflowError:
At least one job did not complete successfully.
