Building DAG of jobs...
Using shell: /usr/bin/bash
Provided cores: 4
Rules claiming more threads will be scaled down.
Job stats:
job                            count
---------------------------  -------
all                                1
generate_nystrom_quadrature       66
generate_table                     3
total                             70

Select jobs to execute...
Execute 4 jobs...

[Thu Apr 25 08:40:16 2024]
localrule generate_nystrom_quadrature:
    input: quads/nystrom.16/breakpoints_r, quads/nystrom.16/breakpoints_theta
    output: quads/nystrom.16/6.4.quad
    jobid: 323
    reason: Missing output files: quads/nystrom.16/6.4.quad; Updated input files: quads/nystrom.16/breakpoints_theta, quads/nystrom.16/breakpoints_r
    wildcards: order=16, r0_index=6, theta0_index=4
    resources: tmpdir=/tmp/pbs.398621.hnode41


[Thu Apr 25 08:40:16 2024]
localrule generate_nystrom_quadrature:
    input: quads/nystrom.8/breakpoints_r, quads/nystrom.8/breakpoints_theta
    output: quads/nystrom.8/1.4.quad
    jobid: 141
    reason: Missing output files: quads/nystrom.8/1.4.quad; Updated input files: quads/nystrom.8/breakpoints_r, quads/nystrom.8/breakpoints_theta
    wildcards: order=8, r0_index=1, theta0_index=4
    resources: tmpdir=/tmp/pbs.398621.hnode41


[Thu Apr 25 08:40:16 2024]
localrule generate_nystrom_quadrature:
    input: quads/nystrom.16/breakpoints_r, quads/nystrom.16/breakpoints_theta
    output: quads/nystrom.16/2.8.quad
    jobid: 279
    reason: Missing output files: quads/nystrom.16/2.8.quad; Updated input files: quads/nystrom.16/breakpoints_theta, quads/nystrom.16/breakpoints_r
    wildcards: order=16, r0_index=2, theta0_index=8
    resources: tmpdir=/tmp/pbs.398621.hnode41


[Thu Apr 25 08:40:16 2024]
localrule generate_nystrom_quadrature:
    input: quads/nystrom.8/breakpoints_r, quads/nystrom.8/breakpoints_theta
    output: quads/nystrom.8/8.10.quad
    jobid: 231
    reason: Missing output files: quads/nystrom.8/8.10.quad; Updated input files: quads/nystrom.8/breakpoints_r, quads/nystrom.8/breakpoints_theta
    wildcards: order=8, r0_index=8, theta0_index=10
    resources: tmpdir=/tmp/pbs.398621.hnode41

[Thu Apr 25 08:42:07 2024]
Finished job 323.
1 of 70 steps (1%) done
Select jobs to execute...
Execute 1 jobs...

[Thu Apr 25 08:42:07 2024]
localrule generate_nystrom_quadrature:
    input: quads/nystrom.8/breakpoints_r, quads/nystrom.8/breakpoints_theta
    output: quads/nystrom.8/5.0.quad
    jobid: 185
    reason: Missing output files: quads/nystrom.8/5.0.quad; Updated input files: quads/nystrom.8/breakpoints_r, quads/nystrom.8/breakpoints_theta
    wildcards: order=8, r0_index=5, theta0_index=0
    resources: tmpdir=/tmp/pbs.398621.hnode41

[Thu Apr 25 08:42:37 2024]
Finished job 185.
2 of 70 steps (3%) done
Select jobs to execute...
Execute 1 jobs...

[Thu Apr 25 08:42:37 2024]
localrule generate_nystrom_quadrature:
    input: quads/nystrom.8/breakpoints_r, quads/nystrom.8/breakpoints_theta
    output: quads/nystrom.8/1.3.quad
    jobid: 140
    reason: Missing output files: quads/nystrom.8/1.3.quad; Updated input files: quads/nystrom.8/breakpoints_r, quads/nystrom.8/breakpoints_theta
    wildcards: order=8, r0_index=1, theta0_index=3
    resources: tmpdir=/tmp/pbs.398621.hnode41

[Thu Apr 25 08:44:21 2024]
Finished job 141.
3 of 70 steps (4%) done
Select jobs to execute...
Execute 1 jobs...

[Thu Apr 25 08:44:22 2024]
localrule generate_nystrom_quadrature:
    input: quads/nystrom.8/breakpoints_r, quads/nystrom.8/breakpoints_theta
    output: quads/nystrom.8/6.3.quad
    jobid: 200
    reason: Missing output files: quads/nystrom.8/6.3.quad; Updated input files: quads/nystrom.8/breakpoints_r, quads/nystrom.8/breakpoints_theta
    wildcards: order=8, r0_index=6, theta0_index=3
    resources: tmpdir=/tmp/pbs.398621.hnode41

[Thu Apr 25 08:44:53 2024]
Finished job 200.
4 of 70 steps (6%) done
Select jobs to execute...
Execute 1 jobs...

[Thu Apr 25 08:44:53 2024]
localrule generate_nystrom_quadrature:
    input: quads/nystrom.8/breakpoints_r, quads/nystrom.8/breakpoints_theta
    output: quads/nystrom.8/2.10.quad
    jobid: 159
    reason: Missing output files: quads/nystrom.8/2.10.quad; Updated input files: quads/nystrom.8/breakpoints_r, quads/nystrom.8/breakpoints_theta
    wildcards: order=8, r0_index=2, theta0_index=10
    resources: tmpdir=/tmp/pbs.398621.hnode41

[Thu Apr 25 08:46:28 2024]
Finished job 140.
5 of 70 steps (7%) done
Select jobs to execute...
Execute 1 jobs...

[Thu Apr 25 08:46:28 2024]
localrule generate_nystrom_quadrature:
    input: quads/nystrom.8/breakpoints_r, quads/nystrom.8/breakpoints_theta
    output: quads/nystrom.8/0.0.quad
    jobid: 125
    reason: Missing output files: quads/nystrom.8/0.0.quad; Updated input files: quads/nystrom.8/breakpoints_r, quads/nystrom.8/breakpoints_theta
    wildcards: order=8, r0_index=0, theta0_index=0
    resources: tmpdir=/tmp/pbs.398621.hnode41

[Thu Apr 25 08:50:08 2024]
Finished job 125.
6 of 70 steps (9%) done
Select jobs to execute...
Execute 1 jobs...

[Thu Apr 25 08:50:08 2024]
localrule generate_nystrom_quadrature:
    input: quads/nystrom.8/breakpoints_r, quads/nystrom.8/breakpoints_theta
    output: quads/nystrom.8/4.1.quad
    jobid: 174
    reason: Missing output files: quads/nystrom.8/4.1.quad; Updated input files: quads/nystrom.8/breakpoints_r, quads/nystrom.8/breakpoints_theta
    wildcards: order=8, r0_index=4, theta0_index=1
    resources: tmpdir=/tmp/pbs.398621.hnode41

[Thu Apr 25 08:51:14 2024]
Finished job 174.
7 of 70 steps (10%) done
Select jobs to execute...
Execute 1 jobs...

[Thu Apr 25 08:51:14 2024]
localrule generate_nystrom_quadrature:
    input: quads/nystrom.8/breakpoints_r, quads/nystrom.8/breakpoints_theta
    output: quads/nystrom.8/2.6.quad
    jobid: 155
    reason: Missing output files: quads/nystrom.8/2.6.quad; Updated input files: quads/nystrom.8/breakpoints_r, quads/nystrom.8/breakpoints_theta
    wildcards: order=8, r0_index=2, theta0_index=6
    resources: tmpdir=/tmp/pbs.398621.hnode41

[Thu Apr 25 08:53:53 2024]
Finished job 279.
8 of 70 steps (11%) done
Select jobs to execute...
Execute 1 jobs...

[Thu Apr 25 08:53:53 2024]
localrule generate_table:
    input: quads/nystrom.4/breakpoints_r, quads/nystrom.4/breakpoints_theta, quads/nystrom.4/0.0.quad, quads/nystrom.4/0.1.quad, quads/nystrom.4/0.2.quad, quads/nystrom.4/0.3.quad, quads/nystrom.4/0.4.quad, quads/nystrom.4/0.5.quad, quads/nystrom.4/0.6.quad, quads/nystrom.4/0.7.quad, quads/nystrom.4/0.8.quad, quads/nystrom.4/0.9.quad, quads/nystrom.4/0.10.quad, quads/nystrom.4/0.11.quad, quads/nystrom.4/1.0.quad, quads/nystrom.4/1.1.quad, quads/nystrom.4/1.2.quad, quads/nystrom.4/1.3.quad, quads/nystrom.4/1.4.quad, quads/nystrom.4/1.5.quad, quads/nystrom.4/1.6.quad, quads/nystrom.4/1.7.quad, quads/nystrom.4/1.8.quad, quads/nystrom.4/1.9.quad, quads/nystrom.4/1.10.quad, quads/nystrom.4/1.11.quad, quads/nystrom.4/2.0.quad, quads/nystrom.4/2.1.quad, quads/nystrom.4/2.2.quad, quads/nystrom.4/2.3.quad, quads/nystrom.4/2.4.quad, quads/nystrom.4/2.5.quad, quads/nystrom.4/2.6.quad, quads/nystrom.4/2.7.quad, quads/nystrom.4/2.8.quad, quads/nystrom.4/2.9.quad, quads/nystrom.4/2.10.quad, quads/nystrom.4/2.11.quad, quads/nystrom.4/3.0.quad, quads/nystrom.4/3.1.quad, quads/nystrom.4/3.2.quad, quads/nystrom.4/3.3.quad, quads/nystrom.4/3.4.quad, quads/nystrom.4/3.5.quad, quads/nystrom.4/3.6.quad, quads/nystrom.4/3.7.quad, quads/nystrom.4/3.8.quad, quads/nystrom.4/3.9.quad, quads/nystrom.4/3.10.quad, quads/nystrom.4/3.11.quad, quads/nystrom.4/4.0.quad, quads/nystrom.4/4.1.quad, quads/nystrom.4/4.2.quad, quads/nystrom.4/4.3.quad, quads/nystrom.4/4.4.quad, quads/nystrom.4/4.5.quad, quads/nystrom.4/4.6.quad, quads/nystrom.4/4.7.quad, quads/nystrom.4/4.8.quad, quads/nystrom.4/4.9.quad, quads/nystrom.4/4.10.quad, quads/nystrom.4/4.11.quad, quads/nystrom.4/5.0.quad, quads/nystrom.4/5.1.quad, quads/nystrom.4/5.2.quad, quads/nystrom.4/5.3.quad, quads/nystrom.4/5.4.quad, quads/nystrom.4/5.5.quad, quads/nystrom.4/5.6.quad, quads/nystrom.4/5.7.quad, quads/nystrom.4/5.8.quad, quads/nystrom.4/5.9.quad, quads/nystrom.4/5.10.quad, quads/nystrom.4/5.11.quad, quads/nystrom.4/6.0.quad, quads/nystrom.4/6.1.quad, quads/nystrom.4/6.2.quad, quads/nystrom.4/6.3.quad, quads/nystrom.4/6.4.quad, quads/nystrom.4/6.5.quad, quads/nystrom.4/6.6.quad, quads/nystrom.4/6.7.quad, quads/nystrom.4/6.8.quad, quads/nystrom.4/6.9.quad, quads/nystrom.4/6.10.quad, quads/nystrom.4/6.11.quad, quads/nystrom.4/7.0.quad, quads/nystrom.4/7.1.quad, quads/nystrom.4/7.2.quad, quads/nystrom.4/7.3.quad, quads/nystrom.4/7.4.quad, quads/nystrom.4/7.5.quad, quads/nystrom.4/7.6.quad, quads/nystrom.4/7.7.quad, quads/nystrom.4/7.8.quad, quads/nystrom.4/7.9.quad, quads/nystrom.4/7.10.quad, quads/nystrom.4/7.11.quad, quads/nystrom.4/8.0.quad, quads/nystrom.4/8.1.quad, quads/nystrom.4/8.2.quad, quads/nystrom.4/8.3.quad, quads/nystrom.4/8.4.quad, quads/nystrom.4/8.5.quad, quads/nystrom.4/8.6.quad, quads/nystrom.4/8.7.quad, quads/nystrom.4/8.8.quad, quads/nystrom.4/8.9.quad, quads/nystrom.4/8.10.quad, quads/nystrom.4/8.11.quad, quads/nystrom.4/9.0.quad, quads/nystrom.4/9.1.quad, quads/nystrom.4/9.2.quad, quads/nystrom.4/9.3.quad, quads/nystrom.4/9.4.quad, quads/nystrom.4/9.5.quad, quads/nystrom.4/9.6.quad, quads/nystrom.4/9.7.quad, quads/nystrom.4/9.8.quad, quads/nystrom.4/9.9.quad, quads/nystrom.4/9.10.quad, quads/nystrom.4/9.11.quad
    output: output/experiment_triangle.4.tex
    jobid: 1
    reason: Missing output files: output/experiment_triangle.4.tex
    wildcards: order=4
    resources: tmpdir=/tmp/pbs.398621.hnode41

[Thu Apr 25 08:54:06 2024]
Finished job 1.
9 of 70 steps (13%) done
Select jobs to execute...
Execute 1 jobs...

[Thu Apr 25 08:54:06 2024]
localrule generate_nystrom_quadrature:
    input: quads/nystrom.8/breakpoints_r, quads/nystrom.8/breakpoints_theta
    output: quads/nystrom.8/3.9.quad
    jobid: 170
    reason: Missing output files: quads/nystrom.8/3.9.quad; Updated input files: quads/nystrom.8/breakpoints_r, quads/nystrom.8/breakpoints_theta
    wildcards: order=8, r0_index=3, theta0_index=9
    resources: tmpdir=/tmp/pbs.398621.hnode41

[Thu Apr 25 08:54:24 2024]
Finished job 155.
10 of 70 steps (14%) done
Select jobs to execute...
Execute 1 jobs...

[Thu Apr 25 08:54:24 2024]
localrule generate_nystrom_quadrature:
    input: quads/nystrom.16/breakpoints_r, quads/nystrom.16/breakpoints_theta
    output: quads/nystrom.16/4.10.quad
    jobid: 305
    reason: Missing output files: quads/nystrom.16/4.10.quad; Updated input files: quads/nystrom.16/breakpoints_theta, quads/nystrom.16/breakpoints_r
    wildcards: order=16, r0_index=4, theta0_index=10
    resources: tmpdir=/tmp/pbs.398621.hnode41

[Thu Apr 25 09:03:02 2024]
Finished job 170.
11 of 70 steps (16%) done
Select jobs to execute...
Execute 1 jobs...

[Thu Apr 25 09:03:02 2024]
localrule generate_nystrom_quadrature:
    input: quads/nystrom.8/breakpoints_r, quads/nystrom.8/breakpoints_theta
    output: quads/nystrom.8/7.6.quad
    jobid: 215
    reason: Missing output files: quads/nystrom.8/7.6.quad; Updated input files: quads/nystrom.8/breakpoints_r, quads/nystrom.8/breakpoints_theta
    wildcards: order=8, r0_index=7, theta0_index=6
    resources: tmpdir=/tmp/pbs.398621.hnode41

[Thu Apr 25 09:03:32 2024]
Finished job 215.
12 of 70 steps (17%) done
Select jobs to execute...
Execute 1 jobs...

[Thu Apr 25 09:03:33 2024]
localrule generate_nystrom_quadrature:
    input: quads/nystrom.16/breakpoints_r, quads/nystrom.16/breakpoints_theta
    output: quads/nystrom.16/9.10.quad
    jobid: 365
    reason: Missing output files: quads/nystrom.16/9.10.quad; Updated input files: quads/nystrom.16/breakpoints_theta, quads/nystrom.16/breakpoints_r
    wildcards: order=16, r0_index=9, theta0_index=10
    resources: tmpdir=/tmp/pbs.398621.hnode41

