Building DAG of jobs...
Using shell: /usr/bin/bash
Provided cores: 1 (use --cores to define parallelism)
Rules claiming more threads will be scaled down.
Job stats:
job                            count
---------------------------  -------
all                                1
generate_nystrom_quadrature       18
generate_table                     1
total                             20

Select jobs to execute...
Execute 1 jobs...

[Mon Apr 29 13:00:04 2024]
localrule generate_nystrom_quadrature:
    input: quads/nystrom.16/breakpoints_r, quads/nystrom.16/breakpoints_theta
    output: quads/nystrom.16/2.3.quad
    jobid: 274
    reason: Missing output files: quads/nystrom.16/2.3.quad; Updated input files: quads/nystrom.16/breakpoints_theta, quads/nystrom.16/breakpoints_r
    wildcards: order=16, r0_index=2, theta0_index=3
    resources: tmpdir=/tmp/pbs.400128.hnode41

[Mon Apr 29 13:09:20 2024]
Finished job 274.
1 of 20 steps (5%) done
Select jobs to execute...
Execute 1 jobs...

[Mon Apr 29 13:09:20 2024]
localrule generate_nystrom_quadrature:
    input: quads/nystrom.16/breakpoints_r, quads/nystrom.16/breakpoints_theta
    output: quads/nystrom.16/6.11.quad
    jobid: 330
    reason: Missing output files: quads/nystrom.16/6.11.quad; Updated input files: quads/nystrom.16/breakpoints_theta, quads/nystrom.16/breakpoints_r
    wildcards: order=16, r0_index=6, theta0_index=11
    resources: tmpdir=/tmp/pbs.400128.hnode41

[Mon Apr 29 13:27:49 2024]
Error in rule generate_nystrom_quadrature:
    jobid: 330
    input: quads/nystrom.16/breakpoints_r, quads/nystrom.16/breakpoints_theta
    output: quads/nystrom.16/6.11.quad
    shell:
        python3 examples/generate_nystrom_quad.py 16 6 11 quads/nystrom.16/6.11.quad
        (one of the commands exited with non-zero exit code; note that snakemake uses bash strict mode!)

Shutting down, this might take some time.
Exiting because a job execution failed. Look above for error message
Complete log: .snakemake/log/2024-04-29T125951.832566.snakemake.log
WorkflowError:
At least one job did not complete successfully.
