Building DAG of jobs...
Using shell: /usr/bin/bash
Provided cores: 20
Rules claiming more threads will be scaled down.
Job stats:
job                            count
---------------------------  -------
all                                1
generate_nystrom_quadrature      120
generate_table                     3
make_config                        1
total                            125

Select jobs to execute...
Execute 1 jobs...

[Wed Apr 24 09:45:36 2024]
localrule make_config:
    output: quads/nystrom.4/breakpoints_r, quads/nystrom.4/breakpoints_theta
    jobid: 3
    reason: Missing output files: quads/nystrom.4/breakpoints_r, quads/nystrom.4/breakpoints_theta
    wildcards: order=4
    resources: tmpdir=/tmp

[Wed Apr 24 09:45:36 2024]
Finished job 3.
1 of 125 steps (1%) done
Select jobs to execute...
Execute 20 jobs...

[Wed Apr 24 09:45:36 2024]
localrule generate_nystrom_quadrature:
    input: quads/nystrom.4/breakpoints_r, quads/nystrom.4/breakpoints_theta
    output: quads/nystrom.4/9.8.quad
    jobid: 119
    reason: Missing output files: quads/nystrom.4/9.8.quad; Input files updated by another job: quads/nystrom.4/breakpoints_r, quads/nystrom.4/breakpoints_theta
    wildcards: order=4, r0_index=9, theta0_index=8
    resources: tmpdir=/tmp


[Wed Apr 24 09:45:36 2024]
localrule generate_nystrom_quadrature:
    input: quads/nystrom.4/breakpoints_r, quads/nystrom.4/breakpoints_theta
    output: quads/nystrom.4/8.5.quad
    jobid: 104
    reason: Missing output files: quads/nystrom.4/8.5.quad; Input files updated by another job: quads/nystrom.4/breakpoints_r, quads/nystrom.4/breakpoints_theta
    wildcards: order=4, r0_index=8, theta0_index=5
    resources: tmpdir=/tmp


[Wed Apr 24 09:45:36 2024]
localrule generate_nystrom_quadrature:
    input: quads/nystrom.4/breakpoints_r, quads/nystrom.4/breakpoints_theta
    output: quads/nystrom.4/9.10.quad
    jobid: 121
    reason: Missing output files: quads/nystrom.4/9.10.quad; Input files updated by another job: quads/nystrom.4/breakpoints_r, quads/nystrom.4/breakpoints_theta
    wildcards: order=4, r0_index=9, theta0_index=10
    resources: tmpdir=/tmp


[Wed Apr 24 09:45:36 2024]
localrule generate_nystrom_quadrature:
    input: quads/nystrom.4/breakpoints_r, quads/nystrom.4/breakpoints_theta
    output: quads/nystrom.4/7.4.quad
    jobid: 91
    reason: Missing output files: quads/nystrom.4/7.4.quad; Input files updated by another job: quads/nystrom.4/breakpoints_r, quads/nystrom.4/breakpoints_theta
    wildcards: order=4, r0_index=7, theta0_index=4
    resources: tmpdir=/tmp


[Wed Apr 24 09:45:36 2024]
localrule generate_nystrom_quadrature:
    input: quads/nystrom.4/breakpoints_r, quads/nystrom.4/breakpoints_theta
    output: quads/nystrom.4/8.7.quad
    jobid: 106
    reason: Missing output files: quads/nystrom.4/8.7.quad; Input files updated by another job: quads/nystrom.4/breakpoints_r, quads/nystrom.4/breakpoints_theta
    wildcards: order=4, r0_index=8, theta0_index=7
    resources: tmpdir=/tmp


[Wed Apr 24 09:45:36 2024]
localrule generate_nystrom_quadrature:
    input: quads/nystrom.4/breakpoints_r, quads/nystrom.4/breakpoints_theta
    output: quads/nystrom.4/3.7.quad
    jobid: 46
    reason: Missing output files: quads/nystrom.4/3.7.quad; Input files updated by another job: quads/nystrom.4/breakpoints_r, quads/nystrom.4/breakpoints_theta
    wildcards: order=4, r0_index=3, theta0_index=7
    resources: tmpdir=/tmp


[Wed Apr 24 09:45:36 2024]
localrule generate_nystrom_quadrature:
    input: quads/nystrom.4/breakpoints_r, quads/nystrom.4/breakpoints_theta
    output: quads/nystrom.4/1.1.quad
    jobid: 16
    reason: Missing output files: quads/nystrom.4/1.1.quad; Input files updated by another job: quads/nystrom.4/breakpoints_r, quads/nystrom.4/breakpoints_theta
    wildcards: order=4, r0_index=1, theta0_index=1
    resources: tmpdir=/tmp


[Wed Apr 24 09:45:36 2024]
localrule generate_nystrom_quadrature:
    input: quads/nystrom.4/breakpoints_r, quads/nystrom.4/breakpoints_theta
    output: quads/nystrom.4/2.4.quad
    jobid: 31
    reason: Missing output files: quads/nystrom.4/2.4.quad; Input files updated by another job: quads/nystrom.4/breakpoints_r, quads/nystrom.4/breakpoints_theta
    wildcards: order=4, r0_index=2, theta0_index=4
    resources: tmpdir=/tmp


[Wed Apr 24 09:45:36 2024]
localrule generate_nystrom_quadrature:
    input: quads/nystrom.4/breakpoints_r, quads/nystrom.4/breakpoints_theta
    output: quads/nystrom.4/4.10.quad
    jobid: 61
    reason: Missing output files: quads/nystrom.4/4.10.quad; Input files updated by another job: quads/nystrom.4/breakpoints_r, quads/nystrom.4/breakpoints_theta
    wildcards: order=4, r0_index=4, theta0_index=10
    resources: tmpdir=/tmp


[Wed Apr 24 09:45:36 2024]
localrule generate_nystrom_quadrature:
    input: quads/nystrom.4/breakpoints_r, quads/nystrom.4/breakpoints_theta
    output: quads/nystrom.4/6.1.quad
    jobid: 76
    reason: Missing output files: quads/nystrom.4/6.1.quad; Input files updated by another job: quads/nystrom.4/breakpoints_r, quads/nystrom.4/breakpoints_theta
    wildcards: order=4, r0_index=6, theta0_index=1
    resources: tmpdir=/tmp


[Wed Apr 24 09:45:37 2024]
localrule generate_nystrom_quadrature:
    input: quads/nystrom.4/breakpoints_r, quads/nystrom.4/breakpoints_theta
    output: quads/nystrom.4/0.2.quad
    jobid: 5
    reason: Missing output files: quads/nystrom.4/0.2.quad; Input files updated by another job: quads/nystrom.4/breakpoints_r, quads/nystrom.4/breakpoints_theta
    wildcards: order=4, r0_index=0, theta0_index=2
    resources: tmpdir=/tmp


[Wed Apr 24 09:45:37 2024]
localrule generate_nystrom_quadrature:
    input: quads/nystrom.4/breakpoints_r, quads/nystrom.4/breakpoints_theta
    output: quads/nystrom.4/1.5.quad
    jobid: 20
    reason: Missing output files: quads/nystrom.4/1.5.quad; Input files updated by another job: quads/nystrom.4/breakpoints_r, quads/nystrom.4/breakpoints_theta
    wildcards: order=4, r0_index=1, theta0_index=5
    resources: tmpdir=/tmp


[Wed Apr 24 09:45:37 2024]
localrule generate_nystrom_quadrature:
    input: quads/nystrom.4/breakpoints_r, quads/nystrom.4/breakpoints_theta
    output: quads/nystrom.4/2.0.quad
    jobid: 27
    reason: Missing output files: quads/nystrom.4/2.0.quad; Input files updated by another job: quads/nystrom.4/breakpoints_r, quads/nystrom.4/breakpoints_theta
    wildcards: order=4, r0_index=2, theta0_index=0
    resources: tmpdir=/tmp


[Wed Apr 24 09:45:37 2024]
localrule generate_nystrom_quadrature:
    input: quads/nystrom.4/breakpoints_r, quads/nystrom.4/breakpoints_theta
    output: quads/nystrom.4/3.3.quad
    jobid: 42
    reason: Missing output files: quads/nystrom.4/3.3.quad; Input files updated by another job: quads/nystrom.4/breakpoints_r, quads/nystrom.4/breakpoints_theta
    wildcards: order=4, r0_index=3, theta0_index=3
    resources: tmpdir=/tmp


[Wed Apr 24 09:45:37 2024]
localrule generate_nystrom_quadrature:
    input: quads/nystrom.4/breakpoints_r, quads/nystrom.4/breakpoints_theta
    output: quads/nystrom.4/0.9.quad
    jobid: 12
    reason: Missing output files: quads/nystrom.4/0.9.quad; Input files updated by another job: quads/nystrom.4/breakpoints_r, quads/nystrom.4/breakpoints_theta
    wildcards: order=4, r0_index=0, theta0_index=9
    resources: tmpdir=/tmp


[Wed Apr 24 09:45:37 2024]
localrule generate_nystrom_quadrature:
    input: quads/nystrom.4/breakpoints_r, quads/nystrom.4/breakpoints_theta
    output: quads/nystrom.4/4.6.quad
    jobid: 57
    reason: Missing output files: quads/nystrom.4/4.6.quad; Input files updated by another job: quads/nystrom.4/breakpoints_r, quads/nystrom.4/breakpoints_theta
    wildcards: order=4, r0_index=4, theta0_index=6
    resources: tmpdir=/tmp


[Wed Apr 24 09:45:37 2024]
localrule generate_nystrom_quadrature:
    input: quads/nystrom.4/breakpoints_r, quads/nystrom.4/breakpoints_theta
    output: quads/nystrom.4/5.9.quad
    jobid: 72
    reason: Missing output files: quads/nystrom.4/5.9.quad; Input files updated by another job: quads/nystrom.4/breakpoints_r, quads/nystrom.4/breakpoints_theta
    wildcards: order=4, r0_index=5, theta0_index=9
    resources: tmpdir=/tmp


[Wed Apr 24 09:45:37 2024]
localrule generate_nystrom_quadrature:
    input: quads/nystrom.4/breakpoints_r, quads/nystrom.4/breakpoints_theta
    output: quads/nystrom.4/7.0.quad
    jobid: 87
    reason: Missing output files: quads/nystrom.4/7.0.quad; Input files updated by another job: quads/nystrom.4/breakpoints_r, quads/nystrom.4/breakpoints_theta
    wildcards: order=4, r0_index=7, theta0_index=0
    resources: tmpdir=/tmp


[Wed Apr 24 09:45:37 2024]
localrule generate_nystrom_quadrature:
    input: quads/nystrom.4/breakpoints_r, quads/nystrom.4/breakpoints_theta
    output: quads/nystrom.4/8.3.quad
    jobid: 102
    reason: Missing output files: quads/nystrom.4/8.3.quad; Input files updated by another job: quads/nystrom.4/breakpoints_r, quads/nystrom.4/breakpoints_theta
    wildcards: order=4, r0_index=8, theta0_index=3
    resources: tmpdir=/tmp


[Wed Apr 24 09:45:37 2024]
localrule generate_nystrom_quadrature:
    input: quads/nystrom.4/breakpoints_r, quads/nystrom.4/breakpoints_theta
    output: quads/nystrom.4/9.6.quad
    jobid: 117
    reason: Missing output files: quads/nystrom.4/9.6.quad; Input files updated by another job: quads/nystrom.4/breakpoints_r, quads/nystrom.4/breakpoints_theta
    wildcards: order=4, r0_index=9, theta0_index=6
    resources: tmpdir=/tmp

[Wed Apr 24 09:45:42 2024]
Finished job 102.
2 of 125 steps (2%) done
Select jobs to execute...
Execute 1 jobs...

[Wed Apr 24 09:45:42 2024]
localrule generate_nystrom_quadrature:
    input: quads/nystrom.4/breakpoints_r, quads/nystrom.4/breakpoints_theta
    output: quads/nystrom.4/4.9.quad
    jobid: 60
    reason: Missing output files: quads/nystrom.4/4.9.quad; Input files updated by another job: quads/nystrom.4/breakpoints_r, quads/nystrom.4/breakpoints_theta
    wildcards: order=4, r0_index=4, theta0_index=9
    resources: tmpdir=/tmp

[Wed Apr 24 09:45:42 2024]
Finished job 87.
3 of 125 steps (2%) done
Select jobs to execute...
Execute 1 jobs...

[Wed Apr 24 09:45:42 2024]
localrule generate_nystrom_quadrature:
    input: quads/nystrom.4/breakpoints_r, quads/nystrom.4/breakpoints_theta
    output: quads/nystrom.4/6.0.quad
    jobid: 75
    reason: Missing output files: quads/nystrom.4/6.0.quad; Input files updated by another job: quads/nystrom.4/breakpoints_r, quads/nystrom.4/breakpoints_theta
    wildcards: order=4, r0_index=6, theta0_index=0
    resources: tmpdir=/tmp

[Wed Apr 24 09:45:43 2024]
Finished job 104.
4 of 125 steps (3%) done
Select jobs to execute...
Execute 1 jobs...

[Wed Apr 24 09:45:43 2024]
localrule generate_nystrom_quadrature:
    input: quads/nystrom.4/breakpoints_r, quads/nystrom.4/breakpoints_theta
    output: quads/nystrom.4/7.3.quad
    jobid: 90
    reason: Missing output files: quads/nystrom.4/7.3.quad; Input files updated by another job: quads/nystrom.4/breakpoints_r, quads/nystrom.4/breakpoints_theta
    wildcards: order=4, r0_index=7, theta0_index=3
    resources: tmpdir=/tmp

[Wed Apr 24 09:45:44 2024]
Finished job 91.
5 of 125 steps (4%) done
Select jobs to execute...
Execute 1 jobs...

[Wed Apr 24 09:45:44 2024]
localrule generate_nystrom_quadrature:
    input: quads/nystrom.4/breakpoints_r, quads/nystrom.4/breakpoints_theta
    output: quads/nystrom.4/8.6.quad
    jobid: 105
    reason: Missing output files: quads/nystrom.4/8.6.quad; Input files updated by another job: quads/nystrom.4/breakpoints_r, quads/nystrom.4/breakpoints_theta
    wildcards: order=4, r0_index=8, theta0_index=6
    resources: tmpdir=/tmp

[Wed Apr 24 09:45:44 2024]
Finished job 117.
6 of 125 steps (5%) done
Select jobs to execute...
Execute 1 jobs...

[Wed Apr 24 09:45:44 2024]
localrule generate_nystrom_quadrature:
    input: quads/nystrom.4/breakpoints_r, quads/nystrom.4/breakpoints_theta
    output: quads/nystrom.4/3.6.quad
    jobid: 45
    reason: Missing output files: quads/nystrom.4/3.6.quad; Input files updated by another job: quads/nystrom.4/breakpoints_r, quads/nystrom.4/breakpoints_theta
    wildcards: order=4, r0_index=3, theta0_index=6
    resources: tmpdir=/tmp

[Wed Apr 24 09:45:47 2024]
Finished job 75.
7 of 125 steps (6%) done
Select jobs to execute...
Execute 1 jobs...

[Wed Apr 24 09:45:47 2024]
localrule generate_nystrom_quadrature:
    input: quads/nystrom.4/breakpoints_r, quads/nystrom.4/breakpoints_theta
    output: quads/nystrom.4/9.9.quad
    jobid: 120
    reason: Missing output files: quads/nystrom.4/9.9.quad; Input files updated by another job: quads/nystrom.4/breakpoints_r, quads/nystrom.4/breakpoints_theta
    wildcards: order=4, r0_index=9, theta0_index=9
    resources: tmpdir=/tmp

[Wed Apr 24 09:45:47 2024]
Finished job 76.
8 of 125 steps (6%) done
Select jobs to execute...
Execute 1 jobs...

[Wed Apr 24 09:45:47 2024]
localrule generate_nystrom_quadrature:
    input: quads/nystrom.4/breakpoints_r, quads/nystrom.4/breakpoints_theta
    output: quads/nystrom.4/0.1.quad
    jobid: 4
    reason: Missing output files: quads/nystrom.4/0.1.quad; Input files updated by another job: quads/nystrom.4/breakpoints_r, quads/nystrom.4/breakpoints_theta
    wildcards: order=4, r0_index=0, theta0_index=1
    resources: tmpdir=/tmp

[Wed Apr 24 09:45:50 2024]
Finished job 90.
9 of 125 steps (7%) done
Select jobs to execute...
Execute 1 jobs...

[Wed Apr 24 09:45:50 2024]
localrule generate_nystrom_quadrature:
    input: quads/nystrom.4/breakpoints_r, quads/nystrom.4/breakpoints_theta
    output: quads/nystrom.4/1.4.quad
    jobid: 19
    reason: Missing output files: quads/nystrom.4/1.4.quad; Input files updated by another job: quads/nystrom.4/breakpoints_r, quads/nystrom.4/breakpoints_theta
    wildcards: order=4, r0_index=1, theta0_index=4
    resources: tmpdir=/tmp

[Wed Apr 24 09:45:53 2024]
Finished job 105.
10 of 125 steps (8%) done
Select jobs to execute...
Execute 1 jobs...

[Wed Apr 24 09:45:53 2024]
localrule generate_nystrom_quadrature:
    input: quads/nystrom.4/breakpoints_r, quads/nystrom.4/breakpoints_theta
    output: quads/nystrom.4/2.3.quad
    jobid: 30
    reason: Missing output files: quads/nystrom.4/2.3.quad; Input files updated by another job: quads/nystrom.4/breakpoints_r, quads/nystrom.4/breakpoints_theta
    wildcards: order=4, r0_index=2, theta0_index=3
    resources: tmpdir=/tmp

[Wed Apr 24 09:45:54 2024]
Finished job 106.
11 of 125 steps (9%) done
Select jobs to execute...
Execute 1 jobs...

[Wed Apr 24 09:45:54 2024]
localrule generate_nystrom_quadrature:
    input: quads/nystrom.4/breakpoints_r, quads/nystrom.4/breakpoints_theta
    output: quads/nystrom.4/2.7.quad
    jobid: 34
    reason: Missing output files: quads/nystrom.4/2.7.quad; Input files updated by another job: quads/nystrom.4/breakpoints_r, quads/nystrom.4/breakpoints_theta
    wildcards: order=4, r0_index=2, theta0_index=7
    resources: tmpdir=/tmp

[Wed Apr 24 09:46:15 2024]
Finished job 119.
12 of 125 steps (10%) done
Select jobs to execute...
Execute 1 jobs...

[Wed Apr 24 09:46:15 2024]
localrule generate_nystrom_quadrature:
    input: quads/nystrom.4/breakpoints_r, quads/nystrom.4/breakpoints_theta
    output: quads/nystrom.4/3.10.quad
    jobid: 49
    reason: Missing output files: quads/nystrom.4/3.10.quad; Input files updated by another job: quads/nystrom.4/breakpoints_r, quads/nystrom.4/breakpoints_theta
    wildcards: order=4, r0_index=3, theta0_index=10
    resources: tmpdir=/tmp

[Wed Apr 24 09:46:34 2024]
Finished job 57.
13 of 125 steps (10%) done
Select jobs to execute...
Execute 1 jobs...

[Wed Apr 24 09:46:34 2024]
localrule generate_nystrom_quadrature:
    input: quads/nystrom.4/breakpoints_r, quads/nystrom.4/breakpoints_theta
    output: quads/nystrom.4/5.1.quad
    jobid: 64
    reason: Missing output files: quads/nystrom.4/5.1.quad; Input files updated by another job: quads/nystrom.4/breakpoints_r, quads/nystrom.4/breakpoints_theta
    wildcards: order=4, r0_index=5, theta0_index=1
    resources: tmpdir=/tmp

[Wed Apr 24 09:46:40 2024]
Finished job 42.
14 of 125 steps (11%) done
Select jobs to execute...
Execute 1 jobs...

[Wed Apr 24 09:46:40 2024]
localrule generate_nystrom_quadrature:
    input: quads/nystrom.4/breakpoints_r, quads/nystrom.4/breakpoints_theta
    output: quads/nystrom.4/4.8.quad
    jobid: 59
    reason: Missing output files: quads/nystrom.4/4.8.quad; Input files updated by another job: quads/nystrom.4/breakpoints_r, quads/nystrom.4/breakpoints_theta
    wildcards: order=4, r0_index=4, theta0_index=8
    resources: tmpdir=/tmp

[Wed Apr 24 09:46:44 2024]
Finished job 27.
15 of 125 steps (12%) done
Select jobs to execute...
Execute 1 jobs...

[Wed Apr 24 09:46:44 2024]
localrule generate_nystrom_quadrature:
    input: quads/nystrom.4/breakpoints_r, quads/nystrom.4/breakpoints_theta
    output: quads/nystrom.4/5.11.quad
    jobid: 74
    reason: Missing output files: quads/nystrom.4/5.11.quad; Input files updated by another job: quads/nystrom.4/breakpoints_r, quads/nystrom.4/breakpoints_theta
    wildcards: order=4, r0_index=5, theta0_index=11
    resources: tmpdir=/tmp

[Wed Apr 24 09:46:49 2024]
Finished job 64.
16 of 125 steps (13%) done
Select jobs to execute...
Execute 1 jobs...

[Wed Apr 24 09:46:49 2024]
localrule generate_nystrom_quadrature:
    input: quads/nystrom.4/breakpoints_r, quads/nystrom.4/breakpoints_theta
    output: quads/nystrom.4/3.5.quad
    jobid: 44
    reason: Missing output files: quads/nystrom.4/3.5.quad; Input files updated by another job: quads/nystrom.4/breakpoints_r, quads/nystrom.4/breakpoints_theta
    wildcards: order=4, r0_index=3, theta0_index=5
    resources: tmpdir=/tmp

[Wed Apr 24 09:47:10 2024]
Finished job 31.
17 of 125 steps (14%) done
Select jobs to execute...
Execute 1 jobs...

[Wed Apr 24 09:47:10 2024]
localrule generate_nystrom_quadrature:
    input: quads/nystrom.4/breakpoints_r, quads/nystrom.4/breakpoints_theta
    output: quads/nystrom.4/2.6.quad
    jobid: 33
    reason: Missing output files: quads/nystrom.4/2.6.quad; Input files updated by another job: quads/nystrom.4/breakpoints_r, quads/nystrom.4/breakpoints_theta
    wildcards: order=4, r0_index=2, theta0_index=6
    resources: tmpdir=/tmp

[Wed Apr 24 09:47:11 2024]
Finished job 46.
18 of 125 steps (14%) done
Select jobs to execute...
Execute 1 jobs...

[Wed Apr 24 09:47:11 2024]
localrule generate_nystrom_quadrature:
    input: quads/nystrom.4/breakpoints_r, quads/nystrom.4/breakpoints_theta
    output: quads/nystrom.4/0.5.quad
    jobid: 8
    reason: Missing output files: quads/nystrom.4/0.5.quad; Input files updated by another job: quads/nystrom.4/breakpoints_r, quads/nystrom.4/breakpoints_theta
    wildcards: order=4, r0_index=0, theta0_index=5
    resources: tmpdir=/tmp

[Wed Apr 24 09:47:13 2024]
Finished job 16.
19 of 125 steps (15%) done
Select jobs to execute...
Execute 1 jobs...

[Wed Apr 24 09:47:13 2024]
localrule generate_nystrom_quadrature:
    input: quads/nystrom.4/breakpoints_r, quads/nystrom.4/breakpoints_theta
    output: quads/nystrom.4/1.8.quad
    jobid: 23
    reason: Missing output files: quads/nystrom.4/1.8.quad; Input files updated by another job: quads/nystrom.4/breakpoints_r, quads/nystrom.4/breakpoints_theta
    wildcards: order=4, r0_index=1, theta0_index=8
    resources: tmpdir=/tmp

[Wed Apr 24 09:47:17 2024]
Finished job 30.
20 of 125 steps (16%) done
Select jobs to execute...
Execute 1 jobs...

[Wed Apr 24 09:47:17 2024]
localrule generate_nystrom_quadrature:
    input: quads/nystrom.4/breakpoints_r, quads/nystrom.4/breakpoints_theta
    output: quads/nystrom.4/2.11.quad
    jobid: 38
    reason: Missing output files: quads/nystrom.4/2.11.quad; Input files updated by another job: quads/nystrom.4/breakpoints_r, quads/nystrom.4/breakpoints_theta
    wildcards: order=4, r0_index=2, theta0_index=11
    resources: tmpdir=/tmp

[Wed Apr 24 09:47:17 2024]
Finished job 45.
21 of 125 steps (17%) done
Select jobs to execute...
Execute 1 jobs...

[Wed Apr 24 09:47:17 2024]
localrule generate_nystrom_quadrature:
    input: quads/nystrom.4/breakpoints_r, quads/nystrom.4/breakpoints_theta
    output: quads/nystrom.4/4.2.quad
    jobid: 53
    reason: Missing output files: quads/nystrom.4/4.2.quad; Input files updated by another job: quads/nystrom.4/breakpoints_r, quads/nystrom.4/breakpoints_theta
    wildcards: order=4, r0_index=4, theta0_index=2
    resources: tmpdir=/tmp

[Wed Apr 24 09:47:38 2024]
Finished job 4.
22 of 125 steps (18%) done
Select jobs to execute...
Execute 1 jobs...

[Wed Apr 24 09:47:38 2024]
localrule generate_nystrom_quadrature:
    input: quads/nystrom.4/breakpoints_r, quads/nystrom.4/breakpoints_theta
    output: quads/nystrom.4/8.10.quad
    jobid: 109
    reason: Missing output files: quads/nystrom.4/8.10.quad; Input files updated by another job: quads/nystrom.4/breakpoints_r, quads/nystrom.4/breakpoints_theta
    wildcards: order=4, r0_index=8, theta0_index=10
    resources: tmpdir=/tmp

[Wed Apr 24 09:47:40 2024]
Finished job 5.
23 of 125 steps (18%) done
Select jobs to execute...
Execute 1 jobs...

[Wed Apr 24 09:47:40 2024]
localrule generate_nystrom_quadrature:
    input: quads/nystrom.4/breakpoints_r, quads/nystrom.4/breakpoints_theta
    output: quads/nystrom.4/5.5.quad
    jobid: 68
    reason: Missing output files: quads/nystrom.4/5.5.quad; Input files updated by another job: quads/nystrom.4/breakpoints_r, quads/nystrom.4/breakpoints_theta
    wildcards: order=4, r0_index=5, theta0_index=5
    resources: tmpdir=/tmp

[Wed Apr 24 09:47:50 2024]
Finished job 53.
24 of 125 steps (19%) done
Select jobs to execute...
Execute 1 jobs...

[Wed Apr 24 09:47:50 2024]
localrule generate_nystrom_quadrature:
    input: quads/nystrom.4/breakpoints_r, quads/nystrom.4/breakpoints_theta
    output: quads/nystrom.4/6.8.quad
    jobid: 83
    reason: Missing output files: quads/nystrom.4/6.8.quad; Input files updated by another job: quads/nystrom.4/breakpoints_r, quads/nystrom.4/breakpoints_theta
    wildcards: order=4, r0_index=6, theta0_index=8
    resources: tmpdir=/tmp

[Wed Apr 24 09:47:55 2024]
Finished job 34.
25 of 125 steps (20%) done
Select jobs to execute...
Execute 1 jobs...

[Wed Apr 24 09:47:56 2024]
localrule generate_nystrom_quadrature:
    input: quads/nystrom.4/breakpoints_r, quads/nystrom.4/breakpoints_theta
    output: quads/nystrom.4/7.11.quad
    jobid: 98
    reason: Missing output files: quads/nystrom.4/7.11.quad; Input files updated by another job: quads/nystrom.4/breakpoints_r, quads/nystrom.4/breakpoints_theta
    wildcards: order=4, r0_index=7, theta0_index=11
    resources: tmpdir=/tmp

[Wed Apr 24 09:48:01 2024]
Finished job 19.
26 of 125 steps (21%) done
Select jobs to execute...
Execute 1 jobs...

[Wed Apr 24 09:48:01 2024]
localrule generate_nystrom_quadrature:
    input: quads/nystrom.4/breakpoints_r, quads/nystrom.4/breakpoints_theta
    output: quads/nystrom.4/5.2.quad
    jobid: 65
    reason: Missing output files: quads/nystrom.4/5.2.quad; Input files updated by another job: quads/nystrom.4/breakpoints_r, quads/nystrom.4/breakpoints_theta
    wildcards: order=4, r0_index=5, theta0_index=2
    resources: tmpdir=/tmp

[Wed Apr 24 09:48:10 2024]
Finished job 68.
27 of 125 steps (22%) done
Select jobs to execute...
Execute 1 jobs...

[Wed Apr 24 09:48:10 2024]
localrule generate_nystrom_quadrature:
    input: quads/nystrom.4/breakpoints_r, quads/nystrom.4/breakpoints_theta
    output: quads/nystrom.4/6.5.quad
    jobid: 80
    reason: Missing output files: quads/nystrom.4/6.5.quad; Input files updated by another job: quads/nystrom.4/breakpoints_r, quads/nystrom.4/breakpoints_theta
    wildcards: order=4, r0_index=6, theta0_index=5
    resources: tmpdir=/tmp

[Wed Apr 24 09:48:12 2024]
Finished job 44.
28 of 125 steps (22%) done
Select jobs to execute...
Execute 1 jobs...

[Wed Apr 24 09:48:12 2024]
localrule generate_nystrom_quadrature:
    input: quads/nystrom.4/breakpoints_r, quads/nystrom.4/breakpoints_theta
    output: quads/nystrom.4/7.8.quad
    jobid: 95
    reason: Missing output files: quads/nystrom.4/7.8.quad; Input files updated by another job: quads/nystrom.4/breakpoints_r, quads/nystrom.4/breakpoints_theta
    wildcards: order=4, r0_index=7, theta0_index=8
    resources: tmpdir=/tmp

[Wed Apr 24 09:48:14 2024]
Finished job 59.
29 of 125 steps (23%) done
Select jobs to execute...
Execute 1 jobs...

[Wed Apr 24 09:48:14 2024]
localrule generate_nystrom_quadrature:
    input: quads/nystrom.4/breakpoints_r, quads/nystrom.4/breakpoints_theta
    output: quads/nystrom.4/8.11.quad
    jobid: 110
    reason: Missing output files: quads/nystrom.4/8.11.quad; Input files updated by another job: quads/nystrom.4/breakpoints_r, quads/nystrom.4/breakpoints_theta
    wildcards: order=4, r0_index=8, theta0_index=11
    resources: tmpdir=/tmp

[Wed Apr 24 09:48:15 2024]
Finished job 65.
30 of 125 steps (24%) done
Select jobs to execute...
Execute 1 jobs...

[Wed Apr 24 09:48:15 2024]
localrule generate_nystrom_quadrature:
    input: quads/nystrom.4/breakpoints_r, quads/nystrom.4/breakpoints_theta
    output: quads/nystrom.4/3.11.quad
    jobid: 50
    reason: Missing output files: quads/nystrom.4/3.11.quad; Input files updated by another job: quads/nystrom.4/breakpoints_r, quads/nystrom.4/breakpoints_theta
    wildcards: order=4, r0_index=3, theta0_index=11
    resources: tmpdir=/tmp

[Wed Apr 24 09:48:20 2024]
Finished job 20.
31 of 125 steps (25%) done
Select jobs to execute...
Execute 1 jobs...

[Wed Apr 24 09:48:21 2024]
localrule generate_nystrom_quadrature:
    input: quads/nystrom.4/breakpoints_r, quads/nystrom.4/breakpoints_theta
    output: quads/nystrom.4/1.6.quad
    jobid: 21
    reason: Missing output files: quads/nystrom.4/1.6.quad; Input files updated by another job: quads/nystrom.4/breakpoints_r, quads/nystrom.4/breakpoints_theta
    wildcards: order=4, r0_index=1, theta0_index=6
    resources: tmpdir=/tmp

[Wed Apr 24 09:48:22 2024]
Finished job 83.
32 of 125 steps (26%) done
Select jobs to execute...
Execute 1 jobs...

[Wed Apr 24 09:48:22 2024]
localrule generate_nystrom_quadrature:
    input: quads/nystrom.4/breakpoints_r, quads/nystrom.4/breakpoints_theta
    output: quads/nystrom.4/0.3.quad
    jobid: 6
    reason: Missing output files: quads/nystrom.4/0.3.quad; Input files updated by another job: quads/nystrom.4/breakpoints_r, quads/nystrom.4/breakpoints_theta
    wildcards: order=4, r0_index=0, theta0_index=3
    resources: tmpdir=/tmp

[Wed Apr 24 09:48:26 2024]
Finished job 80.
33 of 125 steps (26%) done
Select jobs to execute...
Execute 1 jobs...

[Wed Apr 24 09:48:26 2024]
localrule generate_nystrom_quadrature:
    input: quads/nystrom.4/breakpoints_r, quads/nystrom.4/breakpoints_theta
    output: quads/nystrom.4/2.9.quad
    jobid: 36
    reason: Missing output files: quads/nystrom.4/2.9.quad; Input files updated by another job: quads/nystrom.4/breakpoints_r, quads/nystrom.4/breakpoints_theta
    wildcards: order=4, r0_index=2, theta0_index=9
    resources: tmpdir=/tmp

[Wed Apr 24 09:48:27 2024]
Finished job 120.
34 of 125 steps (27%) done
Select jobs to execute...
Execute 1 jobs...

[Wed Apr 24 09:48:27 2024]
localrule generate_nystrom_quadrature:
    input: quads/nystrom.4/breakpoints_r, quads/nystrom.4/breakpoints_theta
    output: quads/nystrom.4/2.8.quad
    jobid: 35
    reason: Missing output files: quads/nystrom.4/2.8.quad; Input files updated by another job: quads/nystrom.4/breakpoints_r, quads/nystrom.4/breakpoints_theta
    wildcards: order=4, r0_index=2, theta0_index=8
    resources: tmpdir=/tmp

[Wed Apr 24 09:48:48 2024]
Finished job 95.
35 of 125 steps (28%) done
Select jobs to execute...
Execute 1 jobs...

[Wed Apr 24 09:48:48 2024]
localrule generate_nystrom_quadrature:
    input: quads/nystrom.4/breakpoints_r, quads/nystrom.4/breakpoints_theta
    output: quads/nystrom.4/4.0.quad
    jobid: 51
    reason: Missing output files: quads/nystrom.4/4.0.quad; Input files updated by another job: quads/nystrom.4/breakpoints_r, quads/nystrom.4/breakpoints_theta
    wildcards: order=4, r0_index=4, theta0_index=0
    resources: tmpdir=/tmp

[Wed Apr 24 09:48:50 2024]
Finished job 33.
36 of 125 steps (29%) done
Select jobs to execute...
Execute 1 jobs...

[Wed Apr 24 09:48:50 2024]
localrule generate_nystrom_quadrature:
    input: quads/nystrom.4/breakpoints_r, quads/nystrom.4/breakpoints_theta
    output: quads/nystrom.4/7.1.quad
    jobid: 88
    reason: Missing output files: quads/nystrom.4/7.1.quad; Input files updated by another job: quads/nystrom.4/breakpoints_r, quads/nystrom.4/breakpoints_theta
    wildcards: order=4, r0_index=7, theta0_index=1
    resources: tmpdir=/tmp

[Wed Apr 24 09:48:56 2024]
Finished job 88.
37 of 125 steps (30%) done
Select jobs to execute...
Execute 1 jobs...

[Wed Apr 24 09:48:56 2024]
localrule generate_nystrom_quadrature:
    input: quads/nystrom.4/breakpoints_r, quads/nystrom.4/breakpoints_theta
    output: quads/nystrom.4/0.6.quad
    jobid: 9
    reason: Missing output files: quads/nystrom.4/0.6.quad; Input files updated by another job: quads/nystrom.4/breakpoints_r, quads/nystrom.4/breakpoints_theta
    wildcards: order=4, r0_index=0, theta0_index=6
    resources: tmpdir=/tmp

[Wed Apr 24 09:49:17 2024]
Finished job 72.
38 of 125 steps (30%) done
Select jobs to execute...
Execute 1 jobs...

[Wed Apr 24 09:49:17 2024]
localrule generate_nystrom_quadrature:
    input: quads/nystrom.4/breakpoints_r, quads/nystrom.4/breakpoints_theta
    output: quads/nystrom.4/9.2.quad
    jobid: 113
    reason: Missing output files: quads/nystrom.4/9.2.quad; Input files updated by another job: quads/nystrom.4/breakpoints_r, quads/nystrom.4/breakpoints_theta
    wildcards: order=4, r0_index=9, theta0_index=2
    resources: tmpdir=/tmp

[Wed Apr 24 09:49:20 2024]
Finished job 51.
39 of 125 steps (31%) done
Select jobs to execute...
Execute 1 jobs...

[Wed Apr 24 09:49:20 2024]
localrule generate_nystrom_quadrature:
    input: quads/nystrom.4/breakpoints_r, quads/nystrom.4/breakpoints_theta
    output: quads/nystrom.4/1.9.quad
    jobid: 24
    reason: Missing output files: quads/nystrom.4/1.9.quad; Input files updated by another job: quads/nystrom.4/breakpoints_r, quads/nystrom.4/breakpoints_theta
    wildcards: order=4, r0_index=1, theta0_index=9
    resources: tmpdir=/tmp

[Wed Apr 24 09:49:21 2024]
Finished job 113.
40 of 125 steps (32%) done
Select jobs to execute...
Execute 1 jobs...

[Wed Apr 24 09:49:22 2024]
localrule generate_nystrom_quadrature:
    input: quads/nystrom.4/breakpoints_r, quads/nystrom.4/breakpoints_theta
    output: quads/nystrom.4/9.1.quad
    jobid: 112
    reason: Missing output files: quads/nystrom.4/9.1.quad; Input files updated by another job: quads/nystrom.4/breakpoints_r, quads/nystrom.4/breakpoints_theta
    wildcards: order=4, r0_index=9, theta0_index=1
    resources: tmpdir=/tmp

[Wed Apr 24 09:49:23 2024]
Finished job 23.
41 of 125 steps (33%) done
Select jobs to execute...
Execute 1 jobs...

[Wed Apr 24 09:49:23 2024]
localrule generate_nystrom_quadrature:
    input: quads/nystrom.4/breakpoints_r, quads/nystrom.4/breakpoints_theta
    output: quads/nystrom.4/3.0.quad
    jobid: 39
    reason: Missing output files: quads/nystrom.4/3.0.quad; Input files updated by another job: quads/nystrom.4/breakpoints_r, quads/nystrom.4/breakpoints_theta
    wildcards: order=4, r0_index=3, theta0_index=0
    resources: tmpdir=/tmp

[Wed Apr 24 09:49:26 2024]
Finished job 112.
42 of 125 steps (34%) done
Select jobs to execute...
Execute 1 jobs...

[Wed Apr 24 09:49:26 2024]
localrule generate_nystrom_quadrature:
    input: quads/nystrom.4/breakpoints_r, quads/nystrom.4/breakpoints_theta
    output: quads/nystrom.4/7.10.quad
    jobid: 97
    reason: Missing output files: quads/nystrom.4/7.10.quad; Input files updated by another job: quads/nystrom.4/breakpoints_r, quads/nystrom.4/breakpoints_theta
    wildcards: order=4, r0_index=7, theta0_index=10
    resources: tmpdir=/tmp

[Wed Apr 24 09:49:43 2024]
Finished job 8.
43 of 125 steps (34%) done
Select jobs to execute...
Execute 1 jobs...

[Wed Apr 24 09:49:43 2024]
localrule generate_nystrom_quadrature:
    input: quads/nystrom.4/breakpoints_r, quads/nystrom.4/breakpoints_theta
    output: quads/nystrom.4/4.3.quad
    jobid: 54
    reason: Missing output files: quads/nystrom.4/4.3.quad; Input files updated by another job: quads/nystrom.4/breakpoints_r, quads/nystrom.4/breakpoints_theta
    wildcards: order=4, r0_index=4, theta0_index=3
    resources: tmpdir=/tmp

[Wed Apr 24 09:50:10 2024]
Finished job 39.
44 of 125 steps (35%) done
Select jobs to execute...
Execute 1 jobs...

[Wed Apr 24 09:50:10 2024]
localrule generate_nystrom_quadrature:
    input: quads/nystrom.4/breakpoints_r, quads/nystrom.4/breakpoints_theta
    output: quads/nystrom.4/6.7.quad
    jobid: 82
    reason: Missing output files: quads/nystrom.4/6.7.quad; Input files updated by another job: quads/nystrom.4/breakpoints_r, quads/nystrom.4/breakpoints_theta
    wildcards: order=4, r0_index=6, theta0_index=7
    resources: tmpdir=/tmp

[Wed Apr 24 09:50:11 2024]
Finished job 35.
45 of 125 steps (36%) done
Select jobs to execute...
Execute 1 jobs...

[Wed Apr 24 09:50:11 2024]
localrule generate_nystrom_quadrature:
    input: quads/nystrom.4/breakpoints_r, quads/nystrom.4/breakpoints_theta
    output: quads/nystrom.4/5.6.quad
    jobid: 69
    reason: Missing output files: quads/nystrom.4/5.6.quad; Input files updated by another job: quads/nystrom.4/breakpoints_r, quads/nystrom.4/breakpoints_theta
    wildcards: order=4, r0_index=5, theta0_index=6
    resources: tmpdir=/tmp

[Wed Apr 24 09:50:24 2024]
Finished job 54.
46 of 125 steps (37%) done
Select jobs to execute...
Execute 1 jobs...

[Wed Apr 24 09:50:24 2024]
localrule generate_nystrom_quadrature:
    input: quads/nystrom.4/breakpoints_r, quads/nystrom.4/breakpoints_theta
    output: quads/nystrom.4/5.4.quad
    jobid: 67
    reason: Missing output files: quads/nystrom.4/5.4.quad; Input files updated by another job: quads/nystrom.4/breakpoints_r, quads/nystrom.4/breakpoints_theta
    wildcards: order=4, r0_index=5, theta0_index=4
    resources: tmpdir=/tmp

[Wed Apr 24 09:50:24 2024]
Finished job 6.
47 of 125 steps (38%) done
Select jobs to execute...
Execute 1 jobs...

[Wed Apr 24 09:50:24 2024]
localrule generate_nystrom_quadrature:
    input: quads/nystrom.4/breakpoints_r, quads/nystrom.4/breakpoints_theta
    output: quads/nystrom.4/6.9.quad
    jobid: 84
    reason: Missing output files: quads/nystrom.4/6.9.quad; Input files updated by another job: quads/nystrom.4/breakpoints_r, quads/nystrom.4/breakpoints_theta
    wildcards: order=4, r0_index=6, theta0_index=9
    resources: tmpdir=/tmp

[Wed Apr 24 09:50:24 2024]
Finished job 21.
48 of 125 steps (38%) done
Select jobs to execute...
Execute 1 jobs...

[Wed Apr 24 09:50:24 2024]
localrule generate_nystrom_quadrature:
    input: quads/nystrom.4/breakpoints_r, quads/nystrom.4/breakpoints_theta
    output: quads/nystrom.4/4.1.quad
    jobid: 52
    reason: Missing output files: quads/nystrom.4/4.1.quad; Input files updated by another job: quads/nystrom.4/breakpoints_r, quads/nystrom.4/breakpoints_theta
    wildcards: order=4, r0_index=4, theta0_index=1
    resources: tmpdir=/tmp

[Wed Apr 24 09:50:34 2024]
Finished job 69.
49 of 125 steps (39%) done
Select jobs to execute...
Execute 1 jobs...

[Wed Apr 24 09:50:34 2024]
localrule generate_nystrom_quadrature:
    input: quads/nystrom.4/breakpoints_r, quads/nystrom.4/breakpoints_theta
    output: quads/nystrom.4/8.0.quad
    jobid: 99
    reason: Missing output files: quads/nystrom.4/8.0.quad; Input files updated by another job: quads/nystrom.4/breakpoints_r, quads/nystrom.4/breakpoints_theta
    wildcards: order=4, r0_index=8, theta0_index=0
    resources: tmpdir=/tmp

[Wed Apr 24 09:50:38 2024]
Finished job 82.
50 of 125 steps (40%) done
Select jobs to execute...
Execute 1 jobs...

[Wed Apr 24 09:50:38 2024]
localrule generate_nystrom_quadrature:
    input: quads/nystrom.4/breakpoints_r, quads/nystrom.4/breakpoints_theta
    output: quads/nystrom.4/2.10.quad
    jobid: 37
    reason: Missing output files: quads/nystrom.4/2.10.quad; Input files updated by another job: quads/nystrom.4/breakpoints_r, quads/nystrom.4/breakpoints_theta
    wildcards: order=4, r0_index=2, theta0_index=10
    resources: tmpdir=/tmp

[Wed Apr 24 09:50:39 2024]
Finished job 99.
51 of 125 steps (41%) done
Select jobs to execute...
Execute 1 jobs...

[Wed Apr 24 09:50:39 2024]
localrule generate_nystrom_quadrature:
    input: quads/nystrom.4/breakpoints_r, quads/nystrom.4/breakpoints_theta
    output: quads/nystrom.4/9.3.quad
    jobid: 114
    reason: Missing output files: quads/nystrom.4/9.3.quad; Input files updated by another job: quads/nystrom.4/breakpoints_r, quads/nystrom.4/breakpoints_theta
    wildcards: order=4, r0_index=9, theta0_index=3
    resources: tmpdir=/tmp

[Wed Apr 24 09:50:45 2024]
Finished job 114.
52 of 125 steps (42%) done
Select jobs to execute...
Execute 1 jobs...

[Wed Apr 24 09:50:45 2024]
localrule generate_nystrom_quadrature:
    input: quads/nystrom.4/breakpoints_r, quads/nystrom.4/breakpoints_theta
    output: quads/nystrom.4/1.7.quad
    jobid: 22
    reason: Missing output files: quads/nystrom.4/1.7.quad; Input files updated by another job: quads/nystrom.4/breakpoints_r, quads/nystrom.4/breakpoints_theta
    wildcards: order=4, r0_index=1, theta0_index=7
    resources: tmpdir=/tmp

[Wed Apr 24 09:50:46 2024]
Finished job 67.
53 of 125 steps (42%) done
Select jobs to execute...
Execute 1 jobs...

[Wed Apr 24 09:50:46 2024]
localrule generate_nystrom_quadrature:
    input: quads/nystrom.4/breakpoints_r, quads/nystrom.4/breakpoints_theta
    output: quads/nystrom.4/0.7.quad
    jobid: 10
    reason: Missing output files: quads/nystrom.4/0.7.quad; Input files updated by another job: quads/nystrom.4/breakpoints_r, quads/nystrom.4/breakpoints_theta
    wildcards: order=4, r0_index=0, theta0_index=7
    resources: tmpdir=/tmp

[Wed Apr 24 09:51:06 2024]
Finished job 52.
54 of 125 steps (43%) done
Select jobs to execute...
Execute 1 jobs...

[Wed Apr 24 09:51:06 2024]
localrule generate_nystrom_quadrature:
    input: quads/nystrom.4/breakpoints_r, quads/nystrom.4/breakpoints_theta
    output: quads/nystrom.4/1.0.quad
    jobid: 15
    reason: Missing output files: quads/nystrom.4/1.0.quad; Input files updated by another job: quads/nystrom.4/breakpoints_r, quads/nystrom.4/breakpoints_theta
    wildcards: order=4, r0_index=1, theta0_index=0
    resources: tmpdir=/tmp

[Wed Apr 24 09:51:24 2024]
Finished job 9.
55 of 125 steps (44%) done
Select jobs to execute...
Execute 1 jobs...

[Wed Apr 24 09:51:24 2024]
localrule generate_nystrom_quadrature:
    input: quads/nystrom.4/breakpoints_r, quads/nystrom.4/breakpoints_theta
    output: quads/nystrom.4/4.7.quad
    jobid: 58
    reason: Missing output files: quads/nystrom.4/4.7.quad; Input files updated by another job: quads/nystrom.4/breakpoints_r, quads/nystrom.4/breakpoints_theta
    wildcards: order=4, r0_index=4, theta0_index=7
    resources: tmpdir=/tmp

[Wed Apr 24 09:52:28 2024]
Finished job 58.
56 of 125 steps (45%) done
Select jobs to execute...
Execute 1 jobs...

[Wed Apr 24 09:52:28 2024]
localrule generate_nystrom_quadrature:
    input: quads/nystrom.4/breakpoints_r, quads/nystrom.4/breakpoints_theta
    output: quads/nystrom.4/3.1.quad
    jobid: 40
    reason: Missing output files: quads/nystrom.4/3.1.quad; Input files updated by another job: quads/nystrom.4/breakpoints_r, quads/nystrom.4/breakpoints_theta
    wildcards: order=4, r0_index=3, theta0_index=1
    resources: tmpdir=/tmp

[Wed Apr 24 09:52:46 2024]
Finished job 15.
57 of 125 steps (46%) done
Select jobs to execute...
Execute 1 jobs...

[Wed Apr 24 09:52:46 2024]
localrule generate_nystrom_quadrature:
    input: quads/nystrom.4/breakpoints_r, quads/nystrom.4/breakpoints_theta
    output: quads/nystrom.4/4.4.quad
    jobid: 55
    reason: Missing output files: quads/nystrom.4/4.4.quad; Input files updated by another job: quads/nystrom.4/breakpoints_r, quads/nystrom.4/breakpoints_theta
    wildcards: order=4, r0_index=4, theta0_index=4
    resources: tmpdir=/tmp

[Wed Apr 24 09:53:10 2024]
Finished job 60.
58 of 125 steps (46%) done
Select jobs to execute...
Execute 1 jobs...

[Wed Apr 24 09:53:10 2024]
localrule generate_nystrom_quadrature:
    input: quads/nystrom.4/breakpoints_r, quads/nystrom.4/breakpoints_theta
    output: quads/nystrom.4/1.10.quad
    jobid: 25
    reason: Missing output files: quads/nystrom.4/1.10.quad; Input files updated by another job: quads/nystrom.4/breakpoints_r, quads/nystrom.4/breakpoints_theta
    wildcards: order=4, r0_index=1, theta0_index=10
    resources: tmpdir=/tmp

[Wed Apr 24 09:53:16 2024]
Finished job 40.
59 of 125 steps (47%) done
Select jobs to execute...
Execute 1 jobs...

[Wed Apr 24 09:53:16 2024]
localrule generate_nystrom_quadrature:
    input: quads/nystrom.4/breakpoints_r, quads/nystrom.4/breakpoints_theta
    output: quads/nystrom.4/5.7.quad
    jobid: 70
    reason: Missing output files: quads/nystrom.4/5.7.quad; Input files updated by another job: quads/nystrom.4/breakpoints_r, quads/nystrom.4/breakpoints_theta
    wildcards: order=4, r0_index=5, theta0_index=7
    resources: tmpdir=/tmp

[Wed Apr 24 09:53:19 2024]
Finished job 22.
60 of 125 steps (48%) done
Select jobs to execute...
Execute 1 jobs...

[Wed Apr 24 09:53:19 2024]
localrule generate_nystrom_quadrature:
    input: quads/nystrom.4/breakpoints_r, quads/nystrom.4/breakpoints_theta
    output: quads/nystrom.4/0.4.quad
    jobid: 7
    reason: Missing output files: quads/nystrom.4/0.4.quad; Input files updated by another job: quads/nystrom.4/breakpoints_r, quads/nystrom.4/breakpoints_theta
    wildcards: order=4, r0_index=0, theta0_index=4
    resources: tmpdir=/tmp

[Wed Apr 24 09:53:28 2024]
Finished job 55.
61 of 125 steps (49%) done
Select jobs to execute...
Execute 1 jobs...

[Wed Apr 24 09:53:28 2024]
localrule generate_nystrom_quadrature:
    input: quads/nystrom.4/breakpoints_r, quads/nystrom.4/breakpoints_theta
    output: quads/nystrom.4/6.10.quad
    jobid: 85
    reason: Missing output files: quads/nystrom.4/6.10.quad; Input files updated by another job: quads/nystrom.4/breakpoints_r, quads/nystrom.4/breakpoints_theta
    wildcards: order=4, r0_index=6, theta0_index=10
    resources: tmpdir=/tmp

[Wed Apr 24 09:53:34 2024]
Finished job 10.
62 of 125 steps (50%) done
Select jobs to execute...
Execute 1 jobs...

[Wed Apr 24 09:53:34 2024]
localrule generate_nystrom_quadrature:
    input: quads/nystrom.4/breakpoints_r, quads/nystrom.4/breakpoints_theta
    output: quads/nystrom.4/9.0.quad
    jobid: 111
    reason: Missing output files: quads/nystrom.4/9.0.quad; Input files updated by another job: quads/nystrom.4/breakpoints_r, quads/nystrom.4/breakpoints_theta
    wildcards: order=4, r0_index=9, theta0_index=0
    resources: tmpdir=/tmp

[Wed Apr 24 09:53:38 2024]
Finished job 111.
63 of 125 steps (50%) done
Select jobs to execute...
Execute 1 jobs...

[Wed Apr 24 09:53:38 2024]
localrule generate_nystrom_quadrature:
    input: quads/nystrom.4/breakpoints_r, quads/nystrom.4/breakpoints_theta
    output: quads/nystrom.4/8.1.quad
    jobid: 100
    reason: Missing output files: quads/nystrom.4/8.1.quad; Input files updated by another job: quads/nystrom.4/breakpoints_r, quads/nystrom.4/breakpoints_theta
    wildcards: order=4, r0_index=8, theta0_index=1
    resources: tmpdir=/tmp

[Wed Apr 24 09:53:42 2024]
Finished job 100.
64 of 125 steps (51%) done
Select jobs to execute...
Execute 1 jobs...

[Wed Apr 24 09:53:42 2024]
localrule generate_nystrom_quadrature:
    input: quads/nystrom.4/breakpoints_r, quads/nystrom.4/breakpoints_theta
    output: quads/nystrom.4/7.9.quad
    jobid: 96
    reason: Missing output files: quads/nystrom.4/7.9.quad; Input files updated by another job: quads/nystrom.4/breakpoints_r, quads/nystrom.4/breakpoints_theta
    wildcards: order=4, r0_index=7, theta0_index=9
    resources: tmpdir=/tmp

[Wed Apr 24 09:53:43 2024]
Finished job 70.
65 of 125 steps (52%) done
Select jobs to execute...
Execute 1 jobs...

[Wed Apr 24 09:53:43 2024]
localrule generate_nystrom_quadrature:
    input: quads/nystrom.4/breakpoints_r, quads/nystrom.4/breakpoints_theta
    output: quads/nystrom.4/9.4.quad
    jobid: 115
    reason: Missing output files: quads/nystrom.4/9.4.quad; Input files updated by another job: quads/nystrom.4/breakpoints_r, quads/nystrom.4/breakpoints_theta
    wildcards: order=4, r0_index=9, theta0_index=4
    resources: tmpdir=/tmp

[Wed Apr 24 09:53:47 2024]
Finished job 115.
66 of 125 steps (53%) done
Select jobs to execute...
Execute 1 jobs...

[Wed Apr 24 09:53:47 2024]
localrule generate_nystrom_quadrature:
    input: quads/nystrom.4/breakpoints_r, quads/nystrom.4/breakpoints_theta
    output: quads/nystrom.4/6.6.quad
    jobid: 81
    reason: Missing output files: quads/nystrom.4/6.6.quad; Input files updated by another job: quads/nystrom.4/breakpoints_r, quads/nystrom.4/breakpoints_theta
    wildcards: order=4, r0_index=6, theta0_index=6
    resources: tmpdir=/tmp

[Wed Apr 24 09:54:02 2024]
Finished job 81.
67 of 125 steps (54%) done
Select jobs to execute...
Execute 1 jobs...

[Wed Apr 24 09:54:02 2024]
localrule generate_nystrom_quadrature:
    input: quads/nystrom.4/breakpoints_r, quads/nystrom.4/breakpoints_theta
    output: quads/nystrom.4/0.8.quad
    jobid: 11
    reason: Missing output files: quads/nystrom.4/0.8.quad; Input files updated by another job: quads/nystrom.4/breakpoints_r, quads/nystrom.4/breakpoints_theta
    wildcards: order=4, r0_index=0, theta0_index=8
    resources: tmpdir=/tmp

[Wed Apr 24 09:54:30 2024]
Finished job 84.
68 of 125 steps (54%) done
Select jobs to execute...
Execute 1 jobs...

[Wed Apr 24 09:54:30 2024]
localrule generate_nystrom_quadrature:
    input: quads/nystrom.4/breakpoints_r, quads/nystrom.4/breakpoints_theta
    output: quads/nystrom.4/5.3.quad
    jobid: 66
    reason: Missing output files: quads/nystrom.4/5.3.quad; Input files updated by another job: quads/nystrom.4/breakpoints_r, quads/nystrom.4/breakpoints_theta
    wildcards: order=4, r0_index=5, theta0_index=3
    resources: tmpdir=/tmp

[Wed Apr 24 09:54:44 2024]
Finished job 66.
69 of 125 steps (55%) done
Select jobs to execute...
Execute 1 jobs...

[Wed Apr 24 09:54:44 2024]
localrule generate_nystrom_quadrature:
    input: quads/nystrom.4/breakpoints_r, quads/nystrom.4/breakpoints_theta
    output: quads/nystrom.4/1.11.quad
    jobid: 26
    reason: Missing output files: quads/nystrom.4/1.11.quad; Input files updated by another job: quads/nystrom.4/breakpoints_r, quads/nystrom.4/breakpoints_theta
    wildcards: order=4, r0_index=1, theta0_index=11
    resources: tmpdir=/tmp

[Wed Apr 24 09:55:11 2024]
Finished job 7.
70 of 125 steps (56%) done
Select jobs to execute...
Execute 1 jobs...

[Wed Apr 24 09:55:11 2024]
localrule generate_nystrom_quadrature:
    input: quads/nystrom.4/breakpoints_r, quads/nystrom.4/breakpoints_theta
    output: quads/nystrom.4/7.2.quad
    jobid: 89
    reason: Missing output files: quads/nystrom.4/7.2.quad; Input files updated by another job: quads/nystrom.4/breakpoints_r, quads/nystrom.4/breakpoints_theta
    wildcards: order=4, r0_index=7, theta0_index=2
    resources: tmpdir=/tmp

[Wed Apr 24 09:55:15 2024]
Finished job 89.
71 of 125 steps (57%) done
Select jobs to execute...
Execute 1 jobs...

[Wed Apr 24 09:55:15 2024]
localrule generate_nystrom_quadrature:
    input: quads/nystrom.4/breakpoints_r, quads/nystrom.4/breakpoints_theta
    output: quads/nystrom.4/0.11.quad
    jobid: 14
    reason: Missing output files: quads/nystrom.4/0.11.quad; Input files updated by another job: quads/nystrom.4/breakpoints_r, quads/nystrom.4/breakpoints_theta
    wildcards: order=4, r0_index=0, theta0_index=11
    resources: tmpdir=/tmp

[Wed Apr 24 09:55:21 2024]
Finished job 12.
72 of 125 steps (58%) done
Select jobs to execute...
Execute 1 jobs...

[Wed Apr 24 09:55:21 2024]
localrule generate_nystrom_quadrature:
    input: quads/nystrom.4/breakpoints_r, quads/nystrom.4/breakpoints_theta
    output: quads/nystrom.4/2.1.quad
    jobid: 28
    reason: Missing output files: quads/nystrom.4/2.1.quad; Input files updated by another job: quads/nystrom.4/breakpoints_r, quads/nystrom.4/breakpoints_theta
    wildcards: order=4, r0_index=2, theta0_index=1
    resources: tmpdir=/tmp

[Wed Apr 24 09:55:40 2024]
Finished job 74.
73 of 125 steps (58%) done
Select jobs to execute...
Execute 1 jobs...

[Wed Apr 24 09:55:40 2024]
localrule generate_nystrom_quadrature:
    input: quads/nystrom.4/breakpoints_r, quads/nystrom.4/breakpoints_theta
    output: quads/nystrom.4/9.7.quad
    jobid: 118
    reason: Missing output files: quads/nystrom.4/9.7.quad; Input files updated by another job: quads/nystrom.4/breakpoints_r, quads/nystrom.4/breakpoints_theta
    wildcards: order=4, r0_index=9, theta0_index=7
    resources: tmpdir=/tmp

[Wed Apr 24 09:55:51 2024]
Finished job 36.
74 of 125 steps (59%) done
Select jobs to execute...
Execute 1 jobs...

[Wed Apr 24 09:55:51 2024]
localrule generate_nystrom_quadrature:
    input: quads/nystrom.4/breakpoints_r, quads/nystrom.4/breakpoints_theta
    output: quads/nystrom.4/1.2.quad
    jobid: 17
    reason: Missing output files: quads/nystrom.4/1.2.quad; Input files updated by another job: quads/nystrom.4/breakpoints_r, quads/nystrom.4/breakpoints_theta
    wildcards: order=4, r0_index=1, theta0_index=2
    resources: tmpdir=/tmp

[Wed Apr 24 09:55:53 2024]
Finished job 118.
75 of 125 steps (60%) done
Select jobs to execute...
Execute 1 jobs...

[Wed Apr 24 09:55:53 2024]
localrule generate_nystrom_quadrature:
    input: quads/nystrom.4/breakpoints_r, quads/nystrom.4/breakpoints_theta
    output: quads/nystrom.4/2.5.quad
    jobid: 32
    reason: Missing output files: quads/nystrom.4/2.5.quad; Input files updated by another job: quads/nystrom.4/breakpoints_r, quads/nystrom.4/breakpoints_theta
    wildcards: order=4, r0_index=2, theta0_index=5
    resources: tmpdir=/tmp

[Wed Apr 24 09:56:14 2024]
Finished job 38.
76 of 125 steps (61%) done
Select jobs to execute...
Execute 1 jobs...

[Wed Apr 24 09:56:15 2024]
localrule generate_nystrom_quadrature:
    input: quads/nystrom.4/breakpoints_r, quads/nystrom.4/breakpoints_theta
    output: quads/nystrom.4/3.8.quad
    jobid: 47
    reason: Missing output files: quads/nystrom.4/3.8.quad; Input files updated by another job: quads/nystrom.4/breakpoints_r, quads/nystrom.4/breakpoints_theta
    wildcards: order=4, r0_index=3, theta0_index=8
    resources: tmpdir=/tmp

[Wed Apr 24 09:56:18 2024]
Finished job 28.
77 of 125 steps (62%) done
Select jobs to execute...
Execute 1 jobs...

[Wed Apr 24 09:56:18 2024]
localrule generate_nystrom_quadrature:
    input: quads/nystrom.4/breakpoints_r, quads/nystrom.4/breakpoints_theta
    output: quads/nystrom.4/4.11.quad
    jobid: 62
    reason: Missing output files: quads/nystrom.4/4.11.quad; Input files updated by another job: quads/nystrom.4/breakpoints_r, quads/nystrom.4/breakpoints_theta
    wildcards: order=4, r0_index=4, theta0_index=11
    resources: tmpdir=/tmp

[Wed Apr 24 09:56:22 2024]
Finished job 96.
78 of 125 steps (62%) done
Select jobs to execute...
Execute 1 jobs...

[Wed Apr 24 09:56:22 2024]
localrule generate_nystrom_quadrature:
    input: quads/nystrom.4/breakpoints_r, quads/nystrom.4/breakpoints_theta
    output: quads/nystrom.4/6.2.quad
    jobid: 77
    reason: Missing output files: quads/nystrom.4/6.2.quad; Input files updated by another job: quads/nystrom.4/breakpoints_r, quads/nystrom.4/breakpoints_theta
    wildcards: order=4, r0_index=6, theta0_index=2
    resources: tmpdir=/tmp

[Wed Apr 24 09:56:27 2024]
Finished job 11.
79 of 125 steps (63%) done
Select jobs to execute...
Execute 1 jobs...

[Wed Apr 24 09:56:27 2024]
localrule generate_nystrom_quadrature:
    input: quads/nystrom.4/breakpoints_r, quads/nystrom.4/breakpoints_theta
    output: quads/nystrom.4/7.5.quad
    jobid: 92
    reason: Missing output files: quads/nystrom.4/7.5.quad; Input files updated by another job: quads/nystrom.4/breakpoints_r, quads/nystrom.4/breakpoints_theta
    wildcards: order=4, r0_index=7, theta0_index=5
    resources: tmpdir=/tmp

[Wed Apr 24 09:56:28 2024]
Finished job 24.
80 of 125 steps (64%) done
Select jobs to execute...
Execute 1 jobs...

[Wed Apr 24 09:56:28 2024]
localrule generate_nystrom_quadrature:
    input: quads/nystrom.4/breakpoints_r, quads/nystrom.4/breakpoints_theta
    output: quads/nystrom.4/8.8.quad
    jobid: 107
    reason: Missing output files: quads/nystrom.4/8.8.quad; Input files updated by another job: quads/nystrom.4/breakpoints_r, quads/nystrom.4/breakpoints_theta
    wildcards: order=4, r0_index=8, theta0_index=8
    resources: tmpdir=/tmp

[Wed Apr 24 09:56:30 2024]
Finished job 77.
81 of 125 steps (65%) done
Select jobs to execute...
Execute 1 jobs...

[Wed Apr 24 09:56:31 2024]
localrule generate_nystrom_quadrature:
    input: quads/nystrom.4/breakpoints_r, quads/nystrom.4/breakpoints_theta
    output: quads/nystrom.4/9.11.quad
    jobid: 122
    reason: Missing output files: quads/nystrom.4/9.11.quad; Input files updated by another job: quads/nystrom.4/breakpoints_r, quads/nystrom.4/breakpoints_theta
    wildcards: order=4, r0_index=9, theta0_index=11
    resources: tmpdir=/tmp

[Wed Apr 24 09:56:34 2024]
Finished job 92.
82 of 125 steps (66%) done
Select jobs to execute...
Execute 1 jobs...

[Wed Apr 24 09:56:34 2024]
localrule generate_nystrom_quadrature:
    input: quads/nystrom.4/breakpoints_r, quads/nystrom.4/breakpoints_theta
    output: quads/nystrom.4/5.0.quad
    jobid: 63
    reason: Missing output files: quads/nystrom.4/5.0.quad; Input files updated by another job: quads/nystrom.4/breakpoints_r, quads/nystrom.4/breakpoints_theta
    wildcards: order=4, r0_index=5, theta0_index=0
    resources: tmpdir=/tmp

[Wed Apr 24 09:56:45 2024]
Finished job 63.
83 of 125 steps (66%) done
Select jobs to execute...
Execute 1 jobs...

[Wed Apr 24 09:56:45 2024]
localrule generate_nystrom_quadrature:
    input: quads/nystrom.4/breakpoints_r, quads/nystrom.4/breakpoints_theta
    output: quads/nystrom.4/7.6.quad
    jobid: 93
    reason: Missing output files: quads/nystrom.4/7.6.quad; Input files updated by another job: quads/nystrom.4/breakpoints_r, quads/nystrom.4/breakpoints_theta
    wildcards: order=4, r0_index=7, theta0_index=6
    resources: tmpdir=/tmp

[Wed Apr 24 09:57:01 2024]
Finished job 93.
84 of 125 steps (67%) done
Select jobs to execute...
Execute 1 jobs...

[Wed Apr 24 09:57:01 2024]
localrule generate_nystrom_quadrature:
    input: quads/nystrom.4/breakpoints_r, quads/nystrom.4/breakpoints_theta
    output: quads/nystrom.4/8.9.quad
    jobid: 108
    reason: Missing output files: quads/nystrom.4/8.9.quad; Input files updated by another job: quads/nystrom.4/breakpoints_r, quads/nystrom.4/breakpoints_theta
    wildcards: order=4, r0_index=8, theta0_index=9
    resources: tmpdir=/tmp

[Wed Apr 24 09:57:08 2024]
Finished job 107.
85 of 125 steps (68%) done
Select jobs to execute...
Execute 1 jobs...

[Wed Apr 24 09:57:09 2024]
localrule generate_nystrom_quadrature:
    input: quads/nystrom.4/breakpoints_r, quads/nystrom.4/breakpoints_theta
    output: quads/nystrom.4/3.9.quad
    jobid: 48
    reason: Missing output files: quads/nystrom.4/3.9.quad; Input files updated by another job: quads/nystrom.4/breakpoints_r, quads/nystrom.4/breakpoints_theta
    wildcards: order=4, r0_index=3, theta0_index=9
    resources: tmpdir=/tmp

[Wed Apr 24 09:57:14 2024]
Finished job 17.
86 of 125 steps (69%) done
Select jobs to execute...
Execute 1 jobs...

[Wed Apr 24 09:57:14 2024]
localrule generate_nystrom_quadrature:
    input: quads/nystrom.4/breakpoints_r, quads/nystrom.4/breakpoints_theta
    output: quads/nystrom.4/6.3.quad
    jobid: 78
    reason: Missing output files: quads/nystrom.4/6.3.quad; Input files updated by another job: quads/nystrom.4/breakpoints_r, quads/nystrom.4/breakpoints_theta
    wildcards: order=4, r0_index=6, theta0_index=3
    resources: tmpdir=/tmp

[Wed Apr 24 09:57:17 2024]
Finished job 50.
87 of 125 steps (70%) done
Select jobs to execute...
Execute 1 jobs...

[Wed Apr 24 09:57:17 2024]
localrule generate_nystrom_quadrature:
    input: quads/nystrom.4/breakpoints_r, quads/nystrom.4/breakpoints_theta
    output: quads/nystrom.4/7.7.quad
    jobid: 94
    reason: Missing output files: quads/nystrom.4/7.7.quad; Input files updated by another job: quads/nystrom.4/breakpoints_r, quads/nystrom.4/breakpoints_theta
    wildcards: order=4, r0_index=7, theta0_index=7
    resources: tmpdir=/tmp

[Wed Apr 24 09:57:24 2024]
Finished job 32.
88 of 125 steps (70%) done
Select jobs to execute...
Execute 1 jobs...

[Wed Apr 24 09:57:24 2024]
localrule generate_nystrom_quadrature:
    input: quads/nystrom.4/breakpoints_r, quads/nystrom.4/breakpoints_theta
    output: quads/nystrom.4/0.0.quad
    jobid: 2
    reason: Missing output files: quads/nystrom.4/0.0.quad; Input files updated by another job: quads/nystrom.4/breakpoints_r, quads/nystrom.4/breakpoints_theta
    wildcards: order=4, r0_index=0, theta0_index=0
    resources: tmpdir=/tmp

[Wed Apr 24 09:57:26 2024]
Finished job 78.
89 of 125 steps (71%) done
Select jobs to execute...
Execute 1 jobs...

[Wed Apr 24 09:57:26 2024]
localrule generate_nystrom_quadrature:
    input: quads/nystrom.4/breakpoints_r, quads/nystrom.4/breakpoints_theta
    output: quads/nystrom.4/5.10.quad
    jobid: 73
    reason: Missing output files: quads/nystrom.4/5.10.quad; Input files updated by another job: quads/nystrom.4/breakpoints_r, quads/nystrom.4/breakpoints_theta
    wildcards: order=4, r0_index=5, theta0_index=10
    resources: tmpdir=/tmp

[Wed Apr 24 09:57:38 2024]
Finished job 94.
90 of 125 steps (72%) done
Select jobs to execute...
Execute 1 jobs...

[Wed Apr 24 09:57:38 2024]
localrule generate_nystrom_quadrature:
    input: quads/nystrom.4/breakpoints_r, quads/nystrom.4/breakpoints_theta
    output: quads/nystrom.4/0.10.quad
    jobid: 13
    reason: Missing output files: quads/nystrom.4/0.10.quad; Input files updated by another job: quads/nystrom.4/breakpoints_r, quads/nystrom.4/breakpoints_theta
    wildcards: order=4, r0_index=0, theta0_index=10
    resources: tmpdir=/tmp

[Wed Apr 24 09:58:01 2024]
Finished job 47.
91 of 125 steps (73%) done
Select jobs to execute...
Execute 1 jobs...

[Wed Apr 24 09:58:01 2024]
localrule generate_nystrom_quadrature:
    input: quads/nystrom.4/breakpoints_r, quads/nystrom.4/breakpoints_theta
    output: quads/nystrom.4/8.4.quad
    jobid: 103
    reason: Missing output files: quads/nystrom.4/8.4.quad; Input files updated by another job: quads/nystrom.4/breakpoints_r, quads/nystrom.4/breakpoints_theta
    wildcards: order=4, r0_index=8, theta0_index=4
    resources: tmpdir=/tmp

[Wed Apr 24 09:58:07 2024]
Finished job 103.
92 of 125 steps (74%) done
Select jobs to execute...
Execute 1 jobs...

[Wed Apr 24 09:58:07 2024]
localrule generate_nystrom_quadrature:
    input: quads/nystrom.4/breakpoints_r, quads/nystrom.4/breakpoints_theta
    output: quads/nystrom.4/3.4.quad
    jobid: 43
    reason: Missing output files: quads/nystrom.4/3.4.quad; Input files updated by another job: quads/nystrom.4/breakpoints_r, quads/nystrom.4/breakpoints_theta
    wildcards: order=4, r0_index=3, theta0_index=4
    resources: tmpdir=/tmp

[Wed Apr 24 09:58:14 2024]
Finished job 110.
93 of 125 steps (74%) done
Select jobs to execute...
Execute 1 jobs...

[Wed Apr 24 09:58:14 2024]
localrule generate_nystrom_quadrature:
    input: quads/nystrom.4/breakpoints_r, quads/nystrom.4/breakpoints_theta
    output: quads/nystrom.4/6.4.quad
    jobid: 79
    reason: Missing output files: quads/nystrom.4/6.4.quad; Input files updated by another job: quads/nystrom.4/breakpoints_r, quads/nystrom.4/breakpoints_theta
    wildcards: order=4, r0_index=6, theta0_index=4
    resources: tmpdir=/tmp

[Wed Apr 24 09:58:27 2024]
Finished job 79.
94 of 125 steps (75%) done
Select jobs to execute...
Execute 1 jobs...

[Wed Apr 24 09:58:27 2024]
localrule generate_nystrom_quadrature:
    input: quads/nystrom.4/breakpoints_r, quads/nystrom.4/breakpoints_theta
    output: quads/nystrom.4/9.5.quad
    jobid: 116
    reason: Missing output files: quads/nystrom.4/9.5.quad; Input files updated by another job: quads/nystrom.4/breakpoints_r, quads/nystrom.4/breakpoints_theta
    wildcards: order=4, r0_index=9, theta0_index=5
    resources: tmpdir=/tmp

[Wed Apr 24 09:58:33 2024]
Finished job 116.
95 of 125 steps (76%) done
Select jobs to execute...
Execute 1 jobs...

[Wed Apr 24 09:58:33 2024]
localrule generate_nystrom_quadrature:
    input: quads/nystrom.4/breakpoints_r, quads/nystrom.4/breakpoints_theta
    output: quads/nystrom.4/8.2.quad
    jobid: 101
    reason: Missing output files: quads/nystrom.4/8.2.quad; Input files updated by another job: quads/nystrom.4/breakpoints_r, quads/nystrom.4/breakpoints_theta
    wildcards: order=4, r0_index=8, theta0_index=2
    resources: tmpdir=/tmp

[Wed Apr 24 09:58:39 2024]
Finished job 101.
96 of 125 steps (77%) done
Select jobs to execute...
Execute 1 jobs...

[Wed Apr 24 09:58:39 2024]
localrule generate_nystrom_quadrature:
    input: quads/nystrom.4/breakpoints_r, quads/nystrom.4/breakpoints_theta
    output: quads/nystrom.4/6.11.quad
    jobid: 86
    reason: Missing output files: quads/nystrom.4/6.11.quad; Input files updated by another job: quads/nystrom.4/breakpoints_r, quads/nystrom.4/breakpoints_theta
    wildcards: order=4, r0_index=6, theta0_index=11
    resources: tmpdir=/tmp

[Wed Apr 24 09:58:54 2024]
Finished job 98.
97 of 125 steps (78%) done
Select jobs to execute...
Execute 1 jobs...

[Wed Apr 24 09:58:54 2024]
localrule generate_nystrom_quadrature:
    input: quads/nystrom.4/breakpoints_r, quads/nystrom.4/breakpoints_theta
    output: quads/nystrom.4/3.2.quad
    jobid: 41
    reason: Missing output files: quads/nystrom.4/3.2.quad; Input files updated by another job: quads/nystrom.4/breakpoints_r, quads/nystrom.4/breakpoints_theta
    wildcards: order=4, r0_index=3, theta0_index=2
    resources: tmpdir=/tmp

[Wed Apr 24 09:58:56 2024]
Finished job 2.
98 of 125 steps (78%) done
Select jobs to execute...
Execute 1 jobs...

[Wed Apr 24 09:58:56 2024]
localrule generate_nystrom_quadrature:
    input: quads/nystrom.4/breakpoints_r, quads/nystrom.4/breakpoints_theta
    output: quads/nystrom.4/1.3.quad
    jobid: 18
    reason: Missing output files: quads/nystrom.4/1.3.quad; Input files updated by another job: quads/nystrom.4/breakpoints_r, quads/nystrom.4/breakpoints_theta
    wildcards: order=4, r0_index=1, theta0_index=3
    resources: tmpdir=/tmp

[Wed Apr 24 09:59:28 2024]
Finished job 43.
99 of 125 steps (79%) done
Select jobs to execute...
Execute 1 jobs...

[Wed Apr 24 09:59:28 2024]
localrule generate_nystrom_quadrature:
    input: quads/nystrom.4/breakpoints_r, quads/nystrom.4/breakpoints_theta
    output: quads/nystrom.4/5.8.quad
    jobid: 71
    reason: Missing output files: quads/nystrom.4/5.8.quad; Input files updated by another job: quads/nystrom.4/breakpoints_r, quads/nystrom.4/breakpoints_theta
    wildcards: order=4, r0_index=5, theta0_index=8
    resources: tmpdir=/tmp

[Wed Apr 24 09:59:53 2024]
Finished job 41.
100 of 125 steps (80%) done
Select jobs to execute...
Execute 1 jobs...

[Wed Apr 24 09:59:53 2024]
localrule generate_nystrom_quadrature:
    input: quads/nystrom.4/breakpoints_r, quads/nystrom.4/breakpoints_theta
    output: quads/nystrom.4/2.2.quad
    jobid: 29
    reason: Missing output files: quads/nystrom.4/2.2.quad; Input files updated by another job: quads/nystrom.4/breakpoints_r, quads/nystrom.4/breakpoints_theta
    wildcards: order=4, r0_index=2, theta0_index=2
    resources: tmpdir=/tmp

[Wed Apr 24 10:00:06 2024]
Finished job 71.
101 of 125 steps (81%) done
Select jobs to execute...
Execute 1 jobs...

[Wed Apr 24 10:00:06 2024]
localrule generate_nystrom_quadrature:
    input: quads/nystrom.4/breakpoints_r, quads/nystrom.4/breakpoints_theta
    output: quads/nystrom.4/4.5.quad
    jobid: 56
    reason: Missing output files: quads/nystrom.4/4.5.quad; Input files updated by another job: quads/nystrom.4/breakpoints_r, quads/nystrom.4/breakpoints_theta
    wildcards: order=4, r0_index=4, theta0_index=5
    resources: tmpdir=/tmp

[Wed Apr 24 10:01:01 2024]
Finished job 18.
102 of 125 steps (82%) done
[Wed Apr 24 10:01:07 2024]
Finished job 29.
103 of 125 steps (82%) done
[Wed Apr 24 10:01:09 2024]
Finished job 56.
104 of 125 steps (83%) done
[Wed Apr 24 10:02:28 2024]
Finished job 61.
105 of 125 steps (84%) done
[Wed Apr 24 10:02:31 2024]
Finished job 108.
106 of 125 steps (85%) done
[Wed Apr 24 10:02:37 2024]
Finished job 26.
107 of 125 steps (86%) done
[Wed Apr 24 10:02:59 2024]
Finished job 48.
108 of 125 steps (86%) done
[Wed Apr 24 10:03:18 2024]
Finished job 49.
109 of 125 steps (87%) done
[Wed Apr 24 10:04:40 2024]
Finished job 62.
110 of 125 steps (88%) done
[Wed Apr 24 10:05:17 2024]
Finished job 122.
111 of 125 steps (89%) done
[Wed Apr 24 10:05:58 2024]
Finished job 37.
112 of 125 steps (90%) done
[Wed Apr 24 10:06:00 2024]
Finished job 14.
113 of 125 steps (90%) done
[Wed Apr 24 10:07:08 2024]
Finished job 86.
114 of 125 steps (91%) done
[Wed Apr 24 10:10:21 2024]
Finished job 25.
115 of 125 steps (92%) done
[Wed Apr 24 10:13:15 2024]
Finished job 85.
116 of 125 steps (93%) done
[Wed Apr 24 10:13:32 2024]
Finished job 97.
117 of 125 steps (94%) done
[Wed Apr 24 10:14:49 2024]
Finished job 109.
118 of 125 steps (94%) done
[Wed Apr 24 10:19:29 2024]
Finished job 121.
119 of 125 steps (95%) done
[Wed Apr 24 10:20:34 2024]
Finished job 13.
120 of 125 steps (96%) done
[Wed Apr 24 10:22:33 2024]
Finished job 73.
121 of 125 steps (97%) done
Select jobs to execute...
Execute 3 jobs...

[Wed Apr 24 10:22:33 2024]
localrule generate_table:
    input: quads/nystrom.4/0.0.quad, quads/nystrom.4/0.1.quad, quads/nystrom.4/0.2.quad, quads/nystrom.4/0.3.quad, quads/nystrom.4/0.4.quad, quads/nystrom.4/0.5.quad, quads/nystrom.4/0.6.quad, quads/nystrom.4/0.7.quad, quads/nystrom.4/0.8.quad, quads/nystrom.4/0.9.quad, quads/nystrom.4/0.10.quad, quads/nystrom.4/0.11.quad, quads/nystrom.4/1.0.quad, quads/nystrom.4/1.1.quad, quads/nystrom.4/1.2.quad, quads/nystrom.4/1.3.quad, quads/nystrom.4/1.4.quad, quads/nystrom.4/1.5.quad, quads/nystrom.4/1.6.quad, quads/nystrom.4/1.7.quad, quads/nystrom.4/1.8.quad, quads/nystrom.4/1.9.quad, quads/nystrom.4/1.10.quad, quads/nystrom.4/1.11.quad, quads/nystrom.4/2.0.quad, quads/nystrom.4/2.1.quad, quads/nystrom.4/2.2.quad, quads/nystrom.4/2.3.quad, quads/nystrom.4/2.4.quad, quads/nystrom.4/2.5.quad, quads/nystrom.4/2.6.quad, quads/nystrom.4/2.7.quad, quads/nystrom.4/2.8.quad, quads/nystrom.4/2.9.quad, quads/nystrom.4/2.10.quad, quads/nystrom.4/2.11.quad, quads/nystrom.4/3.0.quad, quads/nystrom.4/3.1.quad, quads/nystrom.4/3.2.quad, quads/nystrom.4/3.3.quad, quads/nystrom.4/3.4.quad, quads/nystrom.4/3.5.quad, quads/nystrom.4/3.6.quad, quads/nystrom.4/3.7.quad, quads/nystrom.4/3.8.quad, quads/nystrom.4/3.9.quad, quads/nystrom.4/3.10.quad, quads/nystrom.4/3.11.quad, quads/nystrom.4/4.0.quad, quads/nystrom.4/4.1.quad, quads/nystrom.4/4.2.quad, quads/nystrom.4/4.3.quad, quads/nystrom.4/4.4.quad, quads/nystrom.4/4.5.quad, quads/nystrom.4/4.6.quad, quads/nystrom.4/4.7.quad, quads/nystrom.4/4.8.quad, quads/nystrom.4/4.9.quad, quads/nystrom.4/4.10.quad, quads/nystrom.4/4.11.quad, quads/nystrom.4/5.0.quad, quads/nystrom.4/5.1.quad, quads/nystrom.4/5.2.quad, quads/nystrom.4/5.3.quad, quads/nystrom.4/5.4.quad, quads/nystrom.4/5.5.quad, quads/nystrom.4/5.6.quad, quads/nystrom.4/5.7.quad, quads/nystrom.4/5.8.quad, quads/nystrom.4/5.9.quad, quads/nystrom.4/5.10.quad, quads/nystrom.4/5.11.quad, quads/nystrom.4/6.0.quad, quads/nystrom.4/6.1.quad, quads/nystrom.4/6.2.quad, quads/nystrom.4/6.3.quad, quads/nystrom.4/6.4.quad, quads/nystrom.4/6.5.quad, quads/nystrom.4/6.6.quad, quads/nystrom.4/6.7.quad, quads/nystrom.4/6.8.quad, quads/nystrom.4/6.9.quad, quads/nystrom.4/6.10.quad, quads/nystrom.4/6.11.quad, quads/nystrom.4/7.0.quad, quads/nystrom.4/7.1.quad, quads/nystrom.4/7.2.quad, quads/nystrom.4/7.3.quad, quads/nystrom.4/7.4.quad, quads/nystrom.4/7.5.quad, quads/nystrom.4/7.6.quad, quads/nystrom.4/7.7.quad, quads/nystrom.4/7.8.quad, quads/nystrom.4/7.9.quad, quads/nystrom.4/7.10.quad, quads/nystrom.4/7.11.quad, quads/nystrom.4/8.0.quad, quads/nystrom.4/8.1.quad, quads/nystrom.4/8.2.quad, quads/nystrom.4/8.3.quad, quads/nystrom.4/8.4.quad, quads/nystrom.4/8.5.quad, quads/nystrom.4/8.6.quad, quads/nystrom.4/8.7.quad, quads/nystrom.4/8.8.quad, quads/nystrom.4/8.9.quad, quads/nystrom.4/8.10.quad, quads/nystrom.4/8.11.quad, quads/nystrom.4/9.0.quad, quads/nystrom.4/9.1.quad, quads/nystrom.4/9.2.quad, quads/nystrom.4/9.3.quad, quads/nystrom.4/9.4.quad, quads/nystrom.4/9.5.quad, quads/nystrom.4/9.6.quad, quads/nystrom.4/9.7.quad, quads/nystrom.4/9.8.quad, quads/nystrom.4/9.9.quad, quads/nystrom.4/9.10.quad, quads/nystrom.4/9.11.quad
    output: output/experiment_triangle.16.tex
    jobid: 124
    reason: Missing output files: output/experiment_triangle.16.tex; Input files updated by another job: quads/nystrom.4/4.2.quad, quads/nystrom.4/5.10.quad, quads/nystrom.4/7.7.quad, quads/nystrom.4/4.10.quad, quads/nystrom.4/4.6.quad, quads/nystrom.4/2.2.quad, quads/nystrom.4/2.3.quad, quads/nystrom.4/2.0.quad, quads/nystrom.4/1.1.quad, quads/nystrom.4/3.3.quad, quads/nystrom.4/3.6.quad, quads/nystrom.4/0.0.quad, quads/nystrom.4/7.11.quad, quads/nystrom.4/7.3.quad, quads/nystrom.4/4.5.quad, quads/nystrom.4/7.9.quad, quads/nystrom.4/1.2.quad, quads/nystrom.4/1.10.quad, quads/nystrom.4/3.4.quad, quads/nystrom.4/3.8.quad, quads/nystrom.4/8.11.quad, quads/nystrom.4/6.9.quad, quads/nystrom.4/0.1.quad, quads/nystrom.4/1.6.quad, quads/nystrom.4/4.11.quad, quads/nystrom.4/6.0.quad, quads/nystrom.4/1.9.quad, quads/nystrom.4/6.2.quad, quads/nystrom.4/8.7.quad, quads/nystrom.4/8.8.quad, quads/nystrom.4/9.2.quad, quads/nystrom.4/1.0.quad, quads/nystrom.4/0.3.quad, quads/nystrom.4/2.1.quad, quads/nystrom.4/7.0.quad, quads/nystrom.4/8.5.quad, quads/nystrom.4/9.10.quad, quads/nystrom.4/5.11.quad, quads/nystrom.4/3.1.quad, quads/nystrom.4/1.7.quad, quads/nystrom.4/2.8.quad, quads/nystrom.4/4.3.quad, quads/nystrom.4/5.0.quad, quads/nystrom.4/3.0.quad, quads/nystrom.4/4.8.quad, quads/nystrom.4/0.6.quad, quads/nystrom.4/0.4.quad, quads/nystrom.4/0.7.quad, quads/nystrom.4/4.9.quad, quads/nystrom.4/3.5.quad, quads/nystrom.4/5.1.quad, quads/nystrom.4/6.5.quad, quads/nystrom.4/6.6.quad, quads/nystrom.4/7.8.quad, quads/nystrom.4/8.3.quad, quads/nystrom.4/9.7.quad, quads/nystrom.4/9.11.quad, quads/nystrom.4/3.2.quad, quads/nystrom.4/8.10.quad, quads/nystrom.4/9.4.quad, quads/nystrom.4/3.10.quad, quads/nystrom.4/5.9.quad, quads/nystrom.4/4.0.quad, quads/nystrom.4/1.5.quad, quads/nystrom.4/5.2.quad, quads/nystrom.4/4.4.quad, quads/nystrom.4/6.4.quad, quads/nystrom.4/8.6.quad, quads/nystrom.4/0.8.quad, quads/nystrom.4/3.11.quad, quads/nystrom.4/4.1.quad, quads/nystrom.4/0.5.quad, quads/nystrom.4/2.5.quad, quads/nystrom.4/6.8.quad, quads/nystrom.4/9.3.quad, quads/nystrom.4/3.9.quad, quads/nystrom.4/0.10.quad, quads/nystrom.4/2.6.quad, quads/nystrom.4/7.5.quad, quads/nystrom.4/1.3.quad, quads/nystrom.4/7.10.quad, quads/nystrom.4/0.2.quad, quads/nystrom.4/3.7.quad, quads/nystrom.4/9.0.quad, quads/nystrom.4/8.9.quad, quads/nystrom.4/4.7.quad, quads/nystrom.4/8.2.quad, quads/nystrom.4/5.7.quad, quads/nystrom.4/8.4.quad, quads/nystrom.4/9.8.quad, quads/nystrom.4/1.8.quad, quads/nystrom.4/7.1.quad, quads/nystrom.4/6.7.quad, quads/nystrom.4/6.10.quad, quads/nystrom.4/7.6.quad, quads/nystrom.4/1.4.quad, quads/nystrom.4/2.11.quad, quads/nystrom.4/6.1.quad, quads/nystrom.4/7.2.quad, quads/nystrom.4/0.9.quad, quads/nystrom.4/2.4.quad, quads/nystrom.4/5.3.quad, quads/nystrom.4/9.1.quad, quads/nystrom.4/5.4.quad, quads/nystrom.4/0.11.quad, quads/nystrom.4/2.10.quad, quads/nystrom.4/6.11.quad, quads/nystrom.4/5.6.quad, quads/nystrom.4/9.6.quad, quads/nystrom.4/5.8.quad, quads/nystrom.4/2.7.quad, quads/nystrom.4/7.4.quad, quads/nystrom.4/2.9.quad, quads/nystrom.4/8.0.quad, quads/nystrom.4/9.5.quad, quads/nystrom.4/9.9.quad, quads/nystrom.4/1.11.quad, quads/nystrom.4/5.5.quad, quads/nystrom.4/8.1.quad, quads/nystrom.4/6.3.quad
    wildcards: order=16
    resources: tmpdir=/tmp


[Wed Apr 24 10:22:33 2024]
localrule generate_table:
    input: quads/nystrom.4/0.0.quad, quads/nystrom.4/0.1.quad, quads/nystrom.4/0.2.quad, quads/nystrom.4/0.3.quad, quads/nystrom.4/0.4.quad, quads/nystrom.4/0.5.quad, quads/nystrom.4/0.6.quad, quads/nystrom.4/0.7.quad, quads/nystrom.4/0.8.quad, quads/nystrom.4/0.9.quad, quads/nystrom.4/0.10.quad, quads/nystrom.4/0.11.quad, quads/nystrom.4/1.0.quad, quads/nystrom.4/1.1.quad, quads/nystrom.4/1.2.quad, quads/nystrom.4/1.3.quad, quads/nystrom.4/1.4.quad, quads/nystrom.4/1.5.quad, quads/nystrom.4/1.6.quad, quads/nystrom.4/1.7.quad, quads/nystrom.4/1.8.quad, quads/nystrom.4/1.9.quad, quads/nystrom.4/1.10.quad, quads/nystrom.4/1.11.quad, quads/nystrom.4/2.0.quad, quads/nystrom.4/2.1.quad, quads/nystrom.4/2.2.quad, quads/nystrom.4/2.3.quad, quads/nystrom.4/2.4.quad, quads/nystrom.4/2.5.quad, quads/nystrom.4/2.6.quad, quads/nystrom.4/2.7.quad, quads/nystrom.4/2.8.quad, quads/nystrom.4/2.9.quad, quads/nystrom.4/2.10.quad, quads/nystrom.4/2.11.quad, quads/nystrom.4/3.0.quad, quads/nystrom.4/3.1.quad, quads/nystrom.4/3.2.quad, quads/nystrom.4/3.3.quad, quads/nystrom.4/3.4.quad, quads/nystrom.4/3.5.quad, quads/nystrom.4/3.6.quad, quads/nystrom.4/3.7.quad, quads/nystrom.4/3.8.quad, quads/nystrom.4/3.9.quad, quads/nystrom.4/3.10.quad, quads/nystrom.4/3.11.quad, quads/nystrom.4/4.0.quad, quads/nystrom.4/4.1.quad, quads/nystrom.4/4.2.quad, quads/nystrom.4/4.3.quad, quads/nystrom.4/4.4.quad, quads/nystrom.4/4.5.quad, quads/nystrom.4/4.6.quad, quads/nystrom.4/4.7.quad, quads/nystrom.4/4.8.quad, quads/nystrom.4/4.9.quad, quads/nystrom.4/4.10.quad, quads/nystrom.4/4.11.quad, quads/nystrom.4/5.0.quad, quads/nystrom.4/5.1.quad, quads/nystrom.4/5.2.quad, quads/nystrom.4/5.3.quad, quads/nystrom.4/5.4.quad, quads/nystrom.4/5.5.quad, quads/nystrom.4/5.6.quad, quads/nystrom.4/5.7.quad, quads/nystrom.4/5.8.quad, quads/nystrom.4/5.9.quad, quads/nystrom.4/5.10.quad, quads/nystrom.4/5.11.quad, quads/nystrom.4/6.0.quad, quads/nystrom.4/6.1.quad, quads/nystrom.4/6.2.quad, quads/nystrom.4/6.3.quad, quads/nystrom.4/6.4.quad, quads/nystrom.4/6.5.quad, quads/nystrom.4/6.6.quad, quads/nystrom.4/6.7.quad, quads/nystrom.4/6.8.quad, quads/nystrom.4/6.9.quad, quads/nystrom.4/6.10.quad, quads/nystrom.4/6.11.quad, quads/nystrom.4/7.0.quad, quads/nystrom.4/7.1.quad, quads/nystrom.4/7.2.quad, quads/nystrom.4/7.3.quad, quads/nystrom.4/7.4.quad, quads/nystrom.4/7.5.quad, quads/nystrom.4/7.6.quad, quads/nystrom.4/7.7.quad, quads/nystrom.4/7.8.quad, quads/nystrom.4/7.9.quad, quads/nystrom.4/7.10.quad, quads/nystrom.4/7.11.quad, quads/nystrom.4/8.0.quad, quads/nystrom.4/8.1.quad, quads/nystrom.4/8.2.quad, quads/nystrom.4/8.3.quad, quads/nystrom.4/8.4.quad, quads/nystrom.4/8.5.quad, quads/nystrom.4/8.6.quad, quads/nystrom.4/8.7.quad, quads/nystrom.4/8.8.quad, quads/nystrom.4/8.9.quad, quads/nystrom.4/8.10.quad, quads/nystrom.4/8.11.quad, quads/nystrom.4/9.0.quad, quads/nystrom.4/9.1.quad, quads/nystrom.4/9.2.quad, quads/nystrom.4/9.3.quad, quads/nystrom.4/9.4.quad, quads/nystrom.4/9.5.quad, quads/nystrom.4/9.6.quad, quads/nystrom.4/9.7.quad, quads/nystrom.4/9.8.quad, quads/nystrom.4/9.9.quad, quads/nystrom.4/9.10.quad, quads/nystrom.4/9.11.quad
    output: output/experiment_triangle.4.tex
    jobid: 1
    reason: Missing output files: output/experiment_triangle.4.tex; Input files updated by another job: quads/nystrom.4/4.2.quad, quads/nystrom.4/5.10.quad, quads/nystrom.4/7.7.quad, quads/nystrom.4/4.10.quad, quads/nystrom.4/4.6.quad, quads/nystrom.4/2.2.quad, quads/nystrom.4/2.3.quad, quads/nystrom.4/2.0.quad, quads/nystrom.4/1.1.quad, quads/nystrom.4/3.3.quad, quads/nystrom.4/3.6.quad, quads/nystrom.4/0.0.quad, quads/nystrom.4/7.11.quad, quads/nystrom.4/7.3.quad, quads/nystrom.4/4.5.quad, quads/nystrom.4/7.9.quad, quads/nystrom.4/1.2.quad, quads/nystrom.4/1.10.quad, quads/nystrom.4/3.4.quad, quads/nystrom.4/3.8.quad, quads/nystrom.4/8.11.quad, quads/nystrom.4/6.9.quad, quads/nystrom.4/0.1.quad, quads/nystrom.4/1.6.quad, quads/nystrom.4/4.11.quad, quads/nystrom.4/6.0.quad, quads/nystrom.4/1.9.quad, quads/nystrom.4/6.2.quad, quads/nystrom.4/8.7.quad, quads/nystrom.4/8.8.quad, quads/nystrom.4/9.2.quad, quads/nystrom.4/1.0.quad, quads/nystrom.4/0.3.quad, quads/nystrom.4/2.1.quad, quads/nystrom.4/7.0.quad, quads/nystrom.4/8.5.quad, quads/nystrom.4/9.10.quad, quads/nystrom.4/5.11.quad, quads/nystrom.4/3.1.quad, quads/nystrom.4/1.7.quad, quads/nystrom.4/2.8.quad, quads/nystrom.4/4.3.quad, quads/nystrom.4/5.0.quad, quads/nystrom.4/3.0.quad, quads/nystrom.4/4.8.quad, quads/nystrom.4/0.6.quad, quads/nystrom.4/0.4.quad, quads/nystrom.4/0.7.quad, quads/nystrom.4/4.9.quad, quads/nystrom.4/3.5.quad, quads/nystrom.4/5.1.quad, quads/nystrom.4/6.5.quad, quads/nystrom.4/6.6.quad, quads/nystrom.4/7.8.quad, quads/nystrom.4/8.3.quad, quads/nystrom.4/9.7.quad, quads/nystrom.4/9.11.quad, quads/nystrom.4/3.2.quad, quads/nystrom.4/8.10.quad, quads/nystrom.4/9.4.quad, quads/nystrom.4/3.10.quad, quads/nystrom.4/5.9.quad, quads/nystrom.4/4.0.quad, quads/nystrom.4/1.5.quad, quads/nystrom.4/5.2.quad, quads/nystrom.4/4.4.quad, quads/nystrom.4/6.4.quad, quads/nystrom.4/8.6.quad, quads/nystrom.4/0.8.quad, quads/nystrom.4/3.11.quad, quads/nystrom.4/4.1.quad, quads/nystrom.4/0.5.quad, quads/nystrom.4/2.5.quad, quads/nystrom.4/6.8.quad, quads/nystrom.4/9.3.quad, quads/nystrom.4/3.9.quad, quads/nystrom.4/0.10.quad, quads/nystrom.4/2.6.quad, quads/nystrom.4/7.5.quad, quads/nystrom.4/1.3.quad, quads/nystrom.4/7.10.quad, quads/nystrom.4/0.2.quad, quads/nystrom.4/3.7.quad, quads/nystrom.4/9.0.quad, quads/nystrom.4/8.9.quad, quads/nystrom.4/4.7.quad, quads/nystrom.4/8.2.quad, quads/nystrom.4/5.7.quad, quads/nystrom.4/8.4.quad, quads/nystrom.4/9.8.quad, quads/nystrom.4/1.8.quad, quads/nystrom.4/7.1.quad, quads/nystrom.4/6.7.quad, quads/nystrom.4/6.10.quad, quads/nystrom.4/7.6.quad, quads/nystrom.4/1.4.quad, quads/nystrom.4/2.11.quad, quads/nystrom.4/6.1.quad, quads/nystrom.4/7.2.quad, quads/nystrom.4/0.9.quad, quads/nystrom.4/2.4.quad, quads/nystrom.4/5.3.quad, quads/nystrom.4/9.1.quad, quads/nystrom.4/5.4.quad, quads/nystrom.4/0.11.quad, quads/nystrom.4/2.10.quad, quads/nystrom.4/6.11.quad, quads/nystrom.4/5.6.quad, quads/nystrom.4/9.6.quad, quads/nystrom.4/5.8.quad, quads/nystrom.4/2.7.quad, quads/nystrom.4/7.4.quad, quads/nystrom.4/2.9.quad, quads/nystrom.4/8.0.quad, quads/nystrom.4/9.5.quad, quads/nystrom.4/9.9.quad, quads/nystrom.4/1.11.quad, quads/nystrom.4/5.5.quad, quads/nystrom.4/8.1.quad, quads/nystrom.4/6.3.quad
    wildcards: order=4
    resources: tmpdir=/tmp


[Wed Apr 24 10:22:33 2024]
localrule generate_table:
    input: quads/nystrom.4/0.0.quad, quads/nystrom.4/0.1.quad, quads/nystrom.4/0.2.quad, quads/nystrom.4/0.3.quad, quads/nystrom.4/0.4.quad, quads/nystrom.4/0.5.quad, quads/nystrom.4/0.6.quad, quads/nystrom.4/0.7.quad, quads/nystrom.4/0.8.quad, quads/nystrom.4/0.9.quad, quads/nystrom.4/0.10.quad, quads/nystrom.4/0.11.quad, quads/nystrom.4/1.0.quad, quads/nystrom.4/1.1.quad, quads/nystrom.4/1.2.quad, quads/nystrom.4/1.3.quad, quads/nystrom.4/1.4.quad, quads/nystrom.4/1.5.quad, quads/nystrom.4/1.6.quad, quads/nystrom.4/1.7.quad, quads/nystrom.4/1.8.quad, quads/nystrom.4/1.9.quad, quads/nystrom.4/1.10.quad, quads/nystrom.4/1.11.quad, quads/nystrom.4/2.0.quad, quads/nystrom.4/2.1.quad, quads/nystrom.4/2.2.quad, quads/nystrom.4/2.3.quad, quads/nystrom.4/2.4.quad, quads/nystrom.4/2.5.quad, quads/nystrom.4/2.6.quad, quads/nystrom.4/2.7.quad, quads/nystrom.4/2.8.quad, quads/nystrom.4/2.9.quad, quads/nystrom.4/2.10.quad, quads/nystrom.4/2.11.quad, quads/nystrom.4/3.0.quad, quads/nystrom.4/3.1.quad, quads/nystrom.4/3.2.quad, quads/nystrom.4/3.3.quad, quads/nystrom.4/3.4.quad, quads/nystrom.4/3.5.quad, quads/nystrom.4/3.6.quad, quads/nystrom.4/3.7.quad, quads/nystrom.4/3.8.quad, quads/nystrom.4/3.9.quad, quads/nystrom.4/3.10.quad, quads/nystrom.4/3.11.quad, quads/nystrom.4/4.0.quad, quads/nystrom.4/4.1.quad, quads/nystrom.4/4.2.quad, quads/nystrom.4/4.3.quad, quads/nystrom.4/4.4.quad, quads/nystrom.4/4.5.quad, quads/nystrom.4/4.6.quad, quads/nystrom.4/4.7.quad, quads/nystrom.4/4.8.quad, quads/nystrom.4/4.9.quad, quads/nystrom.4/4.10.quad, quads/nystrom.4/4.11.quad, quads/nystrom.4/5.0.quad, quads/nystrom.4/5.1.quad, quads/nystrom.4/5.2.quad, quads/nystrom.4/5.3.quad, quads/nystrom.4/5.4.quad, quads/nystrom.4/5.5.quad, quads/nystrom.4/5.6.quad, quads/nystrom.4/5.7.quad, quads/nystrom.4/5.8.quad, quads/nystrom.4/5.9.quad, quads/nystrom.4/5.10.quad, quads/nystrom.4/5.11.quad, quads/nystrom.4/6.0.quad, quads/nystrom.4/6.1.quad, quads/nystrom.4/6.2.quad, quads/nystrom.4/6.3.quad, quads/nystrom.4/6.4.quad, quads/nystrom.4/6.5.quad, quads/nystrom.4/6.6.quad, quads/nystrom.4/6.7.quad, quads/nystrom.4/6.8.quad, quads/nystrom.4/6.9.quad, quads/nystrom.4/6.10.quad, quads/nystrom.4/6.11.quad, quads/nystrom.4/7.0.quad, quads/nystrom.4/7.1.quad, quads/nystrom.4/7.2.quad, quads/nystrom.4/7.3.quad, quads/nystrom.4/7.4.quad, quads/nystrom.4/7.5.quad, quads/nystrom.4/7.6.quad, quads/nystrom.4/7.7.quad, quads/nystrom.4/7.8.quad, quads/nystrom.4/7.9.quad, quads/nystrom.4/7.10.quad, quads/nystrom.4/7.11.quad, quads/nystrom.4/8.0.quad, quads/nystrom.4/8.1.quad, quads/nystrom.4/8.2.quad, quads/nystrom.4/8.3.quad, quads/nystrom.4/8.4.quad, quads/nystrom.4/8.5.quad, quads/nystrom.4/8.6.quad, quads/nystrom.4/8.7.quad, quads/nystrom.4/8.8.quad, quads/nystrom.4/8.9.quad, quads/nystrom.4/8.10.quad, quads/nystrom.4/8.11.quad, quads/nystrom.4/9.0.quad, quads/nystrom.4/9.1.quad, quads/nystrom.4/9.2.quad, quads/nystrom.4/9.3.quad, quads/nystrom.4/9.4.quad, quads/nystrom.4/9.5.quad, quads/nystrom.4/9.6.quad, quads/nystrom.4/9.7.quad, quads/nystrom.4/9.8.quad, quads/nystrom.4/9.9.quad, quads/nystrom.4/9.10.quad, quads/nystrom.4/9.11.quad
    output: output/experiment_triangle.8.tex
    jobid: 123
    reason: Missing output files: output/experiment_triangle.8.tex; Input files updated by another job: quads/nystrom.4/4.2.quad, quads/nystrom.4/5.10.quad, quads/nystrom.4/7.7.quad, quads/nystrom.4/4.10.quad, quads/nystrom.4/4.6.quad, quads/nystrom.4/2.2.quad, quads/nystrom.4/2.3.quad, quads/nystrom.4/2.0.quad, quads/nystrom.4/1.1.quad, quads/nystrom.4/3.3.quad, quads/nystrom.4/3.6.quad, quads/nystrom.4/0.0.quad, quads/nystrom.4/7.11.quad, quads/nystrom.4/7.3.quad, quads/nystrom.4/4.5.quad, quads/nystrom.4/7.9.quad, quads/nystrom.4/1.2.quad, quads/nystrom.4/1.10.quad, quads/nystrom.4/3.4.quad, quads/nystrom.4/3.8.quad, quads/nystrom.4/8.11.quad, quads/nystrom.4/6.9.quad, quads/nystrom.4/0.1.quad, quads/nystrom.4/1.6.quad, quads/nystrom.4/4.11.quad, quads/nystrom.4/6.0.quad, quads/nystrom.4/1.9.quad, quads/nystrom.4/6.2.quad, quads/nystrom.4/8.7.quad, quads/nystrom.4/8.8.quad, quads/nystrom.4/9.2.quad, quads/nystrom.4/1.0.quad, quads/nystrom.4/0.3.quad, quads/nystrom.4/2.1.quad, quads/nystrom.4/7.0.quad, quads/nystrom.4/8.5.quad, quads/nystrom.4/9.10.quad, quads/nystrom.4/5.11.quad, quads/nystrom.4/3.1.quad, quads/nystrom.4/1.7.quad, quads/nystrom.4/2.8.quad, quads/nystrom.4/4.3.quad, quads/nystrom.4/5.0.quad, quads/nystrom.4/3.0.quad, quads/nystrom.4/4.8.quad, quads/nystrom.4/0.6.quad, quads/nystrom.4/0.4.quad, quads/nystrom.4/0.7.quad, quads/nystrom.4/4.9.quad, quads/nystrom.4/3.5.quad, quads/nystrom.4/5.1.quad, quads/nystrom.4/6.5.quad, quads/nystrom.4/6.6.quad, quads/nystrom.4/7.8.quad, quads/nystrom.4/8.3.quad, quads/nystrom.4/9.7.quad, quads/nystrom.4/9.11.quad, quads/nystrom.4/3.2.quad, quads/nystrom.4/8.10.quad, quads/nystrom.4/9.4.quad, quads/nystrom.4/3.10.quad, quads/nystrom.4/5.9.quad, quads/nystrom.4/4.0.quad, quads/nystrom.4/1.5.quad, quads/nystrom.4/5.2.quad, quads/nystrom.4/4.4.quad, quads/nystrom.4/6.4.quad, quads/nystrom.4/8.6.quad, quads/nystrom.4/0.8.quad, quads/nystrom.4/3.11.quad, quads/nystrom.4/4.1.quad, quads/nystrom.4/0.5.quad, quads/nystrom.4/2.5.quad, quads/nystrom.4/6.8.quad, quads/nystrom.4/9.3.quad, quads/nystrom.4/3.9.quad, quads/nystrom.4/0.10.quad, quads/nystrom.4/2.6.quad, quads/nystrom.4/7.5.quad, quads/nystrom.4/1.3.quad, quads/nystrom.4/7.10.quad, quads/nystrom.4/0.2.quad, quads/nystrom.4/3.7.quad, quads/nystrom.4/9.0.quad, quads/nystrom.4/8.9.quad, quads/nystrom.4/4.7.quad, quads/nystrom.4/8.2.quad, quads/nystrom.4/5.7.quad, quads/nystrom.4/8.4.quad, quads/nystrom.4/9.8.quad, quads/nystrom.4/1.8.quad, quads/nystrom.4/7.1.quad, quads/nystrom.4/6.7.quad, quads/nystrom.4/6.10.quad, quads/nystrom.4/7.6.quad, quads/nystrom.4/1.4.quad, quads/nystrom.4/2.11.quad, quads/nystrom.4/6.1.quad, quads/nystrom.4/7.2.quad, quads/nystrom.4/0.9.quad, quads/nystrom.4/2.4.quad, quads/nystrom.4/5.3.quad, quads/nystrom.4/9.1.quad, quads/nystrom.4/5.4.quad, quads/nystrom.4/0.11.quad, quads/nystrom.4/2.10.quad, quads/nystrom.4/6.11.quad, quads/nystrom.4/5.6.quad, quads/nystrom.4/9.6.quad, quads/nystrom.4/5.8.quad, quads/nystrom.4/2.7.quad, quads/nystrom.4/7.4.quad, quads/nystrom.4/2.9.quad, quads/nystrom.4/8.0.quad, quads/nystrom.4/9.5.quad, quads/nystrom.4/9.9.quad, quads/nystrom.4/1.11.quad, quads/nystrom.4/5.5.quad, quads/nystrom.4/8.1.quad, quads/nystrom.4/6.3.quad
    wildcards: order=8
    resources: tmpdir=/tmp

[Wed Apr 24 10:22:53 2024]
Finished job 123.
122 of 125 steps (98%) done
[Wed Apr 24 10:22:53 2024]
Finished job 1.
123 of 125 steps (98%) done
[Wed Apr 24 10:22:54 2024]
Finished job 124.
124 of 125 steps (99%) done
Select jobs to execute...
Execute 1 jobs...

[Wed Apr 24 10:22:54 2024]
localrule all:
    input: output/experiment_triangle.4.tex, output/experiment_triangle.8.tex, output/experiment_triangle.16.tex
    jobid: 0
    reason: Input files updated by another job: output/experiment_triangle.16.tex, output/experiment_triangle.4.tex, output/experiment_triangle.8.tex
    resources: tmpdir=/tmp

[Wed Apr 24 10:22:54 2024]
Finished job 0.
125 of 125 steps (100%) done
Complete log: .snakemake/log/2024-04-24T094536.255102.snakemake.log
