Building DAG of jobs...
Using shell: /usr/bin/bash
Provided cores: 20
Rules claiming more threads will be scaled down.
Job stats:
job                            count
---------------------------  -------
all                                1
generate_nystrom_quadrature      120
generate_table                     3
make_config                        1
total                            125

Select jobs to execute...
Execute 1 jobs...

[Wed Apr 24 09:30:55 2024]
localrule make_config:
    output: quads/nystrom.4/breakpoints_r, quads/nystrom.4/breakpoints_theta
    jobid: 3
    reason: Missing output files: quads/nystrom.4/breakpoints_r, quads/nystrom.4/breakpoints_theta
    wildcards: order=4
    resources: tmpdir=/tmp

[Wed Apr 24 09:30:55 2024]
Error in rule make_config:
    jobid: 3
    output: quads/nystrom.4/breakpoints_r, quads/nystrom.4/breakpoints_theta
    shell:
        mkdir quads/nystrom.4 | echo 1e-06 1e-05 0.0001 0.001 0.01 0.1 0.2 0.4 0.7 0.8 1.0 > quads/nystrom.4/breakpoints_r | echo 1e-06 1e-05 0.0001 0.001 0.01 0.1 0.25 0.5 1.0 1.5 3.0 3.14 3.14159265359 > quads/nystrom.4/breakpoints_theta
        (one of the commands exited with non-zero exit code; note that snakemake uses bash strict mode!)

Removing output files of failed job make_config since they might be corrupted:
quads/nystrom.4/breakpoints_r, quads/nystrom.4/breakpoints_theta
Shutting down, this might take some time.
Exiting because a job execution failed. Look above for error message
Complete log: .snakemake/log/2024-04-24T093054.910073.snakemake.log
WorkflowError:
At least one job did not complete successfully.
