Building DAG of jobs...
Using shell: /usr/bin/bash
Provided cores: 5
Rules claiming more threads will be scaled down.
Job stats:
job                            count
---------------------------  -------
all                                1
generate_nystrom_quadrature       55
generate_table                     2
total                             58

Select jobs to execute...
Execute 5 jobs...

[Thu Apr 25 15:33:39 2024]
localrule generate_nystrom_quadrature:
    input: quads/nystrom.16/breakpoints_r, quads/nystrom.16/breakpoints_theta
    output: quads/nystrom.16/2.7.quad
    jobid: 278
    reason: Missing output files: quads/nystrom.16/2.7.quad; Updated input files: quads/nystrom.16/breakpoints_theta, quads/nystrom.16/breakpoints_r
    wildcards: order=16, r0_index=2, theta0_index=7
    resources: tmpdir=/tmp/pbs.398973.hnode41


[Thu Apr 25 15:33:39 2024]
localrule generate_nystrom_quadrature:
    input: quads/nystrom.8/breakpoints_r, quads/nystrom.8/breakpoints_theta
    output: quads/nystrom.8/8.10.quad
    jobid: 231
    reason: Missing output files: quads/nystrom.8/8.10.quad; Updated input files: quads/nystrom.8/breakpoints_theta, quads/nystrom.8/breakpoints_r
    wildcards: order=8, r0_index=8, theta0_index=10
    resources: tmpdir=/tmp/pbs.398973.hnode41


[Thu Apr 25 15:33:39 2024]
localrule generate_nystrom_quadrature:
    input: quads/nystrom.8/breakpoints_r, quads/nystrom.8/breakpoints_theta
    output: quads/nystrom.8/5.1.quad
    jobid: 186
    reason: Missing output files: quads/nystrom.8/5.1.quad; Updated input files: quads/nystrom.8/breakpoints_theta, quads/nystrom.8/breakpoints_r
    wildcards: order=8, r0_index=5, theta0_index=1
    resources: tmpdir=/tmp/pbs.398973.hnode41


[Thu Apr 25 15:33:39 2024]
localrule generate_nystrom_quadrature:
    input: quads/nystrom.16/breakpoints_r, quads/nystrom.16/breakpoints_theta
    output: quads/nystrom.16/6.5.quad
    jobid: 324
    reason: Missing output files: quads/nystrom.16/6.5.quad; Updated input files: quads/nystrom.16/breakpoints_theta, quads/nystrom.16/breakpoints_r
    wildcards: order=16, r0_index=6, theta0_index=5
    resources: tmpdir=/tmp/pbs.398973.hnode41


[Thu Apr 25 15:33:39 2024]
localrule generate_nystrom_quadrature:
    input: quads/nystrom.8/breakpoints_r, quads/nystrom.8/breakpoints_theta
    output: quads/nystrom.8/6.7.quad
    jobid: 204
    reason: Missing output files: quads/nystrom.8/6.7.quad; Updated input files: quads/nystrom.8/breakpoints_theta, quads/nystrom.8/breakpoints_r
    wildcards: order=8, r0_index=6, theta0_index=7
    resources: tmpdir=/tmp/pbs.398973.hnode41

[Thu Apr 25 15:34:20 2024]
Finished job 186.
1 of 58 steps (2%) done
Select jobs to execute...
Execute 1 jobs...

[Thu Apr 25 15:34:20 2024]
localrule generate_nystrom_quadrature:
    input: quads/nystrom.16/breakpoints_r, quads/nystrom.16/breakpoints_theta
    output: quads/nystrom.16/9.10.quad
    jobid: 365
    reason: Missing output files: quads/nystrom.16/9.10.quad; Updated input files: quads/nystrom.16/breakpoints_theta, quads/nystrom.16/breakpoints_r
    wildcards: order=16, r0_index=9, theta0_index=10
    resources: tmpdir=/tmp/pbs.398973.hnode41

[Thu Apr 25 15:34:52 2024]
Finished job 204.
2 of 58 steps (3%) done
Select jobs to execute...
Execute 1 jobs...

[Thu Apr 25 15:34:52 2024]
localrule generate_nystrom_quadrature:
    input: quads/nystrom.8/breakpoints_r, quads/nystrom.8/breakpoints_theta
    output: quads/nystrom.8/8.9.quad
    jobid: 230
    reason: Missing output files: quads/nystrom.8/8.9.quad; Updated input files: quads/nystrom.8/breakpoints_theta, quads/nystrom.8/breakpoints_r
    wildcards: order=8, r0_index=8, theta0_index=9
    resources: tmpdir=/tmp/pbs.398973.hnode41

[Thu Apr 25 15:35:34 2024]
Finished job 324.
3 of 58 steps (5%) done
Select jobs to execute...
Execute 1 jobs...

[Thu Apr 25 15:35:34 2024]
localrule generate_nystrom_quadrature:
    input: quads/nystrom.16/breakpoints_r, quads/nystrom.16/breakpoints_theta
    output: quads/nystrom.16/9.1.quad
    jobid: 356
    reason: Missing output files: quads/nystrom.16/9.1.quad; Updated input files: quads/nystrom.16/breakpoints_theta, quads/nystrom.16/breakpoints_r
    wildcards: order=16, r0_index=9, theta0_index=1
    resources: tmpdir=/tmp/pbs.398973.hnode41

[Thu Apr 25 15:36:04 2024]
Finished job 356.
4 of 58 steps (7%) done
Select jobs to execute...
Execute 1 jobs...

[Thu Apr 25 15:36:04 2024]
localrule generate_nystrom_quadrature:
    input: quads/nystrom.16/breakpoints_r, quads/nystrom.16/breakpoints_theta
    output: quads/nystrom.16/6.10.quad
    jobid: 329
    reason: Missing output files: quads/nystrom.16/6.10.quad; Updated input files: quads/nystrom.16/breakpoints_theta, quads/nystrom.16/breakpoints_r
    wildcards: order=16, r0_index=6, theta0_index=10
    resources: tmpdir=/tmp/pbs.398973.hnode41

[Thu Apr 25 15:40:34 2024]
Finished job 230.
5 of 58 steps (9%) done
Select jobs to execute...
Execute 1 jobs...

[Thu Apr 25 15:40:34 2024]
localrule generate_nystrom_quadrature:
    input: quads/nystrom.8/breakpoints_r, quads/nystrom.8/breakpoints_theta
    output: quads/nystrom.8/1.7.quad
    jobid: 144
    reason: Missing output files: quads/nystrom.8/1.7.quad; Updated input files: quads/nystrom.8/breakpoints_theta, quads/nystrom.8/breakpoints_r
    wildcards: order=8, r0_index=1, theta0_index=7
    resources: tmpdir=/tmp/pbs.398973.hnode41

[Thu Apr 25 15:45:25 2024]
Finished job 144.
6 of 58 steps (10%) done
Select jobs to execute...
Execute 1 jobs...

[Thu Apr 25 15:45:25 2024]
localrule generate_nystrom_quadrature:
    input: quads/nystrom.16/breakpoints_r, quads/nystrom.16/breakpoints_theta
    output: quads/nystrom.16/1.4.quad
    jobid: 263
    reason: Missing output files: quads/nystrom.16/1.4.quad; Updated input files: quads/nystrom.16/breakpoints_theta, quads/nystrom.16/breakpoints_r
    wildcards: order=16, r0_index=1, theta0_index=4
    resources: tmpdir=/tmp/pbs.398973.hnode41

[Thu Apr 25 15:46:24 2024]
Finished job 278.
7 of 58 steps (12%) done
Select jobs to execute...
Execute 1 jobs...

[Thu Apr 25 15:46:24 2024]
localrule generate_nystrom_quadrature:
    input: quads/nystrom.8/breakpoints_r, quads/nystrom.8/breakpoints_theta
    output: quads/nystrom.8/0.4.quad
    jobid: 129
    reason: Missing output files: quads/nystrom.8/0.4.quad; Updated input files: quads/nystrom.8/breakpoints_theta, quads/nystrom.8/breakpoints_r
    wildcards: order=8, r0_index=0, theta0_index=4
    resources: tmpdir=/tmp/pbs.398973.hnode41

[Thu Apr 25 15:51:10 2024]
Finished job 129.
8 of 58 steps (14%) done
Select jobs to execute...
Execute 1 jobs...

[Thu Apr 25 15:51:10 2024]
localrule generate_nystrom_quadrature:
    input: quads/nystrom.8/breakpoints_r, quads/nystrom.8/breakpoints_theta
    output: quads/nystrom.8/0.1.quad
    jobid: 126
    reason: Missing output files: quads/nystrom.8/0.1.quad; Updated input files: quads/nystrom.8/breakpoints_theta, quads/nystrom.8/breakpoints_r
    wildcards: order=8, r0_index=0, theta0_index=1
    resources: tmpdir=/tmp/pbs.398973.hnode41

[Thu Apr 25 15:54:52 2024]
Finished job 126.
9 of 58 steps (16%) done
Select jobs to execute...
Execute 1 jobs...

[Thu Apr 25 15:54:52 2024]
localrule generate_nystrom_quadrature:
    input: quads/nystrom.16/breakpoints_r, quads/nystrom.16/breakpoints_theta
    output: quads/nystrom.16/1.1.quad
    jobid: 260
    reason: Missing output files: quads/nystrom.16/1.1.quad; Updated input files: quads/nystrom.16/breakpoints_theta, quads/nystrom.16/breakpoints_r
    wildcards: order=16, r0_index=1, theta0_index=1
    resources: tmpdir=/tmp/pbs.398973.hnode41

[Thu Apr 25 15:58:54 2024]
Finished job 263.
10 of 58 steps (17%) done
Select jobs to execute...
Execute 1 jobs...

[Thu Apr 25 15:58:54 2024]
localrule generate_nystrom_quadrature:
    input: quads/nystrom.8/breakpoints_r, quads/nystrom.8/breakpoints_theta
    output: quads/nystrom.8/6.4.quad
    jobid: 201
    reason: Missing output files: quads/nystrom.8/6.4.quad; Updated input files: quads/nystrom.8/breakpoints_theta, quads/nystrom.8/breakpoints_r
    wildcards: order=8, r0_index=6, theta0_index=4
    resources: tmpdir=/tmp/pbs.398973.hnode41

[Thu Apr 25 15:59:26 2024]
Finished job 201.
11 of 58 steps (19%) done
Select jobs to execute...
Execute 1 jobs...

[Thu Apr 25 15:59:26 2024]
localrule generate_nystrom_quadrature:
    input: quads/nystrom.16/breakpoints_r, quads/nystrom.16/breakpoints_theta
    output: quads/nystrom.16/4.10.quad
    jobid: 305
    reason: Missing output files: quads/nystrom.16/4.10.quad; Updated input files: quads/nystrom.16/breakpoints_theta, quads/nystrom.16/breakpoints_r
    wildcards: order=16, r0_index=4, theta0_index=10
    resources: tmpdir=/tmp/pbs.398973.hnode41

[Thu Apr 25 16:05:51 2024]
Finished job 260.
12 of 58 steps (21%) done
Select jobs to execute...
Execute 1 jobs...

[Thu Apr 25 16:05:52 2024]
localrule generate_nystrom_quadrature:
    input: quads/nystrom.16/breakpoints_r, quads/nystrom.16/breakpoints_theta
    output: quads/nystrom.16/3.11.quad
    jobid: 294
    reason: Missing output files: quads/nystrom.16/3.11.quad; Updated input files: quads/nystrom.16/breakpoints_theta, quads/nystrom.16/breakpoints_r
    wildcards: order=16, r0_index=3, theta0_index=11
    resources: tmpdir=/tmp/pbs.398973.hnode41

[Thu Apr 25 16:14:24 2024]
Finished job 231.
13 of 58 steps (22%) done
Select jobs to execute...
Execute 1 jobs...

[Thu Apr 25 16:14:25 2024]
localrule generate_nystrom_quadrature:
    input: quads/nystrom.16/breakpoints_r, quads/nystrom.16/breakpoints_theta
    output: quads/nystrom.16/2.4.quad
    jobid: 275
    reason: Missing output files: quads/nystrom.16/2.4.quad; Updated input files: quads/nystrom.16/breakpoints_theta, quads/nystrom.16/breakpoints_r
    wildcards: order=16, r0_index=2, theta0_index=4
    resources: tmpdir=/tmp/pbs.398973.hnode41

[Thu Apr 25 16:23:59 2024]
Finished job 275.
14 of 58 steps (24%) done
Select jobs to execute...
Execute 1 jobs...

[Thu Apr 25 16:23:59 2024]
localrule generate_nystrom_quadrature:
    input: quads/nystrom.16/breakpoints_r, quads/nystrom.16/breakpoints_theta
    output: quads/nystrom.16/5.2.quad
    jobid: 309
    reason: Missing output files: quads/nystrom.16/5.2.quad; Updated input files: quads/nystrom.16/breakpoints_theta, quads/nystrom.16/breakpoints_r
    wildcards: order=16, r0_index=5, theta0_index=2
    resources: tmpdir=/tmp/pbs.398973.hnode41

[Thu Apr 25 16:26:09 2024]
Finished job 309.
15 of 58 steps (26%) done
Select jobs to execute...
Execute 1 jobs...

[Thu Apr 25 16:26:09 2024]
localrule generate_nystrom_quadrature:
    input: quads/nystrom.16/breakpoints_r, quads/nystrom.16/breakpoints_theta
    output: quads/nystrom.16/6.0.quad
    jobid: 319
    reason: Missing output files: quads/nystrom.16/6.0.quad; Updated input files: quads/nystrom.16/breakpoints_theta, quads/nystrom.16/breakpoints_r
    wildcards: order=16, r0_index=6, theta0_index=0
    resources: tmpdir=/tmp/pbs.398973.hnode41

[Thu Apr 25 16:27:07 2024]
Finished job 319.
16 of 58 steps (28%) done
Select jobs to execute...
Execute 1 jobs...

[Thu Apr 25 16:27:07 2024]
localrule generate_nystrom_quadrature:
    input: quads/nystrom.16/breakpoints_r, quads/nystrom.16/breakpoints_theta
    output: quads/nystrom.16/7.8.quad
    jobid: 339
    reason: Missing output files: quads/nystrom.16/7.8.quad; Updated input files: quads/nystrom.16/breakpoints_theta, quads/nystrom.16/breakpoints_r
    wildcards: order=16, r0_index=7, theta0_index=8
    resources: tmpdir=/tmp/pbs.398973.hnode41

[Thu Apr 25 16:28:14 2024]
Error in rule generate_nystrom_quadrature:
    jobid: 294
    input: quads/nystrom.16/breakpoints_r, quads/nystrom.16/breakpoints_theta
    output: quads/nystrom.16/3.11.quad
    shell:
        python3 examples/generate_nystrom_quad.py 16 3 11 quads/nystrom.16/3.11.quad
        (one of the commands exited with non-zero exit code; note that snakemake uses bash strict mode!)

[Thu Apr 25 16:31:46 2024]
Finished job 339.
17 of 58 steps (29%) done
[Thu Apr 25 16:32:17 2024]
Finished job 329.
18 of 58 steps (31%) done
[Thu Apr 25 17:00:17 2024]
Finished job 365.
19 of 58 steps (33%) done
[Thu Apr 25 17:03:22 2024]
Finished job 305.
20 of 58 steps (34%) done
Shutting down, this might take some time.
Exiting because a job execution failed. Look above for error message
Complete log: .snakemake/log/2024-04-25T153337.805911.snakemake.log
WorkflowError:
At least one job did not complete successfully.
