Building DAG of jobs...
Using shell: /usr/bin/bash
Provided cores: 6
Rules claiming more threads will be scaled down.
Job stats:
job                    count
-------------------  -------
all                        1
generate_quadrature        3
generate_table             3
total                      7

Select jobs to execute...
Execute 3 jobs...

[Tue Apr  9 10:40:34 2024]
localrule generate_quadrature:
    output: quads/nystrom.1.4.quad
    jobid: 2
    reason: Missing output files: quads/nystrom.1.4.quad
    wildcards: number_parameters=1, order=4
    resources: tmpdir=/tmp


[Tue Apr  9 10:40:34 2024]
localrule generate_quadrature:
    output: quads/nystrom.16.4.quad
    jobid: 4
    reason: Missing output files: quads/nystrom.16.4.quad
    wildcards: number_parameters=16, order=4
    resources: tmpdir=/tmp


[Tue Apr  9 10:40:34 2024]
localrule generate_quadrature:
    output: quads/nystrom.16.8.quad
    jobid: 6
    reason: Missing output files: quads/nystrom.16.8.quad
    wildcards: number_parameters=16, order=8
    resources: tmpdir=/tmp

[Tue Apr  9 10:40:55 2024]
Finished job 2.
1 of 7 steps (14%) done
Select jobs to execute...
Execute 1 jobs...

[Tue Apr  9 10:40:55 2024]
localrule generate_table:
    input: quads/nystrom.1.4.quad
    output: output/triangle-test.1.4.tex
    jobid: 1
    reason: Missing output files: output/triangle-test.1.4.tex; Input files updated by another job: quads/nystrom.1.4.quad
    wildcards: number_parameters=1, order=4
    resources: tmpdir=/tmp

[Tue Apr  9 10:41:08 2024]
Finished job 1.
2 of 7 steps (29%) done
[Tue Apr  9 10:50:54 2024]
Finished job 4.
3 of 7 steps (43%) done
Select jobs to execute...
Execute 1 jobs...

[Tue Apr  9 10:50:54 2024]
localrule generate_table:
    input: quads/nystrom.16.4.quad
    output: output/triangle-test.16.4.tex
    jobid: 3
    reason: Missing output files: output/triangle-test.16.4.tex; Input files updated by another job: quads/nystrom.16.4.quad
    wildcards: number_parameters=16, order=4
    resources: tmpdir=/tmp

[Tue Apr  9 10:50:57 2024]
Finished job 3.
4 of 7 steps (57%) done
[Tue Apr  9 11:28:15 2024]
Finished job 6.
5 of 7 steps (71%) done
Select jobs to execute...
Execute 1 jobs...

[Tue Apr  9 11:28:15 2024]
localrule generate_table:
    input: quads/nystrom.16.8.quad
    output: output/triangle-test.16.8.tex
    jobid: 5
    reason: Missing output files: output/triangle-test.16.8.tex; Input files updated by another job: quads/nystrom.16.8.quad
    wildcards: number_parameters=16, order=8
    resources: tmpdir=/tmp

[Tue Apr  9 11:28:18 2024]
Finished job 5.
6 of 7 steps (86%) done
Select jobs to execute...
Execute 1 jobs...

[Tue Apr  9 11:28:18 2024]
localrule all:
    input: output/triangle-test.1.4.tex, output/triangle-test.16.4.tex, output/triangle-test.16.8.tex
    jobid: 0
    reason: Input files updated by another job: output/triangle-test.16.4.tex, output/triangle-test.16.8.tex, output/triangle-test.1.4.tex
    resources: tmpdir=/tmp

[Tue Apr  9 11:28:18 2024]
Finished job 0.
7 of 7 steps (100%) done
Complete log: .snakemake/log/2024-04-09T104029.993638.snakemake.log
